[2022-03-19 13:57:26.401] [exthost] [info] Extension host with pid 143 started
[2022-03-19 13:57:26.419] [exthost] [info] Lock '/home/julien/.vscode-server/data/User/workspaceStorage/f516fa5c7c7214add0b54bca5a44f89f/vscode.lock': Lock acquired.
[2022-03-19 13:57:26.572] [exthost] [info] ExtensionService#_doActivateExtension vscode.debug-auto-launch, startup: true, activationEvent: '*'
[2022-03-19 13:57:26.579] [exthost] [info] ExtensionService#_doActivateExtension vscode.git-base, startup: true, activationEvent: '*', root cause: vscode.github
[2022-03-19 13:57:26.584] [exthost] [info] ExtensionService#_doActivateExtension vscode.ipynb, startup: true, activationEvent: '*'
[2022-03-19 13:57:26.874] [exthost] [info] ExtensionService#_doActivateExtension vscode.git, startup: true, activationEvent: '*'
[2022-03-19 13:57:26.988] [exthost] [info] ExtensionService#_doActivateExtension vscode.github, startup: true, activationEvent: '*'
[2022-03-19 13:57:27.231] [exthost] [info] ExtensionService#_doActivateExtension vscode.emmet, startup: false, activationEvent: 'onStartupFinished'
[2022-03-19 13:57:27.255] [exthost] [info] ExtensionService#_doActivateExtension vscode.merge-conflict, startup: false, activationEvent: 'onStartupFinished'
[2022-03-19 13:57:27.261] [exthost] [info] Eager extensions activated
[2022-03-19 13:57:27.433] [exthost] [warning] [Decorations] CAPPING events from decorations provider vscode.git 2395
[2022-03-19 13:57:35.656] [exthost] [warning] [Decorations] CAPPING events from decorations provider vscode.git 2396
[2022-03-19 13:57:40.716] [exthost] [warning] [Decorations] CAPPING events from decorations provider vscode.git 2396
[2022-03-19 13:57:45.801] [exthost] [warning] [Decorations] CAPPING events from decorations provider vscode.git 2397
[2022-03-19 13:57:50.864] [exthost] [warning] [Decorations] CAPPING events from decorations provider vscode.git 2397
[2022-03-19 13:57:55.939] [exthost] [warning] [Decorations] CAPPING events from decorations provider vscode.git 2397
[2022-03-19 13:58:01.016] [exthost] [warning] [Decorations] CAPPING events from decorations provider vscode.git 2397
[2022-03-19 13:58:06.077] [exthost] [warning] [Decorations] CAPPING events from decorations provider vscode.git 2397
[2022-03-19 13:58:11.149] [exthost] [warning] [Decorations] CAPPING events from decorations provider vscode.git 2397
[2022-03-19 13:58:16.222] [exthost] [warning] [Decorations] CAPPING events from decorations provider vscode.git 2397
[2022-03-19 13:58:21.294] [exthost] [warning] [Decorations] CAPPING events from decorations provider vscode.git 2397
[2022-03-19 13:58:26.360] [exthost] [warning] [Decorations] CAPPING events from decorations provider vscode.git 2397
[2022-03-19 13:58:31.417] [exthost] [warning] [Decorations] CAPPING events from decorations provider vscode.git 2397
[2022-03-19 13:58:36.474] [exthost] [warning] [Decorations] CAPPING events from decorations provider vscode.git 2397
[2022-03-19 13:58:41.534] [exthost] [warning] [Decorations] CAPPING events from decorations provider vscode.git 2397
[2022-03-19 13:58:46.598] [exthost] [warning] [Decorations] CAPPING events from decorations provider vscode.git 2397
[2022-03-19 13:58:51.927] [exthost] [warning] [Decorations] CAPPING events from decorations provider vscode.git 2397
[2022-03-19 13:58:59.382] [exthost] [warning] [Decorations] CAPPING events from decorations provider vscode.git 2397
[2022-03-19 13:59:07.869] [exthost] [warning] [Decorations] CAPPING events from decorations provider vscode.git 2397
[2022-03-19 13:59:13.019] [exthost] [warning] [Decorations] CAPPING events from decorations provider vscode.git 2397
[2022-03-19 13:59:18.137] [exthost] [warning] [Decorations] CAPPING events from decorations provider vscode.git 2397
[2022-03-19 13:59:23.221] [exthost] [warning] [Decorations] CAPPING events from decorations provider vscode.git 2397
[2022-03-19 14:02:27.091] [exthost] [warning] [Decorations] CAPPING events from decorations provider vscode.git 2397
[2022-03-19 14:02:32.156] [exthost] [warning] [Decorations] CAPPING events from decorations provider vscode.git 2397
[2022-03-19 14:03:12.048] [exthost] [warning] [Decorations] CAPPING events from decorations provider vscode.git 2397
[2022-03-19 14:03:17.108] [exthost] [warning] [Decorations] CAPPING events from decorations provider vscode.git 2397
[2022-03-19 14:03:22.183] [exthost] [warning] [Decorations] CAPPING events from decorations provider vscode.git 2397
[2022-03-19 14:03:27.256] [exthost] [warning] [Decorations] CAPPING events from decorations provider vscode.git 2397
[2022-03-19 14:03:32.317] [exthost] [warning] [Decorations] CAPPING events from decorations provider vscode.git 2397
[2022-03-19 14:03:37.388] [exthost] [warning] [Decorations] CAPPING events from decorations provider vscode.git 2397
[2022-03-19 14:03:42.458] [exthost] [warning] [Decorations] CAPPING events from decorations provider vscode.git 2397
[2022-03-19 14:03:47.527] [exthost] [warning] [Decorations] CAPPING events from decorations provider vscode.git 2397
[2022-03-19 14:03:52.590] [exthost] [warning] [Decorations] CAPPING events from decorations provider vscode.git 2397
[2022-03-19 14:03:57.653] [exthost] [warning] [Decorations] CAPPING events from decorations provider vscode.git 2397
[2022-03-19 14:04:02.720] [exthost] [warning] [Decorations] CAPPING events from decorations provider vscode.git 2397
[2022-03-19 14:04:07.781] [exthost] [warning] [Decorations] CAPPING events from decorations provider vscode.git 2397
[2022-03-19 14:04:12.844] [exthost] [warning] [Decorations] CAPPING events from decorations provider vscode.git 2397
[2022-03-19 14:04:17.908] [exthost] [warning] [Decorations] CAPPING events from decorations provider vscode.git 2397
[2022-03-19 14:04:22.988] [exthost] [warning] [Decorations] CAPPING events from decorations provider vscode.git 2397
[2022-03-19 14:04:28.052] [exthost] [warning] [Decorations] CAPPING events from decorations provider vscode.git 2397
[2022-03-19 14:04:33.116] [exthost] [warning] [Decorations] CAPPING events from decorations provider vscode.git 2397
[2022-03-19 14:04:38.197] [exthost] [warning] [Decorations] CAPPING events from decorations provider vscode.git 2397
[2022-03-19 14:04:43.260] [exthost] [warning] [Decorations] CAPPING events from decorations provider vscode.git 2397
[2022-03-19 14:04:48.331] [exthost] [warning] [Decorations] CAPPING events from decorations provider vscode.git 2397
[2022-03-19 14:04:53.393] [exthost] [warning] [Decorations] CAPPING events from decorations provider vscode.git 2397
[2022-03-19 14:04:58.476] [exthost] [warning] [Decorations] CAPPING events from decorations provider vscode.git 2397
[2022-03-19 14:05:03.540] [exthost] [warning] [Decorations] CAPPING events from decorations provider vscode.git 2397
[2022-03-19 14:05:08.610] [exthost] [warning] [Decorations] CAPPING events from decorations provider vscode.git 2397
[2022-03-19 14:05:13.682] [exthost] [warning] [Decorations] CAPPING events from decorations provider vscode.git 2397
[2022-03-19 14:05:18.755] [exthost] [warning] [Decorations] CAPPING events from decorations provider vscode.git 2397
[2022-03-19 14:05:23.819] [exthost] [warning] [Decorations] CAPPING events from decorations provider vscode.git 2397
[2022-03-19 14:05:28.888] [exthost] [warning] [Decorations] CAPPING events from decorations provider vscode.git 2397
[2022-03-19 14:05:33.959] [exthost] [warning] [Decorations] CAPPING events from decorations provider vscode.git 2397
[2022-03-19 14:05:39.035] [exthost] [warning] [Decorations] CAPPING events from decorations provider vscode.git 2397
[2022-03-19 14:05:44.117] [exthost] [warning] [Decorations] CAPPING events from decorations provider vscode.git 2397
[2022-03-19 14:05:49.191] [exthost] [warning] [Decorations] CAPPING events from decorations provider vscode.git 2397
[2022-03-19 14:05:54.254] [exthost] [warning] [Decorations] CAPPING events from decorations provider vscode.git 2397
[2022-03-19 14:05:59.325] [exthost] [warning] [Decorations] CAPPING events from decorations provider vscode.git 2397
[2022-03-19 14:06:04.400] [exthost] [warning] [Decorations] CAPPING events from decorations provider vscode.git 2397
[2022-03-19 14:06:09.471] [exthost] [warning] [Decorations] CAPPING events from decorations provider vscode.git 2397
[2022-03-19 14:06:14.541] [exthost] [warning] [Decorations] CAPPING events from decorations provider vscode.git 2397
[2022-03-19 14:06:19.615] [exthost] [warning] [Decorations] CAPPING events from decorations provider vscode.git 2397
[2022-03-19 14:06:24.685] [exthost] [warning] [Decorations] CAPPING events from decorations provider vscode.git 2397
[2022-03-19 14:06:29.761] [exthost] [warning] [Decorations] CAPPING events from decorations provider vscode.git 2397
[2022-03-19 14:06:34.828] [exthost] [warning] [Decorations] CAPPING events from decorations provider vscode.git 2397
[2022-03-19 14:06:39.903] [exthost] [warning] [Decorations] CAPPING events from decorations provider vscode.git 2397
[2022-03-19 14:06:44.970] [exthost] [warning] [Decorations] CAPPING events from decorations provider vscode.git 2397
[2022-03-19 14:06:50.047] [exthost] [warning] [Decorations] CAPPING events from decorations provider vscode.git 2397
[2022-03-19 14:06:55.112] [exthost] [warning] [Decorations] CAPPING events from decorations provider vscode.git 2397
[2022-03-19 14:07:00.179] [exthost] [warning] [Decorations] CAPPING events from decorations provider vscode.git 2397
[2022-03-19 14:07:05.255] [exthost] [warning] [Decorations] CAPPING events from decorations provider vscode.git 2397
[2022-03-19 14:07:10.317] [exthost] [warning] [Decorations] CAPPING events from decorations provider vscode.git 2397
[2022-03-19 14:07:15.395] [exthost] [warning] [Decorations] CAPPING events from decorations provider vscode.git 2397
[2022-03-19 14:07:20.454] [exthost] [warning] [Decorations] CAPPING events from decorations provider vscode.git 2397
[2022-03-19 14:07:25.528] [exthost] [warning] [Decorations] CAPPING events from decorations provider vscode.git 2397
[2022-03-19 14:07:30.593] [exthost] [warning] [Decorations] CAPPING events from decorations provider vscode.git 2397
[2022-03-19 14:07:35.659] [exthost] [warning] [Decorations] CAPPING events from decorations provider vscode.git 2397
[2022-03-19 14:07:40.735] [exthost] [warning] [Decorations] CAPPING events from decorations provider vscode.git 2397
[2022-03-19 14:07:45.797] [exthost] [warning] [Decorations] CAPPING events from decorations provider vscode.git 2397
[2022-03-19 14:07:50.870] [exthost] [warning] [Decorations] CAPPING events from decorations provider vscode.git 2397
[2022-03-19 14:08:54.454] [exthost] [warning] [Decorations] CAPPING events from decorations provider vscode.git 2397
[2022-03-19 14:08:59.515] [exthost] [warning] [Decorations] CAPPING events from decorations provider vscode.git 2397
[2022-03-19 14:09:04.580] [exthost] [warning] [Decorations] CAPPING events from decorations provider vscode.git 2397
[2022-03-19 14:09:09.645] [exthost] [warning] [Decorations] CAPPING events from decorations provider vscode.git 2397
[2022-03-19 14:09:14.708] [exthost] [warning] [Decorations] CAPPING events from decorations provider vscode.git 2397
[2022-03-19 14:09:19.787] [exthost] [warning] [Decorations] CAPPING events from decorations provider vscode.git 2397
[2022-03-19 14:09:24.860] [exthost] [warning] [Decorations] CAPPING events from decorations provider vscode.git 2397
[2022-03-19 20:33:59.098] [exthost] [warning] [Decorations] CAPPING events from decorations provider vscode.git 2397
[2022-03-19 22:55:15.059] [exthost] [warning] [Decorations] CAPPING events from decorations provider vscode.git 2397
[2022-03-19 22:55:20.156] [exthost] [warning] [Decorations] CAPPING events from decorations provider vscode.git 2397
[2022-03-19 22:55:20.221] [exthost] [info] extension host terminating: received terminate message from renderer
[2022-03-19 22:55:20.222] [exthost] [info] Lock '/home/julien/.vscode-server/data/User/workspaceStorage/f516fa5c7c7214add0b54bca5a44f89f/vscode.lock': Marking the lockfile as scheduled to be released in 6000 ms.
[2022-03-19 22:55:20.267] [exthost] [info] Extension host with pid 143 exiting with code 0
