[2022-03-26T07:12:58.910Z] Validating found git in: git
[2022-03-26T07:12:58.963Z] Using git 2.25.1 from git
[2022-03-26T07:12:59.021Z] > git rev-parse --git-dir [1ms]
[2022-03-26T07:12:59.027Z] Open repository: /home/julien
[2022-03-26T07:12:59.085Z] > git symbolic-ref --short HEAD [26ms]
[2022-03-26T07:12:59.093Z] > git for-each-ref --format=%(refname)%00%(upstream:short)%00%(objectname)%00%(upstream:track) refs/heads/main refs/remotes/main [5ms]
[2022-03-26T07:12:59.106Z] > git remote --verbose [5ms]
[2022-03-26T07:12:59.106Z] > git for-each-ref --sort -committerdate --format %(refname) %(objectname) %(*objectname) [9ms]
[2022-03-26T07:12:59.851Z] > git config --get commit.template [18ms]
[2022-03-26T07:12:59.932Z] > git ls-files --stage -- /home/julien/fileDiff/Julien_Raedler_Vorbereitung_FileDiff.sh [5ms]
[2022-03-26T07:13:01.913Z] > git symbolic-ref --short HEAD [0ms]
[2022-03-26T07:13:01.917Z] > git for-each-ref --format=%(refname)%00%(upstream:short)%00%(objectname)%00%(upstream:track) refs/heads/main refs/remotes/main [1ms]
[2022-03-26T07:13:01.925Z] > git remote --verbose [1ms]
[2022-03-26T07:13:01.925Z] > git for-each-ref --sort -committerdate --format %(refname) %(objectname) %(*objectname) [5ms]
[2022-03-26T07:13:01.953Z] > git config --get commit.template [1ms]
[2022-03-26T07:13:06.990Z] > git symbolic-ref --short HEAD [0ms]
[2022-03-26T07:13:06.994Z] > git for-each-ref --format=%(refname)%00%(upstream:short)%00%(objectname)%00%(upstream:track) refs/heads/main refs/remotes/main [1ms]
[2022-03-26T07:13:07.002Z] > git remote --verbose [1ms]
[2022-03-26T07:13:07.003Z] > git for-each-ref --sort -committerdate --format %(refname) %(objectname) %(*objectname) [5ms]
[2022-03-26T07:13:07.028Z] > git config --get commit.template [1ms]
[2022-03-26T07:13:27.433Z] > git symbolic-ref --short HEAD [1ms]
[2022-03-26T07:13:27.438Z] > git for-each-ref --format=%(refname)%00%(upstream:short)%00%(objectname)%00%(upstream:track) refs/heads/main refs/remotes/main [1ms]
[2022-03-26T07:13:27.451Z] > git for-each-ref --sort -committerdate --format %(refname) %(objectname) %(*objectname) [8ms]
[2022-03-26T07:13:27.452Z] > git remote --verbose [1ms]
[2022-03-26T07:13:27.517Z] > git config --get commit.template [1ms]
[2022-03-26T07:14:00.452Z] > git symbolic-ref --short HEAD [1ms]
[2022-03-26T07:14:00.460Z] > git for-each-ref --format=%(refname)%00%(upstream:short)%00%(objectname)%00%(upstream:track) refs/heads/main refs/remotes/main [1ms]
[2022-03-26T07:14:00.471Z] > git remote --verbose [1ms]
[2022-03-26T07:14:00.471Z] > git for-each-ref --sort -committerdate --format %(refname) %(objectname) %(*objectname) [6ms]
[2022-03-26T07:14:00.500Z] > git config --get commit.template [1ms]
[2022-03-26T07:17:10.580Z] > git symbolic-ref --short HEAD [1ms]
[2022-03-26T07:17:10.589Z] > git for-each-ref --format=%(refname)%00%(upstream:short)%00%(objectname)%00%(upstream:track) refs/heads/main refs/remotes/main [2ms]
[2022-03-26T07:17:10.596Z] > git remote --verbose [1ms]
[2022-03-26T07:17:10.596Z] > git for-each-ref --sort -committerdate --format %(refname) %(objectname) %(*objectname) [4ms]
[2022-03-26T07:17:10.634Z] > git config --get commit.template [2ms]
[2022-03-26T15:52:52.532Z] > git symbolic-ref --short HEAD [2ms]
[2022-03-26T15:52:52.541Z] > git for-each-ref --format=%(refname)%00%(upstream:short)%00%(objectname)%00%(upstream:track) refs/heads/main refs/remotes/main [1ms]
[2022-03-26T15:52:52.557Z] > git remote --verbose [1ms]
[2022-03-26T15:52:52.557Z] > git for-each-ref --sort -committerdate --format %(refname) %(objectname) %(*objectname) [8ms]
[2022-03-26T15:52:52.599Z] > git config --get commit.template [3ms]
