[2022-04-08 13:25:13.601] [exthost] [info] Extension host with pid 113 started
[2022-04-08 13:25:13.610] [exthost] [info] Lock '/home/julien/.vscode-server/data/User/workspaceStorage/f516fa5c7c7214add0b54bca5a44f89f/vscode.lock': Lock acquired.
[2022-04-08 13:25:13.689] [exthost] [info] ExtensionService#_doActivateExtension vscode.debug-auto-launch, startup: true, activationEvent: '*'
[2022-04-08 13:25:13.696] [exthost] [info] ExtensionService#_doActivateExtension vscode.git-base, startup: true, activationEvent: '*', root cause: vscode.git
[2022-04-08 13:25:13.700] [exthost] [info] ExtensionService#_doActivateExtension vscode.ipynb, startup: true, activationEvent: '*'
[2022-04-08 13:25:13.851] [exthost] [info] ExtensionService#_doActivateExtension vscode.git, startup: true, activationEvent: '*'
[2022-04-08 13:25:13.998] [exthost] [info] ExtensionService#_doActivateExtension vscode.github, startup: true, activationEvent: '*'
[2022-04-08 13:25:14.186] [exthost] [info] ExtensionService#_doActivateExtension vscode.emmet, startup: false, activationEvent: 'onStartupFinished'
[2022-04-08 13:25:14.211] [exthost] [info] ExtensionService#_doActivateExtension vscode.merge-conflict, startup: false, activationEvent: 'onStartupFinished'
[2022-04-08 13:25:14.217] [exthost] [info] Eager extensions activated
[2022-04-08 13:25:14.418] [exthost] [warning] [Decorations] CAPPING events from decorations provider vscode.git 3532
[2022-04-08 13:25:19.619] [exthost] [warning] [Decorations] CAPPING events from decorations provider vscode.git 3533
[2022-04-08 13:25:24.718] [exthost] [warning] [Decorations] CAPPING events from decorations provider vscode.git 3536
[2022-04-08 13:25:29.818] [exthost] [warning] [Decorations] CAPPING events from decorations provider vscode.git 3536
[2022-04-08 13:25:34.944] [exthost] [warning] [Decorations] CAPPING events from decorations provider vscode.git 3536
[2022-04-08 13:25:40.059] [exthost] [warning] [Decorations] CAPPING events from decorations provider vscode.git 3536
[2022-04-08 13:25:45.191] [exthost] [warning] [Decorations] CAPPING events from decorations provider vscode.git 3536
[2022-04-08 13:25:57.296] [exthost] [warning] [Decorations] CAPPING events from decorations provider vscode.git 3536
[2022-04-08 13:26:02.427] [exthost] [warning] [Decorations] CAPPING events from decorations provider vscode.git 3536
[2022-04-08 13:26:07.565] [exthost] [warning] [Decorations] CAPPING events from decorations provider vscode.git 3536
[2022-04-08 13:26:12.681] [exthost] [warning] [Decorations] CAPPING events from decorations provider vscode.git 3536
[2022-04-08 13:26:17.779] [exthost] [warning] [Decorations] CAPPING events from decorations provider vscode.git 3536
[2022-04-08 13:26:22.892] [exthost] [warning] [Decorations] CAPPING events from decorations provider vscode.git 3536
[2022-04-08 13:26:28.006] [exthost] [warning] [Decorations] CAPPING events from decorations provider vscode.git 3536
[2022-04-08 13:26:33.118] [exthost] [warning] [Decorations] CAPPING events from decorations provider vscode.git 3536
[2022-04-08 13:26:38.209] [exthost] [warning] [Decorations] CAPPING events from decorations provider vscode.git 3536
[2022-04-08 13:26:43.358] [exthost] [warning] [Decorations] CAPPING events from decorations provider vscode.git 3536
[2022-04-08 13:26:48.466] [exthost] [warning] [Decorations] CAPPING events from decorations provider vscode.git 3536
[2022-04-08 13:26:53.588] [exthost] [warning] [Decorations] CAPPING events from decorations provider vscode.git 3536
[2022-04-08 13:29:56.389] [exthost] [warning] [Decorations] CAPPING events from decorations provider vscode.git 3536
[2022-04-08 13:30:01.511] [exthost] [warning] [Decorations] CAPPING events from decorations provider vscode.git 3536
[2022-04-08 13:30:06.604] [exthost] [warning] [Decorations] CAPPING events from decorations provider vscode.git 3536
[2022-04-08 13:30:11.725] [exthost] [warning] [Decorations] CAPPING events from decorations provider vscode.git 3536
[2022-04-08 13:30:16.830] [exthost] [warning] [Decorations] CAPPING events from decorations provider vscode.git 3536
[2022-04-08 13:30:21.921] [exthost] [warning] [Decorations] CAPPING events from decorations provider vscode.git 3536
[2022-04-08 13:30:27.027] [exthost] [warning] [Decorations] CAPPING events from decorations provider vscode.git 3536
[2022-04-08 13:30:32.147] [exthost] [warning] [Decorations] CAPPING events from decorations provider vscode.git 3536
[2022-04-08 13:30:37.231] [exthost] [warning] [Decorations] CAPPING events from decorations provider vscode.git 3536
[2022-04-08 13:30:42.315] [exthost] [warning] [Decorations] CAPPING events from decorations provider vscode.git 3536
[2022-04-08 13:30:47.410] [exthost] [warning] [Decorations] CAPPING events from decorations provider vscode.git 3536
[2022-04-08 13:30:52.496] [exthost] [warning] [Decorations] CAPPING events from decorations provider vscode.git 3536
[2022-04-08 13:30:57.590] [exthost] [warning] [Decorations] CAPPING events from decorations provider vscode.git 3536
[2022-04-08 13:31:02.681] [exthost] [warning] [Decorations] CAPPING events from decorations provider vscode.git 3536
[2022-04-08 13:31:07.762] [exthost] [warning] [Decorations] CAPPING events from decorations provider vscode.git 3536
[2022-04-08 13:31:12.843] [exthost] [warning] [Decorations] CAPPING events from decorations provider vscode.git 3536
[2022-04-08 13:39:32.492] [exthost] [warning] [Decorations] CAPPING events from decorations provider vscode.git 3536
[2022-04-08 13:39:37.587] [exthost] [warning] [Decorations] CAPPING events from decorations provider vscode.git 3536
[2022-04-08 13:39:53.614] [exthost] [warning] [Decorations] CAPPING events from decorations provider vscode.git 3536
[2022-04-08 13:39:58.707] [exthost] [warning] [Decorations] CAPPING events from decorations provider vscode.git 3536
[2022-04-08 13:41:04.974] [exthost] [warning] [Decorations] CAPPING events from decorations provider vscode.git 3536
[2022-04-08 13:41:10.078] [exthost] [warning] [Decorations] CAPPING events from decorations provider vscode.git 3536
[2022-04-08 13:41:15.185] [exthost] [warning] [Decorations] CAPPING events from decorations provider vscode.git 3536
[2022-04-08 13:41:21.636] [exthost] [warning] [Decorations] CAPPING events from decorations provider vscode.git 3536
[2022-04-08 13:41:26.748] [exthost] [warning] [Decorations] CAPPING events from decorations provider vscode.git 3620
[2022-04-08 13:41:31.847] [exthost] [warning] [Decorations] CAPPING events from decorations provider vscode.git 3620
[2022-04-08 13:41:36.931] [exthost] [warning] [Decorations] CAPPING events from decorations provider vscode.git 3620
[2022-04-08 13:41:42.058] [exthost] [warning] [Decorations] CAPPING events from decorations provider vscode.git 3620
[2022-04-08 13:41:47.366] [exthost] [warning] [Decorations] CAPPING events from decorations provider vscode.git 3620
[2022-04-08 13:41:52.480] [exthost] [warning] [Decorations] CAPPING events from decorations provider vscode.git 3620
[2022-04-08 13:41:57.593] [exthost] [warning] [Decorations] CAPPING events from decorations provider vscode.git 3620
[2022-04-08 13:42:02.735] [exthost] [warning] [Decorations] CAPPING events from decorations provider vscode.git 3620
[2022-04-08 13:42:07.848] [exthost] [warning] [Decorations] CAPPING events from decorations provider vscode.git 3620
[2022-04-08 13:42:12.938] [exthost] [warning] [Decorations] CAPPING events from decorations provider vscode.git 3620
[2022-04-08 13:42:18.082] [exthost] [warning] [Decorations] CAPPING events from decorations provider vscode.git 3620
[2022-04-08 13:42:23.163] [exthost] [warning] [Decorations] CAPPING events from decorations provider vscode.git 3620
[2022-04-08 13:42:28.276] [exthost] [warning] [Decorations] CAPPING events from decorations provider vscode.git 3620
[2022-04-08 13:42:33.401] [exthost] [warning] [Decorations] CAPPING events from decorations provider vscode.git 3620
[2022-04-08 13:42:38.522] [exthost] [warning] [Decorations] CAPPING events from decorations provider vscode.git 3620
[2022-04-08 13:42:43.654] [exthost] [warning] [Decorations] CAPPING events from decorations provider vscode.git 3620
[2022-04-08 13:42:48.782] [exthost] [warning] [Decorations] CAPPING events from decorations provider vscode.git 3620
[2022-04-08 13:42:53.925] [exthost] [warning] [Decorations] CAPPING events from decorations provider vscode.git 3620
[2022-04-08 13:42:59.022] [exthost] [warning] [Decorations] CAPPING events from decorations provider vscode.git 3620
[2022-04-08 13:43:04.153] [exthost] [warning] [Decorations] CAPPING events from decorations provider vscode.git 3620
[2022-04-08 13:43:09.266] [exthost] [warning] [Decorations] CAPPING events from decorations provider vscode.git 3620
[2022-04-08 13:43:14.377] [exthost] [warning] [Decorations] CAPPING events from decorations provider vscode.git 3620
[2022-04-08 13:43:19.500] [exthost] [warning] [Decorations] CAPPING events from decorations provider vscode.git 3620
[2022-04-08 13:43:24.628] [exthost] [warning] [Decorations] CAPPING events from decorations provider vscode.git 3620
[2022-04-08 13:43:29.768] [exthost] [warning] [Decorations] CAPPING events from decorations provider vscode.git 3620
[2022-04-08 13:43:34.886] [exthost] [warning] [Decorations] CAPPING events from decorations provider vscode.git 3620
[2022-04-08 13:43:39.988] [exthost] [warning] [Decorations] CAPPING events from decorations provider vscode.git 3620
[2022-04-08 13:43:45.106] [exthost] [warning] [Decorations] CAPPING events from decorations provider vscode.git 3620
[2022-04-08 13:43:50.199] [exthost] [warning] [Decorations] CAPPING events from decorations provider vscode.git 3620
[2022-04-08 13:43:55.327] [exthost] [warning] [Decorations] CAPPING events from decorations provider vscode.git 3620
[2022-04-08 13:44:00.432] [exthost] [warning] [Decorations] CAPPING events from decorations provider vscode.git 3620
[2022-04-08 13:44:05.543] [exthost] [warning] [Decorations] CAPPING events from decorations provider vscode.git 3620
[2022-04-08 13:44:10.655] [exthost] [warning] [Decorations] CAPPING events from decorations provider vscode.git 3620
[2022-04-08 13:44:15.750] [exthost] [warning] [Decorations] CAPPING events from decorations provider vscode.git 3620
[2022-04-08 13:44:20.845] [exthost] [warning] [Decorations] CAPPING events from decorations provider vscode.git 3620
[2022-04-08 13:44:25.950] [exthost] [warning] [Decorations] CAPPING events from decorations provider vscode.git 3620
[2022-04-08 13:44:31.059] [exthost] [warning] [Decorations] CAPPING events from decorations provider vscode.git 3620
[2022-04-08 13:44:36.188] [exthost] [warning] [Decorations] CAPPING events from decorations provider vscode.git 3620
[2022-04-08 13:44:41.277] [exthost] [warning] [Decorations] CAPPING events from decorations provider vscode.git 3620
[2022-04-08 13:44:46.395] [exthost] [warning] [Decorations] CAPPING events from decorations provider vscode.git 3620
[2022-04-08 13:44:51.494] [exthost] [warning] [Decorations] CAPPING events from decorations provider vscode.git 3620
[2022-04-08 13:44:56.696] [exthost] [warning] [Decorations] CAPPING events from decorations provider vscode.git 3620
[2022-04-08 13:45:01.823] [exthost] [warning] [Decorations] CAPPING events from decorations provider vscode.git 3620
[2022-04-08 13:45:06.989] [exthost] [warning] [Decorations] CAPPING events from decorations provider vscode.git 3620
[2022-04-08 13:45:12.092] [exthost] [warning] [Decorations] CAPPING events from decorations provider vscode.git 3620
[2022-04-08 13:45:18.563] [exthost] [warning] [Decorations] CAPPING events from decorations provider vscode.git 3620
[2022-04-08 13:45:23.671] [exthost] [warning] [Decorations] CAPPING events from decorations provider vscode.git 3620
[2022-04-08 13:45:29.997] [exthost] [warning] [Decorations] CAPPING events from decorations provider vscode.git 3620
[2022-04-08 13:45:35.106] [exthost] [warning] [Decorations] CAPPING events from decorations provider vscode.git 3620
[2022-04-08 13:45:40.237] [exthost] [warning] [Decorations] CAPPING events from decorations provider vscode.git 3620
[2022-04-08 13:45:45.321] [exthost] [warning] [Decorations] CAPPING events from decorations provider vscode.git 3620
[2022-04-08 13:45:50.463] [exthost] [warning] [Decorations] CAPPING events from decorations provider vscode.git 3620
[2022-04-08 13:45:55.569] [exthost] [warning] [Decorations] CAPPING events from decorations provider vscode.git 3620
[2022-04-08 13:46:00.701] [exthost] [warning] [Decorations] CAPPING events from decorations provider vscode.git 3620
[2022-04-08 13:46:05.823] [exthost] [warning] [Decorations] CAPPING events from decorations provider vscode.git 3620
[2022-04-08 13:46:10.944] [exthost] [warning] [Decorations] CAPPING events from decorations provider vscode.git 3620
[2022-04-08 13:46:16.254] [exthost] [warning] [Decorations] CAPPING events from decorations provider vscode.git 3620
[2022-04-08 13:46:21.391] [exthost] [warning] [Decorations] CAPPING events from decorations provider vscode.git 3620
[2022-04-08 13:46:35.777] [exthost] [warning] [Decorations] CAPPING events from decorations provider vscode.git 3620
[2022-04-08 13:46:48.641] [exthost] [warning] [Decorations] CAPPING events from decorations provider vscode.git 3620
[2022-04-08 13:46:53.718] [exthost] [warning] [Decorations] CAPPING events from decorations provider vscode.git 3620
[2022-04-08 13:52:40.464] [exthost] [warning] [Decorations] CAPPING events from decorations provider vscode.git 3620
[2022-04-08 13:52:45.571] [exthost] [warning] [Decorations] CAPPING events from decorations provider vscode.git 3620
[2022-04-08 13:52:50.674] [exthost] [warning] [Decorations] CAPPING events from decorations provider vscode.git 3620
[2022-04-08 13:52:55.777] [exthost] [warning] [Decorations] CAPPING events from decorations provider vscode.git 3620
[2022-04-08 13:53:00.858] [exthost] [warning] [Decorations] CAPPING events from decorations provider vscode.git 3620
[2022-04-08 13:53:05.946] [exthost] [warning] [Decorations] CAPPING events from decorations provider vscode.git 3620
[2022-04-08 13:54:58.696] [exthost] [warning] [Decorations] CAPPING events from decorations provider vscode.git 3620
[2022-04-08 13:55:03.769] [exthost] [warning] [Decorations] CAPPING events from decorations provider vscode.git 3620
[2022-04-08 13:55:08.846] [exthost] [warning] [Decorations] CAPPING events from decorations provider vscode.git 3620
[2022-04-08 13:55:13.918] [exthost] [warning] [Decorations] CAPPING events from decorations provider vscode.git 3620
[2022-04-08 13:55:18.992] [exthost] [warning] [Decorations] CAPPING events from decorations provider vscode.git 3620
[2022-04-08 13:55:24.081] [exthost] [warning] [Decorations] CAPPING events from decorations provider vscode.git 3620
[2022-04-08 13:55:29.154] [exthost] [warning] [Decorations] CAPPING events from decorations provider vscode.git 3620
[2022-04-08 13:55:34.228] [exthost] [warning] [Decorations] CAPPING events from decorations provider vscode.git 3620
[2022-04-08 13:55:39.309] [exthost] [warning] [Decorations] CAPPING events from decorations provider vscode.git 3620
[2022-04-08 13:55:46.360] [exthost] [warning] [Decorations] CAPPING events from decorations provider vscode.git 3620
[2022-04-08 13:55:51.439] [exthost] [warning] [Decorations] CAPPING events from decorations provider vscode.git 3620
[2022-04-08 13:56:20.482] [exthost] [warning] [Decorations] CAPPING events from decorations provider vscode.git 3620
[2022-04-08 13:56:25.558] [exthost] [warning] [Decorations] CAPPING events from decorations provider vscode.git 3620
[2022-04-08 13:56:30.642] [exthost] [warning] [Decorations] CAPPING events from decorations provider vscode.git 3620
[2022-04-08 13:56:35.717] [exthost] [warning] [Decorations] CAPPING events from decorations provider vscode.git 3620
[2022-04-08 13:56:40.804] [exthost] [warning] [Decorations] CAPPING events from decorations provider vscode.git 3620
[2022-04-08 13:56:45.888] [exthost] [warning] [Decorations] CAPPING events from decorations provider vscode.git 3620
[2022-04-08 13:57:13.201] [exthost] [warning] [Decorations] CAPPING events from decorations provider vscode.git 3620
[2022-04-08 13:57:18.281] [exthost] [warning] [Decorations] CAPPING events from decorations provider vscode.git 3620
[2022-04-08 13:57:23.359] [exthost] [warning] [Decorations] CAPPING events from decorations provider vscode.git 3620
[2022-04-08 13:57:37.494] [exthost] [warning] [Decorations] CAPPING events from decorations provider vscode.git 3620
[2022-04-08 13:57:42.584] [exthost] [warning] [Decorations] CAPPING events from decorations provider vscode.git 3620
[2022-04-08 13:57:47.659] [exthost] [warning] [Decorations] CAPPING events from decorations provider vscode.git 3620
[2022-04-08 13:57:52.732] [exthost] [warning] [Decorations] CAPPING events from decorations provider vscode.git 3620
[2022-04-08 13:57:57.804] [exthost] [warning] [Decorations] CAPPING events from decorations provider vscode.git 3620
[2022-04-08 13:58:02.879] [exthost] [warning] [Decorations] CAPPING events from decorations provider vscode.git 3620
[2022-04-08 13:58:20.081] [exthost] [warning] [Decorations] CAPPING events from decorations provider vscode.git 3620
[2022-04-08 13:58:25.155] [exthost] [warning] [Decorations] CAPPING events from decorations provider vscode.git 3620
[2022-04-08 13:58:30.230] [exthost] [warning] [Decorations] CAPPING events from decorations provider vscode.git 3620
[2022-04-08 13:58:37.696] [exthost] [warning] [Decorations] CAPPING events from decorations provider vscode.git 3620
[2022-04-08 13:58:42.785] [exthost] [warning] [Decorations] CAPPING events from decorations provider vscode.git 3620
[2022-04-08 13:59:31.256] [exthost] [warning] [Decorations] CAPPING events from decorations provider vscode.git 3620
[2022-04-08 13:59:36.334] [exthost] [warning] [Decorations] CAPPING events from decorations provider vscode.git 3620
[2022-04-08 13:59:41.409] [exthost] [warning] [Decorations] CAPPING events from decorations provider vscode.git 3620
[2022-04-08 13:59:46.492] [exthost] [warning] [Decorations] CAPPING events from decorations provider vscode.git 3620
[2022-04-08 13:59:51.567] [exthost] [warning] [Decorations] CAPPING events from decorations provider vscode.git 3620
[2022-04-08 13:59:56.656] [exthost] [warning] [Decorations] CAPPING events from decorations provider vscode.git 3620
[2022-04-08 14:00:01.724] [exthost] [warning] [Decorations] CAPPING events from decorations provider vscode.git 3620
[2022-04-08 14:00:06.798] [exthost] [warning] [Decorations] CAPPING events from decorations provider vscode.git 3620
[2022-04-08 14:00:11.883] [exthost] [warning] [Decorations] CAPPING events from decorations provider vscode.git 3620
[2022-04-08 14:00:16.956] [exthost] [warning] [Decorations] CAPPING events from decorations provider vscode.git 3620
[2022-04-08 14:00:22.027] [exthost] [warning] [Decorations] CAPPING events from decorations provider vscode.git 3620
[2022-04-08 14:00:27.106] [exthost] [warning] [Decorations] CAPPING events from decorations provider vscode.git 3620
[2022-04-08 14:00:32.203] [exthost] [warning] [Decorations] CAPPING events from decorations provider vscode.git 3620
[2022-04-08 14:00:37.292] [exthost] [warning] [Decorations] CAPPING events from decorations provider vscode.git 3620
[2022-04-08 14:00:42.364] [exthost] [warning] [Decorations] CAPPING events from decorations provider vscode.git 3620
[2022-04-08 14:00:47.439] [exthost] [warning] [Decorations] CAPPING events from decorations provider vscode.git 3620
[2022-04-08 14:00:52.511] [exthost] [warning] [Decorations] CAPPING events from decorations provider vscode.git 3620
[2022-04-08 14:01:47.047] [exthost] [warning] [Decorations] CAPPING events from decorations provider vscode.git 3620
[2022-04-08 14:01:52.123] [exthost] [warning] [Decorations] CAPPING events from decorations provider vscode.git 3620
[2022-04-08 14:01:57.199] [exthost] [warning] [Decorations] CAPPING events from decorations provider vscode.git 3620
[2022-04-08 14:02:02.284] [exthost] [warning] [Decorations] CAPPING events from decorations provider vscode.git 3620
[2022-04-08 14:02:07.357] [exthost] [warning] [Decorations] CAPPING events from decorations provider vscode.git 3620
[2022-04-08 14:02:12.462] [exthost] [warning] [Decorations] CAPPING events from decorations provider vscode.git 3620
[2022-04-08 14:02:17.543] [exthost] [warning] [Decorations] CAPPING events from decorations provider vscode.git 3620
[2022-04-08 14:02:22.647] [exthost] [warning] [Decorations] CAPPING events from decorations provider vscode.git 3620
[2022-04-08 14:02:27.748] [exthost] [warning] [Decorations] CAPPING events from decorations provider vscode.git 3620
[2022-04-08 14:02:32.829] [exthost] [warning] [Decorations] CAPPING events from decorations provider vscode.git 3620
[2022-04-08 14:02:37.932] [exthost] [warning] [Decorations] CAPPING events from decorations provider vscode.git 3620
[2022-04-08 14:02:46.767] [exthost] [warning] [Decorations] CAPPING events from decorations provider vscode.git 3620
[2022-04-08 14:02:51.859] [exthost] [warning] [Decorations] CAPPING events from decorations provider vscode.git 3620
[2022-04-08 14:02:56.937] [exthost] [warning] [Decorations] CAPPING events from decorations provider vscode.git 3620
[2022-04-08 14:03:02.038] [exthost] [warning] [Decorations] CAPPING events from decorations provider vscode.git 3620
[2022-04-08 14:03:07.121] [exthost] [warning] [Decorations] CAPPING events from decorations provider vscode.git 3620
[2022-04-08 14:03:12.222] [exthost] [warning] [Decorations] CAPPING events from decorations provider vscode.git 3620
[2022-04-08 14:03:17.497] [exthost] [warning] [Decorations] CAPPING events from decorations provider vscode.git 3620
[2022-04-08 14:03:22.614] [exthost] [warning] [Decorations] CAPPING events from decorations provider vscode.git 3620
[2022-04-08 14:04:21.322] [exthost] [warning] [Decorations] CAPPING events from decorations provider vscode.git 3620
[2022-04-08 14:04:26.398] [exthost] [warning] [Decorations] CAPPING events from decorations provider vscode.git 3620
[2022-04-08 14:04:31.499] [exthost] [warning] [Decorations] CAPPING events from decorations provider vscode.git 3620
[2022-04-08 14:05:37.089] [exthost] [warning] [Decorations] CAPPING events from decorations provider vscode.git 3620
[2022-04-08 14:05:42.182] [exthost] [warning] [Decorations] CAPPING events from decorations provider vscode.git 3620
[2022-04-08 14:05:47.281] [exthost] [warning] [Decorations] CAPPING events from decorations provider vscode.git 3620
[2022-04-08 14:05:52.375] [exthost] [warning] [Decorations] CAPPING events from decorations provider vscode.git 3620
[2022-04-08 14:05:57.484] [exthost] [warning] [Decorations] CAPPING events from decorations provider vscode.git 3620
[2022-04-08 14:06:02.577] [exthost] [warning] [Decorations] CAPPING events from decorations provider vscode.git 3621
[2022-04-08 14:06:07.682] [exthost] [warning] [Decorations] CAPPING events from decorations provider vscode.git 3621
[2022-04-08 14:06:12.778] [exthost] [warning] [Decorations] CAPPING events from decorations provider vscode.git 3621
[2022-04-08 14:06:17.884] [exthost] [warning] [Decorations] CAPPING events from decorations provider vscode.git 3621
[2022-04-08 14:06:22.984] [exthost] [warning] [Decorations] CAPPING events from decorations provider vscode.git 3621
[2022-04-08 14:06:28.083] [exthost] [warning] [Decorations] CAPPING events from decorations provider vscode.git 3621
[2022-04-08 14:06:33.167] [exthost] [warning] [Decorations] CAPPING events from decorations provider vscode.git 3621
[2022-04-08 14:06:38.258] [exthost] [warning] [Decorations] CAPPING events from decorations provider vscode.git 3621
[2022-04-08 14:06:43.342] [exthost] [warning] [Decorations] CAPPING events from decorations provider vscode.git 3621
[2022-04-08 14:06:48.498] [exthost] [warning] [Decorations] CAPPING events from decorations provider vscode.git 3621
[2022-04-08 14:07:22.341] [exthost] [warning] [Decorations] CAPPING events from decorations provider vscode.git 3621
[2022-04-08 14:07:27.424] [exthost] [warning] [Decorations] CAPPING events from decorations provider vscode.git 3621
[2022-04-08 14:07:32.515] [exthost] [warning] [Decorations] CAPPING events from decorations provider vscode.git 3621
[2022-04-08 14:07:37.627] [exthost] [warning] [Decorations] CAPPING events from decorations provider vscode.git 3621
[2022-04-08 14:07:42.727] [exthost] [warning] [Decorations] CAPPING events from decorations provider vscode.git 3621
[2022-04-08 14:07:47.826] [exthost] [warning] [Decorations] CAPPING events from decorations provider vscode.git 3621
[2022-04-08 14:07:52.906] [exthost] [warning] [Decorations] CAPPING events from decorations provider vscode.git 3621
[2022-04-08 14:07:58.025] [exthost] [warning] [Decorations] CAPPING events from decorations provider vscode.git 3621
[2022-04-08 14:08:03.109] [exthost] [warning] [Decorations] CAPPING events from decorations provider vscode.git 3621
[2022-04-08 14:08:08.219] [exthost] [warning] [Decorations] CAPPING events from decorations provider vscode.git 3621
[2022-04-08 14:08:13.304] [exthost] [warning] [Decorations] CAPPING events from decorations provider vscode.git 3621
[2022-04-08 14:08:18.408] [exthost] [warning] [Decorations] CAPPING events from decorations provider vscode.git 3621
[2022-04-08 14:08:23.488] [exthost] [warning] [Decorations] CAPPING events from decorations provider vscode.git 3621
[2022-04-08 14:08:28.602] [exthost] [warning] [Decorations] CAPPING events from decorations provider vscode.git 3621
[2022-04-08 14:08:33.691] [exthost] [warning] [Decorations] CAPPING events from decorations provider vscode.git 3621
[2022-04-08 14:08:38.790] [exthost] [warning] [Decorations] CAPPING events from decorations provider vscode.git 3621
[2022-04-08 14:08:43.871] [exthost] [warning] [Decorations] CAPPING events from decorations provider vscode.git 3621
[2022-04-08 14:08:48.970] [exthost] [warning] [Decorations] CAPPING events from decorations provider vscode.git 3621
[2022-04-08 14:08:54.053] [exthost] [warning] [Decorations] CAPPING events from decorations provider vscode.git 3621
[2022-04-08 14:08:59.171] [exthost] [warning] [Decorations] CAPPING events from decorations provider vscode.git 3621
[2022-04-08 14:09:04.253] [exthost] [warning] [Decorations] CAPPING events from decorations provider vscode.git 3621
[2022-04-08 14:09:09.367] [exthost] [warning] [Decorations] CAPPING events from decorations provider vscode.git 3621
[2022-04-08 14:09:14.452] [exthost] [warning] [Decorations] CAPPING events from decorations provider vscode.git 3621
[2022-04-08 14:09:54.683] [exthost] [warning] [Decorations] CAPPING events from decorations provider vscode.git 3621
[2022-04-08 14:09:59.758] [exthost] [warning] [Decorations] CAPPING events from decorations provider vscode.git 3621
[2022-04-08 14:10:04.872] [exthost] [warning] [Decorations] CAPPING events from decorations provider vscode.git 3621
[2022-04-08 14:10:11.222] [exthost] [warning] [Decorations] CAPPING events from decorations provider vscode.git 3621
[2022-04-08 14:10:16.335] [exthost] [warning] [Decorations] CAPPING events from decorations provider vscode.git 3621
[2022-04-08 14:10:21.425] [exthost] [warning] [Decorations] CAPPING events from decorations provider vscode.git 3621
[2022-04-08 14:10:26.526] [exthost] [warning] [Decorations] CAPPING events from decorations provider vscode.git 3621
[2022-04-08 14:10:31.605] [exthost] [warning] [Decorations] CAPPING events from decorations provider vscode.git 3621
[2022-04-08 14:10:36.706] [exthost] [warning] [Decorations] CAPPING events from decorations provider vscode.git 3621
[2022-04-08 14:10:41.980] [exthost] [warning] [Decorations] CAPPING events from decorations provider vscode.git 3621
[2022-04-08 14:10:47.087] [exthost] [warning] [Decorations] CAPPING events from decorations provider vscode.git 3621
[2022-04-08 14:10:52.355] [exthost] [warning] [Decorations] CAPPING events from decorations provider vscode.git 3621
[2022-04-08 14:10:57.459] [exthost] [warning] [Decorations] CAPPING events from decorations provider vscode.git 3621
[2022-04-08 14:11:02.547] [exthost] [warning] [Decorations] CAPPING events from decorations provider vscode.git 3621
[2022-04-08 14:11:07.649] [exthost] [warning] [Decorations] CAPPING events from decorations provider vscode.git 3621
[2022-04-08 14:11:12.734] [exthost] [warning] [Decorations] CAPPING events from decorations provider vscode.git 3621
[2022-04-08 14:11:17.837] [exthost] [warning] [Decorations] CAPPING events from decorations provider vscode.git 3621
[2022-04-08 14:11:22.931] [exthost] [warning] [Decorations] CAPPING events from decorations provider vscode.git 3621
[2022-04-08 14:11:29.287] [exthost] [warning] [Decorations] CAPPING events from decorations provider vscode.git 3621
[2022-04-08 14:11:34.366] [exthost] [warning] [Decorations] CAPPING events from decorations provider vscode.git 3621
[2022-04-08 14:11:39.493] [exthost] [warning] [Decorations] CAPPING events from decorations provider vscode.git 3621
[2022-04-08 14:11:44.596] [exthost] [warning] [Decorations] CAPPING events from decorations provider vscode.git 3621
[2022-04-08 14:11:49.679] [exthost] [warning] [Decorations] CAPPING events from decorations provider vscode.git 3621
[2022-04-08 14:11:54.780] [exthost] [warning] [Decorations] CAPPING events from decorations provider vscode.git 3621
[2022-04-08 14:11:59.909] [exthost] [warning] [Decorations] CAPPING events from decorations provider vscode.git 3621
[2022-04-08 14:12:04.998] [exthost] [warning] [Decorations] CAPPING events from decorations provider vscode.git 3621
[2022-04-08 14:12:10.107] [exthost] [warning] [Decorations] CAPPING events from decorations provider vscode.git 3621
[2022-04-08 14:12:59.892] [exthost] [warning] [Decorations] CAPPING events from decorations provider vscode.git 3621
[2022-04-08 14:13:04.974] [exthost] [warning] [Decorations] CAPPING events from decorations provider vscode.git 3621
[2022-04-08 14:13:10.084] [exthost] [warning] [Decorations] CAPPING events from decorations provider vscode.git 3621
[2022-04-08 14:13:15.203] [exthost] [warning] [Decorations] CAPPING events from decorations provider vscode.git 3621
[2022-04-08 14:13:20.301] [exthost] [warning] [Decorations] CAPPING events from decorations provider vscode.git 3621
[2022-04-08 14:13:25.401] [exthost] [warning] [Decorations] CAPPING events from decorations provider vscode.git 3621
[2022-04-08 14:13:30.486] [exthost] [warning] [Decorations] CAPPING events from decorations provider vscode.git 3621
[2022-04-08 14:13:35.589] [exthost] [warning] [Decorations] CAPPING events from decorations provider vscode.git 3621
[2022-04-08 14:13:40.670] [exthost] [warning] [Decorations] CAPPING events from decorations provider vscode.git 3621
[2022-04-08 14:13:45.772] [exthost] [warning] [Decorations] CAPPING events from decorations provider vscode.git 3621
[2022-04-08 14:13:50.863] [exthost] [warning] [Decorations] CAPPING events from decorations provider vscode.git 3621
[2022-04-08 14:13:55.966] [exthost] [warning] [Decorations] CAPPING events from decorations provider vscode.git 3621
[2022-04-08 14:14:01.065] [exthost] [warning] [Decorations] CAPPING events from decorations provider vscode.git 3621
[2022-04-08 14:14:06.169] [exthost] [warning] [Decorations] CAPPING events from decorations provider vscode.git 3621
[2022-04-08 14:14:11.253] [exthost] [warning] [Decorations] CAPPING events from decorations provider vscode.git 3621
[2022-04-08 14:14:16.358] [exthost] [warning] [Decorations] CAPPING events from decorations provider vscode.git 3621
[2022-04-08 14:14:21.457] [exthost] [warning] [Decorations] CAPPING events from decorations provider vscode.git 3621
[2022-04-08 14:14:26.559] [exthost] [warning] [Decorations] CAPPING events from decorations provider vscode.git 3621
[2022-04-08 14:14:31.641] [exthost] [warning] [Decorations] CAPPING events from decorations provider vscode.git 3621
[2022-04-08 14:14:36.757] [exthost] [warning] [Decorations] CAPPING events from decorations provider vscode.git 3621
[2022-04-08 14:14:41.838] [exthost] [warning] [Decorations] CAPPING events from decorations provider vscode.git 3621
[2022-04-08 14:14:46.975] [exthost] [warning] [Decorations] CAPPING events from decorations provider vscode.git 3621
[2022-04-08 14:14:52.051] [exthost] [warning] [Decorations] CAPPING events from decorations provider vscode.git 3621
[2022-04-08 14:14:57.168] [exthost] [warning] [Decorations] CAPPING events from decorations provider vscode.git 3621
[2022-04-08 14:15:02.270] [exthost] [warning] [Decorations] CAPPING events from decorations provider vscode.git 3621
[2022-04-08 14:15:07.371] [exthost] [warning] [Decorations] CAPPING events from decorations provider vscode.git 3621
[2022-04-08 14:15:12.450] [exthost] [warning] [Decorations] CAPPING events from decorations provider vscode.git 3621
[2022-04-08 14:15:17.562] [exthost] [warning] [Decorations] CAPPING events from decorations provider vscode.git 3621
[2022-04-08 14:15:22.668] [exthost] [warning] [Decorations] CAPPING events from decorations provider vscode.git 3621
[2022-04-08 14:15:27.771] [exthost] [warning] [Decorations] CAPPING events from decorations provider vscode.git 3621
[2022-04-08 14:15:32.852] [exthost] [warning] [Decorations] CAPPING events from decorations provider vscode.git 3621
[2022-04-08 14:15:37.957] [exthost] [warning] [Decorations] CAPPING events from decorations provider vscode.git 3621
[2022-04-08 14:15:43.040] [exthost] [warning] [Decorations] CAPPING events from decorations provider vscode.git 3621
[2022-04-08 14:15:48.142] [exthost] [warning] [Decorations] CAPPING events from decorations provider vscode.git 3621
[2022-04-08 14:15:53.245] [exthost] [warning] [Decorations] CAPPING events from decorations provider vscode.git 3621
[2022-04-08 14:15:58.347] [exthost] [warning] [Decorations] CAPPING events from decorations provider vscode.git 3621
[2022-04-08 14:16:03.426] [exthost] [warning] [Decorations] CAPPING events from decorations provider vscode.git 3621
[2022-04-08 14:16:08.518] [exthost] [warning] [Decorations] CAPPING events from decorations provider vscode.git 3621
[2022-04-08 14:16:13.602] [exthost] [warning] [Decorations] CAPPING events from decorations provider vscode.git 3621
[2022-04-08 14:16:18.678] [exthost] [warning] [Decorations] CAPPING events from decorations provider vscode.git 3621
[2022-04-08 14:16:23.773] [exthost] [warning] [Decorations] CAPPING events from decorations provider vscode.git 3621
[2022-04-08 14:16:28.880] [exthost] [warning] [Decorations] CAPPING events from decorations provider vscode.git 3621
[2022-04-08 14:16:33.979] [exthost] [warning] [Decorations] CAPPING events from decorations provider vscode.git 3621
[2022-04-08 14:16:39.069] [exthost] [warning] [Decorations] CAPPING events from decorations provider vscode.git 3621
[2022-04-08 14:16:44.151] [exthost] [warning] [Decorations] CAPPING events from decorations provider vscode.git 3621
[2022-04-08 14:16:49.251] [exthost] [warning] [Decorations] CAPPING events from decorations provider vscode.git 3621
[2022-04-08 14:16:54.335] [exthost] [warning] [Decorations] CAPPING events from decorations provider vscode.git 3621
[2022-04-08 14:16:59.439] [exthost] [warning] [Decorations] CAPPING events from decorations provider vscode.git 3621
[2022-04-08 14:17:04.531] [exthost] [warning] [Decorations] CAPPING events from decorations provider vscode.git 3621
[2022-04-08 14:17:09.633] [exthost] [warning] [Decorations] CAPPING events from decorations provider vscode.git 3621
[2022-04-08 14:17:14.726] [exthost] [warning] [Decorations] CAPPING events from decorations provider vscode.git 3621
[2022-04-08 14:17:19.833] [exthost] [warning] [Decorations] CAPPING events from decorations provider vscode.git 3621
[2022-04-08 14:17:24.917] [exthost] [warning] [Decorations] CAPPING events from decorations provider vscode.git 3621
[2022-04-08 14:17:30.024] [exthost] [warning] [Decorations] CAPPING events from decorations provider vscode.git 3621
[2022-04-08 14:17:35.119] [exthost] [warning] [Decorations] CAPPING events from decorations provider vscode.git 3621
[2022-04-08 14:17:40.224] [exthost] [warning] [Decorations] CAPPING events from decorations provider vscode.git 3621
[2022-04-08 14:17:45.326] [exthost] [warning] [Decorations] CAPPING events from decorations provider vscode.git 3621
[2022-04-08 14:17:50.437] [exthost] [warning] [Decorations] CAPPING events from decorations provider vscode.git 3621
[2022-04-08 14:17:55.529] [exthost] [warning] [Decorations] CAPPING events from decorations provider vscode.git 3621
[2022-04-08 14:18:00.632] [exthost] [warning] [Decorations] CAPPING events from decorations provider vscode.git 3621
[2022-04-08 14:18:05.726] [exthost] [warning] [Decorations] CAPPING events from decorations provider vscode.git 3621
[2022-04-08 14:18:10.828] [exthost] [warning] [Decorations] CAPPING events from decorations provider vscode.git 3621
[2022-04-08 14:18:15.925] [exthost] [warning] [Decorations] CAPPING events from decorations provider vscode.git 3621
[2022-04-08 14:18:21.027] [exthost] [warning] [Decorations] CAPPING events from decorations provider vscode.git 3621
[2022-04-08 14:18:26.112] [exthost] [warning] [Decorations] CAPPING events from decorations provider vscode.git 3621
[2022-04-08 14:18:31.217] [exthost] [warning] [Decorations] CAPPING events from decorations provider vscode.git 3621
[2022-04-08 14:18:36.315] [exthost] [warning] [Decorations] CAPPING events from decorations provider vscode.git 3621
[2022-04-08 14:18:41.415] [exthost] [warning] [Decorations] CAPPING events from decorations provider vscode.git 3621
[2022-04-08 14:18:46.499] [exthost] [warning] [Decorations] CAPPING events from decorations provider vscode.git 3621
[2022-04-08 14:18:51.601] [exthost] [warning] [Decorations] CAPPING events from decorations provider vscode.git 3621
[2022-04-08 14:18:56.682] [exthost] [warning] [Decorations] CAPPING events from decorations provider vscode.git 3621
[2022-04-08 14:19:01.785] [exthost] [warning] [Decorations] CAPPING events from decorations provider vscode.git 3621
[2022-04-08 14:19:06.869] [exthost] [warning] [Decorations] CAPPING events from decorations provider vscode.git 3621
[2022-04-08 14:19:11.971] [exthost] [warning] [Decorations] CAPPING events from decorations provider vscode.git 3621
[2022-04-08 14:19:17.066] [exthost] [warning] [Decorations] CAPPING events from decorations provider vscode.git 3621
[2022-04-08 14:19:22.176] [exthost] [warning] [Decorations] CAPPING events from decorations provider vscode.git 3621
[2022-04-08 14:19:27.271] [exthost] [warning] [Decorations] CAPPING events from decorations provider vscode.git 3621
[2022-04-08 14:19:32.372] [exthost] [warning] [Decorations] CAPPING events from decorations provider vscode.git 3621
[2022-04-08 14:19:39.664] [exthost] [warning] [Decorations] CAPPING events from decorations provider vscode.git 3621
[2022-04-08 14:19:44.765] [exthost] [warning] [Decorations] CAPPING events from decorations provider vscode.git 3621
[2022-04-08 14:19:49.851] [exthost] [warning] [Decorations] CAPPING events from decorations provider vscode.git 3621
[2022-04-08 14:19:54.950] [exthost] [warning] [Decorations] CAPPING events from decorations provider vscode.git 3621
[2022-04-08 14:20:00.036] [exthost] [warning] [Decorations] CAPPING events from decorations provider vscode.git 3621
[2022-04-08 14:20:05.141] [exthost] [warning] [Decorations] CAPPING events from decorations provider vscode.git 3621
[2022-04-08 14:20:10.238] [exthost] [warning] [Decorations] CAPPING events from decorations provider vscode.git 3621
[2022-04-08 14:20:15.341] [exthost] [warning] [Decorations] CAPPING events from decorations provider vscode.git 3621
[2022-04-08 14:20:20.451] [exthost] [warning] [Decorations] CAPPING events from decorations provider vscode.git 3621
[2022-04-08 14:20:25.554] [exthost] [warning] [Decorations] CAPPING events from decorations provider vscode.git 3621
[2022-04-08 14:20:30.644] [exthost] [warning] [Decorations] CAPPING events from decorations provider vscode.git 3621
[2022-04-08 14:20:35.764] [exthost] [warning] [Decorations] CAPPING events from decorations provider vscode.git 3621
[2022-04-08 14:20:40.863] [exthost] [warning] [Decorations] CAPPING events from decorations provider vscode.git 3621
[2022-04-08 14:20:45.965] [exthost] [warning] [Decorations] CAPPING events from decorations provider vscode.git 3621
[2022-04-08 14:20:51.045] [exthost] [warning] [Decorations] CAPPING events from decorations provider vscode.git 3621
[2022-04-08 14:20:56.170] [exthost] [warning] [Decorations] CAPPING events from decorations provider vscode.git 3621
[2022-04-08 14:21:01.258] [exthost] [warning] [Decorations] CAPPING events from decorations provider vscode.git 3621
[2022-04-08 14:21:06.365] [exthost] [warning] [Decorations] CAPPING events from decorations provider vscode.git 3621
[2022-04-08 14:21:11.464] [exthost] [warning] [Decorations] CAPPING events from decorations provider vscode.git 3621
[2022-04-08 14:21:16.576] [exthost] [warning] [Decorations] CAPPING events from decorations provider vscode.git 3621
[2022-04-08 14:21:21.665] [exthost] [warning] [Decorations] CAPPING events from decorations provider vscode.git 3621
[2022-04-08 14:21:26.764] [exthost] [warning] [Decorations] CAPPING events from decorations provider vscode.git 3621
[2022-04-08 14:21:31.853] [exthost] [warning] [Decorations] CAPPING events from decorations provider vscode.git 3621
[2022-04-08 14:21:36.954] [exthost] [warning] [Decorations] CAPPING events from decorations provider vscode.git 3621
[2022-04-08 14:21:42.053] [exthost] [warning] [Decorations] CAPPING events from decorations provider vscode.git 3621
[2022-04-08 14:21:47.157] [exthost] [warning] [Decorations] CAPPING events from decorations provider vscode.git 3621
[2022-04-08 14:21:52.241] [exthost] [warning] [Decorations] CAPPING events from decorations provider vscode.git 3621
[2022-04-08 14:21:57.347] [exthost] [warning] [Decorations] CAPPING events from decorations provider vscode.git 3621
[2022-04-08 14:22:02.666] [exthost] [warning] [Decorations] CAPPING events from decorations provider vscode.git 3621
[2022-04-08 14:22:07.769] [exthost] [warning] [Decorations] CAPPING events from decorations provider vscode.git 3621
[2022-04-08 14:22:12.857] [exthost] [warning] [Decorations] CAPPING events from decorations provider vscode.git 3621
[2022-04-08 14:22:17.963] [exthost] [warning] [Decorations] CAPPING events from decorations provider vscode.git 3621
[2022-04-08 14:22:23.060] [exthost] [warning] [Decorations] CAPPING events from decorations provider vscode.git 3621
[2022-04-08 14:22:28.164] [exthost] [warning] [Decorations] CAPPING events from decorations provider vscode.git 3621
[2022-04-08 14:22:33.247] [exthost] [warning] [Decorations] CAPPING events from decorations provider vscode.git 3621
[2022-04-08 14:22:38.349] [exthost] [warning] [Decorations] CAPPING events from decorations provider vscode.git 3621
[2022-04-08 14:22:43.444] [exthost] [warning] [Decorations] CAPPING events from decorations provider vscode.git 3621
[2022-04-08 14:22:48.547] [exthost] [warning] [Decorations] CAPPING events from decorations provider vscode.git 3621
[2022-04-08 14:22:53.648] [exthost] [warning] [Decorations] CAPPING events from decorations provider vscode.git 3621
[2022-04-08 14:22:58.752] [exthost] [warning] [Decorations] CAPPING events from decorations provider vscode.git 3621
[2022-04-08 14:23:03.853] [exthost] [warning] [Decorations] CAPPING events from decorations provider vscode.git 3621
[2022-04-08 14:23:08.972] [exthost] [warning] [Decorations] CAPPING events from decorations provider vscode.git 3621
[2022-04-08 14:23:14.055] [exthost] [warning] [Decorations] CAPPING events from decorations provider vscode.git 3621
[2022-04-08 14:23:19.161] [exthost] [warning] [Decorations] CAPPING events from decorations provider vscode.git 3621
[2022-04-08 14:23:24.247] [exthost] [warning] [Decorations] CAPPING events from decorations provider vscode.git 3621
[2022-04-08 14:23:29.349] [exthost] [warning] [Decorations] CAPPING events from decorations provider vscode.git 3621
[2022-04-08 14:23:34.433] [exthost] [warning] [Decorations] CAPPING events from decorations provider vscode.git 3621
[2022-04-08 14:23:39.538] [exthost] [warning] [Decorations] CAPPING events from decorations provider vscode.git 3621
[2022-04-08 14:23:44.624] [exthost] [warning] [Decorations] CAPPING events from decorations provider vscode.git 3621
[2022-04-08 14:23:49.726] [exthost] [warning] [Decorations] CAPPING events from decorations provider vscode.git 3621
[2022-04-08 14:23:54.811] [exthost] [warning] [Decorations] CAPPING events from decorations provider vscode.git 3621
[2022-04-08 14:23:59.917] [exthost] [warning] [Decorations] CAPPING events from decorations provider vscode.git 3621
[2022-04-08 14:24:05.003] [exthost] [warning] [Decorations] CAPPING events from decorations provider vscode.git 3621
[2022-04-08 14:24:10.120] [exthost] [warning] [Decorations] CAPPING events from decorations provider vscode.git 3621
[2022-04-08 14:24:15.219] [exthost] [warning] [Decorations] CAPPING events from decorations provider vscode.git 3621
[2022-04-08 14:24:20.324] [exthost] [warning] [Decorations] CAPPING events from decorations provider vscode.git 3621
[2022-04-08 14:24:25.414] [exthost] [warning] [Decorations] CAPPING events from decorations provider vscode.git 3621
[2022-04-08 14:24:30.520] [exthost] [warning] [Decorations] CAPPING events from decorations provider vscode.git 3621
[2022-04-08 14:24:36.466] [exthost] [warning] [Decorations] CAPPING events from decorations provider vscode.git 3621
[2022-04-08 14:24:41.575] [exthost] [warning] [Decorations] CAPPING events from decorations provider vscode.git 3621
[2022-04-08 14:24:46.669] [exthost] [warning] [Decorations] CAPPING events from decorations provider vscode.git 3621
[2022-04-08 14:24:51.775] [exthost] [warning] [Decorations] CAPPING events from decorations provider vscode.git 3621
[2022-04-08 14:24:56.877] [exthost] [warning] [Decorations] CAPPING events from decorations provider vscode.git 3621
[2022-04-08 14:25:01.986] [exthost] [warning] [Decorations] CAPPING events from decorations provider vscode.git 3621
[2022-04-08 14:25:07.070] [exthost] [warning] [Decorations] CAPPING events from decorations provider vscode.git 3621
[2022-04-08 14:25:12.181] [exthost] [warning] [Decorations] CAPPING events from decorations provider vscode.git 3621
[2022-04-08 14:25:17.267] [exthost] [warning] [Decorations] CAPPING events from decorations provider vscode.git 3621
[2022-04-08 14:25:22.373] [exthost] [warning] [Decorations] CAPPING events from decorations provider vscode.git 3621
[2022-04-08 14:25:27.474] [exthost] [warning] [Decorations] CAPPING events from decorations provider vscode.git 3621
[2022-04-08 14:25:32.578] [exthost] [warning] [Decorations] CAPPING events from decorations provider vscode.git 3621
[2022-04-08 14:25:37.664] [exthost] [warning] [Decorations] CAPPING events from decorations provider vscode.git 3621
[2022-04-08 14:25:42.771] [exthost] [warning] [Decorations] CAPPING events from decorations provider vscode.git 3621
[2022-04-08 14:25:47.877] [exthost] [warning] [Decorations] CAPPING events from decorations provider vscode.git 3621
[2022-04-08 14:25:53.006] [exthost] [warning] [Decorations] CAPPING events from decorations provider vscode.git 3621
[2022-04-08 14:26:25.052] [exthost] [warning] [Decorations] CAPPING events from decorations provider vscode.git 3621
[2022-04-08 14:26:30.129] [exthost] [warning] [Decorations] CAPPING events from decorations provider vscode.git 3621
[2022-04-08 14:26:35.228] [exthost] [warning] [Decorations] CAPPING events from decorations provider vscode.git 3621
[2022-04-08 14:26:40.354] [exthost] [warning] [Decorations] CAPPING events from decorations provider vscode.git 3621
[2022-04-08 14:26:52.110] [exthost] [warning] [Decorations] CAPPING events from decorations provider vscode.git 3621
[2022-04-08 14:26:57.217] [exthost] [warning] [Decorations] CAPPING events from decorations provider vscode.git 3621
[2022-04-08 14:27:02.310] [exthost] [warning] [Decorations] CAPPING events from decorations provider vscode.git 3621
[2022-04-08 14:27:33.444] [exthost] [warning] [Decorations] CAPPING events from decorations provider vscode.git 3621
[2022-04-08 14:27:38.529] [exthost] [warning] [Decorations] CAPPING events from decorations provider vscode.git 3621
[2022-04-08 14:27:43.643] [exthost] [warning] [Decorations] CAPPING events from decorations provider vscode.git 3621
[2022-04-08 14:27:48.725] [exthost] [warning] [Decorations] CAPPING events from decorations provider vscode.git 3621
[2022-04-08 14:27:53.836] [exthost] [warning] [Decorations] CAPPING events from decorations provider vscode.git 3621
[2022-04-08 14:27:58.920] [exthost] [warning] [Decorations] CAPPING events from decorations provider vscode.git 3621
[2022-04-08 14:28:04.028] [exthost] [warning] [Decorations] CAPPING events from decorations provider vscode.git 3621
[2022-04-08 14:28:09.130] [exthost] [warning] [Decorations] CAPPING events from decorations provider vscode.git 3621
[2022-04-08 14:28:14.246] [exthost] [warning] [Decorations] CAPPING events from decorations provider vscode.git 3621
[2022-04-08 14:28:19.328] [exthost] [warning] [Decorations] CAPPING events from decorations provider vscode.git 3621
[2022-04-08 14:28:24.446] [exthost] [warning] [Decorations] CAPPING events from decorations provider vscode.git 3621
[2022-04-08 14:28:29.540] [exthost] [warning] [Decorations] CAPPING events from decorations provider vscode.git 3621
[2022-04-08 14:30:09.633] [exthost] [warning] [Decorations] CAPPING events from decorations provider vscode.git 3621
[2022-04-08 14:30:14.712] [exthost] [warning] [Decorations] CAPPING events from decorations provider vscode.git 3621
[2022-04-08 14:30:19.800] [exthost] [warning] [Decorations] CAPPING events from decorations provider vscode.git 3621
[2022-04-08 14:30:24.885] [exthost] [warning] [Decorations] CAPPING events from decorations provider vscode.git 3621
[2022-04-08 14:30:42.059] [exthost] [warning] [Decorations] CAPPING events from decorations provider vscode.git 3621
[2022-04-08 14:30:47.146] [exthost] [warning] [Decorations] CAPPING events from decorations provider vscode.git 3621
[2022-04-08 14:30:52.253] [exthost] [warning] [Decorations] CAPPING events from decorations provider vscode.git 3621
[2022-04-08 14:30:57.344] [exthost] [warning] [Decorations] CAPPING events from decorations provider vscode.git 3621
[2022-04-08 14:31:02.458] [exthost] [warning] [Decorations] CAPPING events from decorations provider vscode.git 3621
[2022-04-08 14:31:07.539] [exthost] [warning] [Decorations] CAPPING events from decorations provider vscode.git 3621
[2022-04-08 14:31:12.644] [exthost] [warning] [Decorations] CAPPING events from decorations provider vscode.git 3621
[2022-04-08 14:31:17.736] [exthost] [warning] [Decorations] CAPPING events from decorations provider vscode.git 3621
[2022-04-08 14:31:22.839] [exthost] [warning] [Decorations] CAPPING events from decorations provider vscode.git 3621
[2022-04-08 14:32:20.152] [exthost] [warning] [Decorations] CAPPING events from decorations provider vscode.git 3621
[2022-04-08 14:32:25.253] [exthost] [warning] [Decorations] CAPPING events from decorations provider vscode.git 3621
[2022-04-08 14:32:30.342] [exthost] [warning] [Decorations] CAPPING events from decorations provider vscode.git 3621
[2022-04-08 14:32:35.449] [exthost] [warning] [Decorations] CAPPING events from decorations provider vscode.git 3621
[2022-04-08 14:32:40.546] [exthost] [warning] [Decorations] CAPPING events from decorations provider vscode.git 3621
[2022-04-08 14:32:45.666] [exthost] [warning] [Decorations] CAPPING events from decorations provider vscode.git 3621
[2022-04-08 14:32:50.749] [exthost] [warning] [Decorations] CAPPING events from decorations provider vscode.git 3621
[2022-04-08 14:32:55.860] [exthost] [warning] [Decorations] CAPPING events from decorations provider vscode.git 3621
[2022-04-08 14:33:01.270] [exthost] [warning] [Decorations] CAPPING events from decorations provider vscode.git 3621
[2022-04-08 14:33:06.368] [exthost] [warning] [Decorations] CAPPING events from decorations provider vscode.git 3621
[2022-04-08 14:33:11.454] [exthost] [warning] [Decorations] CAPPING events from decorations provider vscode.git 3621
[2022-04-08 14:33:16.556] [exthost] [warning] [Decorations] CAPPING events from decorations provider vscode.git 3621
[2022-04-08 14:33:21.641] [exthost] [warning] [Decorations] CAPPING events from decorations provider vscode.git 3621
[2022-04-08 14:33:26.754] [exthost] [warning] [Decorations] CAPPING events from decorations provider vscode.git 3621
[2022-04-08 14:33:31.855] [exthost] [warning] [Decorations] CAPPING events from decorations provider vscode.git 3621
[2022-04-08 14:33:36.958] [exthost] [warning] [Decorations] CAPPING events from decorations provider vscode.git 3621
[2022-04-08 14:33:42.062] [exthost] [warning] [Decorations] CAPPING events from decorations provider vscode.git 3621
[2022-04-08 14:33:47.167] [exthost] [warning] [Decorations] CAPPING events from decorations provider vscode.git 3621
[2022-04-08 14:33:52.269] [exthost] [warning] [Decorations] CAPPING events from decorations provider vscode.git 3621
[2022-04-08 14:33:57.374] [exthost] [warning] [Decorations] CAPPING events from decorations provider vscode.git 3621
[2022-04-08 14:34:02.457] [exthost] [warning] [Decorations] CAPPING events from decorations provider vscode.git 3621
[2022-04-08 14:34:07.563] [exthost] [warning] [Decorations] CAPPING events from decorations provider vscode.git 3621
[2022-04-08 14:34:12.661] [exthost] [warning] [Decorations] CAPPING events from decorations provider vscode.git 3621
[2022-04-08 14:35:22.086] [exthost] [warning] [Decorations] CAPPING events from decorations provider vscode.git 3621
[2022-04-08 14:35:27.173] [exthost] [warning] [Decorations] CAPPING events from decorations provider vscode.git 3621
[2022-04-08 14:35:32.286] [exthost] [warning] [Decorations] CAPPING events from decorations provider vscode.git 3621
[2022-04-08 14:35:37.380] [exthost] [warning] [Decorations] CAPPING events from decorations provider vscode.git 3621
[2022-04-08 14:35:42.500] [exthost] [warning] [Decorations] CAPPING events from decorations provider vscode.git 3621
[2022-04-08 14:35:47.608] [exthost] [warning] [Decorations] CAPPING events from decorations provider vscode.git 3621
[2022-04-08 14:35:52.707] [exthost] [warning] [Decorations] CAPPING events from decorations provider vscode.git 3621
[2022-04-08 14:35:57.804] [exthost] [warning] [Decorations] CAPPING events from decorations provider vscode.git 3621
[2022-04-08 14:36:02.910] [exthost] [warning] [Decorations] CAPPING events from decorations provider vscode.git 3621
[2022-04-08 14:36:08.005] [exthost] [warning] [Decorations] CAPPING events from decorations provider vscode.git 3621
[2022-04-08 14:36:13.105] [exthost] [warning] [Decorations] CAPPING events from decorations provider vscode.git 3621
[2022-04-08 14:36:18.197] [exthost] [warning] [Decorations] CAPPING events from decorations provider vscode.git 3621
[2022-04-08 14:36:23.319] [exthost] [warning] [Decorations] CAPPING events from decorations provider vscode.git 3621
[2022-04-08 14:38:11.530] [exthost] [warning] [Decorations] CAPPING events from decorations provider vscode.git 3621
[2022-04-08 14:38:16.604] [exthost] [warning] [Decorations] CAPPING events from decorations provider vscode.git 3621
[2022-04-08 14:38:21.681] [exthost] [warning] [Decorations] CAPPING events from decorations provider vscode.git 3621
[2022-04-08 14:38:26.756] [exthost] [warning] [Decorations] CAPPING events from decorations provider vscode.git 3621
[2022-04-08 14:38:31.843] [exthost] [warning] [Decorations] CAPPING events from decorations provider vscode.git 3621
[2022-04-08 14:38:36.924] [exthost] [warning] [Decorations] CAPPING events from decorations provider vscode.git 3621
[2022-04-08 14:38:42.003] [exthost] [warning] [Decorations] CAPPING events from decorations provider vscode.git 3621
[2022-04-08 14:38:47.088] [exthost] [warning] [Decorations] CAPPING events from decorations provider vscode.git 3621
[2022-04-08 14:38:52.170] [exthost] [warning] [Decorations] CAPPING events from decorations provider vscode.git 3621
[2022-04-08 14:38:57.255] [exthost] [warning] [Decorations] CAPPING events from decorations provider vscode.git 3621
[2022-04-08 14:39:02.331] [exthost] [warning] [Decorations] CAPPING events from decorations provider vscode.git 3621
[2022-04-08 14:39:34.628] [exthost] [warning] [Decorations] CAPPING events from decorations provider vscode.git 3621
[2022-04-08 14:39:39.721] [exthost] [warning] [Decorations] CAPPING events from decorations provider vscode.git 3621
[2022-04-08 14:39:44.816] [exthost] [warning] [Decorations] CAPPING events from decorations provider vscode.git 3621
[2022-04-08 14:39:49.891] [exthost] [warning] [Decorations] CAPPING events from decorations provider vscode.git 3621
[2022-04-08 14:39:54.987] [exthost] [warning] [Decorations] CAPPING events from decorations provider vscode.git 3621
[2022-04-08 14:40:00.066] [exthost] [warning] [Decorations] CAPPING events from decorations provider vscode.git 3621
[2022-04-08 14:40:05.140] [exthost] [warning] [Decorations] CAPPING events from decorations provider vscode.git 3621
[2022-04-08 14:40:10.559] [exthost] [warning] [Decorations] CAPPING events from decorations provider vscode.git 3621
[2022-04-08 14:47:46.588] [exthost] [warning] [Decorations] CAPPING events from decorations provider vscode.git 3621
[2022-04-08 14:47:51.676] [exthost] [warning] [Decorations] CAPPING events from decorations provider vscode.git 3621
[2022-04-08 14:47:57.433] [exthost] [warning] [Decorations] CAPPING events from decorations provider vscode.git 3621
[2022-04-08 14:48:02.517] [exthost] [warning] [Decorations] CAPPING events from decorations provider vscode.git 3621
[2022-04-08 14:48:07.621] [exthost] [warning] [Decorations] CAPPING events from decorations provider vscode.git 3621
[2022-04-08 14:48:12.715] [exthost] [warning] [Decorations] CAPPING events from decorations provider vscode.git 3621
[2022-04-08 14:48:17.821] [exthost] [warning] [Decorations] CAPPING events from decorations provider vscode.git 3621
[2022-04-08 14:48:22.906] [exthost] [warning] [Decorations] CAPPING events from decorations provider vscode.git 3621
[2022-04-08 14:48:28.008] [exthost] [warning] [Decorations] CAPPING events from decorations provider vscode.git 3621
[2022-04-08 14:48:33.090] [exthost] [warning] [Decorations] CAPPING events from decorations provider vscode.git 3621
[2022-04-08 14:48:38.191] [exthost] [warning] [Decorations] CAPPING events from decorations provider vscode.git 3621
[2022-04-08 14:48:43.288] [exthost] [warning] [Decorations] CAPPING events from decorations provider vscode.git 3621
[2022-04-08 14:48:48.388] [exthost] [warning] [Decorations] CAPPING events from decorations provider vscode.git 3621
[2022-04-08 14:48:53.471] [exthost] [warning] [Decorations] CAPPING events from decorations provider vscode.git 3621
[2022-04-08 14:48:58.572] [exthost] [warning] [Decorations] CAPPING events from decorations provider vscode.git 3621
[2022-04-08 14:49:03.661] [exthost] [warning] [Decorations] CAPPING events from decorations provider vscode.git 3621
[2022-04-08 14:49:08.765] [exthost] [warning] [Decorations] CAPPING events from decorations provider vscode.git 3621
[2022-04-08 14:49:13.848] [exthost] [warning] [Decorations] CAPPING events from decorations provider vscode.git 3621
[2022-04-08 14:49:18.942] [exthost] [warning] [Decorations] CAPPING events from decorations provider vscode.git 3621
[2022-04-08 14:49:24.024] [exthost] [warning] [Decorations] CAPPING events from decorations provider vscode.git 3621
[2022-04-08 14:49:29.131] [exthost] [warning] [Decorations] CAPPING events from decorations provider vscode.git 3621
[2022-04-08 14:49:34.214] [exthost] [warning] [Decorations] CAPPING events from decorations provider vscode.git 3621
[2022-04-08 14:49:39.311] [exthost] [warning] [Decorations] CAPPING events from decorations provider vscode.git 3621
[2022-04-08 14:49:44.407] [exthost] [warning] [Decorations] CAPPING events from decorations provider vscode.git 3621
[2022-04-08 14:49:49.523] [exthost] [warning] [Decorations] CAPPING events from decorations provider vscode.git 3621
[2022-04-08 14:49:54.623] [exthost] [warning] [Decorations] CAPPING events from decorations provider vscode.git 3621
[2022-04-08 14:49:59.734] [exthost] [warning] [Decorations] CAPPING events from decorations provider vscode.git 3621
[2022-04-08 14:50:04.819] [exthost] [warning] [Decorations] CAPPING events from decorations provider vscode.git 3621
[2022-04-08 14:50:10.163] [exthost] [warning] [Decorations] CAPPING events from decorations provider vscode.git 3621
[2022-04-08 14:50:15.261] [exthost] [warning] [Decorations] CAPPING events from decorations provider vscode.git 3621
[2022-04-08 14:50:20.363] [exthost] [warning] [Decorations] CAPPING events from decorations provider vscode.git 3621
[2022-04-08 14:50:25.471] [exthost] [warning] [Decorations] CAPPING events from decorations provider vscode.git 3621
[2022-04-08 14:50:30.580] [exthost] [warning] [Decorations] CAPPING events from decorations provider vscode.git 3621
[2022-04-08 14:50:35.677] [exthost] [warning] [Decorations] CAPPING events from decorations provider vscode.git 3621
[2022-04-08 14:50:40.780] [exthost] [warning] [Decorations] CAPPING events from decorations provider vscode.git 3621
[2022-04-08 14:50:45.862] [exthost] [warning] [Decorations] CAPPING events from decorations provider vscode.git 3621
[2022-04-08 14:50:50.966] [exthost] [warning] [Decorations] CAPPING events from decorations provider vscode.git 3621
[2022-04-08 15:13:47.045] [exthost] [warning] [Decorations] CAPPING events from decorations provider vscode.git 3621
[2022-04-08 15:13:52.121] [exthost] [warning] [Decorations] CAPPING events from decorations provider vscode.git 3621
[2022-04-08 15:13:57.212] [exthost] [warning] [Decorations] CAPPING events from decorations provider vscode.git 3621
[2022-04-08 15:14:02.305] [exthost] [warning] [Decorations] CAPPING events from decorations provider vscode.git 3621
[2022-04-08 15:14:07.393] [exthost] [warning] [Decorations] CAPPING events from decorations provider vscode.git 3621
[2022-04-08 15:14:12.490] [exthost] [warning] [Decorations] CAPPING events from decorations provider vscode.git 3621
[2022-04-08 15:14:17.566] [exthost] [warning] [Decorations] CAPPING events from decorations provider vscode.git 3621
[2022-04-08 15:14:22.652] [exthost] [warning] [Decorations] CAPPING events from decorations provider vscode.git 3621
[2022-04-08 15:14:27.729] [exthost] [warning] [Decorations] CAPPING events from decorations provider vscode.git 3621
[2022-04-08 15:14:32.818] [exthost] [warning] [Decorations] CAPPING events from decorations provider vscode.git 3621
[2022-04-08 15:14:37.898] [exthost] [warning] [Decorations] CAPPING events from decorations provider vscode.git 3621
[2022-04-08 15:14:42.979] [exthost] [warning] [Decorations] CAPPING events from decorations provider vscode.git 3621
[2022-04-08 15:14:48.065] [exthost] [warning] [Decorations] CAPPING events from decorations provider vscode.git 3621
[2022-04-08 15:14:53.144] [exthost] [warning] [Decorations] CAPPING events from decorations provider vscode.git 3621
[2022-04-08 15:14:58.219] [exthost] [warning] [Decorations] CAPPING events from decorations provider vscode.git 3621
[2022-04-08 15:15:03.295] [exthost] [warning] [Decorations] CAPPING events from decorations provider vscode.git 3621
[2022-04-08 15:15:08.382] [exthost] [warning] [Decorations] CAPPING events from decorations provider vscode.git 3621
[2022-04-08 15:15:13.473] [exthost] [warning] [Decorations] CAPPING events from decorations provider vscode.git 3621
[2022-04-08 15:15:18.547] [exthost] [warning] [Decorations] CAPPING events from decorations provider vscode.git 3621
[2022-04-08 15:15:23.630] [exthost] [warning] [Decorations] CAPPING events from decorations provider vscode.git 3621
[2022-04-08 15:15:28.720] [exthost] [warning] [Decorations] CAPPING events from decorations provider vscode.git 3621
[2022-04-08 15:15:33.796] [exthost] [warning] [Decorations] CAPPING events from decorations provider vscode.git 3621
[2022-04-08 23:39:25.881] [exthost] [warning] [Decorations] CAPPING events from decorations provider vscode.git 3621
[2022-04-08 23:39:28.411] [exthost] [info] extension host terminating: received terminate message from renderer
[2022-04-08 23:39:28.413] [exthost] [info] Lock '/home/julien/.vscode-server/data/User/workspaceStorage/f516fa5c7c7214add0b54bca5a44f89f/vscode.lock': Marking the lockfile as scheduled to be released in 6000 ms.
[2022-04-08 23:39:28.435] [exthost] [info] Extension host with pid 113 exiting with code 0
