[2022-03-19T12:57:27.174Z] Validating found git in: git
[2022-03-19T12:57:27.217Z] Using git 2.25.1 from git
[2022-03-19T12:57:27.271Z] > git rev-parse --git-dir [1ms]
[2022-03-19T12:57:27.277Z] Open repository: /home/julien
[2022-03-19T12:57:27.333Z] > git symbolic-ref --short HEAD [26ms]
[2022-03-19T12:57:27.342Z] > git for-each-ref --format=%(refname)%00%(upstream:short)%00%(objectname)%00%(upstream:track) refs/heads/main refs/remotes/main [5ms]
[2022-03-19T12:57:27.350Z] > git remote --verbose [2ms]
[2022-03-19T12:57:27.350Z] > git for-each-ref --sort -committerdate --format %(refname) %(objectname) %(*objectname) [5ms]
[2022-03-19T12:57:28.167Z] > git config --get commit.template [55ms]
[2022-03-19T12:57:28.252Z] > git ls-files --stage -- /home/julien/fileDiff/Julien_Raedler_Vorbereitung_FileDiff.sh [4ms]
[2022-03-19T12:57:35.624Z] > git symbolic-ref --short HEAD [1ms]
[2022-03-19T12:57:35.628Z] > git for-each-ref --format=%(refname)%00%(upstream:short)%00%(objectname)%00%(upstream:track) refs/heads/main refs/remotes/main [1ms]
[2022-03-19T12:57:35.635Z] > git remote --verbose [1ms]
[2022-03-19T12:57:35.636Z] > git for-each-ref --sort -committerdate --format %(refname) %(objectname) %(*objectname) [5ms]
[2022-03-19T12:57:35.666Z] > git config --get commit.template [1ms]
[2022-03-19T12:57:40.689Z] > git symbolic-ref --short HEAD [0ms]
[2022-03-19T12:57:40.693Z] > git for-each-ref --format=%(refname)%00%(upstream:short)%00%(objectname)%00%(upstream:track) refs/heads/main refs/remotes/main [1ms]
[2022-03-19T12:57:40.700Z] > git remote --verbose [1ms]
[2022-03-19T12:57:40.700Z] > git for-each-ref --sort -committerdate --format %(refname) %(objectname) %(*objectname) [4ms]
[2022-03-19T12:57:40.726Z] > git config --get commit.template [1ms]
[2022-03-19T12:57:45.773Z] > git symbolic-ref --short HEAD [11ms]
[2022-03-19T12:57:45.777Z] > git ls-files --stage -- /home/julien/fileDiff/text.txt [5ms]
[2022-03-19T12:57:45.778Z] > git for-each-ref --format=%(refname)%00%(upstream:short)%00%(objectname)%00%(upstream:track) refs/heads/main refs/remotes/main [1ms]
[2022-03-19T12:57:45.786Z] > git remote --verbose [1ms]
[2022-03-19T12:57:45.786Z] > git for-each-ref --sort -committerdate --format %(refname) %(objectname) %(*objectname) [4ms]
[2022-03-19T12:57:45.812Z] > git config --get commit.template [4ms]
[2022-03-19T12:57:50.837Z] > git symbolic-ref --short HEAD [1ms]
[2022-03-19T12:57:50.842Z] > git for-each-ref --format=%(refname)%00%(upstream:short)%00%(objectname)%00%(upstream:track) refs/heads/main refs/remotes/main [1ms]
[2022-03-19T12:57:50.851Z] > git remote --verbose [1ms]
[2022-03-19T12:57:50.851Z] > git for-each-ref --sort -committerdate --format %(refname) %(objectname) %(*objectname) [5ms]
[2022-03-19T12:57:50.872Z] > git config --get commit.template [1ms]
[2022-03-19T12:57:55.907Z] > git symbolic-ref --short HEAD [1ms]
[2022-03-19T12:57:55.912Z] > git for-each-ref --format=%(refname)%00%(upstream:short)%00%(objectname)%00%(upstream:track) refs/heads/main refs/remotes/main [1ms]
[2022-03-19T12:57:55.921Z] > git remote --verbose [1ms]
[2022-03-19T12:57:55.921Z] > git for-each-ref --sort -committerdate --format %(refname) %(objectname) %(*objectname) [5ms]
[2022-03-19T12:57:55.951Z] > git config --get commit.template [2ms]
[2022-03-19T12:58:00.988Z] > git symbolic-ref --short HEAD [1ms]
[2022-03-19T12:58:00.993Z] > git for-each-ref --format=%(refname)%00%(upstream:short)%00%(objectname)%00%(upstream:track) refs/heads/main refs/remotes/main [1ms]
[2022-03-19T12:58:01.001Z] > git remote --verbose [1ms]
[2022-03-19T12:58:01.002Z] > git for-each-ref --sort -committerdate --format %(refname) %(objectname) %(*objectname) [5ms]
[2022-03-19T12:58:01.027Z] > git config --get commit.template [3ms]
[2022-03-19T12:58:06.050Z] > git symbolic-ref --short HEAD [1ms]
[2022-03-19T12:58:06.055Z] > git for-each-ref --format=%(refname)%00%(upstream:short)%00%(objectname)%00%(upstream:track) refs/heads/main refs/remotes/main [1ms]
[2022-03-19T12:58:06.064Z] > git remote --verbose [1ms]
[2022-03-19T12:58:06.064Z] > git for-each-ref --sort -committerdate --format %(refname) %(objectname) %(*objectname) [5ms]
[2022-03-19T12:58:06.086Z] > git config --get commit.template [0ms]
[2022-03-19T12:58:11.108Z] > git symbolic-ref --short HEAD [1ms]
[2022-03-19T12:58:11.115Z] > git for-each-ref --format=%(refname)%00%(upstream:short)%00%(objectname)%00%(upstream:track) refs/heads/main refs/remotes/main [1ms]
[2022-03-19T12:58:11.127Z] > git remote --verbose [2ms]
[2022-03-19T12:58:11.127Z] > git for-each-ref --sort -committerdate --format %(refname) %(objectname) %(*objectname) [7ms]
[2022-03-19T12:58:11.169Z] > git config --get commit.template [8ms]
[2022-03-19T12:58:16.194Z] > git symbolic-ref --short HEAD [0ms]
[2022-03-19T12:58:16.198Z] > git for-each-ref --format=%(refname)%00%(upstream:short)%00%(objectname)%00%(upstream:track) refs/heads/main refs/remotes/main [0ms]
[2022-03-19T12:58:16.206Z] > git remote --verbose [1ms]
[2022-03-19T12:58:16.206Z] > git for-each-ref --sort -committerdate --format %(refname) %(objectname) %(*objectname) [4ms]
[2022-03-19T12:58:16.231Z] > git config --get commit.template [1ms]
[2022-03-19T12:58:21.262Z] > git symbolic-ref --short HEAD [1ms]
[2022-03-19T12:58:21.268Z] > git for-each-ref --format=%(refname)%00%(upstream:short)%00%(objectname)%00%(upstream:track) refs/heads/main refs/remotes/main [1ms]
[2022-03-19T12:58:21.277Z] > git remote --verbose [1ms]
[2022-03-19T12:58:21.278Z] > git for-each-ref --sort -committerdate --format %(refname) %(objectname) %(*objectname) [6ms]
[2022-03-19T12:58:21.312Z] > git config --get commit.template [10ms]
[2022-03-19T12:58:26.333Z] > git symbolic-ref --short HEAD [1ms]
[2022-03-19T12:58:26.337Z] > git for-each-ref --format=%(refname)%00%(upstream:short)%00%(objectname)%00%(upstream:track) refs/heads/main refs/remotes/main [1ms]
[2022-03-19T12:58:26.345Z] > git remote --verbose [1ms]
[2022-03-19T12:58:26.345Z] > git for-each-ref --sort -committerdate --format %(refname) %(objectname) %(*objectname) [4ms]
[2022-03-19T12:58:26.370Z] > git config --get commit.template [1ms]
[2022-03-19T12:58:27.602Z] > git ls-files --stage -- /home/julien/fileDiff/Julien_Raedler_Vorbereitung_FileDiff.sh [3ms]
[2022-03-19T12:58:31.391Z] > git symbolic-ref --short HEAD [1ms]
[2022-03-19T12:58:31.395Z] > git for-each-ref --format=%(refname)%00%(upstream:short)%00%(objectname)%00%(upstream:track) refs/heads/main refs/remotes/main [1ms]
[2022-03-19T12:58:31.402Z] > git remote --verbose [1ms]
[2022-03-19T12:58:31.402Z] > git for-each-ref --sort -committerdate --format %(refname) %(objectname) %(*objectname) [4ms]
[2022-03-19T12:58:31.425Z] > git config --get commit.template [1ms]
[2022-03-19T12:58:36.449Z] > git symbolic-ref --short HEAD [1ms]
[2022-03-19T12:58:36.453Z] > git for-each-ref --format=%(refname)%00%(upstream:short)%00%(objectname)%00%(upstream:track) refs/heads/main refs/remotes/main [1ms]
[2022-03-19T12:58:36.460Z] > git remote --verbose [1ms]
[2022-03-19T12:58:36.460Z] > git for-each-ref --sort -committerdate --format %(refname) %(objectname) %(*objectname) [4ms]
[2022-03-19T12:58:36.484Z] > git config --get commit.template [3ms]
[2022-03-19T12:58:41.508Z] > git symbolic-ref --short HEAD [1ms]
[2022-03-19T12:58:41.512Z] > git for-each-ref --format=%(refname)%00%(upstream:short)%00%(objectname)%00%(upstream:track) refs/heads/main refs/remotes/main [1ms]
[2022-03-19T12:58:41.519Z] > git remote --verbose [1ms]
[2022-03-19T12:58:41.519Z] > git for-each-ref --sort -committerdate --format %(refname) %(objectname) %(*objectname) [4ms]
[2022-03-19T12:58:41.542Z] > git config --get commit.template [1ms]
[2022-03-19T12:58:46.570Z] > git symbolic-ref --short HEAD [0ms]
[2022-03-19T12:58:46.575Z] > git for-each-ref --format=%(refname)%00%(upstream:short)%00%(objectname)%00%(upstream:track) refs/heads/main refs/remotes/main [1ms]
[2022-03-19T12:58:46.582Z] > git remote --verbose [1ms]
[2022-03-19T12:58:46.582Z] > git for-each-ref --sort -committerdate --format %(refname) %(objectname) %(*objectname) [4ms]
[2022-03-19T12:58:46.607Z] > git config --get commit.template [1ms]
[2022-03-19T12:58:51.741Z] > git symbolic-ref --short HEAD [5ms]
[2022-03-19T12:58:51.772Z] > git for-each-ref --format=%(refname)%00%(upstream:short)%00%(objectname)%00%(upstream:track) refs/heads/main refs/remotes/main [9ms]
[2022-03-19T12:58:51.820Z] > git for-each-ref --sort -committerdate --format %(refname) %(objectname) %(*objectname) [24ms]
[2022-03-19T12:58:51.830Z] > git remote --verbose [15ms]
[2022-03-19T12:58:51.970Z] > git config --get commit.template [4ms]
[2022-03-19T12:58:59.235Z] > git symbolic-ref --short HEAD [4ms]
[2022-03-19T12:58:59.260Z] > git for-each-ref --format=%(refname)%00%(upstream:short)%00%(objectname)%00%(upstream:track) refs/heads/main refs/remotes/main [9ms]
[2022-03-19T12:58:59.299Z] > git remote --verbose [4ms]
[2022-03-19T12:58:59.300Z] > git for-each-ref --sort -committerdate --format %(refname) %(objectname) %(*objectname) [22ms]
[2022-03-19T12:59:02.712Z] > git config --get commit.template [3294ms]
[2022-03-19T12:59:07.780Z] > git symbolic-ref --short HEAD [3ms]
[2022-03-19T12:59:07.795Z] > git for-each-ref --format=%(refname)%00%(upstream:short)%00%(objectname)%00%(upstream:track) refs/heads/main refs/remotes/main [3ms]
[2022-03-19T12:59:07.819Z] > git for-each-ref --sort -committerdate --format %(refname) %(objectname) %(*objectname) [13ms]
[2022-03-19T12:59:07.820Z] > git remote --verbose [3ms]
[2022-03-19T12:59:07.900Z] > git config --get commit.template [2ms]
[2022-03-19T12:59:12.951Z] > git symbolic-ref --short HEAD [1ms]
[2022-03-19T12:59:12.963Z] > git for-each-ref --format=%(refname)%00%(upstream:short)%00%(objectname)%00%(upstream:track) refs/heads/main refs/remotes/main [2ms]
[2022-03-19T12:59:12.982Z] > git remote --verbose [2ms]
[2022-03-19T12:59:12.983Z] > git for-each-ref --sort -committerdate --format %(refname) %(objectname) %(*objectname) [11ms]
[2022-03-19T12:59:13.039Z] > git config --get commit.template [2ms]
[2022-03-19T12:59:18.082Z] > git symbolic-ref --short HEAD [1ms]
[2022-03-19T12:59:18.092Z] > git for-each-ref --format=%(refname)%00%(upstream:short)%00%(objectname)%00%(upstream:track) refs/heads/main refs/remotes/main [2ms]
[2022-03-19T12:59:18.109Z] > git for-each-ref --sort -committerdate --format %(refname) %(objectname) %(*objectname) [9ms]
[2022-03-19T12:59:18.109Z] > git remote --verbose [2ms]
[2022-03-19T12:59:18.146Z] > git config --get commit.template [1ms]
[2022-03-19T12:59:23.187Z] > git symbolic-ref --short HEAD [1ms]
[2022-03-19T12:59:23.194Z] > git for-each-ref --format=%(refname)%00%(upstream:short)%00%(objectname)%00%(upstream:track) refs/heads/main refs/remotes/main [1ms]
[2022-03-19T12:59:23.204Z] > git remote --verbose [1ms]
[2022-03-19T12:59:23.204Z] > git for-each-ref --sort -committerdate --format %(refname) %(objectname) %(*objectname) [5ms]
[2022-03-19T12:59:23.229Z] > git config --get commit.template [0ms]
[2022-03-19T13:02:27.052Z] > git symbolic-ref --short HEAD [1ms]
[2022-03-19T13:02:27.057Z] > git for-each-ref --format=%(refname)%00%(upstream:short)%00%(objectname)%00%(upstream:track) refs/heads/main refs/remotes/main [1ms]
[2022-03-19T13:02:27.066Z] > git remote --verbose [1ms]
[2022-03-19T13:02:27.067Z] > git for-each-ref --sort -committerdate --format %(refname) %(objectname) %(*objectname) [5ms]
[2022-03-19T13:02:27.104Z] > git config --get commit.template [1ms]
[2022-03-19T13:02:32.125Z] > git symbolic-ref --short HEAD [1ms]
[2022-03-19T13:02:32.130Z] > git for-each-ref --format=%(refname)%00%(upstream:short)%00%(objectname)%00%(upstream:track) refs/heads/main refs/remotes/main [1ms]
[2022-03-19T13:02:32.140Z] > git remote --verbose [1ms]
[2022-03-19T13:02:32.140Z] > git for-each-ref --sort -committerdate --format %(refname) %(objectname) %(*objectname) [5ms]
[2022-03-19T13:02:32.169Z] > git config --get commit.template [3ms]
[2022-03-19T13:03:12.014Z] > git symbolic-ref --short HEAD [1ms]
[2022-03-19T13:03:12.021Z] > git for-each-ref --format=%(refname)%00%(upstream:short)%00%(objectname)%00%(upstream:track) refs/heads/main refs/remotes/main [1ms]
[2022-03-19T13:03:12.032Z] > git remote --verbose [1ms]
[2022-03-19T13:03:12.032Z] > git for-each-ref --sort -committerdate --format %(refname) %(objectname) %(*objectname) [6ms]
[2022-03-19T13:03:12.058Z] > git config --get commit.template [0ms]
[2022-03-19T13:03:17.080Z] > git symbolic-ref --short HEAD [0ms]
[2022-03-19T13:03:17.085Z] > git for-each-ref --format=%(refname)%00%(upstream:short)%00%(objectname)%00%(upstream:track) refs/heads/main refs/remotes/main [1ms]
[2022-03-19T13:03:17.093Z] > git remote --verbose [1ms]
[2022-03-19T13:03:17.093Z] > git for-each-ref --sort -committerdate --format %(refname) %(objectname) %(*objectname) [4ms]
[2022-03-19T13:03:17.120Z] > git config --get commit.template [1ms]
[2022-03-19T13:03:22.153Z] > git symbolic-ref --short HEAD [1ms]
[2022-03-19T13:03:22.159Z] > git for-each-ref --format=%(refname)%00%(upstream:short)%00%(objectname)%00%(upstream:track) refs/heads/main refs/remotes/main [1ms]
[2022-03-19T13:03:22.168Z] > git remote --verbose [1ms]
[2022-03-19T13:03:22.168Z] > git for-each-ref --sort -committerdate --format %(refname) %(objectname) %(*objectname) [5ms]
[2022-03-19T13:03:22.192Z] > git config --get commit.template [1ms]
[2022-03-19T13:03:27.218Z] > git symbolic-ref --short HEAD [2ms]
[2022-03-19T13:03:27.225Z] > git for-each-ref --format=%(refname)%00%(upstream:short)%00%(objectname)%00%(upstream:track) refs/heads/main refs/remotes/main [1ms]
[2022-03-19T13:03:27.239Z] > git remote --verbose [4ms]
[2022-03-19T13:03:27.240Z] > git for-each-ref --sort -committerdate --format %(refname) %(objectname) %(*objectname) [10ms]
[2022-03-19T13:03:27.266Z] > git config --get commit.template [1ms]
[2022-03-19T13:03:32.289Z] > git symbolic-ref --short HEAD [0ms]
[2022-03-19T13:03:32.294Z] > git for-each-ref --format=%(refname)%00%(upstream:short)%00%(objectname)%00%(upstream:track) refs/heads/main refs/remotes/main [1ms]
[2022-03-19T13:03:32.303Z] > git remote --verbose [1ms]
[2022-03-19T13:03:32.303Z] > git for-each-ref --sort -committerdate --format %(refname) %(objectname) %(*objectname) [5ms]
[2022-03-19T13:03:32.327Z] > git config --get commit.template [0ms]
[2022-03-19T13:03:37.351Z] > git symbolic-ref --short HEAD [1ms]
[2022-03-19T13:03:37.360Z] > git for-each-ref --format=%(refname)%00%(upstream:short)%00%(objectname)%00%(upstream:track) refs/heads/main refs/remotes/main [2ms]
[2022-03-19T13:03:37.370Z] > git remote --verbose [1ms]
[2022-03-19T13:03:37.370Z] > git for-each-ref --sort -committerdate --format %(refname) %(objectname) %(*objectname) [5ms]
[2022-03-19T13:03:37.406Z] > git config --get commit.template [8ms]
[2022-03-19T13:03:42.430Z] > git symbolic-ref --short HEAD [1ms]
[2022-03-19T13:03:42.435Z] > git for-each-ref --format=%(refname)%00%(upstream:short)%00%(objectname)%00%(upstream:track) refs/heads/main refs/remotes/main [1ms]
[2022-03-19T13:03:42.444Z] > git remote --verbose [1ms]
[2022-03-19T13:03:42.444Z] > git for-each-ref --sort -committerdate --format %(refname) %(objectname) %(*objectname) [5ms]
[2022-03-19T13:03:42.468Z] > git config --get commit.template [0ms]
[2022-03-19T13:03:47.497Z] > git symbolic-ref --short HEAD [1ms]
[2022-03-19T13:03:47.503Z] > git for-each-ref --format=%(refname)%00%(upstream:short)%00%(objectname)%00%(upstream:track) refs/heads/main refs/remotes/main [1ms]
[2022-03-19T13:03:47.512Z] > git remote --verbose [1ms]
[2022-03-19T13:03:47.512Z] > git for-each-ref --sort -committerdate --format %(refname) %(objectname) %(*objectname) [5ms]
[2022-03-19T13:03:47.536Z] > git config --get commit.template [1ms]
[2022-03-19T13:03:52.561Z] > git symbolic-ref --short HEAD [1ms]
[2022-03-19T13:03:52.566Z] > git for-each-ref --format=%(refname)%00%(upstream:short)%00%(objectname)%00%(upstream:track) refs/heads/main refs/remotes/main [1ms]
[2022-03-19T13:03:52.575Z] > git remote --verbose [1ms]
[2022-03-19T13:03:52.575Z] > git for-each-ref --sort -committerdate --format %(refname) %(objectname) %(*objectname) [5ms]
[2022-03-19T13:03:52.599Z] > git config --get commit.template [0ms]
[2022-03-19T13:03:57.623Z] > git symbolic-ref --short HEAD [1ms]
[2022-03-19T13:03:57.628Z] > git for-each-ref --format=%(refname)%00%(upstream:short)%00%(objectname)%00%(upstream:track) refs/heads/main refs/remotes/main [1ms]
[2022-03-19T13:03:57.637Z] > git remote --verbose [0ms]
[2022-03-19T13:03:57.638Z] > git for-each-ref --sort -committerdate --format %(refname) %(objectname) %(*objectname) [5ms]
[2022-03-19T13:03:57.662Z] > git config --get commit.template [1ms]
[2022-03-19T13:04:02.691Z] > git symbolic-ref --short HEAD [1ms]
[2022-03-19T13:04:02.696Z] > git for-each-ref --format=%(refname)%00%(upstream:short)%00%(objectname)%00%(upstream:track) refs/heads/main refs/remotes/main [1ms]
[2022-03-19T13:04:02.706Z] > git remote --verbose [1ms]
[2022-03-19T13:04:02.706Z] > git for-each-ref --sort -committerdate --format %(refname) %(objectname) %(*objectname) [6ms]
[2022-03-19T13:04:02.730Z] > git config --get commit.template [0ms]
[2022-03-19T13:04:07.751Z] > git symbolic-ref --short HEAD [0ms]
[2022-03-19T13:04:07.757Z] > git for-each-ref --format=%(refname)%00%(upstream:short)%00%(objectname)%00%(upstream:track) refs/heads/main refs/remotes/main [1ms]
[2022-03-19T13:04:07.766Z] > git remote --verbose [1ms]
[2022-03-19T13:04:07.766Z] > git for-each-ref --sort -committerdate --format %(refname) %(objectname) %(*objectname) [5ms]
[2022-03-19T13:04:07.791Z] > git config --get commit.template [1ms]
[2022-03-19T13:04:12.814Z] > git symbolic-ref --short HEAD [0ms]
[2022-03-19T13:04:12.820Z] > git for-each-ref --format=%(refname)%00%(upstream:short)%00%(objectname)%00%(upstream:track) refs/heads/main refs/remotes/main [1ms]
[2022-03-19T13:04:12.829Z] > git remote --verbose [1ms]
[2022-03-19T13:04:12.829Z] > git for-each-ref --sort -committerdate --format %(refname) %(objectname) %(*objectname) [5ms]
[2022-03-19T13:04:12.854Z] > git config --get commit.template [1ms]
[2022-03-19T13:04:17.879Z] > git symbolic-ref --short HEAD [1ms]
[2022-03-19T13:04:17.885Z] > git for-each-ref --format=%(refname)%00%(upstream:short)%00%(objectname)%00%(upstream:track) refs/heads/main refs/remotes/main [1ms]
[2022-03-19T13:04:17.894Z] > git remote --verbose [1ms]
[2022-03-19T13:04:17.894Z] > git for-each-ref --sort -committerdate --format %(refname) %(objectname) %(*objectname) [5ms]
[2022-03-19T13:04:17.918Z] > git config --get commit.template [1ms]
[2022-03-19T13:04:22.949Z] > git symbolic-ref --short HEAD [1ms]
[2022-03-19T13:04:22.957Z] > git for-each-ref --format=%(refname)%00%(upstream:short)%00%(objectname)%00%(upstream:track) refs/heads/main refs/remotes/main [2ms]
[2022-03-19T13:04:22.972Z] > git remote --verbose [5ms]
[2022-03-19T13:04:22.972Z] > git for-each-ref --sort -committerdate --format %(refname) %(objectname) %(*objectname) [10ms]
[2022-03-19T13:04:22.998Z] > git config --get commit.template [1ms]
[2022-03-19T13:04:28.023Z] > git symbolic-ref --short HEAD [1ms]
[2022-03-19T13:04:28.028Z] > git for-each-ref --format=%(refname)%00%(upstream:short)%00%(objectname)%00%(upstream:track) refs/heads/main refs/remotes/main [1ms]
[2022-03-19T13:04:28.037Z] > git remote --verbose [1ms]
[2022-03-19T13:04:28.037Z] > git for-each-ref --sort -committerdate --format %(refname) %(objectname) %(*objectname) [5ms]
[2022-03-19T13:04:28.062Z] > git config --get commit.template [1ms]
[2022-03-19T13:04:33.086Z] > git symbolic-ref --short HEAD [1ms]
[2022-03-19T13:04:33.092Z] > git for-each-ref --format=%(refname)%00%(upstream:short)%00%(objectname)%00%(upstream:track) refs/heads/main refs/remotes/main [1ms]
[2022-03-19T13:04:33.101Z] > git remote --verbose [1ms]
[2022-03-19T13:04:33.101Z] > git for-each-ref --sort -committerdate --format %(refname) %(objectname) %(*objectname) [5ms]
[2022-03-19T13:04:33.126Z] > git config --get commit.template [1ms]
[2022-03-19T13:04:38.166Z] > git symbolic-ref --short HEAD [1ms]
[2022-03-19T13:04:38.172Z] > git for-each-ref --format=%(refname)%00%(upstream:short)%00%(objectname)%00%(upstream:track) refs/heads/main refs/remotes/main [1ms]
[2022-03-19T13:04:38.182Z] > git remote --verbose [1ms]
[2022-03-19T13:04:38.182Z] > git for-each-ref --sort -committerdate --format %(refname) %(objectname) %(*objectname) [5ms]
[2022-03-19T13:04:38.207Z] > git config --get commit.template [1ms]
[2022-03-19T13:04:43.231Z] > git symbolic-ref --short HEAD [1ms]
[2022-03-19T13:04:43.236Z] > git for-each-ref --format=%(refname)%00%(upstream:short)%00%(objectname)%00%(upstream:track) refs/heads/main refs/remotes/main [1ms]
[2022-03-19T13:04:43.245Z] > git for-each-ref --sort -committerdate --format %(refname) %(objectname) %(*objectname) [5ms]
[2022-03-19T13:04:43.246Z] > git remote --verbose [1ms]
[2022-03-19T13:04:43.270Z] > git config --get commit.template [1ms]
[2022-03-19T13:04:48.296Z] > git symbolic-ref --short HEAD [1ms]
[2022-03-19T13:04:48.303Z] > git for-each-ref --format=%(refname)%00%(upstream:short)%00%(objectname)%00%(upstream:track) refs/heads/main refs/remotes/main [1ms]
[2022-03-19T13:04:48.313Z] > git remote --verbose [1ms]
[2022-03-19T13:04:48.313Z] > git for-each-ref --sort -committerdate --format %(refname) %(objectname) %(*objectname) [5ms]
[2022-03-19T13:04:48.340Z] > git config --get commit.template [0ms]
[2022-03-19T13:04:53.364Z] > git symbolic-ref --short HEAD [1ms]
[2022-03-19T13:04:53.370Z] > git for-each-ref --format=%(refname)%00%(upstream:short)%00%(objectname)%00%(upstream:track) refs/heads/main refs/remotes/main [1ms]
[2022-03-19T13:04:53.379Z] > git remote --verbose [1ms]
[2022-03-19T13:04:53.379Z] > git for-each-ref --sort -committerdate --format %(refname) %(objectname) %(*objectname) [5ms]
[2022-03-19T13:04:53.403Z] > git config --get commit.template [0ms]
[2022-03-19T13:04:58.437Z] > git symbolic-ref --short HEAD [1ms]
[2022-03-19T13:04:58.445Z] > git for-each-ref --format=%(refname)%00%(upstream:short)%00%(objectname)%00%(upstream:track) refs/heads/main refs/remotes/main [2ms]
[2022-03-19T13:04:58.459Z] > git remote --verbose [5ms]
[2022-03-19T13:04:58.459Z] > git for-each-ref --sort -committerdate --format %(refname) %(objectname) %(*objectname) [9ms]
[2022-03-19T13:04:58.486Z] > git config --get commit.template [0ms]
[2022-03-19T13:05:03.511Z] > git symbolic-ref --short HEAD [0ms]
[2022-03-19T13:05:03.516Z] > git for-each-ref --format=%(refname)%00%(upstream:short)%00%(objectname)%00%(upstream:track) refs/heads/main refs/remotes/main [0ms]
[2022-03-19T13:05:03.525Z] > git remote --verbose [0ms]
[2022-03-19T13:05:03.526Z] > git for-each-ref --sort -committerdate --format %(refname) %(objectname) %(*objectname) [5ms]
[2022-03-19T13:05:03.551Z] > git config --get commit.template [1ms]
[2022-03-19T13:05:08.576Z] > git symbolic-ref --short HEAD [1ms]
[2022-03-19T13:05:08.583Z] > git for-each-ref --format=%(refname)%00%(upstream:short)%00%(objectname)%00%(upstream:track) refs/heads/main refs/remotes/main [1ms]
[2022-03-19T13:05:08.594Z] > git remote --verbose [0ms]
[2022-03-19T13:05:08.594Z] > git for-each-ref --sort -committerdate --format %(refname) %(objectname) %(*objectname) [6ms]
[2022-03-19T13:05:08.626Z] > git config --get commit.template [7ms]
[2022-03-19T13:05:13.650Z] > git symbolic-ref --short HEAD [1ms]
[2022-03-19T13:05:13.657Z] > git for-each-ref --format=%(refname)%00%(upstream:short)%00%(objectname)%00%(upstream:track) refs/heads/main refs/remotes/main [1ms]
[2022-03-19T13:05:13.667Z] > git remote --verbose [1ms]
[2022-03-19T13:05:13.667Z] > git for-each-ref --sort -committerdate --format %(refname) %(objectname) %(*objectname) [5ms]
[2022-03-19T13:05:13.691Z] > git config --get commit.template [1ms]
[2022-03-19T13:05:18.719Z] > git symbolic-ref --short HEAD [2ms]
[2022-03-19T13:05:18.725Z] > git for-each-ref --format=%(refname)%00%(upstream:short)%00%(objectname)%00%(upstream:track) refs/heads/main refs/remotes/main [1ms]
[2022-03-19T13:05:18.740Z] > git remote --verbose [5ms]
[2022-03-19T13:05:18.740Z] > git for-each-ref --sort -committerdate --format %(refname) %(objectname) %(*objectname) [9ms]
[2022-03-19T13:05:18.765Z] > git config --get commit.template [1ms]
[2022-03-19T13:05:23.790Z] > git symbolic-ref --short HEAD [1ms]
[2022-03-19T13:05:23.795Z] > git for-each-ref --format=%(refname)%00%(upstream:short)%00%(objectname)%00%(upstream:track) refs/heads/main refs/remotes/main [1ms]
[2022-03-19T13:05:23.804Z] > git remote --verbose [1ms]
[2022-03-19T13:05:23.804Z] > git for-each-ref --sort -committerdate --format %(refname) %(objectname) %(*objectname) [5ms]
[2022-03-19T13:05:23.829Z] > git config --get commit.template [1ms]
[2022-03-19T13:05:28.854Z] > git symbolic-ref --short HEAD [1ms]
[2022-03-19T13:05:28.861Z] > git for-each-ref --format=%(refname)%00%(upstream:short)%00%(objectname)%00%(upstream:track) refs/heads/main refs/remotes/main [1ms]
[2022-03-19T13:05:28.872Z] > git remote --verbose [1ms]
[2022-03-19T13:05:28.872Z] > git for-each-ref --sort -committerdate --format %(refname) %(objectname) %(*objectname) [5ms]
[2022-03-19T13:05:28.906Z] > git config --get commit.template [7ms]
[2022-03-19T13:05:33.929Z] > git symbolic-ref --short HEAD [0ms]
[2022-03-19T13:05:33.934Z] > git for-each-ref --format=%(refname)%00%(upstream:short)%00%(objectname)%00%(upstream:track) refs/heads/main refs/remotes/main [0ms]
[2022-03-19T13:05:33.944Z] > git remote --verbose [1ms]
[2022-03-19T13:05:33.944Z] > git for-each-ref --sort -committerdate --format %(refname) %(objectname) %(*objectname) [5ms]
[2022-03-19T13:05:33.969Z] > git config --get commit.template [1ms]
[2022-03-19T13:05:38.996Z] > git symbolic-ref --short HEAD [1ms]
[2022-03-19T13:05:39.004Z] > git for-each-ref --format=%(refname)%00%(upstream:short)%00%(objectname)%00%(upstream:track) refs/heads/main refs/remotes/main [1ms]
[2022-03-19T13:05:39.019Z] > git remote --verbose [4ms]
[2022-03-19T13:05:39.019Z] > git for-each-ref --sort -committerdate --format %(refname) %(objectname) %(*objectname) [9ms]
[2022-03-19T13:05:39.045Z] > git config --get commit.template [1ms]
[2022-03-19T13:05:44.079Z] > git symbolic-ref --short HEAD [1ms]
[2022-03-19T13:05:44.086Z] > git for-each-ref --format=%(refname)%00%(upstream:short)%00%(objectname)%00%(upstream:track) refs/heads/main refs/remotes/main [1ms]
[2022-03-19T13:05:44.100Z] > git remote --verbose [4ms]
[2022-03-19T13:05:44.101Z] > git for-each-ref --sort -committerdate --format %(refname) %(objectname) %(*objectname) [10ms]
[2022-03-19T13:05:44.127Z] > git config --get commit.template [1ms]
[2022-03-19T13:05:49.153Z] > git symbolic-ref --short HEAD [1ms]
[2022-03-19T13:05:49.160Z] > git for-each-ref --format=%(refname)%00%(upstream:short)%00%(objectname)%00%(upstream:track) refs/heads/main refs/remotes/main [1ms]
[2022-03-19T13:05:49.175Z] > git remote --verbose [5ms]
[2022-03-19T13:05:49.176Z] > git for-each-ref --sort -committerdate --format %(refname) %(objectname) %(*objectname) [10ms]
[2022-03-19T13:05:49.200Z] > git config --get commit.template [0ms]
[2022-03-19T13:05:54.224Z] > git symbolic-ref --short HEAD [0ms]
[2022-03-19T13:05:54.229Z] > git for-each-ref --format=%(refname)%00%(upstream:short)%00%(objectname)%00%(upstream:track) refs/heads/main refs/remotes/main [1ms]
[2022-03-19T13:05:54.238Z] > git remote --verbose [0ms]
[2022-03-19T13:05:54.239Z] > git for-each-ref --sort -committerdate --format %(refname) %(objectname) %(*objectname) [6ms]
[2022-03-19T13:05:54.264Z] > git config --get commit.template [0ms]
[2022-03-19T13:05:59.289Z] > git symbolic-ref --short HEAD [2ms]
[2022-03-19T13:05:59.294Z] > git for-each-ref --format=%(refname)%00%(upstream:short)%00%(objectname)%00%(upstream:track) refs/heads/main refs/remotes/main [1ms]
[2022-03-19T13:05:59.309Z] > git remote --verbose [4ms]
[2022-03-19T13:05:59.309Z] > git for-each-ref --sort -committerdate --format %(refname) %(objectname) %(*objectname) [9ms]
[2022-03-19T13:05:59.334Z] > git config --get commit.template [0ms]
[2022-03-19T13:06:04.362Z] > git symbolic-ref --short HEAD [2ms]
[2022-03-19T13:06:04.369Z] > git for-each-ref --format=%(refname)%00%(upstream:short)%00%(objectname)%00%(upstream:track) refs/heads/main refs/remotes/main [1ms]
[2022-03-19T13:06:04.379Z] > git remote --verbose [1ms]
[2022-03-19T13:06:04.379Z] > git for-each-ref --sort -committerdate --format %(refname) %(objectname) %(*objectname) [5ms]
[2022-03-19T13:06:04.419Z] > git config --get commit.template [9ms]
[2022-03-19T13:06:09.441Z] > git symbolic-ref --short HEAD [1ms]
[2022-03-19T13:06:09.447Z] > git for-each-ref --format=%(refname)%00%(upstream:short)%00%(objectname)%00%(upstream:track) refs/heads/main refs/remotes/main [1ms]
[2022-03-19T13:06:09.457Z] > git remote --verbose [1ms]
[2022-03-19T13:06:09.457Z] > git for-each-ref --sort -committerdate --format %(refname) %(objectname) %(*objectname) [6ms]
[2022-03-19T13:06:09.481Z] > git config --get commit.template [1ms]
[2022-03-19T13:06:14.511Z] > git symbolic-ref --short HEAD [1ms]
[2022-03-19T13:06:14.517Z] > git for-each-ref --format=%(refname)%00%(upstream:short)%00%(objectname)%00%(upstream:track) refs/heads/main refs/remotes/main [1ms]
[2022-03-19T13:06:14.526Z] > git remote --verbose [1ms]
[2022-03-19T13:06:14.526Z] > git for-each-ref --sort -committerdate --format %(refname) %(objectname) %(*objectname) [5ms]
[2022-03-19T13:06:14.551Z] > git config --get commit.template [1ms]
[2022-03-19T13:06:19.575Z] > git symbolic-ref --short HEAD [1ms]
[2022-03-19T13:06:19.583Z] > git for-each-ref --format=%(refname)%00%(upstream:short)%00%(objectname)%00%(upstream:track) refs/heads/main refs/remotes/main [1ms]
[2022-03-19T13:06:19.599Z] > git remote --verbose [5ms]
[2022-03-19T13:06:19.599Z] > git for-each-ref --sort -committerdate --format %(refname) %(objectname) %(*objectname) [10ms]
[2022-03-19T13:06:19.624Z] > git config --get commit.template [0ms]
[2022-03-19T13:06:24.648Z] > git symbolic-ref --short HEAD [1ms]
[2022-03-19T13:06:24.655Z] > git for-each-ref --format=%(refname)%00%(upstream:short)%00%(objectname)%00%(upstream:track) refs/heads/main refs/remotes/main [1ms]
[2022-03-19T13:06:24.670Z] > git remote --verbose [5ms]
[2022-03-19T13:06:24.670Z] > git for-each-ref --sort -committerdate --format %(refname) %(objectname) %(*objectname) [10ms]
[2022-03-19T13:06:24.696Z] > git config --get commit.template [0ms]
[2022-03-19T13:06:29.728Z] > git symbolic-ref --short HEAD [1ms]
[2022-03-19T13:06:29.735Z] > git for-each-ref --format=%(refname)%00%(upstream:short)%00%(objectname)%00%(upstream:track) refs/heads/main refs/remotes/main [0ms]
[2022-03-19T13:06:29.745Z] > git remote --verbose [1ms]
[2022-03-19T13:06:29.745Z] > git for-each-ref --sort -committerdate --format %(refname) %(objectname) %(*objectname) [5ms]
[2022-03-19T13:06:29.777Z] > git config --get commit.template [6ms]
[2022-03-19T13:06:34.799Z] > git symbolic-ref --short HEAD [1ms]
[2022-03-19T13:06:34.805Z] > git for-each-ref --format=%(refname)%00%(upstream:short)%00%(objectname)%00%(upstream:track) refs/heads/main refs/remotes/main [1ms]
[2022-03-19T13:06:34.814Z] > git remote --verbose [1ms]
[2022-03-19T13:06:34.814Z] > git for-each-ref --sort -committerdate --format %(refname) %(objectname) %(*objectname) [5ms]
[2022-03-19T13:06:34.837Z] > git config --get commit.template [0ms]
[2022-03-19T13:06:39.863Z] > git symbolic-ref --short HEAD [2ms]
[2022-03-19T13:06:39.871Z] > git for-each-ref --format=%(refname)%00%(upstream:short)%00%(objectname)%00%(upstream:track) refs/heads/main refs/remotes/main [2ms]
[2022-03-19T13:06:39.886Z] > git remote --verbose [5ms]
[2022-03-19T13:06:39.886Z] > git for-each-ref --sort -committerdate --format %(refname) %(objectname) %(*objectname) [10ms]
[2022-03-19T13:06:39.912Z] > git config --get commit.template [1ms]
[2022-03-19T13:06:44.939Z] > git symbolic-ref --short HEAD [1ms]
[2022-03-19T13:06:44.945Z] > git for-each-ref --format=%(refname)%00%(upstream:short)%00%(objectname)%00%(upstream:track) refs/heads/main refs/remotes/main [1ms]
[2022-03-19T13:06:44.955Z] > git remote --verbose [1ms]
[2022-03-19T13:06:44.955Z] > git for-each-ref --sort -committerdate --format %(refname) %(objectname) %(*objectname) [5ms]
[2022-03-19T13:06:44.981Z] > git config --get commit.template [0ms]
[2022-03-19T13:06:50.018Z] > git symbolic-ref --short HEAD [1ms]
[2022-03-19T13:06:50.024Z] > git for-each-ref --format=%(refname)%00%(upstream:short)%00%(objectname)%00%(upstream:track) refs/heads/main refs/remotes/main [1ms]
[2022-03-19T13:06:50.033Z] > git for-each-ref --sort -committerdate --format %(refname) %(objectname) %(*objectname) [5ms]
[2022-03-19T13:06:50.033Z] > git remote --verbose [1ms]
[2022-03-19T13:06:50.057Z] > git config --get commit.template [0ms]
[2022-03-19T13:06:55.083Z] > git symbolic-ref --short HEAD [1ms]
[2022-03-19T13:06:55.088Z] > git for-each-ref --format=%(refname)%00%(upstream:short)%00%(objectname)%00%(upstream:track) refs/heads/main refs/remotes/main [1ms]
[2022-03-19T13:06:55.097Z] > git remote --verbose [0ms]
[2022-03-19T13:06:55.098Z] > git for-each-ref --sort -committerdate --format %(refname) %(objectname) %(*objectname) [6ms]
[2022-03-19T13:06:55.122Z] > git config --get commit.template [1ms]
[2022-03-19T13:07:00.148Z] > git symbolic-ref --short HEAD [1ms]
[2022-03-19T13:07:00.154Z] > git for-each-ref --format=%(refname)%00%(upstream:short)%00%(objectname)%00%(upstream:track) refs/heads/main refs/remotes/main [1ms]
[2022-03-19T13:07:00.164Z] > git remote --verbose [1ms]
[2022-03-19T13:07:00.164Z] > git for-each-ref --sort -committerdate --format %(refname) %(objectname) %(*objectname) [6ms]
[2022-03-19T13:07:00.192Z] > git config --get commit.template [4ms]
[2022-03-19T13:07:05.219Z] > git symbolic-ref --short HEAD [2ms]
[2022-03-19T13:07:05.225Z] > git for-each-ref --format=%(refname)%00%(upstream:short)%00%(objectname)%00%(upstream:track) refs/heads/main refs/remotes/main [1ms]
[2022-03-19T13:07:05.240Z] > git remote --verbose [4ms]
[2022-03-19T13:07:05.240Z] > git for-each-ref --sort -committerdate --format %(refname) %(objectname) %(*objectname) [9ms]
[2022-03-19T13:07:05.266Z] > git config --get commit.template [1ms]
[2022-03-19T13:07:10.287Z] > git symbolic-ref --short HEAD [0ms]
[2022-03-19T13:07:10.293Z] > git for-each-ref --format=%(refname)%00%(upstream:short)%00%(objectname)%00%(upstream:track) refs/heads/main refs/remotes/main [1ms]
[2022-03-19T13:07:10.302Z] > git remote --verbose [1ms]
[2022-03-19T13:07:10.302Z] > git for-each-ref --sort -committerdate --format %(refname) %(objectname) %(*objectname) [5ms]
[2022-03-19T13:07:10.327Z] > git config --get commit.template [1ms]
[2022-03-19T13:07:15.364Z] > git symbolic-ref --short HEAD [0ms]
[2022-03-19T13:07:15.370Z] > git for-each-ref --format=%(refname)%00%(upstream:short)%00%(objectname)%00%(upstream:track) refs/heads/main refs/remotes/main [1ms]
[2022-03-19T13:07:15.379Z] > git remote --verbose [0ms]
[2022-03-19T13:07:15.380Z] > git for-each-ref --sort -committerdate --format %(refname) %(objectname) %(*objectname) [6ms]
[2022-03-19T13:07:15.404Z] > git config --get commit.template [1ms]
[2022-03-19T13:07:20.425Z] > git symbolic-ref --short HEAD [0ms]
[2022-03-19T13:07:20.431Z] > git for-each-ref --format=%(refname)%00%(upstream:short)%00%(objectname)%00%(upstream:track) refs/heads/main refs/remotes/main [1ms]
[2022-03-19T13:07:20.440Z] > git remote --verbose [1ms]
[2022-03-19T13:07:20.440Z] > git for-each-ref --sort -committerdate --format %(refname) %(objectname) %(*objectname) [5ms]
[2022-03-19T13:07:20.464Z] > git config --get commit.template [0ms]
[2022-03-19T13:07:25.495Z] > git symbolic-ref --short HEAD [1ms]
[2022-03-19T13:07:25.501Z] > git for-each-ref --format=%(refname)%00%(upstream:short)%00%(objectname)%00%(upstream:track) refs/heads/main refs/remotes/main [1ms]
[2022-03-19T13:07:25.512Z] > git remote --verbose [1ms]
[2022-03-19T13:07:25.512Z] > git for-each-ref --sort -committerdate --format %(refname) %(objectname) %(*objectname) [6ms]
[2022-03-19T13:07:25.538Z] > git config --get commit.template [1ms]
[2022-03-19T13:07:30.564Z] > git symbolic-ref --short HEAD [1ms]
[2022-03-19T13:07:30.570Z] > git for-each-ref --format=%(refname)%00%(upstream:short)%00%(objectname)%00%(upstream:track) refs/heads/main refs/remotes/main [1ms]
[2022-03-19T13:07:30.579Z] > git remote --verbose [1ms]
[2022-03-19T13:07:30.580Z] > git for-each-ref --sort -committerdate --format %(refname) %(objectname) %(*objectname) [6ms]
[2022-03-19T13:07:30.604Z] > git config --get commit.template [3ms]
[2022-03-19T13:07:35.630Z] > git symbolic-ref --short HEAD [0ms]
[2022-03-19T13:07:35.636Z] > git for-each-ref --format=%(refname)%00%(upstream:short)%00%(objectname)%00%(upstream:track) refs/heads/main refs/remotes/main [1ms]
[2022-03-19T13:07:35.645Z] > git remote --verbose [1ms]
[2022-03-19T13:07:35.645Z] > git for-each-ref --sort -committerdate --format %(refname) %(objectname) %(*objectname) [5ms]
[2022-03-19T13:07:35.669Z] > git config --get commit.template [0ms]
[2022-03-19T13:07:40.705Z] > git symbolic-ref --short HEAD [4ms]
[2022-03-19T13:07:40.711Z] > git for-each-ref --format=%(refname)%00%(upstream:short)%00%(objectname)%00%(upstream:track) refs/heads/main refs/remotes/main [1ms]
[2022-03-19T13:07:40.720Z] > git remote --verbose [1ms]
[2022-03-19T13:07:40.720Z] > git for-each-ref --sort -committerdate --format %(refname) %(objectname) %(*objectname) [5ms]
[2022-03-19T13:07:40.745Z] > git config --get commit.template [1ms]
[2022-03-19T13:07:45.768Z] > git symbolic-ref --short HEAD [0ms]
[2022-03-19T13:07:45.774Z] > git for-each-ref --format=%(refname)%00%(upstream:short)%00%(objectname)%00%(upstream:track) refs/heads/main refs/remotes/main [0ms]
[2022-03-19T13:07:45.784Z] > git remote --verbose [1ms]
[2022-03-19T13:07:45.784Z] > git for-each-ref --sort -committerdate --format %(refname) %(objectname) %(*objectname) [5ms]
[2022-03-19T13:07:45.807Z] > git config --get commit.template [1ms]
[2022-03-19T13:07:50.840Z] > git symbolic-ref --short HEAD [1ms]
[2022-03-19T13:07:50.845Z] > git for-each-ref --format=%(refname)%00%(upstream:short)%00%(objectname)%00%(upstream:track) refs/heads/main refs/remotes/main [1ms]
[2022-03-19T13:07:50.855Z] > git remote --verbose [1ms]
[2022-03-19T13:07:50.855Z] > git for-each-ref --sort -committerdate --format %(refname) %(objectname) %(*objectname) [5ms]
[2022-03-19T13:07:50.880Z] > git config --get commit.template [1ms]
[2022-03-19T13:08:54.423Z] > git symbolic-ref --short HEAD [1ms]
[2022-03-19T13:08:54.428Z] > git for-each-ref --format=%(refname)%00%(upstream:short)%00%(objectname)%00%(upstream:track) refs/heads/main refs/remotes/main [1ms]
[2022-03-19T13:08:54.439Z] > git remote --verbose [1ms]
[2022-03-19T13:08:54.439Z] > git for-each-ref --sort -committerdate --format %(refname) %(objectname) %(*objectname) [6ms]
[2022-03-19T13:08:54.464Z] > git config --get commit.template [1ms]
[2022-03-19T13:08:59.485Z] > git symbolic-ref --short HEAD [0ms]
[2022-03-19T13:08:59.491Z] > git for-each-ref --format=%(refname)%00%(upstream:short)%00%(objectname)%00%(upstream:track) refs/heads/main refs/remotes/main [1ms]
[2022-03-19T13:08:59.499Z] > git remote --verbose [0ms]
[2022-03-19T13:08:59.500Z] > git for-each-ref --sort -committerdate --format %(refname) %(objectname) %(*objectname) [5ms]
[2022-03-19T13:08:59.527Z] > git config --get commit.template [3ms]
[2022-03-19T13:09:04.551Z] > git symbolic-ref --short HEAD [1ms]
[2022-03-19T13:09:04.556Z] > git for-each-ref --format=%(refname)%00%(upstream:short)%00%(objectname)%00%(upstream:track) refs/heads/main refs/remotes/main [1ms]
[2022-03-19T13:09:04.565Z] > git remote --verbose [1ms]
[2022-03-19T13:09:04.565Z] > git for-each-ref --sort -committerdate --format %(refname) %(objectname) %(*objectname) [5ms]
[2022-03-19T13:09:04.591Z] > git config --get commit.template [1ms]
[2022-03-19T13:09:09.614Z] > git symbolic-ref --short HEAD [0ms]
[2022-03-19T13:09:09.619Z] > git for-each-ref --format=%(refname)%00%(upstream:short)%00%(objectname)%00%(upstream:track) refs/heads/main refs/remotes/main [0ms]
[2022-03-19T13:09:09.629Z] > git remote --verbose [1ms]
[2022-03-19T13:09:09.629Z] > git for-each-ref --sort -committerdate --format %(refname) %(objectname) %(*objectname) [5ms]
[2022-03-19T13:09:09.654Z] > git config --get commit.template [0ms]
[2022-03-19T13:09:14.678Z] > git symbolic-ref --short HEAD [0ms]
[2022-03-19T13:09:14.684Z] > git for-each-ref --format=%(refname)%00%(upstream:short)%00%(objectname)%00%(upstream:track) refs/heads/main refs/remotes/main [1ms]
[2022-03-19T13:09:14.693Z] > git remote --verbose [1ms]
[2022-03-19T13:09:14.693Z] > git for-each-ref --sort -committerdate --format %(refname) %(objectname) %(*objectname) [5ms]
[2022-03-19T13:09:14.718Z] > git config --get commit.template [1ms]
[2022-03-19T13:09:19.754Z] > git symbolic-ref --short HEAD [1ms]
[2022-03-19T13:09:19.759Z] > git for-each-ref --format=%(refname)%00%(upstream:short)%00%(objectname)%00%(upstream:track) refs/heads/main refs/remotes/main [0ms]
[2022-03-19T13:09:19.770Z] > git remote --verbose [1ms]
[2022-03-19T13:09:19.770Z] > git for-each-ref --sort -committerdate --format %(refname) %(objectname) %(*objectname) [5ms]
[2022-03-19T13:09:19.797Z] > git config --get commit.template [1ms]
[2022-03-19T13:09:24.829Z] > git symbolic-ref --short HEAD [0ms]
[2022-03-19T13:09:24.835Z] > git for-each-ref --format=%(refname)%00%(upstream:short)%00%(objectname)%00%(upstream:track) refs/heads/main refs/remotes/main [1ms]
[2022-03-19T13:09:24.845Z] > git remote --verbose [1ms]
[2022-03-19T13:09:24.845Z] > git for-each-ref --sort -committerdate --format %(refname) %(objectname) %(*objectname) [6ms]
[2022-03-19T13:09:24.870Z] > git config --get commit.template [1ms]
[2022-03-19T19:33:59.000Z] > git symbolic-ref --short HEAD [10ms]
[2022-03-19T19:33:59.014Z] > git for-each-ref --format=%(refname)%00%(upstream:short)%00%(objectname)%00%(upstream:track) refs/heads/main refs/remotes/main [2ms]
[2022-03-19T19:33:59.052Z] > git remote --verbose [2ms]
[2022-03-19T19:33:59.053Z] > git for-each-ref --sort -committerdate --format %(refname) %(objectname) %(*objectname) [25ms]
[2022-03-19T19:33:59.119Z] > git config --get commit.template [4ms]
[2022-03-19T21:55:14.993Z] > git symbolic-ref --short HEAD [2ms]
[2022-03-19T21:55:15.005Z] > git for-each-ref --format=%(refname)%00%(upstream:short)%00%(objectname)%00%(upstream:track) refs/heads/main refs/remotes/main [2ms]
[2022-03-19T21:55:15.030Z] > git remote --verbose [1ms]
[2022-03-19T21:55:15.031Z] > git for-each-ref --sort -committerdate --format %(refname) %(objectname) %(*objectname) [15ms]
[2022-03-19T21:55:15.076Z] > git config --get commit.template [1ms]
[2022-03-19T21:55:20.106Z] > git symbolic-ref --short HEAD [1ms]
[2022-03-19T21:55:20.111Z] > git for-each-ref --format=%(refname)%00%(upstream:short)%00%(objectname)%00%(upstream:track) refs/heads/main refs/remotes/main [1ms]
[2022-03-19T21:55:20.136Z] > git for-each-ref --sort -committerdate --format %(refname) %(objectname) %(*objectname) [8ms]
[2022-03-19T21:55:20.136Z] > git remote --verbose [1ms]
[2022-03-19T21:55:20.169Z] > git config --get commit.template [1ms]
