[2022-03-18 19:13:53.688] [exthost] [info] Extension host with pid 105 started
[2022-03-18 19:13:53.726] [exthost] [info] Lock '/home/julien/.vscode-server/data/User/workspaceStorage/f516fa5c7c7214add0b54bca5a44f89f/vscode.lock': Lock acquired.
[2022-03-18 19:13:53.958] [exthost] [info] ExtensionService#_doActivateExtension vscode.debug-auto-launch, startup: true, activationEvent: '*'
[2022-03-18 19:13:53.968] [exthost] [info] ExtensionService#_doActivateExtension vscode.git-base, startup: true, activationEvent: '*', root cause: vscode.github
[2022-03-18 19:13:53.983] [exthost] [info] ExtensionService#_doActivateExtension vscode.ipynb, startup: true, activationEvent: '*'
[2022-03-18 19:13:54.333] [exthost] [info] ExtensionService#_doActivateExtension vscode.git, startup: true, activationEvent: '*'
[2022-03-18 19:13:54.665] [exthost] [info] ExtensionService#_doActivateExtension vscode.github, startup: true, activationEvent: '*'
[2022-03-18 19:13:55.109] [exthost] [info] ExtensionService#_doActivateExtension vscode.emmet, startup: false, activationEvent: 'onStartupFinished'
[2022-03-18 19:13:55.152] [exthost] [info] ExtensionService#_doActivateExtension vscode.merge-conflict, startup: false, activationEvent: 'onStartupFinished'
[2022-03-18 19:13:55.161] [exthost] [info] Eager extensions activated
[2022-03-18 19:13:55.430] [exthost] [warning] [Decorations] CAPPING events from decorations provider vscode.git 2392
[2022-03-18 19:14:00.031] [exthost] [warning] [Decorations] CAPPING events from decorations provider vscode.git 2393
[2022-03-18 19:14:05.110] [exthost] [warning] [Decorations] CAPPING events from decorations provider vscode.git 2393
[2022-03-18 19:14:10.205] [exthost] [warning] [Decorations] CAPPING events from decorations provider vscode.git 2393
[2022-03-18 19:14:15.282] [exthost] [warning] [Decorations] CAPPING events from decorations provider vscode.git 2393
[2022-03-18 19:14:20.364] [exthost] [warning] [Decorations] CAPPING events from decorations provider vscode.git 2393
[2022-03-18 19:14:25.450] [exthost] [warning] [Decorations] CAPPING events from decorations provider vscode.git 2393
[2022-03-18 19:14:30.572] [exthost] [warning] [Decorations] CAPPING events from decorations provider vscode.git 2393
[2022-03-18 19:14:35.665] [exthost] [warning] [Decorations] CAPPING events from decorations provider vscode.git 2393
[2022-03-18 19:14:40.770] [exthost] [warning] [Decorations] CAPPING events from decorations provider vscode.git 2393
[2022-03-18 19:14:45.847] [exthost] [warning] [Decorations] CAPPING events from decorations provider vscode.git 2393
[2022-03-18 19:14:50.964] [exthost] [warning] [Decorations] CAPPING events from decorations provider vscode.git 2393
[2022-03-18 19:14:56.081] [exthost] [warning] [Decorations] CAPPING events from decorations provider vscode.git 2393
[2022-03-18 19:15:01.153] [exthost] [warning] [Decorations] CAPPING events from decorations provider vscode.git 2393
[2022-03-18 19:15:06.225] [exthost] [warning] [Decorations] CAPPING events from decorations provider vscode.git 2393
[2022-03-18 19:15:11.291] [exthost] [warning] [Decorations] CAPPING events from decorations provider vscode.git 2393
[2022-03-18 19:15:16.370] [exthost] [warning] [Decorations] CAPPING events from decorations provider vscode.git 2393
[2022-03-18 19:15:21.449] [exthost] [warning] [Decorations] CAPPING events from decorations provider vscode.git 2393
[2022-03-18 19:15:26.519] [exthost] [warning] [Decorations] CAPPING events from decorations provider vscode.git 2393
[2022-03-18 19:15:31.585] [exthost] [warning] [Decorations] CAPPING events from decorations provider vscode.git 2393
[2022-03-18 19:15:36.652] [exthost] [warning] [Decorations] CAPPING events from decorations provider vscode.git 2393
[2022-03-18 19:15:41.719] [exthost] [warning] [Decorations] CAPPING events from decorations provider vscode.git 2393
[2022-03-18 19:15:46.786] [exthost] [warning] [Decorations] CAPPING events from decorations provider vscode.git 2393
[2022-03-18 19:15:51.863] [exthost] [warning] [Decorations] CAPPING events from decorations provider vscode.git 2393
[2022-03-18 19:15:56.940] [exthost] [warning] [Decorations] CAPPING events from decorations provider vscode.git 2393
[2022-03-18 19:16:02.161] [exthost] [warning] [Decorations] CAPPING events from decorations provider vscode.git 2393
[2022-03-18 19:16:07.235] [exthost] [warning] [Decorations] CAPPING events from decorations provider vscode.git 2393
[2022-03-18 19:16:12.319] [exthost] [warning] [Decorations] CAPPING events from decorations provider vscode.git 2393
[2022-03-18 19:16:17.406] [exthost] [warning] [Decorations] CAPPING events from decorations provider vscode.git 2393
[2022-03-18 19:16:22.476] [exthost] [warning] [Decorations] CAPPING events from decorations provider vscode.git 2393
[2022-03-18 19:16:27.553] [exthost] [warning] [Decorations] CAPPING events from decorations provider vscode.git 2393
[2022-03-18 19:16:32.628] [exthost] [warning] [Decorations] CAPPING events from decorations provider vscode.git 2393
[2022-03-18 19:16:37.726] [exthost] [warning] [Decorations] CAPPING events from decorations provider vscode.git 2393
[2022-03-18 19:16:42.789] [exthost] [warning] [Decorations] CAPPING events from decorations provider vscode.git 2393
[2022-03-18 19:16:47.856] [exthost] [warning] [Decorations] CAPPING events from decorations provider vscode.git 2393
[2022-03-18 19:16:52.923] [exthost] [warning] [Decorations] CAPPING events from decorations provider vscode.git 2393
[2022-03-18 19:16:58.001] [exthost] [warning] [Decorations] CAPPING events from decorations provider vscode.git 2393
[2022-03-18 19:17:03.070] [exthost] [warning] [Decorations] CAPPING events from decorations provider vscode.git 2393
[2022-03-18 19:17:08.262] [exthost] [warning] [Decorations] CAPPING events from decorations provider vscode.git 2393
[2022-03-18 19:17:14.836] [exthost] [warning] [Decorations] CAPPING events from decorations provider vscode.git 2393
[2022-03-18 19:17:19.914] [exthost] [warning] [Decorations] CAPPING events from decorations provider vscode.git 2393
[2022-03-18 19:17:24.980] [exthost] [warning] [Decorations] CAPPING events from decorations provider vscode.git 2393
[2022-03-18 19:17:30.053] [exthost] [warning] [Decorations] CAPPING events from decorations provider vscode.git 2393
[2022-03-18 19:17:35.133] [exthost] [warning] [Decorations] CAPPING events from decorations provider vscode.git 2393
[2022-03-18 19:17:40.207] [exthost] [warning] [Decorations] CAPPING events from decorations provider vscode.git 2393
[2022-03-18 19:17:45.280] [exthost] [warning] [Decorations] CAPPING events from decorations provider vscode.git 2393
[2022-03-18 19:17:50.356] [exthost] [warning] [Decorations] CAPPING events from decorations provider vscode.git 2393
[2022-03-18 19:17:55.422] [exthost] [warning] [Decorations] CAPPING events from decorations provider vscode.git 2393
[2022-03-18 19:18:00.499] [exthost] [warning] [Decorations] CAPPING events from decorations provider vscode.git 2393
[2022-03-18 19:18:05.573] [exthost] [warning] [Decorations] CAPPING events from decorations provider vscode.git 2393
[2022-03-18 19:18:10.645] [exthost] [warning] [Decorations] CAPPING events from decorations provider vscode.git 2393
[2022-03-18 19:18:15.722] [exthost] [warning] [Decorations] CAPPING events from decorations provider vscode.git 2393
[2022-03-18 19:18:20.792] [exthost] [warning] [Decorations] CAPPING events from decorations provider vscode.git 2393
[2022-03-18 19:18:25.861] [exthost] [warning] [Decorations] CAPPING events from decorations provider vscode.git 2393
[2022-03-18 19:18:30.933] [exthost] [warning] [Decorations] CAPPING events from decorations provider vscode.git 2393
[2022-03-18 19:18:36.013] [exthost] [warning] [Decorations] CAPPING events from decorations provider vscode.git 2393
[2022-03-18 19:18:41.087] [exthost] [warning] [Decorations] CAPPING events from decorations provider vscode.git 2393
[2022-03-18 19:18:46.168] [exthost] [warning] [Decorations] CAPPING events from decorations provider vscode.git 2393
[2022-03-18 19:18:51.252] [exthost] [warning] [Decorations] CAPPING events from decorations provider vscode.git 2393
[2022-03-18 19:18:56.328] [exthost] [warning] [Decorations] CAPPING events from decorations provider vscode.git 2393
[2022-03-18 19:19:01.502] [exthost] [warning] [Decorations] CAPPING events from decorations provider vscode.git 2393
[2022-03-18 19:19:06.594] [exthost] [warning] [Decorations] CAPPING events from decorations provider vscode.git 2393
[2022-03-18 19:19:11.669] [exthost] [warning] [Decorations] CAPPING events from decorations provider vscode.git 2393
[2022-03-18 19:19:16.753] [exthost] [warning] [Decorations] CAPPING events from decorations provider vscode.git 2393
[2022-03-18 19:19:21.835] [exthost] [warning] [Decorations] CAPPING events from decorations provider vscode.git 2393
[2022-03-18 19:19:26.917] [exthost] [warning] [Decorations] CAPPING events from decorations provider vscode.git 2393
[2022-03-18 19:19:31.993] [exthost] [warning] [Decorations] CAPPING events from decorations provider vscode.git 2393
[2022-03-18 19:19:37.064] [exthost] [warning] [Decorations] CAPPING events from decorations provider vscode.git 2393
[2022-03-18 19:19:42.143] [exthost] [warning] [Decorations] CAPPING events from decorations provider vscode.git 2393
[2022-03-18 19:19:47.216] [exthost] [warning] [Decorations] CAPPING events from decorations provider vscode.git 2393
[2022-03-18 19:19:52.290] [exthost] [warning] [Decorations] CAPPING events from decorations provider vscode.git 2393
[2022-03-18 19:19:57.362] [exthost] [warning] [Decorations] CAPPING events from decorations provider vscode.git 2393
[2022-03-18 19:20:02.439] [exthost] [warning] [Decorations] CAPPING events from decorations provider vscode.git 2393
[2022-03-18 19:20:07.517] [exthost] [warning] [Decorations] CAPPING events from decorations provider vscode.git 2393
[2022-03-18 19:20:12.587] [exthost] [warning] [Decorations] CAPPING events from decorations provider vscode.git 2393
[2022-03-18 19:20:17.716] [exthost] [warning] [Decorations] CAPPING events from decorations provider vscode.git 2393
[2022-03-18 19:20:22.874] [exthost] [warning] [Decorations] CAPPING events from decorations provider vscode.git 2393
[2022-03-18 19:20:28.006] [exthost] [warning] [Decorations] CAPPING events from decorations provider vscode.git 2393
[2022-03-18 19:20:33.182] [exthost] [warning] [Decorations] CAPPING events from decorations provider vscode.git 2393
[2022-03-18 19:20:38.548] [exthost] [warning] [Decorations] CAPPING events from decorations provider vscode.git 2393
[2022-03-18 19:20:43.705] [exthost] [warning] [Decorations] CAPPING events from decorations provider vscode.git 2393
[2022-03-18 19:20:48.888] [exthost] [warning] [Decorations] CAPPING events from decorations provider vscode.git 2393
[2022-03-18 19:20:54.017] [exthost] [warning] [Decorations] CAPPING events from decorations provider vscode.git 2393
[2022-03-18 19:20:59.130] [exthost] [warning] [Decorations] CAPPING events from decorations provider vscode.git 2393
[2022-03-18 19:21:04.249] [exthost] [warning] [Decorations] CAPPING events from decorations provider vscode.git 2393
[2022-03-18 19:21:09.337] [exthost] [warning] [Decorations] CAPPING events from decorations provider vscode.git 2393
[2022-03-18 19:21:14.481] [exthost] [warning] [Decorations] CAPPING events from decorations provider vscode.git 2393
[2022-03-18 19:21:19.585] [exthost] [warning] [Decorations] CAPPING events from decorations provider vscode.git 2393
[2022-03-18 19:21:24.678] [exthost] [warning] [Decorations] CAPPING events from decorations provider vscode.git 2393
[2022-03-18 19:21:29.762] [exthost] [warning] [Decorations] CAPPING events from decorations provider vscode.git 2393
[2022-03-18 19:21:34.849] [exthost] [warning] [Decorations] CAPPING events from decorations provider vscode.git 2393
[2022-03-18 19:21:39.939] [exthost] [warning] [Decorations] CAPPING events from decorations provider vscode.git 2393
[2022-03-18 19:21:45.058] [exthost] [warning] [Decorations] CAPPING events from decorations provider vscode.git 2393
[2022-03-18 19:21:50.178] [exthost] [warning] [Decorations] CAPPING events from decorations provider vscode.git 2393
[2022-03-18 19:21:55.296] [exthost] [warning] [Decorations] CAPPING events from decorations provider vscode.git 2393
[2022-03-18 19:22:00.411] [exthost] [warning] [Decorations] CAPPING events from decorations provider vscode.git 2393
[2022-03-18 19:22:05.533] [exthost] [warning] [Decorations] CAPPING events from decorations provider vscode.git 2393
[2022-03-18 19:22:10.644] [exthost] [warning] [Decorations] CAPPING events from decorations provider vscode.git 2393
[2022-03-18 19:22:15.753] [exthost] [warning] [Decorations] CAPPING events from decorations provider vscode.git 2393
[2022-03-18 19:22:20.866] [exthost] [warning] [Decorations] CAPPING events from decorations provider vscode.git 2393
[2022-03-18 19:22:25.984] [exthost] [warning] [Decorations] CAPPING events from decorations provider vscode.git 2393
[2022-03-18 19:22:31.105] [exthost] [warning] [Decorations] CAPPING events from decorations provider vscode.git 2393
[2022-03-18 19:22:36.339] [exthost] [warning] [Decorations] CAPPING events from decorations provider vscode.git 2393
[2022-03-18 19:22:41.921] [exthost] [warning] [Decorations] CAPPING events from decorations provider vscode.git 2393
[2022-03-18 19:22:47.027] [exthost] [warning] [Decorations] CAPPING events from decorations provider vscode.git 2393
[2022-03-18 19:22:52.115] [exthost] [warning] [Decorations] CAPPING events from decorations provider vscode.git 2393
[2022-03-18 19:22:57.248] [exthost] [warning] [Decorations] CAPPING events from decorations provider vscode.git 2393
[2022-03-18 19:23:02.401] [exthost] [warning] [Decorations] CAPPING events from decorations provider vscode.git 2393
[2022-03-18 19:23:07.496] [exthost] [warning] [Decorations] CAPPING events from decorations provider vscode.git 2393
[2022-03-18 19:23:12.586] [exthost] [warning] [Decorations] CAPPING events from decorations provider vscode.git 2393
[2022-03-18 19:23:17.674] [exthost] [warning] [Decorations] CAPPING events from decorations provider vscode.git 2393
[2022-03-18 19:23:22.760] [exthost] [warning] [Decorations] CAPPING events from decorations provider vscode.git 2393
[2022-03-18 19:23:28.020] [exthost] [warning] [Decorations] CAPPING events from decorations provider vscode.git 2393
[2022-03-18 19:23:34.385] [exthost] [warning] [Decorations] CAPPING events from decorations provider vscode.git 2393
[2022-03-18 19:23:39.460] [exthost] [warning] [Decorations] CAPPING events from decorations provider vscode.git 2393
[2022-03-18 19:23:44.571] [exthost] [warning] [Decorations] CAPPING events from decorations provider vscode.git 2393
[2022-03-18 19:23:49.684] [exthost] [warning] [Decorations] CAPPING events from decorations provider vscode.git 2393
[2022-03-18 19:23:54.838] [exthost] [warning] [Decorations] CAPPING events from decorations provider vscode.git 2393
[2022-03-18 19:23:59.962] [exthost] [warning] [Decorations] CAPPING events from decorations provider vscode.git 2393
[2022-03-18 19:24:05.041] [exthost] [warning] [Decorations] CAPPING events from decorations provider vscode.git 2393
[2022-03-18 19:24:10.129] [exthost] [warning] [Decorations] CAPPING events from decorations provider vscode.git 2393
[2022-03-18 19:24:15.236] [exthost] [warning] [Decorations] CAPPING events from decorations provider vscode.git 2393
[2022-03-18 19:24:20.344] [exthost] [warning] [Decorations] CAPPING events from decorations provider vscode.git 2393
[2022-03-18 19:24:25.427] [exthost] [warning] [Decorations] CAPPING events from decorations provider vscode.git 2393
[2022-03-18 19:24:30.518] [exthost] [warning] [Decorations] CAPPING events from decorations provider vscode.git 2393
[2022-03-18 19:24:35.591] [exthost] [warning] [Decorations] CAPPING events from decorations provider vscode.git 2393
[2022-03-18 19:24:40.665] [exthost] [warning] [Decorations] CAPPING events from decorations provider vscode.git 2393
[2022-03-18 19:24:45.762] [exthost] [warning] [Decorations] CAPPING events from decorations provider vscode.git 2393
[2022-03-18 19:24:50.863] [exthost] [warning] [Decorations] CAPPING events from decorations provider vscode.git 2393
[2022-03-18 19:24:55.951] [exthost] [warning] [Decorations] CAPPING events from decorations provider vscode.git 2393
[2022-03-18 19:25:01.030] [exthost] [warning] [Decorations] CAPPING events from decorations provider vscode.git 2393
[2022-03-18 19:25:06.102] [exthost] [warning] [Decorations] CAPPING events from decorations provider vscode.git 2393
[2022-03-18 19:25:11.175] [exthost] [warning] [Decorations] CAPPING events from decorations provider vscode.git 2393
[2022-03-18 19:25:16.249] [exthost] [warning] [Decorations] CAPPING events from decorations provider vscode.git 2393
[2022-03-18 19:25:21.345] [exthost] [warning] [Decorations] CAPPING events from decorations provider vscode.git 2393
[2022-03-18 19:25:26.426] [exthost] [warning] [Decorations] CAPPING events from decorations provider vscode.git 2393
[2022-03-18 19:25:31.499] [exthost] [warning] [Decorations] CAPPING events from decorations provider vscode.git 2393
[2022-03-18 19:25:36.589] [exthost] [warning] [Decorations] CAPPING events from decorations provider vscode.git 2393
[2022-03-18 19:25:41.669] [exthost] [warning] [Decorations] CAPPING events from decorations provider vscode.git 2393
[2022-03-18 19:25:46.748] [exthost] [warning] [Decorations] CAPPING events from decorations provider vscode.git 2393
[2022-03-18 19:25:51.822] [exthost] [warning] [Decorations] CAPPING events from decorations provider vscode.git 2393
[2022-03-18 19:25:56.913] [exthost] [warning] [Decorations] CAPPING events from decorations provider vscode.git 2393
[2022-03-18 19:26:02.005] [exthost] [warning] [Decorations] CAPPING events from decorations provider vscode.git 2393
[2022-03-18 19:26:07.099] [exthost] [warning] [Decorations] CAPPING events from decorations provider vscode.git 2393
[2022-03-18 19:26:12.187] [exthost] [warning] [Decorations] CAPPING events from decorations provider vscode.git 2393
[2022-03-18 19:26:17.269] [exthost] [warning] [Decorations] CAPPING events from decorations provider vscode.git 2393
[2022-03-18 19:26:22.352] [exthost] [warning] [Decorations] CAPPING events from decorations provider vscode.git 2393
[2022-03-18 19:26:27.434] [exthost] [warning] [Decorations] CAPPING events from decorations provider vscode.git 2393
[2022-03-18 19:26:32.506] [exthost] [warning] [Decorations] CAPPING events from decorations provider vscode.git 2393
[2022-03-18 19:26:37.571] [exthost] [warning] [Decorations] CAPPING events from decorations provider vscode.git 2393
[2022-03-18 19:26:42.637] [exthost] [warning] [Decorations] CAPPING events from decorations provider vscode.git 2393
[2022-03-18 19:26:47.704] [exthost] [warning] [Decorations] CAPPING events from decorations provider vscode.git 2393
[2022-03-18 19:26:52.774] [exthost] [warning] [Decorations] CAPPING events from decorations provider vscode.git 2393
[2022-03-18 19:26:57.856] [exthost] [warning] [Decorations] CAPPING events from decorations provider vscode.git 2393
[2022-03-18 19:27:02.935] [exthost] [warning] [Decorations] CAPPING events from decorations provider vscode.git 2393
[2022-03-18 19:27:08.018] [exthost] [warning] [Decorations] CAPPING events from decorations provider vscode.git 2393
[2022-03-18 19:27:13.084] [exthost] [warning] [Decorations] CAPPING events from decorations provider vscode.git 2393
[2022-03-18 19:27:18.153] [exthost] [warning] [Decorations] CAPPING events from decorations provider vscode.git 2393
[2022-03-18 19:27:23.218] [exthost] [warning] [Decorations] CAPPING events from decorations provider vscode.git 2393
[2022-03-18 19:27:28.286] [exthost] [warning] [Decorations] CAPPING events from decorations provider vscode.git 2393
[2022-03-18 19:27:33.354] [exthost] [warning] [Decorations] CAPPING events from decorations provider vscode.git 2393
[2022-03-18 19:27:38.424] [exthost] [warning] [Decorations] CAPPING events from decorations provider vscode.git 2393
[2022-03-18 19:27:43.516] [exthost] [warning] [Decorations] CAPPING events from decorations provider vscode.git 2393
[2022-03-18 19:27:48.638] [exthost] [warning] [Decorations] CAPPING events from decorations provider vscode.git 2393
[2022-03-18 19:27:53.714] [exthost] [warning] [Decorations] CAPPING events from decorations provider vscode.git 2393
[2022-03-18 19:27:58.778] [exthost] [warning] [Decorations] CAPPING events from decorations provider vscode.git 2393
[2022-03-18 19:28:03.865] [exthost] [warning] [Decorations] CAPPING events from decorations provider vscode.git 2393
[2022-03-18 19:28:08.954] [exthost] [warning] [Decorations] CAPPING events from decorations provider vscode.git 2393
[2022-03-18 19:28:14.035] [exthost] [warning] [Decorations] CAPPING events from decorations provider vscode.git 2393
[2022-03-18 19:28:19.111] [exthost] [warning] [Decorations] CAPPING events from decorations provider vscode.git 2393
[2022-03-18 19:28:24.220] [exthost] [warning] [Decorations] CAPPING events from decorations provider vscode.git 2393
[2022-03-18 19:28:29.312] [exthost] [warning] [Decorations] CAPPING events from decorations provider vscode.git 2393
[2022-03-18 19:28:34.393] [exthost] [warning] [Decorations] CAPPING events from decorations provider vscode.git 2393
[2022-03-18 19:28:39.493] [exthost] [warning] [Decorations] CAPPING events from decorations provider vscode.git 2393
[2022-03-18 19:28:44.580] [exthost] [warning] [Decorations] CAPPING events from decorations provider vscode.git 2393
[2022-03-18 19:28:49.663] [exthost] [warning] [Decorations] CAPPING events from decorations provider vscode.git 2393
[2022-03-18 19:28:54.748] [exthost] [warning] [Decorations] CAPPING events from decorations provider vscode.git 2393
[2022-03-18 19:28:59.838] [exthost] [warning] [Decorations] CAPPING events from decorations provider vscode.git 2393
[2022-03-18 19:29:04.930] [exthost] [warning] [Decorations] CAPPING events from decorations provider vscode.git 2393
[2022-03-18 19:29:10.018] [exthost] [warning] [Decorations] CAPPING events from decorations provider vscode.git 2393
[2022-03-18 19:29:15.104] [exthost] [warning] [Decorations] CAPPING events from decorations provider vscode.git 2393
[2022-03-18 19:29:20.179] [exthost] [warning] [Decorations] CAPPING events from decorations provider vscode.git 2393
[2022-03-18 19:29:25.248] [exthost] [warning] [Decorations] CAPPING events from decorations provider vscode.git 2393
[2022-03-18 19:29:30.326] [exthost] [warning] [Decorations] CAPPING events from decorations provider vscode.git 2393
[2022-03-18 19:29:35.394] [exthost] [warning] [Decorations] CAPPING events from decorations provider vscode.git 2393
[2022-03-18 19:29:40.458] [exthost] [warning] [Decorations] CAPPING events from decorations provider vscode.git 2393
[2022-03-18 19:29:45.524] [exthost] [warning] [Decorations] CAPPING events from decorations provider vscode.git 2393
[2022-03-18 19:29:50.618] [exthost] [warning] [Decorations] CAPPING events from decorations provider vscode.git 2393
[2022-03-18 19:29:55.701] [exthost] [warning] [Decorations] CAPPING events from decorations provider vscode.git 2393
[2022-03-18 19:30:00.798] [exthost] [warning] [Decorations] CAPPING events from decorations provider vscode.git 2393
[2022-03-18 19:30:05.868] [exthost] [warning] [Decorations] CAPPING events from decorations provider vscode.git 2393
[2022-03-18 19:30:10.938] [exthost] [warning] [Decorations] CAPPING events from decorations provider vscode.git 2393
[2022-03-18 19:30:16.028] [exthost] [warning] [Decorations] CAPPING events from decorations provider vscode.git 2393
[2022-03-18 19:30:21.096] [exthost] [warning] [Decorations] CAPPING events from decorations provider vscode.git 2393
[2022-03-18 19:30:26.169] [exthost] [warning] [Decorations] CAPPING events from decorations provider vscode.git 2393
[2022-03-18 19:30:31.351] [exthost] [warning] [Decorations] CAPPING events from decorations provider vscode.git 2393
[2022-03-18 19:30:36.425] [exthost] [warning] [Decorations] CAPPING events from decorations provider vscode.git 2393
[2022-03-18 19:30:41.492] [exthost] [warning] [Decorations] CAPPING events from decorations provider vscode.git 2393
[2022-03-18 19:30:46.569] [exthost] [warning] [Decorations] CAPPING events from decorations provider vscode.git 2393
[2022-03-18 19:30:51.642] [exthost] [warning] [Decorations] CAPPING events from decorations provider vscode.git 2393
[2022-03-18 19:30:56.709] [exthost] [warning] [Decorations] CAPPING events from decorations provider vscode.git 2393
[2022-03-18 19:31:01.815] [exthost] [warning] [Decorations] CAPPING events from decorations provider vscode.git 2393
[2022-03-18 19:31:06.893] [exthost] [warning] [Decorations] CAPPING events from decorations provider vscode.git 2393
[2022-03-18 19:31:11.957] [exthost] [warning] [Decorations] CAPPING events from decorations provider vscode.git 2393
[2022-03-18 19:31:17.021] [exthost] [warning] [Decorations] CAPPING events from decorations provider vscode.git 2393
[2022-03-18 19:31:22.104] [exthost] [warning] [Decorations] CAPPING events from decorations provider vscode.git 2393
[2022-03-18 19:31:27.193] [exthost] [warning] [Decorations] CAPPING events from decorations provider vscode.git 2393
[2022-03-18 19:31:32.272] [exthost] [warning] [Decorations] CAPPING events from decorations provider vscode.git 2393
[2022-03-18 19:31:37.343] [exthost] [warning] [Decorations] CAPPING events from decorations provider vscode.git 2393
[2022-03-18 19:31:42.408] [exthost] [warning] [Decorations] CAPPING events from decorations provider vscode.git 2393
[2022-03-18 19:31:47.486] [exthost] [warning] [Decorations] CAPPING events from decorations provider vscode.git 2393
[2022-03-18 19:31:52.553] [exthost] [warning] [Decorations] CAPPING events from decorations provider vscode.git 2393
[2022-03-18 19:31:57.625] [exthost] [warning] [Decorations] CAPPING events from decorations provider vscode.git 2393
[2022-03-18 19:32:02.717] [exthost] [warning] [Decorations] CAPPING events from decorations provider vscode.git 2393
[2022-03-18 19:32:07.790] [exthost] [warning] [Decorations] CAPPING events from decorations provider vscode.git 2393
[2022-03-18 19:32:12.887] [exthost] [warning] [Decorations] CAPPING events from decorations provider vscode.git 2393
[2022-03-18 19:32:17.967] [exthost] [warning] [Decorations] CAPPING events from decorations provider vscode.git 2393
[2022-03-18 19:32:23.053] [exthost] [warning] [Decorations] CAPPING events from decorations provider vscode.git 2393
[2022-03-18 19:32:28.148] [exthost] [warning] [Decorations] CAPPING events from decorations provider vscode.git 2393
[2022-03-18 19:32:33.312] [exthost] [warning] [Decorations] CAPPING events from decorations provider vscode.git 2393
[2022-03-18 19:32:38.397] [exthost] [warning] [Decorations] CAPPING events from decorations provider vscode.git 2393
[2022-03-18 19:32:43.481] [exthost] [warning] [Decorations] CAPPING events from decorations provider vscode.git 2393
[2022-03-18 19:32:48.569] [exthost] [warning] [Decorations] CAPPING events from decorations provider vscode.git 2393
[2022-03-18 19:32:53.651] [exthost] [warning] [Decorations] CAPPING events from decorations provider vscode.git 2393
[2022-03-18 19:32:58.740] [exthost] [warning] [Decorations] CAPPING events from decorations provider vscode.git 2393
[2022-03-18 19:33:03.827] [exthost] [warning] [Decorations] CAPPING events from decorations provider vscode.git 2393
[2022-03-18 19:33:08.896] [exthost] [warning] [Decorations] CAPPING events from decorations provider vscode.git 2393
[2022-03-18 19:33:13.975] [exthost] [warning] [Decorations] CAPPING events from decorations provider vscode.git 2393
[2022-03-18 19:33:19.041] [exthost] [warning] [Decorations] CAPPING events from decorations provider vscode.git 2393
[2022-03-18 19:33:24.130] [exthost] [warning] [Decorations] CAPPING events from decorations provider vscode.git 2393
[2022-03-18 19:33:29.219] [exthost] [warning] [Decorations] CAPPING events from decorations provider vscode.git 2393
[2022-03-18 19:33:34.294] [exthost] [warning] [Decorations] CAPPING events from decorations provider vscode.git 2393
[2022-03-18 19:33:39.372] [exthost] [warning] [Decorations] CAPPING events from decorations provider vscode.git 2393
[2022-03-18 19:33:44.447] [exthost] [warning] [Decorations] CAPPING events from decorations provider vscode.git 2393
[2022-03-18 19:33:49.517] [exthost] [warning] [Decorations] CAPPING events from decorations provider vscode.git 2393
[2022-03-18 19:33:54.583] [exthost] [warning] [Decorations] CAPPING events from decorations provider vscode.git 2393
[2022-03-18 19:33:59.651] [exthost] [warning] [Decorations] CAPPING events from decorations provider vscode.git 2393
[2022-03-18 19:34:04.727] [exthost] [warning] [Decorations] CAPPING events from decorations provider vscode.git 2393
[2022-03-18 19:34:09.808] [exthost] [warning] [Decorations] CAPPING events from decorations provider vscode.git 2393
[2022-03-18 19:34:14.880] [exthost] [warning] [Decorations] CAPPING events from decorations provider vscode.git 2393
[2022-03-18 19:34:19.951] [exthost] [warning] [Decorations] CAPPING events from decorations provider vscode.git 2393
[2022-03-18 19:34:25.023] [exthost] [warning] [Decorations] CAPPING events from decorations provider vscode.git 2393
[2022-03-18 19:34:30.115] [exthost] [warning] [Decorations] CAPPING events from decorations provider vscode.git 2393
[2022-03-18 19:34:35.187] [exthost] [warning] [Decorations] CAPPING events from decorations provider vscode.git 2393
[2022-03-18 19:34:40.253] [exthost] [warning] [Decorations] CAPPING events from decorations provider vscode.git 2393
[2022-03-18 19:34:45.344] [exthost] [warning] [Decorations] CAPPING events from decorations provider vscode.git 2393
[2022-03-18 19:34:50.430] [exthost] [warning] [Decorations] CAPPING events from decorations provider vscode.git 2393
[2022-03-18 19:34:55.524] [exthost] [warning] [Decorations] CAPPING events from decorations provider vscode.git 2393
[2022-03-18 19:35:00.622] [exthost] [warning] [Decorations] CAPPING events from decorations provider vscode.git 2393
[2022-03-18 19:35:05.723] [exthost] [warning] [Decorations] CAPPING events from decorations provider vscode.git 2393
[2022-03-18 19:35:10.808] [exthost] [warning] [Decorations] CAPPING events from decorations provider vscode.git 2393
[2022-03-18 19:35:15.894] [exthost] [warning] [Decorations] CAPPING events from decorations provider vscode.git 2393
[2022-03-18 19:35:20.984] [exthost] [warning] [Decorations] CAPPING events from decorations provider vscode.git 2393
[2022-03-18 19:35:26.070] [exthost] [warning] [Decorations] CAPPING events from decorations provider vscode.git 2393
[2022-03-18 19:35:31.150] [exthost] [warning] [Decorations] CAPPING events from decorations provider vscode.git 2393
[2022-03-18 19:35:36.243] [exthost] [warning] [Decorations] CAPPING events from decorations provider vscode.git 2393
[2022-03-18 19:35:41.321] [exthost] [warning] [Decorations] CAPPING events from decorations provider vscode.git 2393
[2022-03-18 19:35:46.388] [exthost] [warning] [Decorations] CAPPING events from decorations provider vscode.git 2393
[2022-03-18 19:35:51.457] [exthost] [warning] [Decorations] CAPPING events from decorations provider vscode.git 2393
[2022-03-18 19:35:56.527] [exthost] [warning] [Decorations] CAPPING events from decorations provider vscode.git 2393
[2022-03-18 19:36:01.627] [exthost] [warning] [Decorations] CAPPING events from decorations provider vscode.git 2393
[2022-03-18 19:36:06.709] [exthost] [warning] [Decorations] CAPPING events from decorations provider vscode.git 2393
[2022-03-18 19:36:11.786] [exthost] [warning] [Decorations] CAPPING events from decorations provider vscode.git 2393
[2022-03-18 19:36:16.858] [exthost] [warning] [Decorations] CAPPING events from decorations provider vscode.git 2393
[2022-03-18 19:36:21.965] [exthost] [warning] [Decorations] CAPPING events from decorations provider vscode.git 2393
[2022-03-18 19:36:27.059] [exthost] [warning] [Decorations] CAPPING events from decorations provider vscode.git 2393
[2022-03-18 19:36:32.278] [exthost] [warning] [Decorations] CAPPING events from decorations provider vscode.git 2393
[2022-03-18 19:36:37.368] [exthost] [warning] [Decorations] CAPPING events from decorations provider vscode.git 2393
[2022-03-18 19:36:42.456] [exthost] [warning] [Decorations] CAPPING events from decorations provider vscode.git 2393
[2022-03-18 19:36:47.528] [exthost] [warning] [Decorations] CAPPING events from decorations provider vscode.git 2393
[2022-03-18 19:36:52.612] [exthost] [warning] [Decorations] CAPPING events from decorations provider vscode.git 2393
[2022-03-18 19:36:57.694] [exthost] [warning] [Decorations] CAPPING events from decorations provider vscode.git 2393
[2022-03-18 19:37:02.838] [exthost] [warning] [Decorations] CAPPING events from decorations provider vscode.git 2393
[2022-03-18 19:37:07.953] [exthost] [warning] [Decorations] CAPPING events from decorations provider vscode.git 2393
[2022-03-18 19:37:13.036] [exthost] [warning] [Decorations] CAPPING events from decorations provider vscode.git 2393
[2022-03-18 19:37:18.105] [exthost] [warning] [Decorations] CAPPING events from decorations provider vscode.git 2393
[2022-03-18 19:37:23.170] [exthost] [warning] [Decorations] CAPPING events from decorations provider vscode.git 2393
[2022-03-18 19:37:28.242] [exthost] [warning] [Decorations] CAPPING events from decorations provider vscode.git 2393
[2022-03-18 19:37:33.315] [exthost] [warning] [Decorations] CAPPING events from decorations provider vscode.git 2393
[2022-03-18 19:37:38.397] [exthost] [warning] [Decorations] CAPPING events from decorations provider vscode.git 2393
[2022-03-18 19:37:43.479] [exthost] [warning] [Decorations] CAPPING events from decorations provider vscode.git 2393
[2022-03-18 19:37:48.556] [exthost] [warning] [Decorations] CAPPING events from decorations provider vscode.git 2393
[2022-03-18 19:37:53.634] [exthost] [warning] [Decorations] CAPPING events from decorations provider vscode.git 2393
[2022-03-18 19:37:58.714] [exthost] [warning] [Decorations] CAPPING events from decorations provider vscode.git 2393
[2022-03-18 19:38:03.795] [exthost] [warning] [Decorations] CAPPING events from decorations provider vscode.git 2393
[2022-03-18 19:38:08.902] [exthost] [warning] [Decorations] CAPPING events from decorations provider vscode.git 2393
[2022-03-18 19:38:13.977] [exthost] [warning] [Decorations] CAPPING events from decorations provider vscode.git 2393
[2022-03-18 19:38:19.062] [exthost] [warning] [Decorations] CAPPING events from decorations provider vscode.git 2393
[2022-03-18 19:53:41.432] [exthost] [warning] [Decorations] CAPPING events from decorations provider vscode.git 2393
[2022-03-18 19:53:46.503] [exthost] [warning] [Decorations] CAPPING events from decorations provider vscode.git 2393
[2022-03-18 20:10:02.146] [exthost] [warning] [Decorations] CAPPING events from decorations provider vscode.git 2393
[2022-03-18 20:10:07.222] [exthost] [warning] [Decorations] CAPPING events from decorations provider vscode.git 2393
[2022-03-18 20:10:17.370] [exthost] [warning] [Decorations] CAPPING events from decorations provider vscode.git 2393
[2022-03-18 20:10:22.432] [exthost] [warning] [Decorations] CAPPING events from decorations provider vscode.git 2393
[2022-03-18 20:10:27.495] [exthost] [warning] [Decorations] CAPPING events from decorations provider vscode.git 2393
[2022-03-18 20:10:32.585] [exthost] [warning] [Decorations] CAPPING events from decorations provider vscode.git 2393
[2022-03-18 20:10:37.660] [exthost] [warning] [Decorations] CAPPING events from decorations provider vscode.git 2393
[2022-03-18 20:10:42.739] [exthost] [warning] [Decorations] CAPPING events from decorations provider vscode.git 2393
[2022-03-18 20:10:47.809] [exthost] [warning] [Decorations] CAPPING events from decorations provider vscode.git 2393
[2022-03-18 20:10:52.886] [exthost] [warning] [Decorations] CAPPING events from decorations provider vscode.git 2393
[2022-03-18 20:10:57.959] [exthost] [warning] [Decorations] CAPPING events from decorations provider vscode.git 2393
[2022-03-18 20:11:03.042] [exthost] [warning] [Decorations] CAPPING events from decorations provider vscode.git 2393
[2022-03-18 20:11:08.131] [exthost] [warning] [Decorations] CAPPING events from decorations provider vscode.git 2393
[2022-03-18 20:11:13.196] [exthost] [warning] [Decorations] CAPPING events from decorations provider vscode.git 2393
[2022-03-18 20:11:18.272] [exthost] [warning] [Decorations] CAPPING events from decorations provider vscode.git 2393
[2022-03-18 20:11:23.343] [exthost] [warning] [Decorations] CAPPING events from decorations provider vscode.git 2393
[2022-03-18 20:11:28.413] [exthost] [warning] [Decorations] CAPPING events from decorations provider vscode.git 2393
[2022-03-18 20:11:33.489] [exthost] [warning] [Decorations] CAPPING events from decorations provider vscode.git 2393
[2022-03-18 20:11:38.567] [exthost] [warning] [Decorations] CAPPING events from decorations provider vscode.git 2393
[2022-03-18 20:11:43.645] [exthost] [warning] [Decorations] CAPPING events from decorations provider vscode.git 2393
[2022-03-18 20:11:48.725] [exthost] [warning] [Decorations] CAPPING events from decorations provider vscode.git 2393
[2022-03-18 20:11:53.797] [exthost] [warning] [Decorations] CAPPING events from decorations provider vscode.git 2393
[2022-03-18 20:11:58.878] [exthost] [warning] [Decorations] CAPPING events from decorations provider vscode.git 2393
[2022-03-18 20:12:03.949] [exthost] [warning] [Decorations] CAPPING events from decorations provider vscode.git 2393
[2022-03-18 20:12:09.032] [exthost] [warning] [Decorations] CAPPING events from decorations provider vscode.git 2393
[2022-03-18 20:12:14.119] [exthost] [warning] [Decorations] CAPPING events from decorations provider vscode.git 2393
[2022-03-18 20:12:19.201] [exthost] [warning] [Decorations] CAPPING events from decorations provider vscode.git 2393
[2022-03-18 20:12:24.283] [exthost] [warning] [Decorations] CAPPING events from decorations provider vscode.git 2393
[2022-03-18 20:12:29.366] [exthost] [warning] [Decorations] CAPPING events from decorations provider vscode.git 2393
[2022-03-18 20:12:34.437] [exthost] [warning] [Decorations] CAPPING events from decorations provider vscode.git 2393
[2022-03-18 20:12:39.523] [exthost] [warning] [Decorations] CAPPING events from decorations provider vscode.git 2393
[2022-03-18 20:12:44.606] [exthost] [warning] [Decorations] CAPPING events from decorations provider vscode.git 2393
[2022-03-18 20:12:49.691] [exthost] [warning] [Decorations] CAPPING events from decorations provider vscode.git 2393
[2022-03-18 20:12:54.778] [exthost] [warning] [Decorations] CAPPING events from decorations provider vscode.git 2393
[2022-03-18 20:12:59.859] [exthost] [warning] [Decorations] CAPPING events from decorations provider vscode.git 2393
[2022-03-18 20:13:04.942] [exthost] [warning] [Decorations] CAPPING events from decorations provider vscode.git 2393
[2022-03-18 20:13:10.020] [exthost] [warning] [Decorations] CAPPING events from decorations provider vscode.git 2393
[2022-03-18 20:13:59.622] [exthost] [warning] [Decorations] CAPPING events from decorations provider vscode.git 2393
[2022-03-18 20:14:04.684] [exthost] [warning] [Decorations] CAPPING events from decorations provider vscode.git 2393
[2022-03-18 20:14:09.764] [exthost] [warning] [Decorations] CAPPING events from decorations provider vscode.git 2393
[2022-03-18 20:14:14.836] [exthost] [warning] [Decorations] CAPPING events from decorations provider vscode.git 2393
[2022-03-18 20:14:19.919] [exthost] [warning] [Decorations] CAPPING events from decorations provider vscode.git 2393
[2022-03-18 20:14:25.002] [exthost] [warning] [Decorations] CAPPING events from decorations provider vscode.git 2393
[2022-03-18 20:14:30.092] [exthost] [warning] [Decorations] CAPPING events from decorations provider vscode.git 2393
[2022-03-18 20:14:35.174] [exthost] [warning] [Decorations] CAPPING events from decorations provider vscode.git 2393
[2022-03-18 20:14:40.244] [exthost] [warning] [Decorations] CAPPING events from decorations provider vscode.git 2393
[2022-03-18 20:14:45.320] [exthost] [warning] [Decorations] CAPPING events from decorations provider vscode.git 2393
[2022-03-18 20:14:50.393] [exthost] [warning] [Decorations] CAPPING events from decorations provider vscode.git 2393
[2022-03-18 20:14:55.472] [exthost] [warning] [Decorations] CAPPING events from decorations provider vscode.git 2393
[2022-03-18 20:15:00.552] [exthost] [warning] [Decorations] CAPPING events from decorations provider vscode.git 2393
[2022-03-18 20:15:05.640] [exthost] [warning] [Decorations] CAPPING events from decorations provider vscode.git 2393
[2022-03-18 20:15:10.715] [exthost] [warning] [Decorations] CAPPING events from decorations provider vscode.git 2393
[2022-03-18 20:15:15.792] [exthost] [warning] [Decorations] CAPPING events from decorations provider vscode.git 2393
[2022-03-18 20:15:20.878] [exthost] [warning] [Decorations] CAPPING events from decorations provider vscode.git 2393
[2022-03-18 20:15:25.956] [exthost] [warning] [Decorations] CAPPING events from decorations provider vscode.git 2393
[2022-03-18 20:15:31.031] [exthost] [warning] [Decorations] CAPPING events from decorations provider vscode.git 2393
[2022-03-18 20:15:36.106] [exthost] [warning] [Decorations] CAPPING events from decorations provider vscode.git 2393
[2022-03-18 20:15:41.184] [exthost] [warning] [Decorations] CAPPING events from decorations provider vscode.git 2393
[2022-03-18 20:15:46.261] [exthost] [warning] [Decorations] CAPPING events from decorations provider vscode.git 2393
[2022-03-18 20:15:51.337] [exthost] [warning] [Decorations] CAPPING events from decorations provider vscode.git 2393
[2022-03-18 20:15:56.419] [exthost] [warning] [Decorations] CAPPING events from decorations provider vscode.git 2393
[2022-03-18 20:16:01.493] [exthost] [warning] [Decorations] CAPPING events from decorations provider vscode.git 2393
[2022-03-18 20:16:06.569] [exthost] [warning] [Decorations] CAPPING events from decorations provider vscode.git 2393
[2022-03-18 20:16:11.648] [exthost] [warning] [Decorations] CAPPING events from decorations provider vscode.git 2393
[2022-03-18 20:16:16.726] [exthost] [warning] [Decorations] CAPPING events from decorations provider vscode.git 2393
[2022-03-18 20:16:21.816] [exthost] [warning] [Decorations] CAPPING events from decorations provider vscode.git 2393
[2022-03-18 20:16:26.891] [exthost] [warning] [Decorations] CAPPING events from decorations provider vscode.git 2393
[2022-03-18 20:16:31.973] [exthost] [warning] [Decorations] CAPPING events from decorations provider vscode.git 2393
[2022-03-18 20:16:37.046] [exthost] [warning] [Decorations] CAPPING events from decorations provider vscode.git 2393
[2022-03-18 20:16:42.138] [exthost] [warning] [Decorations] CAPPING events from decorations provider vscode.git 2393
[2022-03-18 20:16:47.227] [exthost] [warning] [Decorations] CAPPING events from decorations provider vscode.git 2393
[2022-03-18 20:16:52.307] [exthost] [warning] [Decorations] CAPPING events from decorations provider vscode.git 2393
[2022-03-18 20:16:57.385] [exthost] [warning] [Decorations] CAPPING events from decorations provider vscode.git 2393
[2022-03-18 20:17:02.457] [exthost] [warning] [Decorations] CAPPING events from decorations provider vscode.git 2393
[2022-03-18 20:17:07.535] [exthost] [warning] [Decorations] CAPPING events from decorations provider vscode.git 2393
[2022-03-18 20:17:12.616] [exthost] [warning] [Decorations] CAPPING events from decorations provider vscode.git 2393
[2022-03-18 20:17:17.706] [exthost] [warning] [Decorations] CAPPING events from decorations provider vscode.git 2393
[2022-03-18 20:17:22.790] [exthost] [warning] [Decorations] CAPPING events from decorations provider vscode.git 2393
[2022-03-18 20:17:27.880] [exthost] [warning] [Decorations] CAPPING events from decorations provider vscode.git 2393
[2022-03-18 20:17:32.958] [exthost] [warning] [Decorations] CAPPING events from decorations provider vscode.git 2393
[2022-03-18 20:17:38.035] [exthost] [warning] [Decorations] CAPPING events from decorations provider vscode.git 2393
[2022-03-18 21:52:17.320] [exthost] [warning] [Decorations] CAPPING events from decorations provider vscode.git 2393
[2022-03-18 22:57:30.199] [exthost] [warning] [Decorations] CAPPING events from decorations provider vscode.git 2393
[2022-03-18 22:57:33.011] [exthost] [info] extension host terminating: received terminate message from renderer
[2022-03-18 22:57:33.091] [exthost] [info] Lock '/home/julien/.vscode-server/data/User/workspaceStorage/f516fa5c7c7214add0b54bca5a44f89f/vscode.lock': Marking the lockfile as scheduled to be released in 6000 ms.
[2022-03-18 22:57:33.146] [exthost] [info] Extension host with pid 105 exiting with code 0
