[2022-04-20 10:34:23.584] [exthost] [info] Extension host with pid 115 started
[2022-04-20 10:34:23.599] [exthost] [info] Lock '/home/julien/.vscode-server/data/User/workspaceStorage/f516fa5c7c7214add0b54bca5a44f89f/vscode.lock': Lock acquired.
[2022-04-20 10:34:23.719] [exthost] [info] ExtensionService#_doActivateExtension vscode.debug-auto-launch, startup: true, activationEvent: '*'
[2022-04-20 10:34:23.728] [exthost] [info] ExtensionService#_doActivateExtension vscode.git-base, startup: true, activationEvent: '*', root cause: vscode.git
[2022-04-20 10:34:23.736] [exthost] [info] ExtensionService#_doActivateExtension vscode.ipynb, startup: true, activationEvent: '*'
[2022-04-20 10:34:24.011] [exthost] [info] ExtensionService#_doActivateExtension vscode.git, startup: true, activationEvent: '*'
[2022-04-20 10:34:24.166] [exthost] [info] ExtensionService#_doActivateExtension vscode.github, startup: true, activationEvent: '*'
[2022-04-20 10:34:24.587] [exthost] [info] ExtensionService#_doActivateExtension vscode.emmet, startup: false, activationEvent: 'onStartupFinished'
[2022-04-20 10:34:24.616] [exthost] [info] ExtensionService#_doActivateExtension vscode.merge-conflict, startup: false, activationEvent: 'onStartupFinished'
[2022-04-20 10:34:24.626] [exthost] [info] Eager extensions activated
[2022-04-20 10:34:25.041] [exthost] [warning] [Decorations] CAPPING events from decorations provider vscode.git 3559
[2022-04-20 10:35:59.070] [exthost] [warning] [Decorations] CAPPING events from decorations provider vscode.git 3563
[2022-04-20 10:36:04.153] [exthost] [warning] [Decorations] CAPPING events from decorations provider vscode.git 3563
[2022-04-20 10:36:09.224] [exthost] [warning] [Decorations] CAPPING events from decorations provider vscode.git 3563
[2022-04-20 10:36:14.292] [exthost] [warning] [Decorations] CAPPING events from decorations provider vscode.git 3563
[2022-04-20 10:36:19.362] [exthost] [warning] [Decorations] CAPPING events from decorations provider vscode.git 3563
[2022-04-20 10:36:24.429] [exthost] [warning] [Decorations] CAPPING events from decorations provider vscode.git 3563
[2022-04-20 10:36:29.500] [exthost] [warning] [Decorations] CAPPING events from decorations provider vscode.git 3563
[2022-04-20 10:36:34.585] [exthost] [warning] [Decorations] CAPPING events from decorations provider vscode.git 3563
[2022-04-20 10:36:39.650] [exthost] [warning] [Decorations] CAPPING events from decorations provider vscode.git 3563
[2022-04-20 10:36:44.730] [exthost] [warning] [Decorations] CAPPING events from decorations provider vscode.git 3563
[2022-04-20 10:36:49.793] [exthost] [warning] [Decorations] CAPPING events from decorations provider vscode.git 3563
[2022-04-20 10:36:54.883] [exthost] [warning] [Decorations] CAPPING events from decorations provider vscode.git 3563
[2022-04-20 10:36:59.954] [exthost] [warning] [Decorations] CAPPING events from decorations provider vscode.git 3563
[2022-04-20 10:37:05.041] [exthost] [warning] [Decorations] CAPPING events from decorations provider vscode.git 3563
[2022-04-20 10:39:10.223] [exthost] [warning] [Decorations] CAPPING events from decorations provider vscode.git 3563
[2022-04-20 10:39:15.292] [exthost] [warning] [Decorations] CAPPING events from decorations provider vscode.git 3563
[2022-04-20 10:39:20.362] [exthost] [warning] [Decorations] CAPPING events from decorations provider vscode.git 3563
[2022-04-20 10:39:25.440] [exthost] [warning] [Decorations] CAPPING events from decorations provider vscode.git 3563
[2022-04-20 10:39:30.507] [exthost] [warning] [Decorations] CAPPING events from decorations provider vscode.git 3563
[2022-04-20 10:39:53.387] [exthost] [warning] [Decorations] CAPPING events from decorations provider vscode.git 3563
[2022-04-20 10:39:58.456] [exthost] [warning] [Decorations] CAPPING events from decorations provider vscode.git 3563
[2022-04-20 10:40:03.527] [exthost] [warning] [Decorations] CAPPING events from decorations provider vscode.git 3563
[2022-04-20 10:40:08.597] [exthost] [warning] [Decorations] CAPPING events from decorations provider vscode.git 3563
[2022-04-20 10:40:13.673] [exthost] [warning] [Decorations] CAPPING events from decorations provider vscode.git 3563
[2022-04-20 10:40:18.750] [exthost] [warning] [Decorations] CAPPING events from decorations provider vscode.git 3563
[2022-04-20 10:40:23.822] [exthost] [warning] [Decorations] CAPPING events from decorations provider vscode.git 3563
[2022-04-20 10:40:28.903] [exthost] [warning] [Decorations] CAPPING events from decorations provider vscode.git 3563
[2022-04-20 10:40:33.976] [exthost] [warning] [Decorations] CAPPING events from decorations provider vscode.git 3563
[2022-04-20 10:40:39.058] [exthost] [warning] [Decorations] CAPPING events from decorations provider vscode.git 3563
[2022-04-20 10:40:44.140] [exthost] [warning] [Decorations] CAPPING events from decorations provider vscode.git 3563
[2022-04-20 10:40:49.213] [exthost] [warning] [Decorations] CAPPING events from decorations provider vscode.git 3563
[2022-04-20 10:40:54.300] [exthost] [warning] [Decorations] CAPPING events from decorations provider vscode.git 3563
[2022-04-20 10:40:59.372] [exthost] [warning] [Decorations] CAPPING events from decorations provider vscode.git 3563
[2022-04-20 10:41:06.634] [exthost] [warning] [Decorations] CAPPING events from decorations provider vscode.git 3563
[2022-04-20 10:41:11.704] [exthost] [warning] [Decorations] CAPPING events from decorations provider vscode.git 3563
[2022-04-20 10:41:16.771] [exthost] [warning] [Decorations] CAPPING events from decorations provider vscode.git 3563
[2022-04-20 10:41:21.862] [exthost] [warning] [Decorations] CAPPING events from decorations provider vscode.git 3563
[2022-04-20 10:41:26.933] [exthost] [warning] [Decorations] CAPPING events from decorations provider vscode.git 3563
[2022-04-20 10:41:32.003] [exthost] [warning] [Decorations] CAPPING events from decorations provider vscode.git 3563
[2022-04-20 10:41:37.102] [exthost] [warning] [Decorations] CAPPING events from decorations provider vscode.git 3563
[2022-04-20 10:41:42.174] [exthost] [warning] [Decorations] CAPPING events from decorations provider vscode.git 3563
[2022-04-20 10:41:47.242] [exthost] [warning] [Decorations] CAPPING events from decorations provider vscode.git 3563
[2022-04-20 10:41:52.321] [exthost] [warning] [Decorations] CAPPING events from decorations provider vscode.git 3563
[2022-04-20 10:41:57.422] [exthost] [warning] [Decorations] CAPPING events from decorations provider vscode.git 3563
[2022-04-20 10:42:02.497] [exthost] [warning] [Decorations] CAPPING events from decorations provider vscode.git 3563
[2022-04-20 10:42:07.569] [exthost] [warning] [Decorations] CAPPING events from decorations provider vscode.git 3563
[2022-04-20 10:42:12.655] [exthost] [warning] [Decorations] CAPPING events from decorations provider vscode.git 3563
[2022-04-20 10:42:17.726] [exthost] [warning] [Decorations] CAPPING events from decorations provider vscode.git 3563
[2022-04-20 10:42:22.794] [exthost] [warning] [Decorations] CAPPING events from decorations provider vscode.git 3563
[2022-04-20 10:42:27.895] [exthost] [warning] [Decorations] CAPPING events from decorations provider vscode.git 3563
[2022-04-20 10:42:32.967] [exthost] [warning] [Decorations] CAPPING events from decorations provider vscode.git 3563
[2022-04-20 10:42:38.037] [exthost] [warning] [Decorations] CAPPING events from decorations provider vscode.git 3563
[2022-04-20 10:42:43.106] [exthost] [warning] [Decorations] CAPPING events from decorations provider vscode.git 3563
[2022-04-20 10:42:48.185] [exthost] [warning] [Decorations] CAPPING events from decorations provider vscode.git 3563
[2022-04-20 10:42:53.253] [exthost] [warning] [Decorations] CAPPING events from decorations provider vscode.git 3563
[2022-04-20 10:42:58.333] [exthost] [warning] [Decorations] CAPPING events from decorations provider vscode.git 3563
[2022-04-20 10:43:03.411] [exthost] [warning] [Decorations] CAPPING events from decorations provider vscode.git 3563
[2022-04-20 10:43:08.492] [exthost] [warning] [Decorations] CAPPING events from decorations provider vscode.git 3563
[2022-04-20 10:43:13.568] [exthost] [warning] [Decorations] CAPPING events from decorations provider vscode.git 3563
[2022-04-20 10:43:18.656] [exthost] [warning] [Decorations] CAPPING events from decorations provider vscode.git 3563
[2022-04-20 10:43:48.690] [exthost] [warning] [Decorations] CAPPING events from decorations provider vscode.git 3563
[2022-04-20 10:43:53.762] [exthost] [warning] [Decorations] CAPPING events from decorations provider vscode.git 3563
[2022-04-20 10:43:58.831] [exthost] [warning] [Decorations] CAPPING events from decorations provider vscode.git 3563
[2022-04-20 10:44:03.919] [exthost] [warning] [Decorations] CAPPING events from decorations provider vscode.git 3563
[2022-04-20 10:44:08.993] [exthost] [warning] [Decorations] CAPPING events from decorations provider vscode.git 3564
[2022-04-20 10:44:14.069] [exthost] [warning] [Decorations] CAPPING events from decorations provider vscode.git 3564
[2022-04-20 10:44:19.152] [exthost] [warning] [Decorations] CAPPING events from decorations provider vscode.git 3564
[2022-04-20 10:44:24.222] [exthost] [warning] [Decorations] CAPPING events from decorations provider vscode.git 3564
[2022-04-20 10:44:29.288] [exthost] [warning] [Decorations] CAPPING events from decorations provider vscode.git 3564
[2022-04-20 10:44:34.377] [exthost] [warning] [Decorations] CAPPING events from decorations provider vscode.git 3564
[2022-04-20 10:44:39.448] [exthost] [warning] [Decorations] CAPPING events from decorations provider vscode.git 3565
[2022-04-20 10:44:44.513] [exthost] [warning] [Decorations] CAPPING events from decorations provider vscode.git 3565
[2022-04-20 10:44:49.581] [exthost] [warning] [Decorations] CAPPING events from decorations provider vscode.git 3565
[2022-04-20 10:44:54.651] [exthost] [warning] [Decorations] CAPPING events from decorations provider vscode.git 3565
[2022-04-20 10:44:59.719] [exthost] [warning] [Decorations] CAPPING events from decorations provider vscode.git 3565
[2022-04-20 10:45:04.800] [exthost] [warning] [Decorations] CAPPING events from decorations provider vscode.git 3565
[2022-04-20 10:45:09.868] [exthost] [warning] [Decorations] CAPPING events from decorations provider vscode.git 3565
[2022-04-20 10:45:14.938] [exthost] [warning] [Decorations] CAPPING events from decorations provider vscode.git 3565
[2022-04-20 10:45:20.004] [exthost] [warning] [Decorations] CAPPING events from decorations provider vscode.git 3565
[2022-04-20 10:45:25.072] [exthost] [warning] [Decorations] CAPPING events from decorations provider vscode.git 3565
[2022-04-20 10:45:30.154] [exthost] [warning] [Decorations] CAPPING events from decorations provider vscode.git 3565
[2022-04-20 10:45:35.224] [exthost] [warning] [Decorations] CAPPING events from decorations provider vscode.git 3565
[2022-04-20 10:45:40.292] [exthost] [warning] [Decorations] CAPPING events from decorations provider vscode.git 3565
[2022-04-20 10:45:45.390] [exthost] [warning] [Decorations] CAPPING events from decorations provider vscode.git 3565
[2022-04-20 10:45:50.463] [exthost] [warning] [Decorations] CAPPING events from decorations provider vscode.git 3565
[2022-04-20 10:45:55.529] [exthost] [warning] [Decorations] CAPPING events from decorations provider vscode.git 3565
[2022-04-20 10:46:00.597] [exthost] [warning] [Decorations] CAPPING events from decorations provider vscode.git 3565
[2022-04-20 10:46:05.666] [exthost] [warning] [Decorations] CAPPING events from decorations provider vscode.git 3565
[2022-04-20 10:46:10.736] [exthost] [warning] [Decorations] CAPPING events from decorations provider vscode.git 3565
[2022-04-20 10:46:15.821] [exthost] [warning] [Decorations] CAPPING events from decorations provider vscode.git 3565
[2022-04-20 10:46:20.900] [exthost] [warning] [Decorations] CAPPING events from decorations provider vscode.git 3565
[2022-04-20 10:46:25.968] [exthost] [warning] [Decorations] CAPPING events from decorations provider vscode.git 3565
[2022-04-20 10:46:31.053] [exthost] [warning] [Decorations] CAPPING events from decorations provider vscode.git 3565
[2022-04-20 10:46:36.135] [exthost] [warning] [Decorations] CAPPING events from decorations provider vscode.git 3565
[2022-04-20 10:46:41.204] [exthost] [warning] [Decorations] CAPPING events from decorations provider vscode.git 3565
[2022-04-20 10:46:46.292] [exthost] [warning] [Decorations] CAPPING events from decorations provider vscode.git 3565
[2022-04-20 10:46:51.383] [exthost] [warning] [Decorations] CAPPING events from decorations provider vscode.git 3565
[2022-04-20 10:46:56.454] [exthost] [warning] [Decorations] CAPPING events from decorations provider vscode.git 3565
[2022-04-20 10:47:01.542] [exthost] [warning] [Decorations] CAPPING events from decorations provider vscode.git 3565
[2022-04-20 10:47:06.628] [exthost] [warning] [Decorations] CAPPING events from decorations provider vscode.git 3565
[2022-04-20 10:47:11.699] [exthost] [warning] [Decorations] CAPPING events from decorations provider vscode.git 3565
[2022-04-20 10:47:16.777] [exthost] [warning] [Decorations] CAPPING events from decorations provider vscode.git 3565
[2022-04-20 10:47:21.882] [exthost] [warning] [Decorations] CAPPING events from decorations provider vscode.git 3565
[2022-04-20 10:47:56.172] [exthost] [warning] [Decorations] CAPPING events from decorations provider vscode.git 3565
[2022-04-20 10:48:01.240] [exthost] [warning] [Decorations] CAPPING events from decorations provider vscode.git 3565
[2022-04-20 10:49:11.651] [exthost] [warning] [Decorations] CAPPING events from decorations provider vscode.git 3565
[2022-04-20 10:49:16.728] [exthost] [warning] [Decorations] CAPPING events from decorations provider vscode.git 3565
[2022-04-20 10:49:21.822] [exthost] [warning] [Decorations] CAPPING events from decorations provider vscode.git 3565
[2022-04-20 10:49:26.914] [exthost] [warning] [Decorations] CAPPING events from decorations provider vscode.git 3565
[2022-04-20 10:49:31.981] [exthost] [warning] [Decorations] CAPPING events from decorations provider vscode.git 3565
[2022-04-20 10:49:37.047] [exthost] [warning] [Decorations] CAPPING events from decorations provider vscode.git 3565
[2022-04-20 10:49:42.134] [exthost] [warning] [Decorations] CAPPING events from decorations provider vscode.git 3565
[2022-04-20 10:49:47.218] [exthost] [warning] [Decorations] CAPPING events from decorations provider vscode.git 3565
[2022-04-20 10:49:52.284] [exthost] [warning] [Decorations] CAPPING events from decorations provider vscode.git 3565
[2022-04-20 10:49:57.351] [exthost] [warning] [Decorations] CAPPING events from decorations provider vscode.git 3565
[2022-04-20 10:50:02.448] [exthost] [warning] [Decorations] CAPPING events from decorations provider vscode.git 3565
[2022-04-20 10:50:07.538] [exthost] [warning] [Decorations] CAPPING events from decorations provider vscode.git 3565
[2022-04-20 10:50:12.602] [exthost] [warning] [Decorations] CAPPING events from decorations provider vscode.git 3565
[2022-04-20 10:50:19.814] [exthost] [warning] [Decorations] CAPPING events from decorations provider vscode.git 3565
[2022-04-20 10:50:24.888] [exthost] [warning] [Decorations] CAPPING events from decorations provider vscode.git 3565
[2022-04-20 10:50:29.958] [exthost] [warning] [Decorations] CAPPING events from decorations provider vscode.git 3565
[2022-04-20 10:50:35.028] [exthost] [warning] [Decorations] CAPPING events from decorations provider vscode.git 3565
[2022-04-20 10:50:40.109] [exthost] [warning] [Decorations] CAPPING events from decorations provider vscode.git 3565
[2022-04-20 10:50:45.189] [exthost] [warning] [Decorations] CAPPING events from decorations provider vscode.git 3565
[2022-04-20 10:50:50.279] [exthost] [warning] [Decorations] CAPPING events from decorations provider vscode.git 3565
[2022-04-20 10:50:55.370] [exthost] [warning] [Decorations] CAPPING events from decorations provider vscode.git 3565
[2022-04-20 10:51:07.473] [exthost] [warning] [Decorations] CAPPING events from decorations provider vscode.git 3565
[2022-04-20 10:51:12.542] [exthost] [warning] [Decorations] CAPPING events from decorations provider vscode.git 3565
[2022-04-20 10:51:17.607] [exthost] [warning] [Decorations] CAPPING events from decorations provider vscode.git 3565
[2022-04-20 10:51:22.699] [exthost] [warning] [Decorations] CAPPING events from decorations provider vscode.git 3565
[2022-04-20 10:51:27.785] [exthost] [warning] [Decorations] CAPPING events from decorations provider vscode.git 3565
[2022-04-20 10:51:32.853] [exthost] [warning] [Decorations] CAPPING events from decorations provider vscode.git 3565
[2022-04-20 10:51:37.922] [exthost] [warning] [Decorations] CAPPING events from decorations provider vscode.git 3565
[2022-04-20 10:51:42.993] [exthost] [warning] [Decorations] CAPPING events from decorations provider vscode.git 3565
[2022-04-20 10:51:48.063] [exthost] [warning] [Decorations] CAPPING events from decorations provider vscode.git 3565
[2022-04-20 10:51:53.150] [exthost] [warning] [Decorations] CAPPING events from decorations provider vscode.git 3565
[2022-04-20 10:51:58.219] [exthost] [warning] [Decorations] CAPPING events from decorations provider vscode.git 3565
[2022-04-20 10:52:03.288] [exthost] [warning] [Decorations] CAPPING events from decorations provider vscode.git 3565
[2022-04-20 10:52:08.366] [exthost] [warning] [Decorations] CAPPING events from decorations provider vscode.git 3565
[2022-04-20 10:52:13.441] [exthost] [warning] [Decorations] CAPPING events from decorations provider vscode.git 3565
[2022-04-20 10:52:18.512] [exthost] [warning] [Decorations] CAPPING events from decorations provider vscode.git 3565
[2022-04-20 10:52:23.597] [exthost] [warning] [Decorations] CAPPING events from decorations provider vscode.git 3565
[2022-04-20 10:52:28.686] [exthost] [warning] [Decorations] CAPPING events from decorations provider vscode.git 3565
[2022-04-20 10:52:33.758] [exthost] [warning] [Decorations] CAPPING events from decorations provider vscode.git 3565
[2022-04-20 10:52:38.827] [exthost] [warning] [Decorations] CAPPING events from decorations provider vscode.git 3565
[2022-04-20 10:52:43.916] [exthost] [warning] [Decorations] CAPPING events from decorations provider vscode.git 3565
[2022-04-20 10:52:48.984] [exthost] [warning] [Decorations] CAPPING events from decorations provider vscode.git 3565
[2022-04-20 10:52:54.059] [exthost] [warning] [Decorations] CAPPING events from decorations provider vscode.git 3565
[2022-04-20 10:52:59.128] [exthost] [warning] [Decorations] CAPPING events from decorations provider vscode.git 3565
[2022-04-20 10:53:04.214] [exthost] [warning] [Decorations] CAPPING events from decorations provider vscode.git 3565
[2022-04-20 10:53:09.285] [exthost] [warning] [Decorations] CAPPING events from decorations provider vscode.git 3565
[2022-04-20 10:54:48.262] [exthost] [warning] [Decorations] CAPPING events from decorations provider vscode.git 3565
[2022-04-20 10:54:53.348] [exthost] [warning] [Decorations] CAPPING events from decorations provider vscode.git 3565
[2022-04-20 10:54:58.441] [exthost] [warning] [Decorations] CAPPING events from decorations provider vscode.git 3565
[2022-04-20 10:55:03.518] [exthost] [warning] [Decorations] CAPPING events from decorations provider vscode.git 3565
[2022-04-20 10:55:08.587] [exthost] [warning] [Decorations] CAPPING events from decorations provider vscode.git 3565
[2022-04-20 10:55:13.669] [exthost] [warning] [Decorations] CAPPING events from decorations provider vscode.git 3565
[2022-04-20 10:55:18.738] [exthost] [warning] [Decorations] CAPPING events from decorations provider vscode.git 3565
[2022-04-20 10:55:23.805] [exthost] [warning] [Decorations] CAPPING events from decorations provider vscode.git 3565
[2022-04-20 10:55:28.892] [exthost] [warning] [Decorations] CAPPING events from decorations provider vscode.git 3565
[2022-04-20 10:55:33.966] [exthost] [warning] [Decorations] CAPPING events from decorations provider vscode.git 3565
[2022-04-20 10:55:39.053] [exthost] [warning] [Decorations] CAPPING events from decorations provider vscode.git 3565
[2022-04-20 10:55:44.153] [exthost] [warning] [Decorations] CAPPING events from decorations provider vscode.git 3565
[2022-04-20 10:55:49.239] [exthost] [warning] [Decorations] CAPPING events from decorations provider vscode.git 3565
[2022-04-20 10:55:54.323] [exthost] [warning] [Decorations] CAPPING events from decorations provider vscode.git 3565
[2022-04-20 10:55:59.410] [exthost] [warning] [Decorations] CAPPING events from decorations provider vscode.git 3565
[2022-04-20 10:56:04.481] [exthost] [warning] [Decorations] CAPPING events from decorations provider vscode.git 3565
[2022-04-20 10:56:09.552] [exthost] [warning] [Decorations] CAPPING events from decorations provider vscode.git 3565
[2022-04-20 10:56:14.621] [exthost] [warning] [Decorations] CAPPING events from decorations provider vscode.git 3565
[2022-04-20 10:56:19.704] [exthost] [warning] [Decorations] CAPPING events from decorations provider vscode.git 3565
[2022-04-20 10:56:24.770] [exthost] [warning] [Decorations] CAPPING events from decorations provider vscode.git 3565
[2022-04-20 10:56:29.840] [exthost] [warning] [Decorations] CAPPING events from decorations provider vscode.git 3565
[2022-04-20 10:56:54.345] [exthost] [warning] [Decorations] CAPPING events from decorations provider vscode.git 3565
[2022-04-20 10:56:59.413] [exthost] [warning] [Decorations] CAPPING events from decorations provider vscode.git 3565
[2022-04-20 10:57:04.659] [exthost] [warning] [Decorations] CAPPING events from decorations provider vscode.git 3565
[2022-04-20 10:57:09.728] [exthost] [warning] [Decorations] CAPPING events from decorations provider vscode.git 3565
[2022-04-20 10:57:14.796] [exthost] [warning] [Decorations] CAPPING events from decorations provider vscode.git 3565
[2022-04-20 10:57:19.875] [exthost] [warning] [Decorations] CAPPING events from decorations provider vscode.git 3565
[2022-04-20 10:57:24.946] [exthost] [warning] [Decorations] CAPPING events from decorations provider vscode.git 3565
[2022-04-20 10:57:30.013] [exthost] [warning] [Decorations] CAPPING events from decorations provider vscode.git 3565
[2022-04-20 10:57:35.082] [exthost] [warning] [Decorations] CAPPING events from decorations provider vscode.git 3565
[2022-04-20 10:57:40.158] [exthost] [warning] [Decorations] CAPPING events from decorations provider vscode.git 3565
[2022-04-20 10:57:45.238] [exthost] [warning] [Decorations] CAPPING events from decorations provider vscode.git 3565
[2022-04-20 10:57:50.308] [exthost] [warning] [Decorations] CAPPING events from decorations provider vscode.git 3565
[2022-04-20 10:57:55.376] [exthost] [warning] [Decorations] CAPPING events from decorations provider vscode.git 3565
[2022-04-20 10:58:00.443] [exthost] [warning] [Decorations] CAPPING events from decorations provider vscode.git 3565
[2022-04-20 10:58:05.512] [exthost] [warning] [Decorations] CAPPING events from decorations provider vscode.git 3565
[2022-04-20 10:58:10.607] [exthost] [warning] [Decorations] CAPPING events from decorations provider vscode.git 3565
[2022-04-20 10:58:15.685] [exthost] [warning] [Decorations] CAPPING events from decorations provider vscode.git 3565
[2022-04-20 10:58:20.760] [exthost] [warning] [Decorations] CAPPING events from decorations provider vscode.git 3565
[2022-04-20 10:58:58.578] [exthost] [warning] [Decorations] CAPPING events from decorations provider vscode.git 3565
[2022-04-20 10:59:03.648] [exthost] [warning] [Decorations] CAPPING events from decorations provider vscode.git 3565
[2022-04-20 10:59:08.724] [exthost] [warning] [Decorations] CAPPING events from decorations provider vscode.git 3565
[2022-04-20 10:59:13.793] [exthost] [warning] [Decorations] CAPPING events from decorations provider vscode.git 3565
[2022-04-20 10:59:18.860] [exthost] [warning] [Decorations] CAPPING events from decorations provider vscode.git 3565
[2022-04-20 10:59:23.928] [exthost] [warning] [Decorations] CAPPING events from decorations provider vscode.git 3565
[2022-04-20 11:00:33.625] [exthost] [warning] [Decorations] CAPPING events from decorations provider vscode.git 3565
[2022-04-20 11:00:38.702] [exthost] [warning] [Decorations] CAPPING events from decorations provider vscode.git 3565
[2022-04-20 11:01:11.404] [exthost] [warning] [Decorations] CAPPING events from decorations provider vscode.git 3565
[2022-04-20 11:01:16.488] [exthost] [warning] [Decorations] CAPPING events from decorations provider vscode.git 3565
[2022-04-20 11:01:21.567] [exthost] [warning] [Decorations] CAPPING events from decorations provider vscode.git 3565
[2022-04-20 11:01:26.650] [exthost] [warning] [Decorations] CAPPING events from decorations provider vscode.git 3565
[2022-04-20 11:01:31.717] [exthost] [warning] [Decorations] CAPPING events from decorations provider vscode.git 3565
[2022-04-20 11:01:37.964] [exthost] [warning] [Decorations] CAPPING events from decorations provider vscode.git 3565
[2022-04-20 11:01:43.034] [exthost] [warning] [Decorations] CAPPING events from decorations provider vscode.git 3565
[2022-04-20 11:01:48.119] [exthost] [warning] [Decorations] CAPPING events from decorations provider vscode.git 3565
[2022-04-20 11:01:53.207] [exthost] [warning] [Decorations] CAPPING events from decorations provider vscode.git 3565
[2022-04-20 11:01:58.277] [exthost] [warning] [Decorations] CAPPING events from decorations provider vscode.git 3565
[2022-04-20 11:02:20.367] [exthost] [warning] [Decorations] CAPPING events from decorations provider vscode.git 3565
[2022-04-20 11:02:25.455] [exthost] [warning] [Decorations] CAPPING events from decorations provider vscode.git 3565
[2022-04-20 11:02:30.545] [exthost] [warning] [Decorations] CAPPING events from decorations provider vscode.git 3565
[2022-04-20 11:02:35.617] [exthost] [warning] [Decorations] CAPPING events from decorations provider vscode.git 3565
[2022-04-20 11:02:40.706] [exthost] [warning] [Decorations] CAPPING events from decorations provider vscode.git 3565
[2022-04-20 11:02:45.784] [exthost] [warning] [Decorations] CAPPING events from decorations provider vscode.git 3565
[2022-04-20 11:02:50.855] [exthost] [warning] [Decorations] CAPPING events from decorations provider vscode.git 3565
[2022-04-20 11:02:55.949] [exthost] [warning] [Decorations] CAPPING events from decorations provider vscode.git 3565
[2022-04-20 11:03:01.021] [exthost] [warning] [Decorations] CAPPING events from decorations provider vscode.git 3565
[2022-04-20 11:03:06.094] [exthost] [warning] [Decorations] CAPPING events from decorations provider vscode.git 3565
[2022-04-20 11:03:11.175] [exthost] [warning] [Decorations] CAPPING events from decorations provider vscode.git 3565
[2022-04-20 11:03:16.267] [exthost] [warning] [Decorations] CAPPING events from decorations provider vscode.git 3565
[2022-04-20 11:03:21.342] [exthost] [warning] [Decorations] CAPPING events from decorations provider vscode.git 3565
[2022-04-20 11:03:26.415] [exthost] [warning] [Decorations] CAPPING events from decorations provider vscode.git 3565
[2022-04-20 11:03:31.486] [exthost] [warning] [Decorations] CAPPING events from decorations provider vscode.git 3565
[2022-04-20 11:03:36.570] [exthost] [warning] [Decorations] CAPPING events from decorations provider vscode.git 3565
[2022-04-20 11:03:59.196] [exthost] [warning] [Decorations] CAPPING events from decorations provider vscode.git 3565
[2022-04-20 11:04:04.266] [exthost] [warning] [Decorations] CAPPING events from decorations provider vscode.git 3565
[2022-04-20 11:04:09.339] [exthost] [warning] [Decorations] CAPPING events from decorations provider vscode.git 3565
[2022-04-20 11:04:14.417] [exthost] [warning] [Decorations] CAPPING events from decorations provider vscode.git 3565
[2022-04-20 11:04:19.485] [exthost] [warning] [Decorations] CAPPING events from decorations provider vscode.git 3565
[2022-04-20 11:05:11.227] [exthost] [warning] [Decorations] CAPPING events from decorations provider vscode.git 3565
[2022-04-20 11:05:16.298] [exthost] [warning] [Decorations] CAPPING events from decorations provider vscode.git 3565
[2022-04-20 11:05:21.398] [exthost] [warning] [Decorations] CAPPING events from decorations provider vscode.git 3565
[2022-04-20 11:05:26.476] [exthost] [warning] [Decorations] CAPPING events from decorations provider vscode.git 3565
[2022-04-20 11:05:31.547] [exthost] [warning] [Decorations] CAPPING events from decorations provider vscode.git 3565
[2022-04-20 11:05:36.616] [exthost] [warning] [Decorations] CAPPING events from decorations provider vscode.git 3565
[2022-04-20 11:05:41.688] [exthost] [warning] [Decorations] CAPPING events from decorations provider vscode.git 3565
[2022-04-20 11:05:46.771] [exthost] [warning] [Decorations] CAPPING events from decorations provider vscode.git 3565
[2022-04-20 11:07:25.779] [exthost] [warning] [Decorations] CAPPING events from decorations provider vscode.git 3565
[2022-04-20 11:07:30.870] [exthost] [warning] [Decorations] CAPPING events from decorations provider vscode.git 3565
[2022-04-20 11:07:35.967] [exthost] [warning] [Decorations] CAPPING events from decorations provider vscode.git 3565
[2022-04-20 11:07:41.060] [exthost] [warning] [Decorations] CAPPING events from decorations provider vscode.git 3565
[2022-04-20 11:07:46.148] [exthost] [warning] [Decorations] CAPPING events from decorations provider vscode.git 3565
[2022-04-20 11:07:51.219] [exthost] [warning] [Decorations] CAPPING events from decorations provider vscode.git 3565
[2022-04-20 11:08:38.054] [exthost] [warning] [Decorations] CAPPING events from decorations provider vscode.git 3565
[2022-04-20 11:08:43.130] [exthost] [warning] [Decorations] CAPPING events from decorations provider vscode.git 3565
[2022-04-20 11:08:48.226] [exthost] [warning] [Decorations] CAPPING events from decorations provider vscode.git 3565
[2022-04-20 11:08:53.306] [exthost] [warning] [Decorations] CAPPING events from decorations provider vscode.git 3565
[2022-04-20 11:08:58.376] [exthost] [warning] [Decorations] CAPPING events from decorations provider vscode.git 3565
[2022-04-20 11:09:03.447] [exthost] [warning] [Decorations] CAPPING events from decorations provider vscode.git 3565
[2022-04-20 11:09:08.518] [exthost] [warning] [Decorations] CAPPING events from decorations provider vscode.git 3565
[2022-04-20 11:09:13.600] [exthost] [warning] [Decorations] CAPPING events from decorations provider vscode.git 3565
[2022-04-20 11:09:18.688] [exthost] [warning] [Decorations] CAPPING events from decorations provider vscode.git 3565
[2022-04-20 11:09:23.759] [exthost] [warning] [Decorations] CAPPING events from decorations provider vscode.git 3565
[2022-04-20 11:09:28.842] [exthost] [warning] [Decorations] CAPPING events from decorations provider vscode.git 3565
[2022-04-20 11:09:33.917] [exthost] [warning] [Decorations] CAPPING events from decorations provider vscode.git 3565
[2022-04-20 11:09:38.986] [exthost] [warning] [Decorations] CAPPING events from decorations provider vscode.git 3565
[2022-04-20 11:09:44.057] [exthost] [warning] [Decorations] CAPPING events from decorations provider vscode.git 3565
[2022-04-20 11:09:49.127] [exthost] [warning] [Decorations] CAPPING events from decorations provider vscode.git 3565
[2022-04-20 11:09:54.199] [exthost] [warning] [Decorations] CAPPING events from decorations provider vscode.git 3565
[2022-04-20 11:10:09.979] [exthost] [warning] [Decorations] CAPPING events from decorations provider vscode.git 3565
[2022-04-20 11:10:15.051] [exthost] [warning] [Decorations] CAPPING events from decorations provider vscode.git 3565
[2022-04-20 11:10:20.142] [exthost] [warning] [Decorations] CAPPING events from decorations provider vscode.git 3565
[2022-04-20 11:10:25.217] [exthost] [warning] [Decorations] CAPPING events from decorations provider vscode.git 3565
[2022-04-20 11:10:30.300] [exthost] [warning] [Decorations] CAPPING events from decorations provider vscode.git 3565
[2022-04-20 11:10:35.370] [exthost] [warning] [Decorations] CAPPING events from decorations provider vscode.git 3565
[2022-04-20 11:10:40.437] [exthost] [warning] [Decorations] CAPPING events from decorations provider vscode.git 3565
[2022-04-20 11:10:45.520] [exthost] [warning] [Decorations] CAPPING events from decorations provider vscode.git 3565
[2022-04-20 11:10:50.612] [exthost] [warning] [Decorations] CAPPING events from decorations provider vscode.git 3565
[2022-04-20 11:10:55.687] [exthost] [warning] [Decorations] CAPPING events from decorations provider vscode.git 3565
[2022-04-20 11:16:27.821] [exthost] [warning] [Decorations] CAPPING events from decorations provider vscode.git 3565
[2022-04-20 11:16:32.901] [exthost] [warning] [Decorations] CAPPING events from decorations provider vscode.git 3565
[2022-04-20 11:16:37.973] [exthost] [warning] [Decorations] CAPPING events from decorations provider vscode.git 3565
[2022-04-20 11:16:43.042] [exthost] [warning] [Decorations] CAPPING events from decorations provider vscode.git 3565
[2022-04-20 11:16:48.113] [exthost] [warning] [Decorations] CAPPING events from decorations provider vscode.git 3565
[2022-04-20 11:16:53.181] [exthost] [warning] [Decorations] CAPPING events from decorations provider vscode.git 3565
[2022-04-20 11:16:58.248] [exthost] [warning] [Decorations] CAPPING events from decorations provider vscode.git 3565
[2022-04-20 11:17:03.320] [exthost] [warning] [Decorations] CAPPING events from decorations provider vscode.git 3565
[2022-04-20 11:17:08.396] [exthost] [warning] [Decorations] CAPPING events from decorations provider vscode.git 3565
[2022-04-20 11:17:13.474] [exthost] [warning] [Decorations] CAPPING events from decorations provider vscode.git 3565
[2022-04-20 11:17:18.552] [exthost] [warning] [Decorations] CAPPING events from decorations provider vscode.git 3565
[2022-04-20 11:17:23.619] [exthost] [warning] [Decorations] CAPPING events from decorations provider vscode.git 3565
[2022-04-20 11:17:28.909] [exthost] [warning] [Decorations] CAPPING events from decorations provider vscode.git 3565
[2022-04-20 11:17:34.003] [exthost] [warning] [Decorations] CAPPING events from decorations provider vscode.git 3565
[2022-04-20 11:17:41.751] [exthost] [warning] [Decorations] CAPPING events from decorations provider vscode.git 3565
[2022-04-20 11:17:46.822] [exthost] [warning] [Decorations] CAPPING events from decorations provider vscode.git 3565
[2022-04-20 11:17:51.910] [exthost] [warning] [Decorations] CAPPING events from decorations provider vscode.git 3565
[2022-04-20 11:17:56.981] [exthost] [warning] [Decorations] CAPPING events from decorations provider vscode.git 3565
[2022-04-20 11:18:02.061] [exthost] [warning] [Decorations] CAPPING events from decorations provider vscode.git 3565
[2022-04-20 11:18:07.136] [exthost] [warning] [Decorations] CAPPING events from decorations provider vscode.git 3565
[2022-04-20 11:18:12.224] [exthost] [warning] [Decorations] CAPPING events from decorations provider vscode.git 3565
[2022-04-20 11:18:17.292] [exthost] [warning] [Decorations] CAPPING events from decorations provider vscode.git 3565
[2022-04-20 11:18:22.358] [exthost] [warning] [Decorations] CAPPING events from decorations provider vscode.git 3565
[2022-04-20 11:18:27.425] [exthost] [warning] [Decorations] CAPPING events from decorations provider vscode.git 3565
[2022-04-20 11:18:32.492] [exthost] [warning] [Decorations] CAPPING events from decorations provider vscode.git 3565
[2022-04-20 11:18:37.558] [exthost] [warning] [Decorations] CAPPING events from decorations provider vscode.git 3565
[2022-04-20 11:18:42.651] [exthost] [warning] [Decorations] CAPPING events from decorations provider vscode.git 3565
[2022-04-20 11:18:47.724] [exthost] [warning] [Decorations] CAPPING events from decorations provider vscode.git 3565
[2022-04-20 11:18:52.792] [exthost] [warning] [Decorations] CAPPING events from decorations provider vscode.git 3565
[2022-04-20 11:18:57.859] [exthost] [warning] [Decorations] CAPPING events from decorations provider vscode.git 3565
[2022-04-20 11:19:02.928] [exthost] [warning] [Decorations] CAPPING events from decorations provider vscode.git 3565
[2022-04-20 11:19:08.000] [exthost] [warning] [Decorations] CAPPING events from decorations provider vscode.git 3565
[2022-04-20 11:19:13.069] [exthost] [warning] [Decorations] CAPPING events from decorations provider vscode.git 3565
[2022-04-20 11:19:18.138] [exthost] [warning] [Decorations] CAPPING events from decorations provider vscode.git 3565
[2022-04-20 11:19:23.214] [exthost] [warning] [Decorations] CAPPING events from decorations provider vscode.git 3565
[2022-04-20 11:19:28.283] [exthost] [warning] [Decorations] CAPPING events from decorations provider vscode.git 3565
[2022-04-20 11:19:33.354] [exthost] [warning] [Decorations] CAPPING events from decorations provider vscode.git 3565
[2022-04-20 11:19:38.429] [exthost] [warning] [Decorations] CAPPING events from decorations provider vscode.git 3565
[2022-04-20 11:19:43.505] [exthost] [warning] [Decorations] CAPPING events from decorations provider vscode.git 3565
[2022-04-20 11:19:48.577] [exthost] [warning] [Decorations] CAPPING events from decorations provider vscode.git 3565
[2022-04-20 11:19:53.648] [exthost] [warning] [Decorations] CAPPING events from decorations provider vscode.git 3565
[2022-04-20 11:19:58.719] [exthost] [warning] [Decorations] CAPPING events from decorations provider vscode.git 3565
[2022-04-20 11:20:03.790] [exthost] [warning] [Decorations] CAPPING events from decorations provider vscode.git 3565
[2022-04-20 11:20:08.865] [exthost] [warning] [Decorations] CAPPING events from decorations provider vscode.git 3565
[2022-04-20 11:20:13.933] [exthost] [warning] [Decorations] CAPPING events from decorations provider vscode.git 3565
[2022-04-20 11:20:19.007] [exthost] [warning] [Decorations] CAPPING events from decorations provider vscode.git 3565
[2022-04-20 11:20:24.084] [exthost] [warning] [Decorations] CAPPING events from decorations provider vscode.git 3565
[2022-04-20 11:20:29.160] [exthost] [warning] [Decorations] CAPPING events from decorations provider vscode.git 3565
[2022-04-20 11:20:34.231] [exthost] [warning] [Decorations] CAPPING events from decorations provider vscode.git 3565
[2022-04-20 11:20:39.313] [exthost] [warning] [Decorations] CAPPING events from decorations provider vscode.git 3565
[2022-04-20 11:20:44.380] [exthost] [warning] [Decorations] CAPPING events from decorations provider vscode.git 3565
[2022-04-20 11:20:49.456] [exthost] [warning] [Decorations] CAPPING events from decorations provider vscode.git 3565
[2022-04-20 11:20:54.531] [exthost] [warning] [Decorations] CAPPING events from decorations provider vscode.git 3565
[2022-04-20 11:20:59.599] [exthost] [warning] [Decorations] CAPPING events from decorations provider vscode.git 3565
[2022-04-20 11:21:04.670] [exthost] [warning] [Decorations] CAPPING events from decorations provider vscode.git 3565
[2022-04-20 11:21:09.745] [exthost] [warning] [Decorations] CAPPING events from decorations provider vscode.git 3565
[2022-04-20 11:21:14.811] [exthost] [warning] [Decorations] CAPPING events from decorations provider vscode.git 3565
[2022-04-20 11:21:19.881] [exthost] [warning] [Decorations] CAPPING events from decorations provider vscode.git 3565
[2022-04-20 11:21:24.961] [exthost] [warning] [Decorations] CAPPING events from decorations provider vscode.git 3565
[2022-04-20 11:21:30.037] [exthost] [warning] [Decorations] CAPPING events from decorations provider vscode.git 3565
[2022-04-20 11:21:35.117] [exthost] [warning] [Decorations] CAPPING events from decorations provider vscode.git 3565
[2022-04-20 11:21:40.185] [exthost] [warning] [Decorations] CAPPING events from decorations provider vscode.git 3565
[2022-04-20 11:21:45.254] [exthost] [warning] [Decorations] CAPPING events from decorations provider vscode.git 3565
[2022-04-20 11:21:50.322] [exthost] [warning] [Decorations] CAPPING events from decorations provider vscode.git 3565
[2022-04-20 11:21:56.917] [exthost] [warning] [Decorations] CAPPING events from decorations provider vscode.git 3565
[2022-04-20 11:22:02.017] [exthost] [warning] [Decorations] CAPPING events from decorations provider vscode.git 3565
[2022-04-20 11:22:07.129] [exthost] [warning] [Decorations] CAPPING events from decorations provider vscode.git 3565
[2022-04-20 11:22:12.212] [exthost] [warning] [Decorations] CAPPING events from decorations provider vscode.git 3565
[2022-04-20 11:22:17.295] [exthost] [warning] [Decorations] CAPPING events from decorations provider vscode.git 3565
[2022-04-20 11:22:22.379] [exthost] [warning] [Decorations] CAPPING events from decorations provider vscode.git 3565
[2022-04-20 11:22:27.468] [exthost] [warning] [Decorations] CAPPING events from decorations provider vscode.git 3565
[2022-04-20 11:22:32.553] [exthost] [warning] [Decorations] CAPPING events from decorations provider vscode.git 3565
[2022-04-20 11:22:37.693] [exthost] [warning] [Decorations] CAPPING events from decorations provider vscode.git 3565
[2022-04-20 11:22:43.809] [exthost] [warning] [Decorations] CAPPING events from decorations provider vscode.git 3565
[2022-04-20 11:22:48.956] [exthost] [warning] [Decorations] CAPPING events from decorations provider vscode.git 3565
[2022-04-20 11:22:54.211] [exthost] [warning] [Decorations] CAPPING events from decorations provider vscode.git 3565
[2022-04-20 11:22:59.293] [exthost] [warning] [Decorations] CAPPING events from decorations provider vscode.git 3565
[2022-04-20 11:23:04.363] [exthost] [warning] [Decorations] CAPPING events from decorations provider vscode.git 3565
[2022-04-20 11:23:09.441] [exthost] [warning] [Decorations] CAPPING events from decorations provider vscode.git 3565
[2022-04-20 11:23:14.514] [exthost] [warning] [Decorations] CAPPING events from decorations provider vscode.git 3565
[2022-04-20 11:23:19.586] [exthost] [warning] [Decorations] CAPPING events from decorations provider vscode.git 3565
[2022-04-20 11:23:24.656] [exthost] [warning] [Decorations] CAPPING events from decorations provider vscode.git 3565
[2022-04-20 11:23:29.732] [exthost] [warning] [Decorations] CAPPING events from decorations provider vscode.git 3565
[2022-04-20 11:23:34.806] [exthost] [warning] [Decorations] CAPPING events from decorations provider vscode.git 3565
[2022-04-20 11:23:39.883] [exthost] [warning] [Decorations] CAPPING events from decorations provider vscode.git 3565
[2022-04-20 11:23:44.959] [exthost] [warning] [Decorations] CAPPING events from decorations provider vscode.git 3565
[2022-04-20 11:23:50.038] [exthost] [warning] [Decorations] CAPPING events from decorations provider vscode.git 3565
[2022-04-20 11:23:55.111] [exthost] [warning] [Decorations] CAPPING events from decorations provider vscode.git 3565
[2022-04-20 11:24:00.189] [exthost] [warning] [Decorations] CAPPING events from decorations provider vscode.git 3565
[2022-04-20 11:24:05.266] [exthost] [warning] [Decorations] CAPPING events from decorations provider vscode.git 3565
[2022-04-20 11:24:10.347] [exthost] [warning] [Decorations] CAPPING events from decorations provider vscode.git 3565
[2022-04-20 11:24:15.415] [exthost] [warning] [Decorations] CAPPING events from decorations provider vscode.git 3565
[2022-04-20 11:24:20.499] [exthost] [warning] [Decorations] CAPPING events from decorations provider vscode.git 3565
[2022-04-20 11:24:25.573] [exthost] [warning] [Decorations] CAPPING events from decorations provider vscode.git 3565
[2022-04-20 11:24:30.654] [exthost] [warning] [Decorations] CAPPING events from decorations provider vscode.git 3565
[2022-04-20 11:24:35.731] [exthost] [warning] [Decorations] CAPPING events from decorations provider vscode.git 3565
[2022-04-20 11:24:40.798] [exthost] [warning] [Decorations] CAPPING events from decorations provider vscode.git 3565
[2022-04-20 11:24:45.876] [exthost] [warning] [Decorations] CAPPING events from decorations provider vscode.git 3565
[2022-04-20 11:24:50.984] [exthost] [warning] [Decorations] CAPPING events from decorations provider vscode.git 3565
[2022-04-20 11:24:56.074] [exthost] [warning] [Decorations] CAPPING events from decorations provider vscode.git 3565
[2022-04-20 11:25:01.169] [exthost] [warning] [Decorations] CAPPING events from decorations provider vscode.git 3565
[2022-04-20 11:25:06.244] [exthost] [warning] [Decorations] CAPPING events from decorations provider vscode.git 3565
[2022-04-20 11:25:11.339] [exthost] [warning] [Decorations] CAPPING events from decorations provider vscode.git 3565
[2022-04-20 11:25:16.422] [exthost] [warning] [Decorations] CAPPING events from decorations provider vscode.git 3565
[2022-04-20 11:25:21.513] [exthost] [warning] [Decorations] CAPPING events from decorations provider vscode.git 3565
[2022-04-20 11:25:26.603] [exthost] [warning] [Decorations] CAPPING events from decorations provider vscode.git 3565
[2022-04-20 11:25:31.696] [exthost] [warning] [Decorations] CAPPING events from decorations provider vscode.git 3565
[2022-04-20 11:25:36.782] [exthost] [warning] [Decorations] CAPPING events from decorations provider vscode.git 3565
[2022-04-20 11:25:41.866] [exthost] [warning] [Decorations] CAPPING events from decorations provider vscode.git 3565
[2022-04-20 11:25:46.974] [exthost] [warning] [Decorations] CAPPING events from decorations provider vscode.git 3565
[2022-04-20 11:25:52.063] [exthost] [warning] [Decorations] CAPPING events from decorations provider vscode.git 3565
[2022-04-20 11:25:57.144] [exthost] [warning] [Decorations] CAPPING events from decorations provider vscode.git 3565
[2022-04-20 11:26:02.213] [exthost] [warning] [Decorations] CAPPING events from decorations provider vscode.git 3565
[2022-04-20 11:26:07.294] [exthost] [warning] [Decorations] CAPPING events from decorations provider vscode.git 3565
[2022-04-20 11:26:12.400] [exthost] [warning] [Decorations] CAPPING events from decorations provider vscode.git 3565
[2022-04-20 11:26:17.473] [exthost] [warning] [Decorations] CAPPING events from decorations provider vscode.git 3566
[2022-04-20 11:26:22.547] [exthost] [warning] [Decorations] CAPPING events from decorations provider vscode.git 3566
[2022-04-20 11:26:27.613] [exthost] [warning] [Decorations] CAPPING events from decorations provider vscode.git 3566
[2022-04-20 11:26:32.682] [exthost] [warning] [Decorations] CAPPING events from decorations provider vscode.git 3566
[2022-04-20 11:26:37.751] [exthost] [warning] [Decorations] CAPPING events from decorations provider vscode.git 3566
[2022-04-20 11:26:42.844] [exthost] [warning] [Decorations] CAPPING events from decorations provider vscode.git 3566
[2022-04-20 11:26:47.915] [exthost] [warning] [Decorations] CAPPING events from decorations provider vscode.git 3566
[2022-04-20 11:26:52.981] [exthost] [warning] [Decorations] CAPPING events from decorations provider vscode.git 3566
[2022-04-20 11:26:58.047] [exthost] [warning] [Decorations] CAPPING events from decorations provider vscode.git 3566
[2022-04-20 11:27:03.126] [exthost] [warning] [Decorations] CAPPING events from decorations provider vscode.git 3566
[2022-04-20 11:27:08.403] [exthost] [warning] [Decorations] CAPPING events from decorations provider vscode.git 3566
[2022-04-20 11:27:13.496] [exthost] [warning] [Decorations] CAPPING events from decorations provider vscode.git 3567
[2022-04-20 11:27:18.570] [exthost] [warning] [Decorations] CAPPING events from decorations provider vscode.git 3568
[2022-04-20 11:27:23.639] [exthost] [warning] [Decorations] CAPPING events from decorations provider vscode.git 3568
[2022-04-20 11:27:28.708] [exthost] [warning] [Decorations] CAPPING events from decorations provider vscode.git 3568
[2022-04-20 11:27:33.783] [exthost] [warning] [Decorations] CAPPING events from decorations provider vscode.git 3568
[2022-04-20 11:27:38.858] [exthost] [warning] [Decorations] CAPPING events from decorations provider vscode.git 3568
[2022-04-20 11:27:43.947] [exthost] [warning] [Decorations] CAPPING events from decorations provider vscode.git 3568
[2022-04-20 11:27:49.029] [exthost] [warning] [Decorations] CAPPING events from decorations provider vscode.git 3568
[2022-04-20 11:27:54.109] [exthost] [warning] [Decorations] CAPPING events from decorations provider vscode.git 3568
[2022-04-20 11:27:59.179] [exthost] [warning] [Decorations] CAPPING events from decorations provider vscode.git 3568
[2022-04-20 11:28:04.259] [exthost] [warning] [Decorations] CAPPING events from decorations provider vscode.git 3568
[2022-04-20 11:28:09.342] [exthost] [warning] [Decorations] CAPPING events from decorations provider vscode.git 3568
[2022-04-20 11:28:14.418] [exthost] [warning] [Decorations] CAPPING events from decorations provider vscode.git 3568
[2022-04-20 11:28:19.488] [exthost] [warning] [Decorations] CAPPING events from decorations provider vscode.git 3568
[2022-04-20 11:28:24.581] [exthost] [warning] [Decorations] CAPPING events from decorations provider vscode.git 3568
[2022-04-20 11:28:29.654] [exthost] [warning] [Decorations] CAPPING events from decorations provider vscode.git 3568
[2022-04-20 11:28:34.746] [exthost] [warning] [Decorations] CAPPING events from decorations provider vscode.git 3568
[2022-04-20 11:32:03.094] [exthost] [warning] [Decorations] CAPPING events from decorations provider vscode.git 3568
[2022-04-20 11:32:08.162] [exthost] [warning] [Decorations] CAPPING events from decorations provider vscode.git 3568
[2022-04-20 11:32:13.246] [exthost] [warning] [Decorations] CAPPING events from decorations provider vscode.git 3568
[2022-04-20 11:32:18.327] [exthost] [warning] [Decorations] CAPPING events from decorations provider vscode.git 3568
[2022-04-20 11:32:23.397] [exthost] [warning] [Decorations] CAPPING events from decorations provider vscode.git 3568
[2022-04-20 11:32:28.466] [exthost] [warning] [Decorations] CAPPING events from decorations provider vscode.git 3568
[2022-04-20 11:32:33.533] [exthost] [warning] [Decorations] CAPPING events from decorations provider vscode.git 3568
[2022-04-20 11:32:38.604] [exthost] [warning] [Decorations] CAPPING events from decorations provider vscode.git 3568
[2022-04-20 11:33:08.398] [exthost] [warning] [Decorations] CAPPING events from decorations provider vscode.git 3568
[2022-04-20 11:33:13.469] [exthost] [warning] [Decorations] CAPPING events from decorations provider vscode.git 3568
[2022-04-20 11:33:18.538] [exthost] [warning] [Decorations] CAPPING events from decorations provider vscode.git 3568
[2022-04-20 11:33:23.624] [exthost] [warning] [Decorations] CAPPING events from decorations provider vscode.git 3568
[2022-04-20 11:33:28.694] [exthost] [warning] [Decorations] CAPPING events from decorations provider vscode.git 3568
[2022-04-20 11:33:33.762] [exthost] [warning] [Decorations] CAPPING events from decorations provider vscode.git 3568
[2022-04-20 11:33:38.834] [exthost] [warning] [Decorations] CAPPING events from decorations provider vscode.git 3568
[2022-04-20 11:33:43.902] [exthost] [warning] [Decorations] CAPPING events from decorations provider vscode.git 3568
[2022-04-20 11:33:48.978] [exthost] [warning] [Decorations] CAPPING events from decorations provider vscode.git 3568
[2022-04-20 11:33:54.053] [exthost] [warning] [Decorations] CAPPING events from decorations provider vscode.git 3568
[2022-04-20 11:33:59.126] [exthost] [warning] [Decorations] CAPPING events from decorations provider vscode.git 3568
[2022-04-20 11:34:04.195] [exthost] [warning] [Decorations] CAPPING events from decorations provider vscode.git 3568
[2022-04-20 11:34:09.270] [exthost] [warning] [Decorations] CAPPING events from decorations provider vscode.git 3568
[2022-04-20 11:34:14.342] [exthost] [warning] [Decorations] CAPPING events from decorations provider vscode.git 3568
[2022-04-20 11:34:19.414] [exthost] [warning] [Decorations] CAPPING events from decorations provider vscode.git 3568
[2022-04-20 11:34:24.482] [exthost] [warning] [Decorations] CAPPING events from decorations provider vscode.git 3568
[2022-04-20 11:34:29.554] [exthost] [warning] [Decorations] CAPPING events from decorations provider vscode.git 3568
[2022-04-20 11:34:34.622] [exthost] [warning] [Decorations] CAPPING events from decorations provider vscode.git 3568
[2022-04-20 11:34:39.695] [exthost] [warning] [Decorations] CAPPING events from decorations provider vscode.git 3568
[2022-04-20 11:34:44.766] [exthost] [warning] [Decorations] CAPPING events from decorations provider vscode.git 3568
[2022-04-20 11:34:49.851] [exthost] [warning] [Decorations] CAPPING events from decorations provider vscode.git 3568
[2022-04-20 11:34:54.930] [exthost] [warning] [Decorations] CAPPING events from decorations provider vscode.git 3568
[2022-04-20 11:35:00.000] [exthost] [warning] [Decorations] CAPPING events from decorations provider vscode.git 3568
[2022-04-20 11:35:05.077] [exthost] [warning] [Decorations] CAPPING events from decorations provider vscode.git 3568
[2022-04-20 11:35:10.158] [exthost] [warning] [Decorations] CAPPING events from decorations provider vscode.git 3568
[2022-04-20 11:35:15.235] [exthost] [warning] [Decorations] CAPPING events from decorations provider vscode.git 3568
[2022-04-20 11:35:20.313] [exthost] [warning] [Decorations] CAPPING events from decorations provider vscode.git 3568
[2022-04-20 11:35:25.393] [exthost] [warning] [Decorations] CAPPING events from decorations provider vscode.git 3568
[2022-04-20 11:35:30.466] [exthost] [warning] [Decorations] CAPPING events from decorations provider vscode.git 3568
[2022-04-20 11:35:35.553] [exthost] [warning] [Decorations] CAPPING events from decorations provider vscode.git 3568
[2022-04-20 11:35:40.639] [exthost] [warning] [Decorations] CAPPING events from decorations provider vscode.git 3568
[2022-04-20 11:35:45.707] [exthost] [warning] [Decorations] CAPPING events from decorations provider vscode.git 3568
[2022-04-20 11:35:50.778] [exthost] [warning] [Decorations] CAPPING events from decorations provider vscode.git 3568
[2022-04-20 11:35:55.847] [exthost] [warning] [Decorations] CAPPING events from decorations provider vscode.git 3568
[2022-04-20 11:36:00.924] [exthost] [warning] [Decorations] CAPPING events from decorations provider vscode.git 3568
[2022-04-20 11:36:42.587] [exthost] [warning] [Decorations] CAPPING events from decorations provider vscode.git 3568
[2022-04-20 11:36:47.658] [exthost] [warning] [Decorations] CAPPING events from decorations provider vscode.git 3568
[2022-04-20 11:36:52.729] [exthost] [warning] [Decorations] CAPPING events from decorations provider vscode.git 3568
[2022-04-20 11:36:57.806] [exthost] [warning] [Decorations] CAPPING events from decorations provider vscode.git 3568
[2022-04-20 11:37:02.877] [exthost] [warning] [Decorations] CAPPING events from decorations provider vscode.git 3568
[2022-04-20 11:37:07.946] [exthost] [warning] [Decorations] CAPPING events from decorations provider vscode.git 3568
[2022-04-20 11:37:13.016] [exthost] [warning] [Decorations] CAPPING events from decorations provider vscode.git 3568
[2022-04-20 11:37:18.085] [exthost] [warning] [Decorations] CAPPING events from decorations provider vscode.git 3568
[2022-04-20 11:37:23.158] [exthost] [warning] [Decorations] CAPPING events from decorations provider vscode.git 3568
[2022-04-20 11:37:28.225] [exthost] [warning] [Decorations] CAPPING events from decorations provider vscode.git 3568
[2022-04-20 11:37:33.298] [exthost] [warning] [Decorations] CAPPING events from decorations provider vscode.git 3568
[2022-04-20 11:37:38.370] [exthost] [warning] [Decorations] CAPPING events from decorations provider vscode.git 3568
[2022-04-20 11:37:43.456] [exthost] [warning] [Decorations] CAPPING events from decorations provider vscode.git 3568
[2022-04-20 11:37:48.525] [exthost] [warning] [Decorations] CAPPING events from decorations provider vscode.git 3569
[2022-04-20 11:37:53.604] [exthost] [warning] [Decorations] CAPPING events from decorations provider vscode.git 3569
[2022-04-20 11:37:59.715] [exthost] [warning] [Decorations] CAPPING events from decorations provider vscode.git 3569
[2022-04-20 11:38:04.791] [exthost] [warning] [Decorations] CAPPING events from decorations provider vscode.git 3569
[2022-04-20 11:38:09.879] [exthost] [warning] [Decorations] CAPPING events from decorations provider vscode.git 3569
[2022-04-20 11:38:14.966] [exthost] [warning] [Decorations] CAPPING events from decorations provider vscode.git 3569
