[2022-03-18 14:44:28.472] [exthost] [info] Extension host with pid 164 started
[2022-03-18 14:44:28.517] [exthost] [info] Lock '/home/julien/.vscode-server/data/User/workspaceStorage/f516fa5c7c7214add0b54bca5a44f89f/vscode.lock': Lock acquired.
[2022-03-18 14:44:28.755] [exthost] [info] ExtensionService#_doActivateExtension vscode.debug-auto-launch, startup: true, activationEvent: '*'
[2022-03-18 14:44:28.777] [exthost] [info] ExtensionService#_doActivateExtension vscode.git-base, startup: true, activationEvent: '*', root cause: vscode.github
[2022-03-18 14:44:28.792] [exthost] [info] ExtensionService#_doActivateExtension vscode.ipynb, startup: true, activationEvent: '*'
[2022-03-18 14:44:28.953] [exthost] [info] ExtensionService#_doActivateExtension vscode.git, startup: true, activationEvent: '*'
[2022-03-18 14:44:29.085] [exthost] [info] ExtensionService#_doActivateExtension vscode.github, startup: true, activationEvent: '*'
[2022-03-18 14:44:29.456] [exthost] [info] ExtensionService#_doActivateExtension vscode.emmet, startup: false, activationEvent: 'onStartupFinished'
[2022-03-18 14:44:29.485] [exthost] [info] ExtensionService#_doActivateExtension vscode.merge-conflict, startup: false, activationEvent: 'onStartupFinished'
[2022-03-18 14:44:29.490] [exthost] [info] Eager extensions activated
[2022-03-18 14:44:29.697] [exthost] [warning] [Decorations] CAPPING events from decorations provider vscode.git 2387
[2022-03-18 14:44:38.141] [exthost] [warning] [Decorations] CAPPING events from decorations provider vscode.git 2388
[2022-03-18 14:44:43.240] [exthost] [warning] [Decorations] CAPPING events from decorations provider vscode.git 2388
[2022-03-18 14:45:09.475] [exthost] [warning] [Decorations] CAPPING events from decorations provider vscode.git 2388
[2022-03-18 14:45:14.538] [exthost] [warning] [Decorations] CAPPING events from decorations provider vscode.git 2388
[2022-03-18 14:45:19.595] [exthost] [warning] [Decorations] CAPPING events from decorations provider vscode.git 2388
[2022-03-18 14:46:29.706] [exthost] [warning] [Decorations] CAPPING events from decorations provider vscode.git 2388
[2022-03-18 14:46:34.782] [exthost] [warning] [Decorations] CAPPING events from decorations provider vscode.git 2388
[2022-03-18 14:46:39.876] [exthost] [warning] [Decorations] CAPPING events from decorations provider vscode.git 2388
[2022-03-18 14:46:44.954] [exthost] [warning] [Decorations] CAPPING events from decorations provider vscode.git 2388
[2022-03-18 14:46:50.031] [exthost] [warning] [Decorations] CAPPING events from decorations provider vscode.git 2388
[2022-03-18 14:46:55.109] [exthost] [warning] [Decorations] CAPPING events from decorations provider vscode.git 2388
[2022-03-18 14:47:00.181] [exthost] [warning] [Decorations] CAPPING events from decorations provider vscode.git 2388
[2022-03-18 14:47:05.253] [exthost] [warning] [Decorations] CAPPING events from decorations provider vscode.git 2388
[2022-03-18 14:47:10.323] [exthost] [warning] [Decorations] CAPPING events from decorations provider vscode.git 2388
[2022-03-18 14:47:15.379] [exthost] [warning] [Decorations] CAPPING events from decorations provider vscode.git 2388
[2022-03-18 14:47:51.881] [exthost] [warning] [Decorations] CAPPING events from decorations provider vscode.git 2388
[2022-03-18 14:47:56.951] [exthost] [warning] [Decorations] CAPPING events from decorations provider vscode.git 2388
[2022-03-18 14:49:05.475] [exthost] [warning] [Decorations] CAPPING events from decorations provider vscode.git 2388
[2022-03-18 14:49:10.541] [exthost] [warning] [Decorations] CAPPING events from decorations provider vscode.git 2388
[2022-03-18 14:49:15.608] [exthost] [warning] [Decorations] CAPPING events from decorations provider vscode.git 2388
[2022-03-18 14:49:20.687] [exthost] [warning] [Decorations] CAPPING events from decorations provider vscode.git 2389
[2022-03-18 14:49:26.967] [exthost] [warning] [Decorations] CAPPING events from decorations provider vscode.git 2389
[2022-03-18 14:49:32.036] [exthost] [warning] [Decorations] CAPPING events from decorations provider vscode.git 2389
[2022-03-18 14:49:37.107] [exthost] [warning] [Decorations] CAPPING events from decorations provider vscode.git 2389
[2022-03-18 14:49:42.183] [exthost] [warning] [Decorations] CAPPING events from decorations provider vscode.git 2389
[2022-03-18 14:49:47.245] [exthost] [warning] [Decorations] CAPPING events from decorations provider vscode.git 2389
[2022-03-18 14:49:52.309] [exthost] [warning] [Decorations] CAPPING events from decorations provider vscode.git 2389
[2022-03-18 14:49:57.390] [exthost] [warning] [Decorations] CAPPING events from decorations provider vscode.git 2389
[2022-03-18 14:50:02.450] [exthost] [warning] [Decorations] CAPPING events from decorations provider vscode.git 2389
[2022-03-18 14:50:07.518] [exthost] [warning] [Decorations] CAPPING events from decorations provider vscode.git 2389
[2022-03-18 14:50:12.586] [exthost] [warning] [Decorations] CAPPING events from decorations provider vscode.git 2389
[2022-03-18 14:50:17.656] [exthost] [warning] [Decorations] CAPPING events from decorations provider vscode.git 2389
[2022-03-18 14:51:16.253] [exthost] [warning] [Decorations] CAPPING events from decorations provider vscode.git 2389
[2022-03-18 14:51:21.322] [exthost] [warning] [Decorations] CAPPING events from decorations provider vscode.git 2389
[2022-03-18 14:51:26.383] [exthost] [warning] [Decorations] CAPPING events from decorations provider vscode.git 2389
[2022-03-18 14:51:31.451] [exthost] [warning] [Decorations] CAPPING events from decorations provider vscode.git 2389
[2022-03-18 14:51:36.517] [exthost] [warning] [Decorations] CAPPING events from decorations provider vscode.git 2389
[2022-03-18 14:51:41.585] [exthost] [warning] [Decorations] CAPPING events from decorations provider vscode.git 2390
[2022-03-18 14:51:46.649] [exthost] [warning] [Decorations] CAPPING events from decorations provider vscode.git 2390
[2022-03-18 14:51:51.728] [exthost] [warning] [Decorations] CAPPING events from decorations provider vscode.git 2390
[2022-03-18 14:51:56.803] [exthost] [warning] [Decorations] CAPPING events from decorations provider vscode.git 2390
[2022-03-18 14:52:01.872] [exthost] [warning] [Decorations] CAPPING events from decorations provider vscode.git 2390
[2022-03-18 14:52:06.933] [exthost] [warning] [Decorations] CAPPING events from decorations provider vscode.git 2390
[2022-03-18 14:52:12.002] [exthost] [warning] [Decorations] CAPPING events from decorations provider vscode.git 2390
[2022-03-18 14:52:17.078] [exthost] [warning] [Decorations] CAPPING events from decorations provider vscode.git 2390
[2022-03-18 14:52:22.147] [exthost] [warning] [Decorations] CAPPING events from decorations provider vscode.git 2390
[2022-03-18 14:52:27.213] [exthost] [warning] [Decorations] CAPPING events from decorations provider vscode.git 2390
[2022-03-18 14:52:32.287] [exthost] [warning] [Decorations] CAPPING events from decorations provider vscode.git 2390
[2022-03-18 14:52:37.356] [exthost] [warning] [Decorations] CAPPING events from decorations provider vscode.git 2390
[2022-03-18 14:52:42.418] [exthost] [warning] [Decorations] CAPPING events from decorations provider vscode.git 2390
[2022-03-18 14:52:47.483] [exthost] [warning] [Decorations] CAPPING events from decorations provider vscode.git 2390
[2022-03-18 14:52:52.553] [exthost] [warning] [Decorations] CAPPING events from decorations provider vscode.git 2390
[2022-03-18 14:52:57.617] [exthost] [warning] [Decorations] CAPPING events from decorations provider vscode.git 2390
[2022-03-18 14:53:02.683] [exthost] [warning] [Decorations] CAPPING events from decorations provider vscode.git 2390
[2022-03-18 14:53:07.743] [exthost] [warning] [Decorations] CAPPING events from decorations provider vscode.git 2390
[2022-03-18 14:53:12.813] [exthost] [warning] [Decorations] CAPPING events from decorations provider vscode.git 2390
[2022-03-18 14:53:17.877] [exthost] [warning] [Decorations] CAPPING events from decorations provider vscode.git 2390
[2022-03-18 14:53:22.940] [exthost] [warning] [Decorations] CAPPING events from decorations provider vscode.git 2390
[2022-03-18 14:53:28.012] [exthost] [warning] [Decorations] CAPPING events from decorations provider vscode.git 2390
[2022-03-18 14:53:33.096] [exthost] [warning] [Decorations] CAPPING events from decorations provider vscode.git 2390
[2022-03-18 14:53:38.158] [exthost] [warning] [Decorations] CAPPING events from decorations provider vscode.git 2390
[2022-03-18 14:53:43.234] [exthost] [warning] [Decorations] CAPPING events from decorations provider vscode.git 2390
[2022-03-18 14:53:48.319] [exthost] [warning] [Decorations] CAPPING events from decorations provider vscode.git 2390
[2022-03-18 14:53:53.416] [exthost] [warning] [Decorations] CAPPING events from decorations provider vscode.git 2390
[2022-03-18 14:53:58.478] [exthost] [warning] [Decorations] CAPPING events from decorations provider vscode.git 2390
[2022-03-18 14:54:03.544] [exthost] [warning] [Decorations] CAPPING events from decorations provider vscode.git 2390
[2022-03-18 14:54:08.605] [exthost] [warning] [Decorations] CAPPING events from decorations provider vscode.git 2390
[2022-03-18 14:54:13.674] [exthost] [warning] [Decorations] CAPPING events from decorations provider vscode.git 2390
[2022-03-18 14:54:18.741] [exthost] [warning] [Decorations] CAPPING events from decorations provider vscode.git 2390
[2022-03-18 14:54:23.805] [exthost] [warning] [Decorations] CAPPING events from decorations provider vscode.git 2390
[2022-03-18 14:54:28.897] [exthost] [warning] [Decorations] CAPPING events from decorations provider vscode.git 2390
[2022-03-18 14:54:33.982] [exthost] [warning] [Decorations] CAPPING events from decorations provider vscode.git 2390
[2022-03-18 14:54:39.046] [exthost] [warning] [Decorations] CAPPING events from decorations provider vscode.git 2390
[2022-03-18 14:54:44.108] [exthost] [warning] [Decorations] CAPPING events from decorations provider vscode.git 2390
[2022-03-18 14:54:49.193] [exthost] [warning] [Decorations] CAPPING events from decorations provider vscode.git 2390
[2022-03-18 14:54:54.258] [exthost] [warning] [Decorations] CAPPING events from decorations provider vscode.git 2390
[2022-03-18 14:54:59.336] [exthost] [warning] [Decorations] CAPPING events from decorations provider vscode.git 2390
[2022-03-18 14:55:04.402] [exthost] [warning] [Decorations] CAPPING events from decorations provider vscode.git 2390
[2022-03-18 14:55:09.469] [exthost] [warning] [Decorations] CAPPING events from decorations provider vscode.git 2390
[2022-03-18 14:55:14.534] [exthost] [warning] [Decorations] CAPPING events from decorations provider vscode.git 2390
[2022-03-18 14:55:19.609] [exthost] [warning] [Decorations] CAPPING events from decorations provider vscode.git 2390
[2022-03-18 14:55:24.675] [exthost] [warning] [Decorations] CAPPING events from decorations provider vscode.git 2390
[2022-03-18 14:55:29.747] [exthost] [warning] [Decorations] CAPPING events from decorations provider vscode.git 2390
[2022-03-18 14:55:34.811] [exthost] [warning] [Decorations] CAPPING events from decorations provider vscode.git 2390
[2022-03-18 14:55:39.877] [exthost] [warning] [Decorations] CAPPING events from decorations provider vscode.git 2390
[2022-03-18 14:55:44.949] [exthost] [warning] [Decorations] CAPPING events from decorations provider vscode.git 2390
[2022-03-18 14:55:50.022] [exthost] [warning] [Decorations] CAPPING events from decorations provider vscode.git 2390
[2022-03-18 14:55:55.086] [exthost] [warning] [Decorations] CAPPING events from decorations provider vscode.git 2390
[2022-03-18 14:56:00.154] [exthost] [warning] [Decorations] CAPPING events from decorations provider vscode.git 2390
[2022-03-18 14:56:05.227] [exthost] [warning] [Decorations] CAPPING events from decorations provider vscode.git 2390
[2022-03-18 14:56:10.293] [exthost] [warning] [Decorations] CAPPING events from decorations provider vscode.git 2390
[2022-03-18 14:56:15.360] [exthost] [warning] [Decorations] CAPPING events from decorations provider vscode.git 2390
[2022-03-18 14:56:20.432] [exthost] [warning] [Decorations] CAPPING events from decorations provider vscode.git 2390
[2022-03-18 14:56:25.498] [exthost] [warning] [Decorations] CAPPING events from decorations provider vscode.git 2390
[2022-03-18 14:56:30.569] [exthost] [warning] [Decorations] CAPPING events from decorations provider vscode.git 2390
[2022-03-18 14:56:35.641] [exthost] [warning] [Decorations] CAPPING events from decorations provider vscode.git 2390
[2022-03-18 14:56:40.712] [exthost] [warning] [Decorations] CAPPING events from decorations provider vscode.git 2390
[2022-03-18 14:56:45.782] [exthost] [warning] [Decorations] CAPPING events from decorations provider vscode.git 2390
[2022-03-18 14:56:50.853] [exthost] [warning] [Decorations] CAPPING events from decorations provider vscode.git 2390
[2022-03-18 14:56:55.923] [exthost] [warning] [Decorations] CAPPING events from decorations provider vscode.git 2390
[2022-03-18 14:57:00.995] [exthost] [warning] [Decorations] CAPPING events from decorations provider vscode.git 2390
[2022-03-18 14:57:06.073] [exthost] [warning] [Decorations] CAPPING events from decorations provider vscode.git 2390
[2022-03-18 14:57:11.146] [exthost] [warning] [Decorations] CAPPING events from decorations provider vscode.git 2390
[2022-03-18 14:57:16.208] [exthost] [warning] [Decorations] CAPPING events from decorations provider vscode.git 2390
[2022-03-18 14:57:21.294] [exthost] [warning] [Decorations] CAPPING events from decorations provider vscode.git 2390
[2022-03-18 14:57:26.356] [exthost] [warning] [Decorations] CAPPING events from decorations provider vscode.git 2390
[2022-03-18 14:57:31.421] [exthost] [warning] [Decorations] CAPPING events from decorations provider vscode.git 2390
[2022-03-18 14:57:36.484] [exthost] [warning] [Decorations] CAPPING events from decorations provider vscode.git 2390
[2022-03-18 14:57:41.556] [exthost] [warning] [Decorations] CAPPING events from decorations provider vscode.git 2390
[2022-03-18 14:57:46.623] [exthost] [warning] [Decorations] CAPPING events from decorations provider vscode.git 2390
[2022-03-18 14:57:51.698] [exthost] [warning] [Decorations] CAPPING events from decorations provider vscode.git 2390
[2022-03-18 14:57:56.762] [exthost] [warning] [Decorations] CAPPING events from decorations provider vscode.git 2390
[2022-03-18 14:58:01.843] [exthost] [warning] [Decorations] CAPPING events from decorations provider vscode.git 2390
[2022-03-18 14:58:06.909] [exthost] [warning] [Decorations] CAPPING events from decorations provider vscode.git 2390
[2022-03-18 14:58:11.979] [exthost] [warning] [Decorations] CAPPING events from decorations provider vscode.git 2390
[2022-03-18 14:58:17.042] [exthost] [warning] [Decorations] CAPPING events from decorations provider vscode.git 2390
[2022-03-18 14:58:22.107] [exthost] [warning] [Decorations] CAPPING events from decorations provider vscode.git 2390
[2022-03-18 14:58:27.186] [exthost] [warning] [Decorations] CAPPING events from decorations provider vscode.git 2390
[2022-03-18 14:59:07.399] [exthost] [warning] [Decorations] CAPPING events from decorations provider vscode.git 2390
[2022-03-18 14:59:12.470] [exthost] [warning] [Decorations] CAPPING events from decorations provider vscode.git 2390
[2022-03-18 14:59:17.544] [exthost] [warning] [Decorations] CAPPING events from decorations provider vscode.git 2390
[2022-03-18 14:59:22.623] [exthost] [warning] [Decorations] CAPPING events from decorations provider vscode.git 2390
[2022-03-18 14:59:27.699] [exthost] [warning] [Decorations] CAPPING events from decorations provider vscode.git 2390
[2022-03-18 14:59:32.782] [exthost] [warning] [Decorations] CAPPING events from decorations provider vscode.git 2390
[2022-03-18 14:59:37.855] [exthost] [warning] [Decorations] CAPPING events from decorations provider vscode.git 2390
[2022-03-18 14:59:42.924] [exthost] [warning] [Decorations] CAPPING events from decorations provider vscode.git 2390
[2022-03-18 14:59:48.002] [exthost] [warning] [Decorations] CAPPING events from decorations provider vscode.git 2390
[2022-03-18 14:59:53.075] [exthost] [warning] [Decorations] CAPPING events from decorations provider vscode.git 2390
[2022-03-18 14:59:58.150] [exthost] [warning] [Decorations] CAPPING events from decorations provider vscode.git 2390
[2022-03-18 15:00:03.238] [exthost] [warning] [Decorations] CAPPING events from decorations provider vscode.git 2390
[2022-03-18 15:00:08.313] [exthost] [warning] [Decorations] CAPPING events from decorations provider vscode.git 2390
[2022-03-18 15:00:13.377] [exthost] [warning] [Decorations] CAPPING events from decorations provider vscode.git 2390
[2022-03-18 15:00:18.464] [exthost] [warning] [Decorations] CAPPING events from decorations provider vscode.git 2390
[2022-03-18 15:00:23.531] [exthost] [warning] [Decorations] CAPPING events from decorations provider vscode.git 2390
[2022-03-18 15:00:28.595] [exthost] [warning] [Decorations] CAPPING events from decorations provider vscode.git 2390
[2022-03-18 15:00:33.667] [exthost] [warning] [Decorations] CAPPING events from decorations provider vscode.git 2390
[2022-03-18 15:00:38.747] [exthost] [warning] [Decorations] CAPPING events from decorations provider vscode.git 2390
[2022-03-18 15:00:43.813] [exthost] [warning] [Decorations] CAPPING events from decorations provider vscode.git 2390
[2022-03-18 15:00:48.891] [exthost] [warning] [Decorations] CAPPING events from decorations provider vscode.git 2390
[2022-03-18 15:00:53.966] [exthost] [warning] [Decorations] CAPPING events from decorations provider vscode.git 2390
[2022-03-18 15:00:59.036] [exthost] [warning] [Decorations] CAPPING events from decorations provider vscode.git 2390
[2022-03-18 15:01:04.116] [exthost] [warning] [Decorations] CAPPING events from decorations provider vscode.git 2390
[2022-03-18 15:01:09.182] [exthost] [warning] [Decorations] CAPPING events from decorations provider vscode.git 2390
[2022-03-18 15:01:14.247] [exthost] [warning] [Decorations] CAPPING events from decorations provider vscode.git 2390
[2022-03-18 15:01:19.325] [exthost] [warning] [Decorations] CAPPING events from decorations provider vscode.git 2390
[2022-03-18 15:01:24.405] [exthost] [warning] [Decorations] CAPPING events from decorations provider vscode.git 2390
[2022-03-18 15:01:29.469] [exthost] [warning] [Decorations] CAPPING events from decorations provider vscode.git 2390
[2022-03-18 15:01:53.802] [exthost] [warning] [Decorations] CAPPING events from decorations provider vscode.git 2390
[2022-03-18 15:01:58.872] [exthost] [warning] [Decorations] CAPPING events from decorations provider vscode.git 2390
[2022-03-18 15:02:03.944] [exthost] [warning] [Decorations] CAPPING events from decorations provider vscode.git 2390
[2022-03-18 15:02:09.015] [exthost] [warning] [Decorations] CAPPING events from decorations provider vscode.git 2390
[2022-03-18 15:02:14.083] [exthost] [warning] [Decorations] CAPPING events from decorations provider vscode.git 2390
[2022-03-18 15:02:19.146] [exthost] [warning] [Decorations] CAPPING events from decorations provider vscode.git 2390
[2022-03-18 15:02:24.223] [exthost] [warning] [Decorations] CAPPING events from decorations provider vscode.git 2390
[2022-03-18 15:02:29.297] [exthost] [warning] [Decorations] CAPPING events from decorations provider vscode.git 2390
[2022-03-18 15:02:34.366] [exthost] [warning] [Decorations] CAPPING events from decorations provider vscode.git 2390
[2022-03-18 15:03:10.893] [exthost] [warning] [Decorations] CAPPING events from decorations provider vscode.git 2390
[2022-03-18 15:03:15.967] [exthost] [warning] [Decorations] CAPPING events from decorations provider vscode.git 2390
[2022-03-18 15:03:21.049] [exthost] [warning] [Decorations] CAPPING events from decorations provider vscode.git 2390
[2022-03-18 15:03:26.112] [exthost] [warning] [Decorations] CAPPING events from decorations provider vscode.git 2390
[2022-03-18 15:03:31.177] [exthost] [warning] [Decorations] CAPPING events from decorations provider vscode.git 2390
[2022-03-18 15:03:36.254] [exthost] [warning] [Decorations] CAPPING events from decorations provider vscode.git 2390
[2022-03-18 15:03:41.322] [exthost] [warning] [Decorations] CAPPING events from decorations provider vscode.git 2390
[2022-03-18 15:03:46.419] [exthost] [warning] [Decorations] CAPPING events from decorations provider vscode.git 2390
[2022-03-18 15:03:51.484] [exthost] [warning] [Decorations] CAPPING events from decorations provider vscode.git 2390
[2022-03-18 15:03:56.559] [exthost] [warning] [Decorations] CAPPING events from decorations provider vscode.git 2390
[2022-03-18 15:04:01.621] [exthost] [warning] [Decorations] CAPPING events from decorations provider vscode.git 2390
[2022-03-18 15:04:06.686] [exthost] [warning] [Decorations] CAPPING events from decorations provider vscode.git 2390
[2022-03-18 15:04:11.757] [exthost] [warning] [Decorations] CAPPING events from decorations provider vscode.git 2390
[2022-03-18 15:04:16.825] [exthost] [warning] [Decorations] CAPPING events from decorations provider vscode.git 2390
[2022-03-18 15:04:21.917] [exthost] [warning] [Decorations] CAPPING events from decorations provider vscode.git 2390
[2022-03-18 15:04:26.988] [exthost] [warning] [Decorations] CAPPING events from decorations provider vscode.git 2390
[2022-03-18 15:04:32.054] [exthost] [warning] [Decorations] CAPPING events from decorations provider vscode.git 2390
[2022-03-18 15:04:37.120] [exthost] [warning] [Decorations] CAPPING events from decorations provider vscode.git 2390
[2022-03-18 15:04:42.185] [exthost] [warning] [Decorations] CAPPING events from decorations provider vscode.git 2390
[2022-03-18 15:04:47.258] [exthost] [warning] [Decorations] CAPPING events from decorations provider vscode.git 2390
[2022-03-18 15:04:52.326] [exthost] [warning] [Decorations] CAPPING events from decorations provider vscode.git 2390
[2022-03-18 15:04:57.412] [exthost] [warning] [Decorations] CAPPING events from decorations provider vscode.git 2390
[2022-03-18 15:05:02.500] [exthost] [warning] [Decorations] CAPPING events from decorations provider vscode.git 2390
[2022-03-18 15:05:07.574] [exthost] [warning] [Decorations] CAPPING events from decorations provider vscode.git 2390
[2022-03-18 15:05:12.638] [exthost] [warning] [Decorations] CAPPING events from decorations provider vscode.git 2390
[2022-03-18 15:05:23.902] [exthost] [warning] [Decorations] CAPPING events from decorations provider vscode.git 2390
[2022-03-18 15:05:28.985] [exthost] [warning] [Decorations] CAPPING events from decorations provider vscode.git 2390
[2022-03-18 15:05:34.048] [exthost] [warning] [Decorations] CAPPING events from decorations provider vscode.git 2390
[2022-03-18 15:05:39.115] [exthost] [warning] [Decorations] CAPPING events from decorations provider vscode.git 2390
[2022-03-18 15:05:44.184] [exthost] [warning] [Decorations] CAPPING events from decorations provider vscode.git 2390
[2022-03-18 15:05:49.274] [exthost] [warning] [Decorations] CAPPING events from decorations provider vscode.git 2390
[2022-03-18 15:05:54.339] [exthost] [warning] [Decorations] CAPPING events from decorations provider vscode.git 2390
[2022-03-18 15:06:00.172] [exthost] [warning] [Decorations] CAPPING events from decorations provider vscode.git 2390
[2022-03-18 15:06:05.251] [exthost] [warning] [Decorations] CAPPING events from decorations provider vscode.git 2390
[2022-03-18 15:06:10.315] [exthost] [warning] [Decorations] CAPPING events from decorations provider vscode.git 2390
[2022-03-18 15:06:15.380] [exthost] [warning] [Decorations] CAPPING events from decorations provider vscode.git 2390
[2022-03-18 15:06:46.778] [exthost] [warning] [Decorations] CAPPING events from decorations provider vscode.git 2390
[2022-03-18 15:06:51.849] [exthost] [warning] [Decorations] CAPPING events from decorations provider vscode.git 2390
[2022-03-18 15:06:56.929] [exthost] [warning] [Decorations] CAPPING events from decorations provider vscode.git 2390
[2022-03-18 15:07:01.997] [exthost] [warning] [Decorations] CAPPING events from decorations provider vscode.git 2390
[2022-03-18 15:07:07.063] [exthost] [warning] [Decorations] CAPPING events from decorations provider vscode.git 2390
[2022-03-18 15:07:12.130] [exthost] [warning] [Decorations] CAPPING events from decorations provider vscode.git 2390
[2022-03-18 15:07:17.210] [exthost] [warning] [Decorations] CAPPING events from decorations provider vscode.git 2390
[2022-03-18 15:07:22.286] [exthost] [warning] [Decorations] CAPPING events from decorations provider vscode.git 2390
[2022-03-18 15:07:27.364] [exthost] [warning] [Decorations] CAPPING events from decorations provider vscode.git 2390
[2022-03-18 15:07:32.439] [exthost] [warning] [Decorations] CAPPING events from decorations provider vscode.git 2390
[2022-03-18 15:07:37.526] [exthost] [warning] [Decorations] CAPPING events from decorations provider vscode.git 2390
[2022-03-18 15:07:42.593] [exthost] [warning] [Decorations] CAPPING events from decorations provider vscode.git 2390
[2022-03-18 15:07:47.658] [exthost] [warning] [Decorations] CAPPING events from decorations provider vscode.git 2390
[2022-03-18 15:07:52.720] [exthost] [warning] [Decorations] CAPPING events from decorations provider vscode.git 2390
[2022-03-18 15:08:55.445] [exthost] [warning] [Decorations] CAPPING events from decorations provider vscode.git 2390
[2022-03-18 15:09:00.519] [exthost] [warning] [Decorations] CAPPING events from decorations provider vscode.git 2390
[2022-03-18 15:09:05.586] [exthost] [warning] [Decorations] CAPPING events from decorations provider vscode.git 2390
[2022-03-18 15:09:10.647] [exthost] [warning] [Decorations] CAPPING events from decorations provider vscode.git 2390
[2022-03-18 15:09:15.720] [exthost] [warning] [Decorations] CAPPING events from decorations provider vscode.git 2390
[2022-03-18 15:09:20.784] [exthost] [warning] [Decorations] CAPPING events from decorations provider vscode.git 2390
[2022-03-18 15:09:25.869] [exthost] [warning] [Decorations] CAPPING events from decorations provider vscode.git 2390
[2022-03-18 15:09:30.935] [exthost] [warning] [Decorations] CAPPING events from decorations provider vscode.git 2390
[2022-03-18 15:09:35.996] [exthost] [warning] [Decorations] CAPPING events from decorations provider vscode.git 2390
[2022-03-18 15:09:41.055] [exthost] [warning] [Decorations] CAPPING events from decorations provider vscode.git 2390
[2022-03-18 15:09:46.122] [exthost] [warning] [Decorations] CAPPING events from decorations provider vscode.git 2390
[2022-03-18 15:09:51.185] [exthost] [warning] [Decorations] CAPPING events from decorations provider vscode.git 2390
[2022-03-18 15:09:56.251] [exthost] [warning] [Decorations] CAPPING events from decorations provider vscode.git 2390
[2022-03-18 15:10:01.333] [exthost] [warning] [Decorations] CAPPING events from decorations provider vscode.git 2390
[2022-03-18 15:10:06.395] [exthost] [warning] [Decorations] CAPPING events from decorations provider vscode.git 2390
[2022-03-18 15:10:11.462] [exthost] [warning] [Decorations] CAPPING events from decorations provider vscode.git 2390
[2022-03-18 15:10:16.527] [exthost] [warning] [Decorations] CAPPING events from decorations provider vscode.git 2390
[2022-03-18 15:10:21.593] [exthost] [warning] [Decorations] CAPPING events from decorations provider vscode.git 2390
[2022-03-18 15:10:26.657] [exthost] [warning] [Decorations] CAPPING events from decorations provider vscode.git 2390
[2022-03-18 15:10:31.741] [exthost] [warning] [Decorations] CAPPING events from decorations provider vscode.git 2390
[2022-03-18 15:10:36.810] [exthost] [warning] [Decorations] CAPPING events from decorations provider vscode.git 2390
[2022-03-18 15:10:41.899] [exthost] [warning] [Decorations] CAPPING events from decorations provider vscode.git 2390
[2022-03-18 15:10:47.726] [exthost] [warning] [Decorations] CAPPING events from decorations provider vscode.git 2390
[2022-03-18 15:10:52.791] [exthost] [warning] [Decorations] CAPPING events from decorations provider vscode.git 2390
[2022-03-18 15:10:57.853] [exthost] [warning] [Decorations] CAPPING events from decorations provider vscode.git 2390
[2022-03-18 15:11:02.918] [exthost] [warning] [Decorations] CAPPING events from decorations provider vscode.git 2390
[2022-03-18 15:11:07.979] [exthost] [warning] [Decorations] CAPPING events from decorations provider vscode.git 2390
[2022-03-18 15:11:13.058] [exthost] [warning] [Decorations] CAPPING events from decorations provider vscode.git 2390
[2022-03-18 15:11:18.127] [exthost] [warning] [Decorations] CAPPING events from decorations provider vscode.git 2390
[2022-03-18 15:11:23.192] [exthost] [warning] [Decorations] CAPPING events from decorations provider vscode.git 2390
[2022-03-18 15:11:28.267] [exthost] [warning] [Decorations] CAPPING events from decorations provider vscode.git 2390
[2022-03-18 15:16:58.918] [exthost] [warning] [Decorations] CAPPING events from decorations provider vscode.git 2390
[2022-03-18 15:17:03.999] [exthost] [warning] [Decorations] CAPPING events from decorations provider vscode.git 2390
[2022-03-18 15:17:09.065] [exthost] [warning] [Decorations] CAPPING events from decorations provider vscode.git 2390
[2022-03-18 15:17:14.134] [exthost] [warning] [Decorations] CAPPING events from decorations provider vscode.git 2390
[2022-03-18 15:17:19.200] [exthost] [warning] [Decorations] CAPPING events from decorations provider vscode.git 2390
[2022-03-18 15:17:24.263] [exthost] [warning] [Decorations] CAPPING events from decorations provider vscode.git 2390
[2022-03-18 15:17:29.339] [exthost] [warning] [Decorations] CAPPING events from decorations provider vscode.git 2390
[2022-03-18 15:17:34.411] [exthost] [warning] [Decorations] CAPPING events from decorations provider vscode.git 2390
[2022-03-18 15:17:39.483] [exthost] [warning] [Decorations] CAPPING events from decorations provider vscode.git 2390
[2022-03-18 15:17:44.563] [exthost] [warning] [Decorations] CAPPING events from decorations provider vscode.git 2390
[2022-03-18 15:17:49.631] [exthost] [warning] [Decorations] CAPPING events from decorations provider vscode.git 2390
[2022-03-18 15:17:54.693] [exthost] [warning] [Decorations] CAPPING events from decorations provider vscode.git 2390
[2022-03-18 15:17:59.758] [exthost] [warning] [Decorations] CAPPING events from decorations provider vscode.git 2390
[2022-03-18 15:18:04.832] [exthost] [warning] [Decorations] CAPPING events from decorations provider vscode.git 2390
[2022-03-18 15:18:09.900] [exthost] [warning] [Decorations] CAPPING events from decorations provider vscode.git 2390
[2022-03-18 15:18:14.973] [exthost] [warning] [Decorations] CAPPING events from decorations provider vscode.git 2390
[2022-03-18 15:18:20.035] [exthost] [warning] [Decorations] CAPPING events from decorations provider vscode.git 2390
[2022-03-18 15:18:25.121] [exthost] [warning] [Decorations] CAPPING events from decorations provider vscode.git 2390
[2022-03-18 15:18:30.193] [exthost] [warning] [Decorations] CAPPING events from decorations provider vscode.git 2390
[2022-03-18 15:18:35.272] [exthost] [warning] [Decorations] CAPPING events from decorations provider vscode.git 2390
[2022-03-18 15:18:40.354] [exthost] [warning] [Decorations] CAPPING events from decorations provider vscode.git 2390
[2022-03-18 15:18:45.430] [exthost] [warning] [Decorations] CAPPING events from decorations provider vscode.git 2390
[2022-03-18 15:19:58.437] [exthost] [warning] [Decorations] CAPPING events from decorations provider vscode.git 2390
[2022-03-18 15:20:03.502] [exthost] [warning] [Decorations] CAPPING events from decorations provider vscode.git 2390
[2022-03-18 15:20:08.562] [exthost] [warning] [Decorations] CAPPING events from decorations provider vscode.git 2390
[2022-03-18 15:20:13.640] [exthost] [warning] [Decorations] CAPPING events from decorations provider vscode.git 2390
[2022-03-18 15:20:18.700] [exthost] [warning] [Decorations] CAPPING events from decorations provider vscode.git 2390
[2022-03-18 15:20:23.772] [exthost] [warning] [Decorations] CAPPING events from decorations provider vscode.git 2390
[2022-03-18 15:20:28.836] [exthost] [warning] [Decorations] CAPPING events from decorations provider vscode.git 2390
[2022-03-18 15:20:33.907] [exthost] [warning] [Decorations] CAPPING events from decorations provider vscode.git 2390
[2022-03-18 15:20:38.970] [exthost] [warning] [Decorations] CAPPING events from decorations provider vscode.git 2390
[2022-03-18 15:20:44.043] [exthost] [warning] [Decorations] CAPPING events from decorations provider vscode.git 2390
[2022-03-18 15:20:49.114] [exthost] [warning] [Decorations] CAPPING events from decorations provider vscode.git 2390
[2022-03-18 15:20:54.186] [exthost] [warning] [Decorations] CAPPING events from decorations provider vscode.git 2390
[2022-03-18 16:21:43.555] [exthost] [warning] [Decorations] CAPPING events from decorations provider vscode.git 2390
[2022-03-18 16:21:45.987] [exthost] [info] extension host terminating: received terminate message from renderer
[2022-03-18 16:21:45.987] [exthost] [info] Lock '/home/julien/.vscode-server/data/User/workspaceStorage/f516fa5c7c7214add0b54bca5a44f89f/vscode.lock': Marking the lockfile as scheduled to be released in 6000 ms.
[2022-03-18 16:21:46.027] [exthost] [info] Extension host with pid 164 exiting with code 0
