[2022-04-01 14:36:11.680] [exthost] [info] Extension host with pid 143 started
[2022-04-01 14:36:11.684] [exthost] [error] Error: EEXIST: file already exists, open '/home/julien/.vscode-server/data/User/workspaceStorage/f516fa5c7c7214add0b54bca5a44f89f/vscode.lock'
[2022-04-01 14:36:11.688] [exthost] [info] Lock '/home/julien/.vscode-server/data/User/workspaceStorage/f516fa5c7c7214add0b54bca5a44f89f/vscode.lock': Lock acquired.
[2022-04-01 14:36:11.887] [exthost] [info] ExtensionService#_doActivateExtension vscode.debug-auto-launch, startup: true, activationEvent: '*'
[2022-04-01 14:36:11.900] [exthost] [info] ExtensionService#_doActivateExtension vscode.git-base, startup: true, activationEvent: '*', root cause: vscode.github
[2022-04-01 14:36:11.911] [exthost] [info] ExtensionService#_doActivateExtension vscode.ipynb, startup: true, activationEvent: '*'
[2022-04-01 14:36:12.196] [exthost] [info] ExtensionService#_doActivateExtension vscode.git, startup: true, activationEvent: '*'
[2022-04-01 14:36:12.317] [exthost] [info] ExtensionService#_doActivateExtension vscode.github, startup: true, activationEvent: '*'
[2022-04-01 14:36:12.686] [exthost] [info] ExtensionService#_doActivateExtension vscode.emmet, startup: false, activationEvent: 'onStartupFinished'
[2022-04-01 14:36:12.727] [exthost] [info] ExtensionService#_doActivateExtension vscode.merge-conflict, startup: false, activationEvent: 'onStartupFinished'
[2022-04-01 14:36:12.745] [exthost] [info] Eager extensions activated
[2022-04-01 14:36:13.103] [exthost] [warning] [Decorations] CAPPING events from decorations provider vscode.git 2406
[2022-04-01 14:40:24.929] [exthost] [warning] [Decorations] CAPPING events from decorations provider vscode.git 2407
[2022-04-01 14:51:10.357] [exthost] [warning] [Decorations] CAPPING events from decorations provider vscode.git 2407
[2022-04-01 14:51:46.238] [exthost] [warning] [Decorations] CAPPING events from decorations provider vscode.git 2407
[2022-04-01 14:52:08.765] [exthost] [warning] [Decorations] CAPPING events from decorations provider vscode.git 2407
[2022-04-01 14:52:13.827] [exthost] [warning] [Decorations] CAPPING events from decorations provider vscode.git 2407
[2022-04-01 14:52:18.892] [exthost] [warning] [Decorations] CAPPING events from decorations provider vscode.git 2407
[2022-04-01 14:52:23.968] [exthost] [warning] [Decorations] CAPPING events from decorations provider vscode.git 2407
[2022-04-01 14:54:04.961] [exthost] [warning] [Decorations] CAPPING events from decorations provider vscode.git 2407
[2022-04-01 14:54:10.024] [exthost] [warning] [Decorations] CAPPING events from decorations provider vscode.git 2407
[2022-04-01 14:54:15.084] [exthost] [warning] [Decorations] CAPPING events from decorations provider vscode.git 2407
[2022-04-01 14:54:20.144] [exthost] [warning] [Decorations] CAPPING events from decorations provider vscode.git 2407
[2022-04-01 14:54:25.210] [exthost] [warning] [Decorations] CAPPING events from decorations provider vscode.git 2407
[2022-04-01 14:54:30.272] [exthost] [warning] [Decorations] CAPPING events from decorations provider vscode.git 2407
[2022-04-01 14:54:35.333] [exthost] [warning] [Decorations] CAPPING events from decorations provider vscode.git 2407
[2022-04-01 14:54:40.397] [exthost] [warning] [Decorations] CAPPING events from decorations provider vscode.git 2407
[2022-04-01 14:54:45.466] [exthost] [warning] [Decorations] CAPPING events from decorations provider vscode.git 2407
[2022-04-01 14:54:50.532] [exthost] [warning] [Decorations] CAPPING events from decorations provider vscode.git 2407
[2022-04-01 14:54:55.594] [exthost] [warning] [Decorations] CAPPING events from decorations provider vscode.git 2407
[2022-04-01 14:55:00.654] [exthost] [warning] [Decorations] CAPPING events from decorations provider vscode.git 2407
[2022-04-01 14:55:05.716] [exthost] [warning] [Decorations] CAPPING events from decorations provider vscode.git 2407
[2022-04-01 14:55:10.776] [exthost] [warning] [Decorations] CAPPING events from decorations provider vscode.git 2407
[2022-04-01 14:55:15.841] [exthost] [warning] [Decorations] CAPPING events from decorations provider vscode.git 2407
[2022-04-01 14:55:20.903] [exthost] [warning] [Decorations] CAPPING events from decorations provider vscode.git 2407
[2022-04-01 14:55:25.968] [exthost] [warning] [Decorations] CAPPING events from decorations provider vscode.git 2407
[2022-04-01 14:55:31.029] [exthost] [warning] [Decorations] CAPPING events from decorations provider vscode.git 2407
[2022-04-01 14:55:36.100] [exthost] [warning] [Decorations] CAPPING events from decorations provider vscode.git 2407
[2022-04-01 14:55:41.176] [exthost] [warning] [Decorations] CAPPING events from decorations provider vscode.git 2407
[2022-04-01 14:55:46.275] [exthost] [warning] [Decorations] CAPPING events from decorations provider vscode.git 2407
[2022-04-01 14:55:51.353] [exthost] [warning] [Decorations] CAPPING events from decorations provider vscode.git 2407
[2022-04-01 14:55:56.430] [exthost] [warning] [Decorations] CAPPING events from decorations provider vscode.git 2407
[2022-04-01 14:56:37.071] [exthost] [warning] [Decorations] CAPPING events from decorations provider vscode.git 2407
[2022-04-01 14:56:42.131] [exthost] [warning] [Decorations] CAPPING events from decorations provider vscode.git 2407
[2022-04-01 14:56:47.190] [exthost] [warning] [Decorations] CAPPING events from decorations provider vscode.git 2407
[2022-04-01 14:58:50.234] [exthost] [warning] [Decorations] CAPPING events from decorations provider vscode.git 2407
[2022-04-01 14:58:55.300] [exthost] [warning] [Decorations] CAPPING events from decorations provider vscode.git 2407
[2022-04-01 14:59:00.381] [exthost] [warning] [Decorations] CAPPING events from decorations provider vscode.git 2407
[2022-04-01 14:59:05.447] [exthost] [warning] [Decorations] CAPPING events from decorations provider vscode.git 2407
[2022-04-01 14:59:10.525] [exthost] [warning] [Decorations] CAPPING events from decorations provider vscode.git 2407
[2022-04-01 14:59:15.586] [exthost] [warning] [Decorations] CAPPING events from decorations provider vscode.git 2407
[2022-04-01 14:59:20.660] [exthost] [warning] [Decorations] CAPPING events from decorations provider vscode.git 2407
[2022-04-01 14:59:25.721] [exthost] [warning] [Decorations] CAPPING events from decorations provider vscode.git 2407
[2022-04-01 14:59:30.804] [exthost] [warning] [Decorations] CAPPING events from decorations provider vscode.git 2407
[2022-04-01 14:59:35.863] [exthost] [warning] [Decorations] CAPPING events from decorations provider vscode.git 2407
[2022-04-01 14:59:40.926] [exthost] [warning] [Decorations] CAPPING events from decorations provider vscode.git 2408
[2022-04-01 14:59:46.002] [exthost] [warning] [Decorations] CAPPING events from decorations provider vscode.git 2408
[2022-04-01 14:59:51.090] [exthost] [warning] [Decorations] CAPPING events from decorations provider vscode.git 2408
[2022-04-01 14:59:56.165] [exthost] [warning] [Decorations] CAPPING events from decorations provider vscode.git 2408
[2022-04-01 15:00:01.254] [exthost] [warning] [Decorations] CAPPING events from decorations provider vscode.git 2408
[2022-04-01 15:00:06.343] [exthost] [warning] [Decorations] CAPPING events from decorations provider vscode.git 2408
[2022-04-01 15:00:14.873] [exthost] [warning] [Decorations] CAPPING events from decorations provider vscode.git 2408
[2022-04-01 15:00:19.965] [exthost] [warning] [Decorations] CAPPING events from decorations provider vscode.git 2408
[2022-04-01 15:00:25.032] [exthost] [warning] [Decorations] CAPPING events from decorations provider vscode.git 2408
[2022-04-01 15:00:30.105] [exthost] [warning] [Decorations] CAPPING events from decorations provider vscode.git 2408
[2022-04-01 15:00:35.177] [exthost] [warning] [Decorations] CAPPING events from decorations provider vscode.git 2408
[2022-04-01 15:00:43.180] [exthost] [warning] [Decorations] CAPPING events from decorations provider vscode.git 2408
[2022-04-01 15:00:48.248] [exthost] [warning] [Decorations] CAPPING events from decorations provider vscode.git 2408
[2022-04-01 15:01:00.252] [exthost] [warning] [Decorations] CAPPING events from decorations provider vscode.git 2408
[2022-04-01 15:01:05.317] [exthost] [warning] [Decorations] CAPPING events from decorations provider vscode.git 2408
[2022-04-01 15:01:13.471] [exthost] [warning] [Decorations] CAPPING events from decorations provider vscode.git 2408
[2022-04-01 15:01:18.536] [exthost] [warning] [Decorations] CAPPING events from decorations provider vscode.git 2408
[2022-04-01 15:01:23.610] [exthost] [warning] [Decorations] CAPPING events from decorations provider vscode.git 2408
[2022-04-01 15:01:28.678] [exthost] [warning] [Decorations] CAPPING events from decorations provider vscode.git 2408
[2022-04-01 15:01:33.757] [exthost] [warning] [Decorations] CAPPING events from decorations provider vscode.git 2408
[2022-04-01 15:01:43.204] [exthost] [warning] [Decorations] CAPPING events from decorations provider vscode.git 2409
[2022-04-01 15:01:48.263] [exthost] [warning] [Decorations] CAPPING events from decorations provider vscode.git 2409
[2022-04-01 15:01:53.334] [exthost] [warning] [Decorations] CAPPING events from decorations provider vscode.git 2409
[2022-04-01 15:01:58.397] [exthost] [warning] [Decorations] CAPPING events from decorations provider vscode.git 2409
[2022-04-01 15:02:03.470] [exthost] [warning] [Decorations] CAPPING events from decorations provider vscode.git 2409
[2022-04-01 15:02:08.532] [exthost] [warning] [Decorations] CAPPING events from decorations provider vscode.git 2409
[2022-04-01 15:02:13.599] [exthost] [warning] [Decorations] CAPPING events from decorations provider vscode.git 2409
[2022-04-01 15:02:18.661] [exthost] [warning] [Decorations] CAPPING events from decorations provider vscode.git 2409
[2022-04-01 15:02:23.733] [exthost] [warning] [Decorations] CAPPING events from decorations provider vscode.git 2409
[2022-04-01 15:02:28.809] [exthost] [warning] [Decorations] CAPPING events from decorations provider vscode.git 2409
[2022-04-01 15:02:33.882] [exthost] [warning] [Decorations] CAPPING events from decorations provider vscode.git 2409
[2022-04-01 15:02:38.954] [exthost] [warning] [Decorations] CAPPING events from decorations provider vscode.git 2409
[2022-04-01 15:02:44.024] [exthost] [warning] [Decorations] CAPPING events from decorations provider vscode.git 2409
[2022-04-01 15:02:49.091] [exthost] [warning] [Decorations] CAPPING events from decorations provider vscode.git 2409
[2022-04-01 15:02:54.166] [exthost] [warning] [Decorations] CAPPING events from decorations provider vscode.git 2409
[2022-04-01 15:02:59.227] [exthost] [warning] [Decorations] CAPPING events from decorations provider vscode.git 2409
[2022-04-01 15:03:08.462] [exthost] [warning] [Decorations] CAPPING events from decorations provider vscode.git 2409
[2022-04-01 15:03:13.528] [exthost] [warning] [Decorations] CAPPING events from decorations provider vscode.git 2409
[2022-04-01 15:03:18.603] [exthost] [warning] [Decorations] CAPPING events from decorations provider vscode.git 2409
[2022-04-01 15:03:37.331] [exthost] [warning] [Decorations] CAPPING events from decorations provider vscode.git 2409
[2022-04-01 15:03:42.416] [exthost] [warning] [Decorations] CAPPING events from decorations provider vscode.git 2409
[2022-04-01 15:07:00.896] [exthost] [warning] [Decorations] CAPPING events from decorations provider vscode.git 2409
[2022-04-01 15:07:05.961] [exthost] [warning] [Decorations] CAPPING events from decorations provider vscode.git 2409
[2022-04-01 15:07:11.027] [exthost] [warning] [Decorations] CAPPING events from decorations provider vscode.git 2409
[2022-04-01 15:07:16.107] [exthost] [warning] [Decorations] CAPPING events from decorations provider vscode.git 2409
[2022-04-01 15:07:21.193] [exthost] [warning] [Decorations] CAPPING events from decorations provider vscode.git 2409
[2022-04-01 15:07:26.254] [exthost] [warning] [Decorations] CAPPING events from decorations provider vscode.git 2409
[2022-04-01 15:07:31.316] [exthost] [warning] [Decorations] CAPPING events from decorations provider vscode.git 2409
[2022-04-01 15:07:36.393] [exthost] [warning] [Decorations] CAPPING events from decorations provider vscode.git 2409
[2022-04-01 15:07:41.466] [exthost] [warning] [Decorations] CAPPING events from decorations provider vscode.git 2409
[2022-04-01 15:07:46.533] [exthost] [warning] [Decorations] CAPPING events from decorations provider vscode.git 2409
[2022-04-01 15:07:51.613] [exthost] [warning] [Decorations] CAPPING events from decorations provider vscode.git 2409
[2022-04-01 15:07:56.684] [exthost] [warning] [Decorations] CAPPING events from decorations provider vscode.git 2409
[2022-04-01 15:08:01.760] [exthost] [warning] [Decorations] CAPPING events from decorations provider vscode.git 2409
[2022-04-01 15:08:06.845] [exthost] [warning] [Decorations] CAPPING events from decorations provider vscode.git 2409
[2022-04-01 15:08:11.919] [exthost] [warning] [Decorations] CAPPING events from decorations provider vscode.git 2409
[2022-04-01 15:08:16.986] [exthost] [warning] [Decorations] CAPPING events from decorations provider vscode.git 2409
[2022-04-01 15:08:22.050] [exthost] [warning] [Decorations] CAPPING events from decorations provider vscode.git 2409
[2022-04-01 15:08:27.121] [exthost] [warning] [Decorations] CAPPING events from decorations provider vscode.git 2409
[2022-04-01 15:08:32.191] [exthost] [warning] [Decorations] CAPPING events from decorations provider vscode.git 2409
[2022-04-01 15:08:37.260] [exthost] [warning] [Decorations] CAPPING events from decorations provider vscode.git 2409
[2022-04-01 15:08:42.332] [exthost] [warning] [Decorations] CAPPING events from decorations provider vscode.git 2409
[2022-04-01 15:08:47.405] [exthost] [warning] [Decorations] CAPPING events from decorations provider vscode.git 2409
[2022-04-01 15:08:52.479] [exthost] [warning] [Decorations] CAPPING events from decorations provider vscode.git 2409
[2022-04-01 15:08:57.550] [exthost] [warning] [Decorations] CAPPING events from decorations provider vscode.git 2409
[2022-04-01 15:09:02.619] [exthost] [warning] [Decorations] CAPPING events from decorations provider vscode.git 2409
[2022-04-01 15:09:07.680] [exthost] [warning] [Decorations] CAPPING events from decorations provider vscode.git 2409
[2022-04-01 15:09:12.741] [exthost] [warning] [Decorations] CAPPING events from decorations provider vscode.git 2409
[2022-04-01 15:09:17.804] [exthost] [warning] [Decorations] CAPPING events from decorations provider vscode.git 2409
[2022-04-01 15:09:22.871] [exthost] [warning] [Decorations] CAPPING events from decorations provider vscode.git 2409
[2022-04-01 15:09:27.951] [exthost] [warning] [Decorations] CAPPING events from decorations provider vscode.git 2409
[2022-04-01 15:09:33.013] [exthost] [warning] [Decorations] CAPPING events from decorations provider vscode.git 2409
[2022-04-01 15:09:38.075] [exthost] [warning] [Decorations] CAPPING events from decorations provider vscode.git 2409
[2022-04-01 15:09:43.158] [exthost] [warning] [Decorations] CAPPING events from decorations provider vscode.git 2409
[2022-04-01 15:09:48.234] [exthost] [warning] [Decorations] CAPPING events from decorations provider vscode.git 2409
[2022-04-01 15:09:53.306] [exthost] [warning] [Decorations] CAPPING events from decorations provider vscode.git 2409
[2022-04-01 15:09:58.377] [exthost] [warning] [Decorations] CAPPING events from decorations provider vscode.git 2409
[2022-04-01 15:10:03.449] [exthost] [warning] [Decorations] CAPPING events from decorations provider vscode.git 2409
[2022-04-01 15:10:08.512] [exthost] [warning] [Decorations] CAPPING events from decorations provider vscode.git 2409
[2022-04-01 15:10:13.576] [exthost] [warning] [Decorations] CAPPING events from decorations provider vscode.git 2409
[2022-04-01 15:10:18.640] [exthost] [warning] [Decorations] CAPPING events from decorations provider vscode.git 2409
[2022-04-01 15:10:23.716] [exthost] [warning] [Decorations] CAPPING events from decorations provider vscode.git 2409
[2022-04-01 15:10:28.790] [exthost] [warning] [Decorations] CAPPING events from decorations provider vscode.git 2409
[2022-04-01 15:10:33.862] [exthost] [warning] [Decorations] CAPPING events from decorations provider vscode.git 2409
[2022-04-01 15:10:38.929] [exthost] [warning] [Decorations] CAPPING events from decorations provider vscode.git 2409
[2022-04-01 15:10:43.994] [exthost] [warning] [Decorations] CAPPING events from decorations provider vscode.git 2409
[2022-04-01 15:10:49.056] [exthost] [warning] [Decorations] CAPPING events from decorations provider vscode.git 2409
[2022-04-01 15:10:54.128] [exthost] [warning] [Decorations] CAPPING events from decorations provider vscode.git 2409
[2022-04-01 15:10:59.192] [exthost] [warning] [Decorations] CAPPING events from decorations provider vscode.git 2409
[2022-04-01 15:11:05.057] [exthost] [warning] [Decorations] CAPPING events from decorations provider vscode.git 2409
[2022-04-01 15:11:10.123] [exthost] [warning] [Decorations] CAPPING events from decorations provider vscode.git 2409
[2022-04-01 15:11:15.194] [exthost] [warning] [Decorations] CAPPING events from decorations provider vscode.git 2409
[2022-04-01 15:11:20.275] [exthost] [warning] [Decorations] CAPPING events from decorations provider vscode.git 2409
[2022-04-01 15:11:25.340] [exthost] [warning] [Decorations] CAPPING events from decorations provider vscode.git 2409
[2022-04-01 15:11:30.416] [exthost] [warning] [Decorations] CAPPING events from decorations provider vscode.git 2409
[2022-04-01 15:11:35.499] [exthost] [warning] [Decorations] CAPPING events from decorations provider vscode.git 2409
[2022-04-01 15:11:40.577] [exthost] [warning] [Decorations] CAPPING events from decorations provider vscode.git 2409
[2022-04-01 15:11:45.640] [exthost] [warning] [Decorations] CAPPING events from decorations provider vscode.git 2409
[2022-04-01 15:11:50.706] [exthost] [warning] [Decorations] CAPPING events from decorations provider vscode.git 2409
[2022-04-01 15:11:55.767] [exthost] [warning] [Decorations] CAPPING events from decorations provider vscode.git 2409
[2022-04-01 15:12:00.834] [exthost] [warning] [Decorations] CAPPING events from decorations provider vscode.git 2409
[2022-04-01 15:12:05.897] [exthost] [warning] [Decorations] CAPPING events from decorations provider vscode.git 2409
[2022-04-01 15:12:10.960] [exthost] [warning] [Decorations] CAPPING events from decorations provider vscode.git 2409
[2022-04-01 15:12:16.029] [exthost] [warning] [Decorations] CAPPING events from decorations provider vscode.git 2409
[2022-04-01 15:12:21.096] [exthost] [warning] [Decorations] CAPPING events from decorations provider vscode.git 2409
[2022-04-01 15:12:26.164] [exthost] [warning] [Decorations] CAPPING events from decorations provider vscode.git 2409
[2022-04-01 15:12:31.237] [exthost] [warning] [Decorations] CAPPING events from decorations provider vscode.git 2409
[2022-04-01 15:12:36.304] [exthost] [warning] [Decorations] CAPPING events from decorations provider vscode.git 2409
[2022-04-01 15:12:41.379] [exthost] [warning] [Decorations] CAPPING events from decorations provider vscode.git 2409
[2022-04-01 15:12:46.444] [exthost] [warning] [Decorations] CAPPING events from decorations provider vscode.git 2409
[2022-04-01 15:12:51.507] [exthost] [warning] [Decorations] CAPPING events from decorations provider vscode.git 2409
[2022-04-01 15:12:56.573] [exthost] [warning] [Decorations] CAPPING events from decorations provider vscode.git 2409
[2022-04-01 15:13:01.638] [exthost] [warning] [Decorations] CAPPING events from decorations provider vscode.git 2409
[2022-04-01 15:13:06.706] [exthost] [warning] [Decorations] CAPPING events from decorations provider vscode.git 2409
[2022-04-01 15:13:11.792] [exthost] [warning] [Decorations] CAPPING events from decorations provider vscode.git 2409
[2022-04-01 15:13:16.857] [exthost] [warning] [Decorations] CAPPING events from decorations provider vscode.git 2409
[2022-04-01 15:13:21.930] [exthost] [warning] [Decorations] CAPPING events from decorations provider vscode.git 2409
[2022-04-01 15:13:27.715] [exthost] [warning] [Decorations] CAPPING events from decorations provider vscode.git 2409
[2022-04-01 15:13:32.780] [exthost] [warning] [Decorations] CAPPING events from decorations provider vscode.git 2409
[2022-04-01 15:13:37.851] [exthost] [warning] [Decorations] CAPPING events from decorations provider vscode.git 2409
[2022-04-01 15:13:42.923] [exthost] [warning] [Decorations] CAPPING events from decorations provider vscode.git 2409
[2022-04-01 15:13:47.991] [exthost] [warning] [Decorations] CAPPING events from decorations provider vscode.git 2409
[2022-04-01 15:13:53.063] [exthost] [warning] [Decorations] CAPPING events from decorations provider vscode.git 2409
[2022-04-01 15:13:58.132] [exthost] [warning] [Decorations] CAPPING events from decorations provider vscode.git 2409
[2022-04-01 15:14:03.195] [exthost] [warning] [Decorations] CAPPING events from decorations provider vscode.git 2409
[2022-04-01 15:14:08.257] [exthost] [warning] [Decorations] CAPPING events from decorations provider vscode.git 2409
[2022-04-01 15:14:13.331] [exthost] [warning] [Decorations] CAPPING events from decorations provider vscode.git 2409
[2022-04-01 15:14:18.394] [exthost] [warning] [Decorations] CAPPING events from decorations provider vscode.git 2409
[2022-04-01 15:14:23.460] [exthost] [warning] [Decorations] CAPPING events from decorations provider vscode.git 2409
[2022-04-01 15:14:28.533] [exthost] [warning] [Decorations] CAPPING events from decorations provider vscode.git 2409
[2022-04-01 15:14:33.602] [exthost] [warning] [Decorations] CAPPING events from decorations provider vscode.git 2409
[2022-04-01 15:14:38.678] [exthost] [warning] [Decorations] CAPPING events from decorations provider vscode.git 2409
[2022-04-01 15:14:43.743] [exthost] [warning] [Decorations] CAPPING events from decorations provider vscode.git 2409
[2022-04-01 15:14:48.804] [exthost] [warning] [Decorations] CAPPING events from decorations provider vscode.git 2409
[2022-04-01 15:14:53.871] [exthost] [warning] [Decorations] CAPPING events from decorations provider vscode.git 2409
[2022-04-01 15:14:59.703] [exthost] [warning] [Decorations] CAPPING events from decorations provider vscode.git 2409
[2022-04-01 15:15:04.790] [exthost] [warning] [Decorations] CAPPING events from decorations provider vscode.git 2409
[2022-04-01 15:15:09.866] [exthost] [warning] [Decorations] CAPPING events from decorations provider vscode.git 2409
[2022-04-01 15:15:14.933] [exthost] [warning] [Decorations] CAPPING events from decorations provider vscode.git 2409
[2022-04-01 15:15:20.003] [exthost] [warning] [Decorations] CAPPING events from decorations provider vscode.git 2409
[2022-04-01 15:15:25.081] [exthost] [warning] [Decorations] CAPPING events from decorations provider vscode.git 2409
[2022-04-01 15:15:30.151] [exthost] [warning] [Decorations] CAPPING events from decorations provider vscode.git 2409
[2022-04-01 15:15:35.238] [exthost] [warning] [Decorations] CAPPING events from decorations provider vscode.git 2409
[2022-04-01 15:15:40.311] [exthost] [warning] [Decorations] CAPPING events from decorations provider vscode.git 2409
[2022-04-01 15:19:20.176] [exthost] [warning] [Decorations] CAPPING events from decorations provider vscode.git 2409
[2022-04-01 15:20:27.915] [exthost] [warning] [Decorations] CAPPING events from decorations provider vscode.git 2409
[2022-04-01 15:21:37.928] [exthost] [warning] [Decorations] CAPPING events from decorations provider vscode.git 2409
[2022-04-01 15:21:43.005] [exthost] [warning] [Decorations] CAPPING events from decorations provider vscode.git 2409
[2022-04-01 15:21:48.070] [exthost] [warning] [Decorations] CAPPING events from decorations provider vscode.git 2409
[2022-04-01 15:21:53.139] [exthost] [warning] [Decorations] CAPPING events from decorations provider vscode.git 2409
[2022-04-01 15:21:58.205] [exthost] [warning] [Decorations] CAPPING events from decorations provider vscode.git 2409
[2022-04-01 15:22:03.281] [exthost] [warning] [Decorations] CAPPING events from decorations provider vscode.git 2409
[2022-04-01 15:22:08.349] [exthost] [warning] [Decorations] CAPPING events from decorations provider vscode.git 2409
[2022-04-01 15:22:13.421] [exthost] [warning] [Decorations] CAPPING events from decorations provider vscode.git 2409
[2022-04-01 15:22:18.484] [exthost] [warning] [Decorations] CAPPING events from decorations provider vscode.git 2409
[2022-04-01 15:22:23.551] [exthost] [warning] [Decorations] CAPPING events from decorations provider vscode.git 2409
[2022-04-01 15:22:28.618] [exthost] [warning] [Decorations] CAPPING events from decorations provider vscode.git 2409
[2022-04-01 15:22:33.694] [exthost] [warning] [Decorations] CAPPING events from decorations provider vscode.git 2409
[2022-04-01 15:22:38.756] [exthost] [warning] [Decorations] CAPPING events from decorations provider vscode.git 2409
[2022-04-01 15:22:43.819] [exthost] [warning] [Decorations] CAPPING events from decorations provider vscode.git 2409
[2022-04-01 15:22:48.883] [exthost] [warning] [Decorations] CAPPING events from decorations provider vscode.git 2409
[2022-04-01 15:22:53.967] [exthost] [warning] [Decorations] CAPPING events from decorations provider vscode.git 2409
[2022-04-01 15:22:59.038] [exthost] [warning] [Decorations] CAPPING events from decorations provider vscode.git 2409
[2022-04-01 15:23:04.108] [exthost] [warning] [Decorations] CAPPING events from decorations provider vscode.git 2409
[2022-04-01 15:23:09.185] [exthost] [warning] [Decorations] CAPPING events from decorations provider vscode.git 2409
[2022-04-01 15:23:14.260] [exthost] [warning] [Decorations] CAPPING events from decorations provider vscode.git 2409
[2022-04-01 15:23:19.327] [exthost] [warning] [Decorations] CAPPING events from decorations provider vscode.git 2409
[2022-04-01 15:23:24.409] [exthost] [warning] [Decorations] CAPPING events from decorations provider vscode.git 2409
[2022-04-01 15:23:29.479] [exthost] [warning] [Decorations] CAPPING events from decorations provider vscode.git 2409
[2022-04-01 15:23:34.555] [exthost] [warning] [Decorations] CAPPING events from decorations provider vscode.git 2409
[2022-04-01 15:23:39.629] [exthost] [warning] [Decorations] CAPPING events from decorations provider vscode.git 2409
[2022-04-01 15:23:44.703] [exthost] [warning] [Decorations] CAPPING events from decorations provider vscode.git 2409
[2022-04-01 15:23:49.777] [exthost] [warning] [Decorations] CAPPING events from decorations provider vscode.git 2409
[2022-04-01 15:23:54.839] [exthost] [warning] [Decorations] CAPPING events from decorations provider vscode.git 2409
[2022-04-01 15:23:59.898] [exthost] [warning] [Decorations] CAPPING events from decorations provider vscode.git 2409
[2022-04-01 15:24:04.971] [exthost] [warning] [Decorations] CAPPING events from decorations provider vscode.git 2409
[2022-04-01 15:24:10.039] [exthost] [warning] [Decorations] CAPPING events from decorations provider vscode.git 2409
[2022-04-01 15:24:15.113] [exthost] [warning] [Decorations] CAPPING events from decorations provider vscode.git 2409
[2022-04-01 15:24:20.178] [exthost] [warning] [Decorations] CAPPING events from decorations provider vscode.git 2409
[2022-04-01 15:24:25.248] [exthost] [warning] [Decorations] CAPPING events from decorations provider vscode.git 2409
[2022-04-01 15:24:30.317] [exthost] [warning] [Decorations] CAPPING events from decorations provider vscode.git 2409
[2022-04-01 15:24:35.390] [exthost] [warning] [Decorations] CAPPING events from decorations provider vscode.git 2409
[2022-04-01 15:24:40.461] [exthost] [warning] [Decorations] CAPPING events from decorations provider vscode.git 2409
[2022-04-01 15:24:45.537] [exthost] [warning] [Decorations] CAPPING events from decorations provider vscode.git 2409
[2022-04-01 15:24:50.609] [exthost] [warning] [Decorations] CAPPING events from decorations provider vscode.git 2409
[2022-04-01 15:24:55.672] [exthost] [warning] [Decorations] CAPPING events from decorations provider vscode.git 2409
[2022-04-01 15:25:00.733] [exthost] [warning] [Decorations] CAPPING events from decorations provider vscode.git 2409
[2022-04-01 15:25:05.802] [exthost] [warning] [Decorations] CAPPING events from decorations provider vscode.git 2409
[2022-04-01 15:25:10.888] [exthost] [warning] [Decorations] CAPPING events from decorations provider vscode.git 2409
[2022-04-01 15:25:15.957] [exthost] [warning] [Decorations] CAPPING events from decorations provider vscode.git 2409
[2022-04-01 15:25:21.022] [exthost] [warning] [Decorations] CAPPING events from decorations provider vscode.git 2409
[2022-04-01 15:25:26.095] [exthost] [warning] [Decorations] CAPPING events from decorations provider vscode.git 2409
[2022-04-01 15:25:31.167] [exthost] [warning] [Decorations] CAPPING events from decorations provider vscode.git 2409
[2022-04-01 15:25:36.239] [exthost] [warning] [Decorations] CAPPING events from decorations provider vscode.git 2409
[2022-04-01 15:25:41.309] [exthost] [warning] [Decorations] CAPPING events from decorations provider vscode.git 2409
[2022-04-01 15:25:46.378] [exthost] [warning] [Decorations] CAPPING events from decorations provider vscode.git 2409
[2022-04-01 15:25:51.446] [exthost] [warning] [Decorations] CAPPING events from decorations provider vscode.git 2409
[2022-04-01 15:25:56.523] [exthost] [warning] [Decorations] CAPPING events from decorations provider vscode.git 2409
[2022-04-01 15:26:01.601] [exthost] [warning] [Decorations] CAPPING events from decorations provider vscode.git 2409
[2022-04-01 15:26:06.672] [exthost] [warning] [Decorations] CAPPING events from decorations provider vscode.git 2409
[2022-04-01 15:26:11.735] [exthost] [warning] [Decorations] CAPPING events from decorations provider vscode.git 2409
[2022-04-01 15:26:16.796] [exthost] [warning] [Decorations] CAPPING events from decorations provider vscode.git 2409
[2022-04-01 15:26:21.858] [exthost] [warning] [Decorations] CAPPING events from decorations provider vscode.git 2409
[2022-04-01 15:26:26.919] [exthost] [warning] [Decorations] CAPPING events from decorations provider vscode.git 2409
[2022-04-01 15:26:31.982] [exthost] [warning] [Decorations] CAPPING events from decorations provider vscode.git 2409
[2022-04-01 15:26:37.046] [exthost] [warning] [Decorations] CAPPING events from decorations provider vscode.git 2409
[2022-04-01 15:26:42.112] [exthost] [warning] [Decorations] CAPPING events from decorations provider vscode.git 2409
[2022-04-01 15:26:47.229] [exthost] [warning] [Decorations] CAPPING events from decorations provider vscode.git 2409
[2022-04-01 15:26:52.308] [exthost] [warning] [Decorations] CAPPING events from decorations provider vscode.git 2409
[2022-04-01 15:26:57.379] [exthost] [warning] [Decorations] CAPPING events from decorations provider vscode.git 2409
[2022-04-01 15:27:02.445] [exthost] [warning] [Decorations] CAPPING events from decorations provider vscode.git 2409
[2022-04-01 15:27:07.526] [exthost] [warning] [Decorations] CAPPING events from decorations provider vscode.git 2409
[2022-04-01 15:27:12.600] [exthost] [warning] [Decorations] CAPPING events from decorations provider vscode.git 2409
[2022-04-01 15:27:17.676] [exthost] [warning] [Decorations] CAPPING events from decorations provider vscode.git 2409
[2022-04-01 15:27:22.749] [exthost] [warning] [Decorations] CAPPING events from decorations provider vscode.git 2409
[2022-04-01 15:27:27.818] [exthost] [warning] [Decorations] CAPPING events from decorations provider vscode.git 2409
[2022-04-01 15:27:32.887] [exthost] [warning] [Decorations] CAPPING events from decorations provider vscode.git 2409
[2022-04-01 15:27:37.950] [exthost] [warning] [Decorations] CAPPING events from decorations provider vscode.git 2409
[2022-04-01 15:27:43.025] [exthost] [warning] [Decorations] CAPPING events from decorations provider vscode.git 2409
[2022-04-01 15:27:48.100] [exthost] [warning] [Decorations] CAPPING events from decorations provider vscode.git 2409
[2022-04-01 15:27:53.171] [exthost] [warning] [Decorations] CAPPING events from decorations provider vscode.git 2409
[2022-04-01 15:27:58.241] [exthost] [warning] [Decorations] CAPPING events from decorations provider vscode.git 2409
[2022-04-01 15:28:03.314] [exthost] [warning] [Decorations] CAPPING events from decorations provider vscode.git 2409
[2022-04-01 15:28:08.385] [exthost] [warning] [Decorations] CAPPING events from decorations provider vscode.git 2409
[2022-04-01 15:28:13.449] [exthost] [warning] [Decorations] CAPPING events from decorations provider vscode.git 2409
[2022-04-01 15:28:18.510] [exthost] [warning] [Decorations] CAPPING events from decorations provider vscode.git 2409
[2022-04-01 15:28:23.571] [exthost] [warning] [Decorations] CAPPING events from decorations provider vscode.git 2409
[2022-04-01 15:28:28.632] [exthost] [warning] [Decorations] CAPPING events from decorations provider vscode.git 2409
[2022-04-01 15:28:33.695] [exthost] [warning] [Decorations] CAPPING events from decorations provider vscode.git 2409
[2022-04-01 15:28:38.761] [exthost] [warning] [Decorations] CAPPING events from decorations provider vscode.git 2409
[2022-04-01 15:28:43.831] [exthost] [warning] [Decorations] CAPPING events from decorations provider vscode.git 2409
[2022-04-01 15:28:48.914] [exthost] [warning] [Decorations] CAPPING events from decorations provider vscode.git 2409
[2022-04-01 15:28:53.991] [exthost] [warning] [Decorations] CAPPING events from decorations provider vscode.git 2409
[2022-04-01 15:28:59.063] [exthost] [warning] [Decorations] CAPPING events from decorations provider vscode.git 2409
[2022-04-01 15:29:04.123] [exthost] [warning] [Decorations] CAPPING events from decorations provider vscode.git 2409
[2022-04-01 15:29:09.196] [exthost] [warning] [Decorations] CAPPING events from decorations provider vscode.git 2409
[2022-04-01 15:29:14.279] [exthost] [warning] [Decorations] CAPPING events from decorations provider vscode.git 2409
[2022-04-01 15:29:19.351] [exthost] [warning] [Decorations] CAPPING events from decorations provider vscode.git 2409
[2022-04-01 15:29:24.420] [exthost] [warning] [Decorations] CAPPING events from decorations provider vscode.git 2409
[2022-04-01 15:29:29.499] [exthost] [warning] [Decorations] CAPPING events from decorations provider vscode.git 2409
[2022-04-01 15:29:34.558] [exthost] [warning] [Decorations] CAPPING events from decorations provider vscode.git 2409
[2022-04-01 15:29:39.621] [exthost] [warning] [Decorations] CAPPING events from decorations provider vscode.git 2409
[2022-04-01 15:29:44.683] [exthost] [warning] [Decorations] CAPPING events from decorations provider vscode.git 2409
[2022-04-01 15:29:49.765] [exthost] [warning] [Decorations] CAPPING events from decorations provider vscode.git 2409
[2022-04-01 15:29:54.830] [exthost] [warning] [Decorations] CAPPING events from decorations provider vscode.git 2409
[2022-04-01 15:29:59.908] [exthost] [warning] [Decorations] CAPPING events from decorations provider vscode.git 2409
[2022-04-01 15:30:05.002] [exthost] [warning] [Decorations] CAPPING events from decorations provider vscode.git 2409
[2022-04-01 15:30:10.061] [exthost] [warning] [Decorations] CAPPING events from decorations provider vscode.git 2409
[2022-04-01 15:30:15.124] [exthost] [warning] [Decorations] CAPPING events from decorations provider vscode.git 2409
[2022-04-01 15:30:20.185] [exthost] [warning] [Decorations] CAPPING events from decorations provider vscode.git 2409
[2022-04-01 15:30:25.262] [exthost] [warning] [Decorations] CAPPING events from decorations provider vscode.git 2409
[2022-04-01 15:30:30.336] [exthost] [warning] [Decorations] CAPPING events from decorations provider vscode.git 2409
[2022-04-01 15:30:35.401] [exthost] [warning] [Decorations] CAPPING events from decorations provider vscode.git 2409
[2022-04-01 15:30:40.477] [exthost] [warning] [Decorations] CAPPING events from decorations provider vscode.git 2409
[2022-04-01 15:30:45.546] [exthost] [warning] [Decorations] CAPPING events from decorations provider vscode.git 2409
[2022-04-01 15:30:50.610] [exthost] [warning] [Decorations] CAPPING events from decorations provider vscode.git 2409
[2022-04-01 15:30:55.672] [exthost] [warning] [Decorations] CAPPING events from decorations provider vscode.git 2409
[2022-04-01 15:31:00.739] [exthost] [warning] [Decorations] CAPPING events from decorations provider vscode.git 2409
[2022-04-01 15:31:05.802] [exthost] [warning] [Decorations] CAPPING events from decorations provider vscode.git 2409
[2022-04-01 15:31:10.867] [exthost] [warning] [Decorations] CAPPING events from decorations provider vscode.git 2409
[2022-04-01 15:31:15.933] [exthost] [warning] [Decorations] CAPPING events from decorations provider vscode.git 2409
[2022-04-01 15:31:21.013] [exthost] [warning] [Decorations] CAPPING events from decorations provider vscode.git 2409
[2022-04-01 15:31:26.077] [exthost] [warning] [Decorations] CAPPING events from decorations provider vscode.git 2409
[2022-04-01 15:31:31.142] [exthost] [warning] [Decorations] CAPPING events from decorations provider vscode.git 2409
[2022-04-01 15:31:36.222] [exthost] [warning] [Decorations] CAPPING events from decorations provider vscode.git 2409
[2022-04-01 15:31:41.283] [exthost] [warning] [Decorations] CAPPING events from decorations provider vscode.git 2409
[2022-04-01 15:31:46.346] [exthost] [warning] [Decorations] CAPPING events from decorations provider vscode.git 2409
[2022-04-01 15:31:51.415] [exthost] [warning] [Decorations] CAPPING events from decorations provider vscode.git 2409
[2022-04-01 15:31:56.480] [exthost] [warning] [Decorations] CAPPING events from decorations provider vscode.git 2409
[2022-04-01 15:32:01.566] [exthost] [warning] [Decorations] CAPPING events from decorations provider vscode.git 2409
[2022-04-01 15:32:06.654] [exthost] [warning] [Decorations] CAPPING events from decorations provider vscode.git 2409
[2022-04-01 15:32:11.729] [exthost] [warning] [Decorations] CAPPING events from decorations provider vscode.git 2409
[2022-04-01 15:32:16.800] [exthost] [warning] [Decorations] CAPPING events from decorations provider vscode.git 2409
[2022-04-01 15:32:21.864] [exthost] [warning] [Decorations] CAPPING events from decorations provider vscode.git 2409
[2022-04-01 15:32:26.937] [exthost] [warning] [Decorations] CAPPING events from decorations provider vscode.git 2409
[2022-04-01 15:32:32.011] [exthost] [warning] [Decorations] CAPPING events from decorations provider vscode.git 2409
[2022-04-01 15:32:37.074] [exthost] [warning] [Decorations] CAPPING events from decorations provider vscode.git 2409
[2022-04-01 15:32:42.150] [exthost] [warning] [Decorations] CAPPING events from decorations provider vscode.git 2409
[2022-04-01 15:32:47.229] [exthost] [warning] [Decorations] CAPPING events from decorations provider vscode.git 2409
[2022-04-01 15:32:52.293] [exthost] [warning] [Decorations] CAPPING events from decorations provider vscode.git 2409
[2022-04-01 15:32:57.359] [exthost] [warning] [Decorations] CAPPING events from decorations provider vscode.git 2409
[2022-04-01 15:33:02.423] [exthost] [warning] [Decorations] CAPPING events from decorations provider vscode.git 2409
[2022-04-01 15:33:07.488] [exthost] [warning] [Decorations] CAPPING events from decorations provider vscode.git 2409
[2022-04-01 15:33:12.554] [exthost] [warning] [Decorations] CAPPING events from decorations provider vscode.git 2409
[2022-04-01 15:33:17.614] [exthost] [warning] [Decorations] CAPPING events from decorations provider vscode.git 2409
[2022-04-01 15:33:22.678] [exthost] [warning] [Decorations] CAPPING events from decorations provider vscode.git 2409
[2022-04-01 15:33:27.740] [exthost] [warning] [Decorations] CAPPING events from decorations provider vscode.git 2409
[2022-04-01 15:33:32.801] [exthost] [warning] [Decorations] CAPPING events from decorations provider vscode.git 2409
[2022-04-01 15:33:37.869] [exthost] [warning] [Decorations] CAPPING events from decorations provider vscode.git 2409
[2022-04-01 15:33:42.936] [exthost] [warning] [Decorations] CAPPING events from decorations provider vscode.git 2409
[2022-04-01 15:33:48.004] [exthost] [warning] [Decorations] CAPPING events from decorations provider vscode.git 2409
[2022-04-01 15:33:53.082] [exthost] [warning] [Decorations] CAPPING events from decorations provider vscode.git 2409
[2022-04-01 15:33:58.156] [exthost] [warning] [Decorations] CAPPING events from decorations provider vscode.git 2409
[2022-04-01 15:34:03.227] [exthost] [warning] [Decorations] CAPPING events from decorations provider vscode.git 2409
[2022-04-01 15:34:08.291] [exthost] [warning] [Decorations] CAPPING events from decorations provider vscode.git 2409
[2022-04-01 15:34:13.352] [exthost] [warning] [Decorations] CAPPING events from decorations provider vscode.git 2409
[2022-04-01 15:34:18.418] [exthost] [warning] [Decorations] CAPPING events from decorations provider vscode.git 2409
[2022-04-01 15:34:23.480] [exthost] [warning] [Decorations] CAPPING events from decorations provider vscode.git 2409
[2022-04-01 15:34:28.542] [exthost] [warning] [Decorations] CAPPING events from decorations provider vscode.git 2409
[2022-04-01 15:34:33.604] [exthost] [warning] [Decorations] CAPPING events from decorations provider vscode.git 2409
[2022-04-01 15:34:38.670] [exthost] [warning] [Decorations] CAPPING events from decorations provider vscode.git 2409
[2022-04-01 15:34:43.735] [exthost] [warning] [Decorations] CAPPING events from decorations provider vscode.git 2409
[2022-04-01 15:34:48.802] [exthost] [warning] [Decorations] CAPPING events from decorations provider vscode.git 2409
[2022-04-01 15:34:53.886] [exthost] [warning] [Decorations] CAPPING events from decorations provider vscode.git 2409
[2022-04-01 15:34:58.958] [exthost] [warning] [Decorations] CAPPING events from decorations provider vscode.git 2409
[2022-04-01 15:35:04.028] [exthost] [warning] [Decorations] CAPPING events from decorations provider vscode.git 2409
[2022-04-01 15:35:09.090] [exthost] [warning] [Decorations] CAPPING events from decorations provider vscode.git 2409
[2022-04-01 15:35:14.162] [exthost] [warning] [Decorations] CAPPING events from decorations provider vscode.git 2409
[2022-04-01 15:35:19.238] [exthost] [warning] [Decorations] CAPPING events from decorations provider vscode.git 2409
[2022-04-01 15:35:24.310] [exthost] [warning] [Decorations] CAPPING events from decorations provider vscode.git 2409
[2022-04-01 15:35:29.381] [exthost] [warning] [Decorations] CAPPING events from decorations provider vscode.git 2409
[2022-04-01 15:35:34.452] [exthost] [warning] [Decorations] CAPPING events from decorations provider vscode.git 2409
[2022-04-01 15:35:39.518] [exthost] [warning] [Decorations] CAPPING events from decorations provider vscode.git 2409
[2022-04-01 15:35:44.587] [exthost] [warning] [Decorations] CAPPING events from decorations provider vscode.git 2409
[2022-04-01 15:35:49.658] [exthost] [warning] [Decorations] CAPPING events from decorations provider vscode.git 2409
[2022-04-01 15:35:54.720] [exthost] [warning] [Decorations] CAPPING events from decorations provider vscode.git 2409
[2022-04-01 15:35:59.779] [exthost] [warning] [Decorations] CAPPING events from decorations provider vscode.git 2409
[2022-04-01 15:36:04.841] [exthost] [warning] [Decorations] CAPPING events from decorations provider vscode.git 2409
[2022-04-01 15:36:09.903] [exthost] [warning] [Decorations] CAPPING events from decorations provider vscode.git 2409
[2022-04-01 15:36:14.964] [exthost] [warning] [Decorations] CAPPING events from decorations provider vscode.git 2409
[2022-04-01 15:36:20.025] [exthost] [warning] [Decorations] CAPPING events from decorations provider vscode.git 2409
[2022-04-01 15:36:25.086] [exthost] [warning] [Decorations] CAPPING events from decorations provider vscode.git 2409
[2022-04-01 15:36:30.149] [exthost] [warning] [Decorations] CAPPING events from decorations provider vscode.git 2409
[2022-04-01 15:36:35.213] [exthost] [warning] [Decorations] CAPPING events from decorations provider vscode.git 2409
[2022-04-01 15:36:40.290] [exthost] [warning] [Decorations] CAPPING events from decorations provider vscode.git 2409
[2022-04-01 15:36:45.363] [exthost] [warning] [Decorations] CAPPING events from decorations provider vscode.git 2409
[2022-04-01 15:36:50.433] [exthost] [warning] [Decorations] CAPPING events from decorations provider vscode.git 2409
[2022-04-01 15:36:55.496] [exthost] [warning] [Decorations] CAPPING events from decorations provider vscode.git 2409
[2022-04-01 15:37:00.557] [exthost] [warning] [Decorations] CAPPING events from decorations provider vscode.git 2409
[2022-04-01 15:37:05.619] [exthost] [warning] [Decorations] CAPPING events from decorations provider vscode.git 2409
[2022-04-01 15:37:10.680] [exthost] [warning] [Decorations] CAPPING events from decorations provider vscode.git 2409
[2022-04-01 15:37:15.744] [exthost] [warning] [Decorations] CAPPING events from decorations provider vscode.git 2409
[2022-04-01 15:37:20.820] [exthost] [warning] [Decorations] CAPPING events from decorations provider vscode.git 2409
[2022-04-01 15:37:25.891] [exthost] [warning] [Decorations] CAPPING events from decorations provider vscode.git 2409
[2022-04-01 15:37:30.962] [exthost] [warning] [Decorations] CAPPING events from decorations provider vscode.git 2409
[2022-04-01 15:37:36.024] [exthost] [warning] [Decorations] CAPPING events from decorations provider vscode.git 2409
[2022-04-01 15:37:41.084] [exthost] [warning] [Decorations] CAPPING events from decorations provider vscode.git 2409
[2022-04-01 15:37:46.147] [exthost] [warning] [Decorations] CAPPING events from decorations provider vscode.git 2409
[2022-04-01 15:37:51.220] [exthost] [warning] [Decorations] CAPPING events from decorations provider vscode.git 2409
[2022-04-01 15:37:56.292] [exthost] [warning] [Decorations] CAPPING events from decorations provider vscode.git 2409
[2022-04-01 15:38:01.360] [exthost] [warning] [Decorations] CAPPING events from decorations provider vscode.git 2409
[2022-04-01 15:38:06.433] [exthost] [warning] [Decorations] CAPPING events from decorations provider vscode.git 2409
[2022-04-01 15:38:11.510] [exthost] [warning] [Decorations] CAPPING events from decorations provider vscode.git 2409
[2022-04-01 15:38:16.569] [exthost] [warning] [Decorations] CAPPING events from decorations provider vscode.git 2409
[2022-04-01 15:38:21.629] [exthost] [warning] [Decorations] CAPPING events from decorations provider vscode.git 2409
[2022-04-01 15:38:26.693] [exthost] [warning] [Decorations] CAPPING events from decorations provider vscode.git 2409
[2022-04-01 15:38:31.754] [exthost] [warning] [Decorations] CAPPING events from decorations provider vscode.git 2409
[2022-04-01 15:38:36.820] [exthost] [warning] [Decorations] CAPPING events from decorations provider vscode.git 2409
[2022-04-01 15:38:41.899] [exthost] [warning] [Decorations] CAPPING events from decorations provider vscode.git 2409
[2022-04-01 15:38:46.970] [exthost] [warning] [Decorations] CAPPING events from decorations provider vscode.git 2409
[2022-04-01 15:38:52.041] [exthost] [warning] [Decorations] CAPPING events from decorations provider vscode.git 2409
[2022-04-01 15:38:57.102] [exthost] [warning] [Decorations] CAPPING events from decorations provider vscode.git 2409
[2022-04-01 15:39:02.172] [exthost] [warning] [Decorations] CAPPING events from decorations provider vscode.git 2409
[2022-04-01 15:39:07.241] [exthost] [warning] [Decorations] CAPPING events from decorations provider vscode.git 2409
[2022-04-01 15:39:12.312] [exthost] [warning] [Decorations] CAPPING events from decorations provider vscode.git 2409
[2022-04-01 15:39:17.379] [exthost] [warning] [Decorations] CAPPING events from decorations provider vscode.git 2409
[2022-04-01 15:39:22.445] [exthost] [warning] [Decorations] CAPPING events from decorations provider vscode.git 2409
[2022-04-01 15:39:27.506] [exthost] [warning] [Decorations] CAPPING events from decorations provider vscode.git 2409
[2022-04-01 15:39:32.569] [exthost] [warning] [Decorations] CAPPING events from decorations provider vscode.git 2409
[2022-04-01 15:39:37.631] [exthost] [warning] [Decorations] CAPPING events from decorations provider vscode.git 2409
[2022-04-01 15:39:42.694] [exthost] [warning] [Decorations] CAPPING events from decorations provider vscode.git 2409
[2022-04-01 15:39:47.754] [exthost] [warning] [Decorations] CAPPING events from decorations provider vscode.git 2409
[2022-04-01 15:39:52.815] [exthost] [warning] [Decorations] CAPPING events from decorations provider vscode.git 2409
[2022-04-01 15:39:57.887] [exthost] [warning] [Decorations] CAPPING events from decorations provider vscode.git 2409
[2022-04-01 15:40:02.958] [exthost] [warning] [Decorations] CAPPING events from decorations provider vscode.git 2409
[2022-04-01 15:40:08.027] [exthost] [warning] [Decorations] CAPPING events from decorations provider vscode.git 2409
[2022-04-01 15:40:13.098] [exthost] [warning] [Decorations] CAPPING events from decorations provider vscode.git 2409
[2022-04-01 15:40:18.169] [exthost] [warning] [Decorations] CAPPING events from decorations provider vscode.git 2409
[2022-04-01 15:40:23.246] [exthost] [warning] [Decorations] CAPPING events from decorations provider vscode.git 2409
[2022-04-01 15:40:28.321] [exthost] [warning] [Decorations] CAPPING events from decorations provider vscode.git 2409
[2022-04-01 15:40:33.381] [exthost] [warning] [Decorations] CAPPING events from decorations provider vscode.git 2409
[2022-04-01 15:40:38.456] [exthost] [warning] [Decorations] CAPPING events from decorations provider vscode.git 2409
[2022-04-01 15:40:43.521] [exthost] [warning] [Decorations] CAPPING events from decorations provider vscode.git 2409
[2022-04-01 15:40:48.583] [exthost] [warning] [Decorations] CAPPING events from decorations provider vscode.git 2409
[2022-04-01 15:40:53.648] [exthost] [warning] [Decorations] CAPPING events from decorations provider vscode.git 2409
[2022-04-01 15:40:58.712] [exthost] [warning] [Decorations] CAPPING events from decorations provider vscode.git 2409
[2022-04-01 15:41:03.779] [exthost] [warning] [Decorations] CAPPING events from decorations provider vscode.git 2409
[2022-04-01 15:41:08.847] [exthost] [warning] [Decorations] CAPPING events from decorations provider vscode.git 2409
[2022-04-01 15:41:13.924] [exthost] [warning] [Decorations] CAPPING events from decorations provider vscode.git 2409
[2022-04-01 15:41:18.985] [exthost] [warning] [Decorations] CAPPING events from decorations provider vscode.git 2409
[2022-04-01 15:41:24.055] [exthost] [warning] [Decorations] CAPPING events from decorations provider vscode.git 2409
[2022-04-01 15:41:29.123] [exthost] [warning] [Decorations] CAPPING events from decorations provider vscode.git 2409
[2022-04-01 15:41:34.194] [exthost] [warning] [Decorations] CAPPING events from decorations provider vscode.git 2409
[2022-04-01 15:41:39.265] [exthost] [warning] [Decorations] CAPPING events from decorations provider vscode.git 2409
[2022-04-01 15:41:44.339] [exthost] [warning] [Decorations] CAPPING events from decorations provider vscode.git 2409
[2022-04-01 15:41:49.413] [exthost] [warning] [Decorations] CAPPING events from decorations provider vscode.git 2409
[2022-04-01 15:41:54.479] [exthost] [warning] [Decorations] CAPPING events from decorations provider vscode.git 2409
[2022-04-01 15:41:59.546] [exthost] [warning] [Decorations] CAPPING events from decorations provider vscode.git 2409
[2022-04-01 15:42:04.617] [exthost] [warning] [Decorations] CAPPING events from decorations provider vscode.git 2409
[2022-04-01 15:42:09.688] [exthost] [warning] [Decorations] CAPPING events from decorations provider vscode.git 2409
[2022-04-01 15:42:14.759] [exthost] [warning] [Decorations] CAPPING events from decorations provider vscode.git 2409
[2022-04-01 15:42:19.829] [exthost] [warning] [Decorations] CAPPING events from decorations provider vscode.git 2409
[2022-04-01 15:42:24.902] [exthost] [warning] [Decorations] CAPPING events from decorations provider vscode.git 2409
[2022-04-01 15:42:29.970] [exthost] [warning] [Decorations] CAPPING events from decorations provider vscode.git 2409
[2022-04-01 15:42:35.044] [exthost] [warning] [Decorations] CAPPING events from decorations provider vscode.git 2409
[2022-04-01 15:42:40.105] [exthost] [warning] [Decorations] CAPPING events from decorations provider vscode.git 2409
[2022-04-01 15:42:45.169] [exthost] [warning] [Decorations] CAPPING events from decorations provider vscode.git 2409
[2022-04-01 15:42:50.233] [exthost] [warning] [Decorations] CAPPING events from decorations provider vscode.git 2409
[2022-04-01 15:42:55.296] [exthost] [warning] [Decorations] CAPPING events from decorations provider vscode.git 2409
[2022-04-01 15:43:00.356] [exthost] [warning] [Decorations] CAPPING events from decorations provider vscode.git 2409
[2022-04-01 15:43:05.418] [exthost] [warning] [Decorations] CAPPING events from decorations provider vscode.git 2409
[2022-04-01 15:43:10.479] [exthost] [warning] [Decorations] CAPPING events from decorations provider vscode.git 2409
[2022-04-01 15:43:15.541] [exthost] [warning] [Decorations] CAPPING events from decorations provider vscode.git 2409
[2022-04-01 15:43:20.622] [exthost] [warning] [Decorations] CAPPING events from decorations provider vscode.git 2409
[2022-04-01 15:43:25.701] [exthost] [warning] [Decorations] CAPPING events from decorations provider vscode.git 2409
[2022-04-01 15:43:30.783] [exthost] [warning] [Decorations] CAPPING events from decorations provider vscode.git 2409
[2022-04-01 15:43:35.855] [exthost] [warning] [Decorations] CAPPING events from decorations provider vscode.git 2409
[2022-04-01 15:43:40.925] [exthost] [warning] [Decorations] CAPPING events from decorations provider vscode.git 2409
[2022-04-01 15:43:45.995] [exthost] [warning] [Decorations] CAPPING events from decorations provider vscode.git 2409
[2022-04-01 15:43:51.068] [exthost] [warning] [Decorations] CAPPING events from decorations provider vscode.git 2409
[2022-04-01 15:43:56.136] [exthost] [warning] [Decorations] CAPPING events from decorations provider vscode.git 2409
[2022-04-01 15:44:01.211] [exthost] [warning] [Decorations] CAPPING events from decorations provider vscode.git 2409
[2022-04-01 15:44:06.283] [exthost] [warning] [Decorations] CAPPING events from decorations provider vscode.git 2409
[2022-04-01 15:44:11.364] [exthost] [warning] [Decorations] CAPPING events from decorations provider vscode.git 2409
[2022-04-01 15:44:16.426] [exthost] [warning] [Decorations] CAPPING events from decorations provider vscode.git 2409
[2022-04-01 15:44:21.489] [exthost] [warning] [Decorations] CAPPING events from decorations provider vscode.git 2409
[2022-04-01 15:44:26.550] [exthost] [warning] [Decorations] CAPPING events from decorations provider vscode.git 2409
[2022-04-01 15:44:31.611] [exthost] [warning] [Decorations] CAPPING events from decorations provider vscode.git 2409
[2022-04-01 15:44:36.677] [exthost] [warning] [Decorations] CAPPING events from decorations provider vscode.git 2409
[2022-04-01 15:44:41.741] [exthost] [warning] [Decorations] CAPPING events from decorations provider vscode.git 2409
[2022-04-01 15:44:46.811] [exthost] [warning] [Decorations] CAPPING events from decorations provider vscode.git 2409
[2022-04-01 15:44:51.879] [exthost] [warning] [Decorations] CAPPING events from decorations provider vscode.git 2409
[2022-04-01 15:44:56.958] [exthost] [warning] [Decorations] CAPPING events from decorations provider vscode.git 2409
[2022-04-01 15:45:02.022] [exthost] [warning] [Decorations] CAPPING events from decorations provider vscode.git 2409
[2022-04-01 15:45:07.089] [exthost] [warning] [Decorations] CAPPING events from decorations provider vscode.git 2409
[2022-04-01 15:45:12.153] [exthost] [warning] [Decorations] CAPPING events from decorations provider vscode.git 2409
[2022-04-01 15:45:17.215] [exthost] [warning] [Decorations] CAPPING events from decorations provider vscode.git 2409
[2022-04-01 15:45:22.275] [exthost] [warning] [Decorations] CAPPING events from decorations provider vscode.git 2409
[2022-04-01 15:45:27.338] [exthost] [warning] [Decorations] CAPPING events from decorations provider vscode.git 2409
[2022-04-01 15:45:32.403] [exthost] [warning] [Decorations] CAPPING events from decorations provider vscode.git 2409
[2022-04-01 15:45:37.470] [exthost] [warning] [Decorations] CAPPING events from decorations provider vscode.git 2409
[2022-04-01 15:45:42.543] [exthost] [warning] [Decorations] CAPPING events from decorations provider vscode.git 2409
[2022-04-01 15:45:47.611] [exthost] [warning] [Decorations] CAPPING events from decorations provider vscode.git 2409
[2022-04-01 15:45:52.687] [exthost] [warning] [Decorations] CAPPING events from decorations provider vscode.git 2409
[2022-04-01 15:45:57.767] [exthost] [warning] [Decorations] CAPPING events from decorations provider vscode.git 2409
[2022-04-01 15:46:02.838] [exthost] [warning] [Decorations] CAPPING events from decorations provider vscode.git 2409
[2022-04-01 15:46:07.900] [exthost] [warning] [Decorations] CAPPING events from decorations provider vscode.git 2409
[2022-04-01 15:46:12.970] [exthost] [warning] [Decorations] CAPPING events from decorations provider vscode.git 2409
[2022-04-01 15:46:18.047] [exthost] [warning] [Decorations] CAPPING events from decorations provider vscode.git 2409
[2022-04-01 15:46:23.115] [exthost] [warning] [Decorations] CAPPING events from decorations provider vscode.git 2409
[2022-04-01 15:46:28.194] [exthost] [warning] [Decorations] CAPPING events from decorations provider vscode.git 2409
[2022-04-01 15:46:33.256] [exthost] [warning] [Decorations] CAPPING events from decorations provider vscode.git 2409
[2022-04-01 15:46:38.331] [exthost] [warning] [Decorations] CAPPING events from decorations provider vscode.git 2409
[2022-04-01 15:46:43.402] [exthost] [warning] [Decorations] CAPPING events from decorations provider vscode.git 2409
[2022-04-01 15:46:48.464] [exthost] [warning] [Decorations] CAPPING events from decorations provider vscode.git 2409
[2022-04-01 15:52:24.175] [exthost] [warning] [Decorations] CAPPING events from decorations provider vscode.git 2409
[2022-04-01 15:52:29.239] [exthost] [warning] [Decorations] CAPPING events from decorations provider vscode.git 2409
[2022-04-01 15:52:34.310] [exthost] [warning] [Decorations] CAPPING events from decorations provider vscode.git 2409
[2022-04-01 15:52:39.375] [exthost] [warning] [Decorations] CAPPING events from decorations provider vscode.git 2409
[2022-04-01 15:52:44.444] [exthost] [warning] [Decorations] CAPPING events from decorations provider vscode.git 2409
[2022-04-01 15:52:49.518] [exthost] [warning] [Decorations] CAPPING events from decorations provider vscode.git 2409
[2022-04-01 15:52:54.587] [exthost] [warning] [Decorations] CAPPING events from decorations provider vscode.git 2409
[2022-04-01 15:52:59.660] [exthost] [warning] [Decorations] CAPPING events from decorations provider vscode.git 2409
[2022-04-01 15:53:04.730] [exthost] [warning] [Decorations] CAPPING events from decorations provider vscode.git 2409
[2022-04-01 15:53:09.801] [exthost] [warning] [Decorations] CAPPING events from decorations provider vscode.git 2409
[2022-04-01 15:53:14.871] [exthost] [warning] [Decorations] CAPPING events from decorations provider vscode.git 2409
[2022-04-01 15:53:19.942] [exthost] [warning] [Decorations] CAPPING events from decorations provider vscode.git 2409
[2022-04-01 15:53:25.022] [exthost] [warning] [Decorations] CAPPING events from decorations provider vscode.git 2409
[2022-04-01 15:53:30.083] [exthost] [warning] [Decorations] CAPPING events from decorations provider vscode.git 2409
[2022-04-01 15:53:35.142] [exthost] [warning] [Decorations] CAPPING events from decorations provider vscode.git 2409
[2022-04-01 15:54:04.568] [exthost] [warning] [Decorations] CAPPING events from decorations provider vscode.git 2409
[2022-04-01 15:54:09.629] [exthost] [warning] [Decorations] CAPPING events from decorations provider vscode.git 2409
[2022-04-01 15:54:14.695] [exthost] [warning] [Decorations] CAPPING events from decorations provider vscode.git 2409
[2022-04-01 15:54:19.766] [exthost] [warning] [Decorations] CAPPING events from decorations provider vscode.git 2409
[2022-04-01 15:54:24.839] [exthost] [warning] [Decorations] CAPPING events from decorations provider vscode.git 2409
[2022-04-01 15:54:29.911] [exthost] [warning] [Decorations] CAPPING events from decorations provider vscode.git 2409
[2022-04-01 15:54:34.978] [exthost] [warning] [Decorations] CAPPING events from decorations provider vscode.git 2409
[2022-04-01 15:54:40.053] [exthost] [warning] [Decorations] CAPPING events from decorations provider vscode.git 2409
[2022-04-01 15:54:45.123] [exthost] [warning] [Decorations] CAPPING events from decorations provider vscode.git 2409
[2022-04-01 15:54:50.199] [exthost] [warning] [Decorations] CAPPING events from decorations provider vscode.git 2409
[2022-04-01 15:54:55.268] [exthost] [warning] [Decorations] CAPPING events from decorations provider vscode.git 2409
[2022-04-01 15:55:00.343] [exthost] [warning] [Decorations] CAPPING events from decorations provider vscode.git 2409
[2022-04-01 15:55:11.240] [exthost] [warning] [Decorations] CAPPING events from decorations provider vscode.git 2409
[2022-04-01 15:55:12.023] [exthost] [warning] [Decorations] CAPPING events from decorations provider vscode.git 2409
[2022-04-01 15:55:16.313] [exthost] [warning] [Decorations] CAPPING events from decorations provider vscode.git 2409
[2022-04-01 15:55:21.378] [exthost] [warning] [Decorations] CAPPING events from decorations provider vscode.git 2409
[2022-04-01 15:55:26.445] [exthost] [warning] [Decorations] CAPPING events from decorations provider vscode.git 2409
[2022-04-01 15:55:30.222] [exthost] [warning] [Decorations] CAPPING events from decorations provider vscode.git 2409
[2022-04-01 15:55:31.525] [exthost] [warning] [Decorations] CAPPING events from decorations provider vscode.git 2408
[2022-04-01 15:55:36.596] [exthost] [warning] [Decorations] CAPPING events from decorations provider vscode.git 2408
[2022-04-01 15:55:39.253] [exthost] [warning] [Decorations] CAPPING events from decorations provider vscode.git 2408
[2022-04-01 15:55:41.677] [exthost] [warning] [Decorations] CAPPING events from decorations provider vscode.git 2408
[2022-04-01 15:55:46.749] [exthost] [warning] [Decorations] CAPPING events from decorations provider vscode.git 2408
[2022-04-01 15:55:51.830] [exthost] [warning] [Decorations] CAPPING events from decorations provider vscode.git 2408
[2022-04-01 15:55:56.903] [exthost] [warning] [Decorations] CAPPING events from decorations provider vscode.git 2408
[2022-04-01 15:56:01.985] [exthost] [warning] [Decorations] CAPPING events from decorations provider vscode.git 2408
[2022-04-01 15:56:07.069] [exthost] [warning] [Decorations] CAPPING events from decorations provider vscode.git 2408
[2022-04-01 15:56:12.142] [exthost] [warning] [Decorations] CAPPING events from decorations provider vscode.git 2408
[2022-04-01 15:56:17.218] [exthost] [warning] [Decorations] CAPPING events from decorations provider vscode.git 2408
[2022-04-01 15:56:22.290] [exthost] [warning] [Decorations] CAPPING events from decorations provider vscode.git 2408
[2022-04-01 15:56:27.368] [exthost] [warning] [Decorations] CAPPING events from decorations provider vscode.git 2408
[2022-04-01 15:56:32.454] [exthost] [warning] [Decorations] CAPPING events from decorations provider vscode.git 2408
[2022-04-01 15:56:37.527] [exthost] [warning] [Decorations] CAPPING events from decorations provider vscode.git 2408
[2022-04-01 15:56:42.616] [exthost] [warning] [Decorations] CAPPING events from decorations provider vscode.git 2408
[2022-04-01 15:56:47.693] [exthost] [warning] [Decorations] CAPPING events from decorations provider vscode.git 2408
[2022-04-01 15:56:52.760] [exthost] [warning] [Decorations] CAPPING events from decorations provider vscode.git 2408
[2022-04-01 15:56:57.828] [exthost] [warning] [Decorations] CAPPING events from decorations provider vscode.git 2408
[2022-04-01 15:57:02.905] [exthost] [warning] [Decorations] CAPPING events from decorations provider vscode.git 2408
[2022-04-01 15:57:07.973] [exthost] [warning] [Decorations] CAPPING events from decorations provider vscode.git 2408
[2022-04-01 15:57:13.056] [exthost] [warning] [Decorations] CAPPING events from decorations provider vscode.git 2408
[2022-04-01 15:57:18.145] [exthost] [warning] [Decorations] CAPPING events from decorations provider vscode.git 2408
[2022-04-01 15:57:23.219] [exthost] [warning] [Decorations] CAPPING events from decorations provider vscode.git 2408
[2022-04-01 15:57:28.311] [exthost] [warning] [Decorations] CAPPING events from decorations provider vscode.git 2408
[2022-04-01 16:54:10.603] [exthost] [info] extension host terminating: received terminate message from renderer
[2022-04-01 16:54:10.604] [exthost] [info] Lock '/home/julien/.vscode-server/data/User/workspaceStorage/f516fa5c7c7214add0b54bca5a44f89f/vscode.lock': Marking the lockfile as scheduled to be released in 6000 ms.
[2022-04-01 16:54:10.652] [exthost] [info] Extension host with pid 143 exiting with code 0
