[2022-04-08T07:19:53.922Z] Validating found git in: git
[2022-04-08T07:19:53.992Z] Using git 2.25.1 from git
[2022-04-08T07:19:54.057Z] > git rev-parse --git-dir [4ms]
[2022-04-08T07:19:54.063Z] Open repository: /home/julien
[2022-04-08T07:19:54.109Z] > git symbolic-ref --short HEAD [2ms]
[2022-04-08T07:19:54.115Z] > git for-each-ref --format=%(refname)%00%(upstream:short)%00%(objectname)%00%(upstream:track) refs/heads/main refs/remotes/main [2ms]
[2022-04-08T07:19:54.125Z] > git remote --verbose [2ms]
[2022-04-08T07:19:54.126Z] > git for-each-ref --sort -committerdate --format %(refname) %(objectname) %(*objectname) [6ms]
[2022-04-08T07:19:54.159Z] > git config --get commit.template [22ms]
[2022-04-08T07:19:54.417Z] > git ls-files --stage -- /home/julien/umgestallten/script.sh [2ms]
[2022-04-08T07:19:54.424Z] > git cat-file -s 40c91dcbefdd22fe198d4f281d0cc4f021486652 [3ms]
[2022-04-08T07:19:56.450Z] > git symbolic-ref --short HEAD [1ms]
[2022-04-08T07:19:56.454Z] > git for-each-ref --format=%(refname)%00%(upstream:short)%00%(objectname)%00%(upstream:track) refs/heads/main refs/remotes/main [1ms]
[2022-04-08T07:19:56.461Z] > git remote --verbose [2ms]
[2022-04-08T07:19:56.461Z] > git for-each-ref --sort -committerdate --format %(refname) %(objectname) %(*objectname) [4ms]
[2022-04-08T07:19:56.467Z] > git config --get commit.template [1ms]
[2022-04-08T07:20:10.220Z] > git symbolic-ref --short HEAD [1ms]
[2022-04-08T07:20:10.226Z] > git for-each-ref --format=%(refname)%00%(upstream:short)%00%(objectname)%00%(upstream:track) refs/heads/main refs/remotes/main [2ms]
[2022-04-08T07:20:10.237Z] > git for-each-ref --sort -committerdate --format %(refname) %(objectname) %(*objectname) [5ms]
[2022-04-08T07:20:10.237Z] > git remote --verbose [2ms]
[2022-04-08T07:20:10.245Z] > git config --get commit.template [1ms]
[2022-04-08T07:20:15.265Z] > git symbolic-ref --short HEAD [1ms]
[2022-04-08T07:20:15.268Z] > git for-each-ref --format=%(refname)%00%(upstream:short)%00%(objectname)%00%(upstream:track) refs/heads/main refs/remotes/main [0ms]
[2022-04-08T07:20:15.275Z] > git remote --verbose [1ms]
[2022-04-08T07:20:15.276Z] > git for-each-ref --sort -committerdate --format %(refname) %(objectname) %(*objectname) [4ms]
[2022-04-08T07:20:15.281Z] > git config --get commit.template [0ms]
[2022-04-08T07:20:20.302Z] > git symbolic-ref --short HEAD [2ms]
[2022-04-08T07:20:20.306Z] > git for-each-ref --format=%(refname)%00%(upstream:short)%00%(objectname)%00%(upstream:track) refs/heads/main refs/remotes/main [1ms]
[2022-04-08T07:20:20.314Z] > git for-each-ref --sort -committerdate --format %(refname) %(objectname) %(*objectname) [4ms]
[2022-04-08T07:20:20.315Z] > git remote --verbose [2ms]
[2022-04-08T07:20:20.322Z] > git config --get commit.template [1ms]
[2022-04-08T07:20:31.038Z] > git symbolic-ref --short HEAD [2ms]
[2022-04-08T07:20:31.044Z] > git for-each-ref --format=%(refname)%00%(upstream:short)%00%(objectname)%00%(upstream:track) refs/heads/main refs/remotes/main [2ms]
[2022-04-08T07:20:31.054Z] > git remote --verbose [1ms]
[2022-04-08T07:20:31.055Z] > git for-each-ref --sort -committerdate --format %(refname) %(objectname) %(*objectname) [6ms]
[2022-04-08T07:20:31.063Z] > git config --get commit.template [2ms]
[2022-04-08T07:20:36.079Z] > git symbolic-ref --short HEAD [1ms]
[2022-04-08T07:20:36.082Z] > git for-each-ref --format=%(refname)%00%(upstream:short)%00%(objectname)%00%(upstream:track) refs/heads/main refs/remotes/main [1ms]
[2022-04-08T07:20:36.087Z] > git remote --verbose [1ms]
[2022-04-08T07:20:36.088Z] > git for-each-ref --sort -committerdate --format %(refname) %(objectname) %(*objectname) [4ms]
[2022-04-08T07:20:36.092Z] > git config --get commit.template [1ms]
[2022-04-08T07:20:41.114Z] > git symbolic-ref --short HEAD [0ms]
[2022-04-08T07:20:41.117Z] > git for-each-ref --format=%(refname)%00%(upstream:short)%00%(objectname)%00%(upstream:track) refs/heads/main refs/remotes/main [1ms]
[2022-04-08T07:20:41.123Z] > git remote --verbose [1ms]
[2022-04-08T07:20:41.123Z] > git for-each-ref --sort -committerdate --format %(refname) %(objectname) %(*objectname) [3ms]
[2022-04-08T07:20:41.127Z] > git config --get commit.template [0ms]
[2022-04-08T07:20:46.145Z] > git symbolic-ref --short HEAD [1ms]
[2022-04-08T07:20:46.148Z] > git for-each-ref --format=%(refname)%00%(upstream:short)%00%(objectname)%00%(upstream:track) refs/heads/main refs/remotes/main [0ms]
[2022-04-08T07:20:46.154Z] > git remote --verbose [1ms]
[2022-04-08T07:20:46.154Z] > git for-each-ref --sort -committerdate --format %(refname) %(objectname) %(*objectname) [3ms]
[2022-04-08T07:20:46.160Z] > git config --get commit.template [1ms]
[2022-04-08T07:20:51.181Z] > git symbolic-ref --short HEAD [0ms]
[2022-04-08T07:20:51.185Z] > git for-each-ref --format=%(refname)%00%(upstream:short)%00%(objectname)%00%(upstream:track) refs/heads/main refs/remotes/main [1ms]
[2022-04-08T07:20:51.190Z] > git remote --verbose [0ms]
[2022-04-08T07:20:51.191Z] > git for-each-ref --sort -committerdate --format %(refname) %(objectname) %(*objectname) [4ms]
[2022-04-08T07:20:51.195Z] > git config --get commit.template [0ms]
[2022-04-08T07:20:56.220Z] > git symbolic-ref --short HEAD [1ms]
[2022-04-08T07:20:56.224Z] > git for-each-ref --format=%(refname)%00%(upstream:short)%00%(objectname)%00%(upstream:track) refs/heads/main refs/remotes/main [1ms]
[2022-04-08T07:20:56.233Z] > git remote --verbose [2ms]
[2022-04-08T07:20:56.233Z] > git for-each-ref --sort -committerdate --format %(refname) %(objectname) %(*objectname) [5ms]
[2022-04-08T07:20:56.239Z] > git config --get commit.template [1ms]
[2022-04-08T07:21:01.256Z] > git symbolic-ref --short HEAD [1ms]
[2022-04-08T07:21:01.260Z] > git for-each-ref --format=%(refname)%00%(upstream:short)%00%(objectname)%00%(upstream:track) refs/heads/main refs/remotes/main [1ms]
[2022-04-08T07:21:01.266Z] > git remote --verbose [1ms]
[2022-04-08T07:21:01.266Z] > git for-each-ref --sort -committerdate --format %(refname) %(objectname) %(*objectname) [3ms]
[2022-04-08T07:21:01.271Z] > git config --get commit.template [0ms]
[2022-04-08T07:21:06.291Z] > git symbolic-ref --short HEAD [1ms]
[2022-04-08T07:21:06.296Z] > git for-each-ref --format=%(refname)%00%(upstream:short)%00%(objectname)%00%(upstream:track) refs/heads/main refs/remotes/main [1ms]
[2022-04-08T07:21:06.303Z] > git for-each-ref --sort -committerdate --format %(refname) %(objectname) %(*objectname) [4ms]
[2022-04-08T07:21:06.303Z] > git remote --verbose [1ms]
[2022-04-08T07:21:06.310Z] > git config --get commit.template [1ms]
[2022-04-08T07:21:07.569Z] > git ls-files --stage -- /home/julien/umgestallten/ExportSmall.spl [1ms]
[2022-04-08T07:21:07.574Z] > git cat-file -s f689723134066f30a30cab598988565c918de681 [1ms]
[2022-04-08T07:21:11.333Z] > git symbolic-ref --short HEAD [1ms]
[2022-04-08T07:21:11.338Z] > git for-each-ref --format=%(refname)%00%(upstream:short)%00%(objectname)%00%(upstream:track) refs/heads/main refs/remotes/main [0ms]
[2022-04-08T07:21:11.344Z] > git for-each-ref --sort -committerdate --format %(refname) %(objectname) %(*objectname) [4ms]
[2022-04-08T07:21:11.345Z] > git remote --verbose [2ms]
[2022-04-08T07:21:11.351Z] > git config --get commit.template [1ms]
[2022-04-08T07:21:16.374Z] > git symbolic-ref --short HEAD [1ms]
[2022-04-08T07:21:16.379Z] > git for-each-ref --format=%(refname)%00%(upstream:short)%00%(objectname)%00%(upstream:track) refs/heads/main refs/remotes/main [1ms]
[2022-04-08T07:21:16.387Z] > git remote --verbose [2ms]
[2022-04-08T07:21:16.387Z] > git for-each-ref --sort -committerdate --format %(refname) %(objectname) %(*objectname) [4ms]
[2022-04-08T07:21:16.394Z] > git config --get commit.template [2ms]
[2022-04-08T07:21:21.414Z] > git symbolic-ref --short HEAD [1ms]
[2022-04-08T07:21:21.419Z] > git for-each-ref --format=%(refname)%00%(upstream:short)%00%(objectname)%00%(upstream:track) refs/heads/main refs/remotes/main [1ms]
[2022-04-08T07:21:21.427Z] > git remote --verbose [1ms]
[2022-04-08T07:21:21.427Z] > git for-each-ref --sort -committerdate --format %(refname) %(objectname) %(*objectname) [4ms]
[2022-04-08T07:21:21.435Z] > git config --get commit.template [1ms]
[2022-04-08T07:22:18.000Z] > git symbolic-ref --short HEAD [1ms]
[2022-04-08T07:22:18.007Z] > git for-each-ref --format=%(refname)%00%(upstream:short)%00%(objectname)%00%(upstream:track) refs/heads/main refs/remotes/main [2ms]
[2022-04-08T07:22:18.018Z] > git remote --verbose [3ms]
[2022-04-08T07:22:18.019Z] > git for-each-ref --sort -committerdate --format %(refname) %(objectname) %(*objectname) [8ms]
[2022-04-08T07:22:18.030Z] > git config --get commit.template [1ms]
[2022-04-08T07:22:23.051Z] > git symbolic-ref --short HEAD [1ms]
[2022-04-08T07:22:23.055Z] > git for-each-ref --format=%(refname)%00%(upstream:short)%00%(objectname)%00%(upstream:track) refs/heads/main refs/remotes/main [1ms]
[2022-04-08T07:22:23.063Z] > git remote --verbose [2ms]
[2022-04-08T07:22:23.063Z] > git for-each-ref --sort -committerdate --format %(refname) %(objectname) %(*objectname) [5ms]
[2022-04-08T07:22:23.070Z] > git config --get commit.template [1ms]
[2022-04-08T07:22:29.525Z] > git symbolic-ref --short HEAD [1ms]
[2022-04-08T07:22:29.530Z] > git for-each-ref --format=%(refname)%00%(upstream:short)%00%(objectname)%00%(upstream:track) refs/heads/main refs/remotes/main [1ms]
[2022-04-08T07:22:29.538Z] > git for-each-ref --sort -committerdate --format %(refname) %(objectname) %(*objectname) [5ms]
[2022-04-08T07:22:29.538Z] > git remote --verbose [1ms]
[2022-04-08T07:22:29.546Z] > git config --get commit.template [1ms]
[2022-04-08T07:22:34.567Z] > git symbolic-ref --short HEAD [1ms]
[2022-04-08T07:22:34.572Z] > git for-each-ref --format=%(refname)%00%(upstream:short)%00%(objectname)%00%(upstream:track) refs/heads/main refs/remotes/main [2ms]
[2022-04-08T07:22:34.580Z] > git remote --verbose [2ms]
[2022-04-08T07:22:34.580Z] > git for-each-ref --sort -committerdate --format %(refname) %(objectname) %(*objectname) [5ms]
[2022-04-08T07:22:34.586Z] > git config --get commit.template [1ms]
[2022-04-08T07:22:39.610Z] > git symbolic-ref --short HEAD [1ms]
[2022-04-08T07:22:39.615Z] > git for-each-ref --format=%(refname)%00%(upstream:short)%00%(objectname)%00%(upstream:track) refs/heads/main refs/remotes/main [1ms]
[2022-04-08T07:22:39.623Z] > git for-each-ref --sort -committerdate --format %(refname) %(objectname) %(*objectname) [4ms]
[2022-04-08T07:22:39.623Z] > git remote --verbose [1ms]
[2022-04-08T07:22:39.629Z] > git config --get commit.template [1ms]
[2022-04-08T07:22:44.651Z] > git symbolic-ref --short HEAD [1ms]
[2022-04-08T07:22:44.655Z] > git for-each-ref --format=%(refname)%00%(upstream:short)%00%(objectname)%00%(upstream:track) refs/heads/main refs/remotes/main [1ms]
[2022-04-08T07:22:44.663Z] > git for-each-ref --sort -committerdate --format %(refname) %(objectname) %(*objectname) [4ms]
[2022-04-08T07:22:44.664Z] > git remote --verbose [2ms]
[2022-04-08T07:22:44.670Z] > git config --get commit.template [1ms]
[2022-04-08T07:22:47.972Z] > git ls-files --stage -- /home/julien/umgestallten/script.sh [2ms]
[2022-04-08T07:22:47.976Z] > git cat-file -s 40c91dcbefdd22fe198d4f281d0cc4f021486652 [1ms]
[2022-04-08T07:22:49.688Z] > git symbolic-ref --short HEAD [1ms]
[2022-04-08T07:22:49.693Z] > git for-each-ref --format=%(refname)%00%(upstream:short)%00%(objectname)%00%(upstream:track) refs/heads/main refs/remotes/main [1ms]
[2022-04-08T07:22:49.703Z] > git remote --verbose [1ms]
[2022-04-08T07:22:49.703Z] > git for-each-ref --sort -committerdate --format %(refname) %(objectname) %(*objectname) [5ms]
[2022-04-08T07:22:49.708Z] > git config --get commit.template [0ms]
[2022-04-08T07:22:54.724Z] > git symbolic-ref --short HEAD [1ms]
[2022-04-08T07:22:54.728Z] > git for-each-ref --format=%(refname)%00%(upstream:short)%00%(objectname)%00%(upstream:track) refs/heads/main refs/remotes/main [1ms]
[2022-04-08T07:22:54.735Z] > git remote --verbose [1ms]
[2022-04-08T07:22:54.735Z] > git for-each-ref --sort -committerdate --format %(refname) %(objectname) %(*objectname) [4ms]
[2022-04-08T07:22:54.741Z] > git config --get commit.template [1ms]
[2022-04-08T07:22:59.761Z] > git symbolic-ref --short HEAD [1ms]
[2022-04-08T07:22:59.765Z] > git for-each-ref --format=%(refname)%00%(upstream:short)%00%(objectname)%00%(upstream:track) refs/heads/main refs/remotes/main [1ms]
[2022-04-08T07:22:59.771Z] > git for-each-ref --sort -committerdate --format %(refname) %(objectname) %(*objectname) [3ms]
[2022-04-08T07:22:59.771Z] > git remote --verbose [1ms]
[2022-04-08T07:22:59.778Z] > git config --get commit.template [1ms]
[2022-04-08T07:23:04.796Z] > git symbolic-ref --short HEAD [0ms]
[2022-04-08T07:23:04.801Z] > git for-each-ref --format=%(refname)%00%(upstream:short)%00%(objectname)%00%(upstream:track) refs/heads/main refs/remotes/main [1ms]
[2022-04-08T07:23:04.808Z] > git remote --verbose [1ms]
[2022-04-08T07:23:04.808Z] > git for-each-ref --sort -committerdate --format %(refname) %(objectname) %(*objectname) [4ms]
[2022-04-08T07:23:04.813Z] > git config --get commit.template [1ms]
[2022-04-08T07:23:09.834Z] > git symbolic-ref --short HEAD [1ms]
[2022-04-08T07:23:09.838Z] > git for-each-ref --format=%(refname)%00%(upstream:short)%00%(objectname)%00%(upstream:track) refs/heads/main refs/remotes/main [1ms]
[2022-04-08T07:23:09.846Z] > git remote --verbose [1ms]
[2022-04-08T07:23:09.846Z] > git for-each-ref --sort -committerdate --format %(refname) %(objectname) %(*objectname) [5ms]
[2022-04-08T07:23:09.852Z] > git config --get commit.template [1ms]
[2022-04-08T07:23:14.874Z] > git symbolic-ref --short HEAD [1ms]
[2022-04-08T07:23:14.879Z] > git for-each-ref --format=%(refname)%00%(upstream:short)%00%(objectname)%00%(upstream:track) refs/heads/main refs/remotes/main [1ms]
[2022-04-08T07:23:14.888Z] > git remote --verbose [1ms]
[2022-04-08T07:23:14.888Z] > git for-each-ref --sort -committerdate --format %(refname) %(objectname) %(*objectname) [5ms]
[2022-04-08T07:23:14.896Z] > git config --get commit.template [1ms]
[2022-04-08T07:23:19.913Z] > git symbolic-ref --short HEAD [0ms]
[2022-04-08T07:23:19.918Z] > git for-each-ref --format=%(refname)%00%(upstream:short)%00%(objectname)%00%(upstream:track) refs/heads/main refs/remotes/main [1ms]
[2022-04-08T07:23:19.925Z] > git remote --verbose [1ms]
[2022-04-08T07:23:19.925Z] > git for-each-ref --sort -committerdate --format %(refname) %(objectname) %(*objectname) [4ms]
[2022-04-08T07:23:19.933Z] > git config --get commit.template [1ms]
[2022-04-08T07:23:24.949Z] > git symbolic-ref --short HEAD [1ms]
[2022-04-08T07:23:24.953Z] > git for-each-ref --format=%(refname)%00%(upstream:short)%00%(objectname)%00%(upstream:track) refs/heads/main refs/remotes/main [1ms]
[2022-04-08T07:23:24.959Z] > git remote --verbose [1ms]
[2022-04-08T07:23:24.960Z] > git for-each-ref --sort -committerdate --format %(refname) %(objectname) %(*objectname) [4ms]
[2022-04-08T07:23:24.965Z] > git config --get commit.template [1ms]
[2022-04-08T07:23:29.980Z] > git symbolic-ref --short HEAD [0ms]
[2022-04-08T07:23:29.985Z] > git for-each-ref --format=%(refname)%00%(upstream:short)%00%(objectname)%00%(upstream:track) refs/heads/main refs/remotes/main [1ms]
[2022-04-08T07:23:29.991Z] > git remote --verbose [1ms]
[2022-04-08T07:23:29.992Z] > git for-each-ref --sort -committerdate --format %(refname) %(objectname) %(*objectname) [4ms]
[2022-04-08T07:23:29.996Z] > git config --get commit.template [0ms]
[2022-04-08T07:23:35.013Z] > git symbolic-ref --short HEAD [1ms]
[2022-04-08T07:23:35.017Z] > git for-each-ref --format=%(refname)%00%(upstream:short)%00%(objectname)%00%(upstream:track) refs/heads/main refs/remotes/main [1ms]
[2022-04-08T07:23:35.023Z] > git remote --verbose [1ms]
[2022-04-08T07:23:35.023Z] > git for-each-ref --sort -committerdate --format %(refname) %(objectname) %(*objectname) [3ms]
[2022-04-08T07:23:35.030Z] > git config --get commit.template [1ms]
[2022-04-08T07:23:40.045Z] > git symbolic-ref --short HEAD [1ms]
[2022-04-08T07:23:40.049Z] > git for-each-ref --format=%(refname)%00%(upstream:short)%00%(objectname)%00%(upstream:track) refs/heads/main refs/remotes/main [0ms]
[2022-04-08T07:23:40.056Z] > git remote --verbose [1ms]
[2022-04-08T07:23:40.056Z] > git for-each-ref --sort -committerdate --format %(refname) %(objectname) %(*objectname) [4ms]
[2022-04-08T07:23:40.062Z] > git config --get commit.template [1ms]
[2022-04-08T07:23:45.081Z] > git symbolic-ref --short HEAD [2ms]
[2022-04-08T07:23:45.086Z] > git for-each-ref --format=%(refname)%00%(upstream:short)%00%(objectname)%00%(upstream:track) refs/heads/main refs/remotes/main [1ms]
[2022-04-08T07:23:45.094Z] > git for-each-ref --sort -committerdate --format %(refname) %(objectname) %(*objectname) [4ms]
[2022-04-08T07:23:45.095Z] > git remote --verbose [1ms]
[2022-04-08T07:23:45.102Z] > git config --get commit.template [0ms]
[2022-04-08T07:23:50.118Z] > git symbolic-ref --short HEAD [0ms]
[2022-04-08T07:23:50.123Z] > git for-each-ref --format=%(refname)%00%(upstream:short)%00%(objectname)%00%(upstream:track) refs/heads/main refs/remotes/main [1ms]
[2022-04-08T07:23:50.129Z] > git remote --verbose [1ms]
[2022-04-08T07:23:50.130Z] > git for-each-ref --sort -committerdate --format %(refname) %(objectname) %(*objectname) [4ms]
[2022-04-08T07:23:50.135Z] > git config --get commit.template [0ms]
[2022-04-08T07:23:55.153Z] > git symbolic-ref --short HEAD [0ms]
[2022-04-08T07:23:55.156Z] > git for-each-ref --format=%(refname)%00%(upstream:short)%00%(objectname)%00%(upstream:track) refs/heads/main refs/remotes/main [0ms]
[2022-04-08T07:23:55.164Z] > git remote --verbose [1ms]
[2022-04-08T07:23:55.164Z] > git for-each-ref --sort -committerdate --format %(refname) %(objectname) %(*objectname) [4ms]
[2022-04-08T07:23:55.169Z] > git config --get commit.template [1ms]
[2022-04-08T07:24:00.187Z] > git symbolic-ref --short HEAD [1ms]
[2022-04-08T07:24:00.191Z] > git for-each-ref --format=%(refname)%00%(upstream:short)%00%(objectname)%00%(upstream:track) refs/heads/main refs/remotes/main [1ms]
[2022-04-08T07:24:00.199Z] > git remote --verbose [1ms]
[2022-04-08T07:24:00.199Z] > git for-each-ref --sort -committerdate --format %(refname) %(objectname) %(*objectname) [4ms]
[2022-04-08T07:24:00.206Z] > git config --get commit.template [1ms]
[2022-04-08T07:24:05.223Z] > git symbolic-ref --short HEAD [0ms]
[2022-04-08T07:24:05.227Z] > git for-each-ref --format=%(refname)%00%(upstream:short)%00%(objectname)%00%(upstream:track) refs/heads/main refs/remotes/main [1ms]
[2022-04-08T07:24:05.234Z] > git remote --verbose [1ms]
[2022-04-08T07:24:05.234Z] > git for-each-ref --sort -committerdate --format %(refname) %(objectname) %(*objectname) [4ms]
[2022-04-08T07:24:05.241Z] > git config --get commit.template [1ms]
[2022-04-08T07:24:10.258Z] > git symbolic-ref --short HEAD [0ms]
[2022-04-08T07:24:10.262Z] > git for-each-ref --format=%(refname)%00%(upstream:short)%00%(objectname)%00%(upstream:track) refs/heads/main refs/remotes/main [1ms]
[2022-04-08T07:24:10.270Z] > git for-each-ref --sort -committerdate --format %(refname) %(objectname) %(*objectname) [5ms]
[2022-04-08T07:24:10.270Z] > git remote --verbose [1ms]
[2022-04-08T07:24:10.276Z] > git config --get commit.template [1ms]
[2022-04-08T07:24:15.293Z] > git symbolic-ref --short HEAD [1ms]
[2022-04-08T07:24:15.297Z] > git for-each-ref --format=%(refname)%00%(upstream:short)%00%(objectname)%00%(upstream:track) refs/heads/main refs/remotes/main [1ms]
[2022-04-08T07:24:15.304Z] > git for-each-ref --sort -committerdate --format %(refname) %(objectname) %(*objectname) [4ms]
[2022-04-08T07:24:15.304Z] > git remote --verbose [1ms]
[2022-04-08T07:24:15.309Z] > git config --get commit.template [1ms]
[2022-04-08T07:24:20.326Z] > git symbolic-ref --short HEAD [1ms]
[2022-04-08T07:24:20.330Z] > git for-each-ref --format=%(refname)%00%(upstream:short)%00%(objectname)%00%(upstream:track) refs/heads/main refs/remotes/main [1ms]
[2022-04-08T07:24:20.338Z] > git remote --verbose [2ms]
[2022-04-08T07:24:20.338Z] > git for-each-ref --sort -committerdate --format %(refname) %(objectname) %(*objectname) [5ms]
[2022-04-08T07:24:20.343Z] > git config --get commit.template [1ms]
[2022-04-08T07:24:25.360Z] > git symbolic-ref --short HEAD [1ms]
[2022-04-08T07:24:25.364Z] > git for-each-ref --format=%(refname)%00%(upstream:short)%00%(objectname)%00%(upstream:track) refs/heads/main refs/remotes/main [1ms]
[2022-04-08T07:24:25.371Z] > git for-each-ref --sort -committerdate --format %(refname) %(objectname) %(*objectname) [4ms]
[2022-04-08T07:24:25.371Z] > git remote --verbose [1ms]
[2022-04-08T07:24:25.376Z] > git config --get commit.template [0ms]
[2022-04-08T07:24:30.401Z] > git symbolic-ref --short HEAD [1ms]
[2022-04-08T07:24:30.407Z] > git for-each-ref --format=%(refname)%00%(upstream:short)%00%(objectname)%00%(upstream:track) refs/heads/main refs/remotes/main [2ms]
[2022-04-08T07:24:30.415Z] > git for-each-ref --sort -committerdate --format %(refname) %(objectname) %(*objectname) [4ms]
[2022-04-08T07:24:30.416Z] > git remote --verbose [1ms]
[2022-04-08T07:24:30.422Z] > git config --get commit.template [1ms]
[2022-04-08T07:24:35.440Z] > git symbolic-ref --short HEAD [1ms]
[2022-04-08T07:24:35.444Z] > git for-each-ref --format=%(refname)%00%(upstream:short)%00%(objectname)%00%(upstream:track) refs/heads/main refs/remotes/main [1ms]
[2022-04-08T07:24:35.452Z] > git for-each-ref --sort -committerdate --format %(refname) %(objectname) %(*objectname) [5ms]
[2022-04-08T07:24:35.453Z] > git remote --verbose [2ms]
[2022-04-08T07:24:35.458Z] > git config --get commit.template [1ms]
[2022-04-08T07:24:40.475Z] > git symbolic-ref --short HEAD [0ms]
[2022-04-08T07:24:40.479Z] > git for-each-ref --format=%(refname)%00%(upstream:short)%00%(objectname)%00%(upstream:track) refs/heads/main refs/remotes/main [1ms]
[2022-04-08T07:24:40.487Z] > git remote --verbose [1ms]
[2022-04-08T07:24:40.487Z] > git for-each-ref --sort -committerdate --format %(refname) %(objectname) %(*objectname) [4ms]
[2022-04-08T07:24:40.493Z] > git config --get commit.template [1ms]
[2022-04-08T07:24:45.519Z] > git symbolic-ref --short HEAD [1ms]
[2022-04-08T07:24:45.523Z] > git for-each-ref --format=%(refname)%00%(upstream:short)%00%(objectname)%00%(upstream:track) refs/heads/main refs/remotes/main [1ms]
[2022-04-08T07:24:45.529Z] > git for-each-ref --sort -committerdate --format %(refname) %(objectname) %(*objectname) [3ms]
[2022-04-08T07:24:45.529Z] > git remote --verbose [1ms]
[2022-04-08T07:24:45.535Z] > git config --get commit.template [1ms]
[2022-04-08T07:24:50.553Z] > git symbolic-ref --short HEAD [1ms]
[2022-04-08T07:24:50.557Z] > git for-each-ref --format=%(refname)%00%(upstream:short)%00%(objectname)%00%(upstream:track) refs/heads/main refs/remotes/main [1ms]
[2022-04-08T07:24:50.565Z] > git for-each-ref --sort -committerdate --format %(refname) %(objectname) %(*objectname) [4ms]
[2022-04-08T07:24:50.565Z] > git remote --verbose [1ms]
[2022-04-08T07:24:50.571Z] > git config --get commit.template [1ms]
[2022-04-08T07:24:55.587Z] > git symbolic-ref --short HEAD [0ms]
[2022-04-08T07:24:55.592Z] > git for-each-ref --format=%(refname)%00%(upstream:short)%00%(objectname)%00%(upstream:track) refs/heads/main refs/remotes/main [1ms]
[2022-04-08T07:24:55.601Z] > git for-each-ref --sort -committerdate --format %(refname) %(objectname) %(*objectname) [5ms]
[2022-04-08T07:24:55.601Z] > git remote --verbose [2ms]
[2022-04-08T07:24:55.607Z] > git config --get commit.template [1ms]
[2022-04-08T07:25:00.625Z] > git symbolic-ref --short HEAD [1ms]
[2022-04-08T07:25:00.630Z] > git for-each-ref --format=%(refname)%00%(upstream:short)%00%(objectname)%00%(upstream:track) refs/heads/main refs/remotes/main [1ms]
[2022-04-08T07:25:00.637Z] > git remote --verbose [1ms]
[2022-04-08T07:25:00.637Z] > git for-each-ref --sort -committerdate --format %(refname) %(objectname) %(*objectname) [4ms]
[2022-04-08T07:25:00.643Z] > git config --get commit.template [1ms]
[2022-04-08T07:25:05.660Z] > git symbolic-ref --short HEAD [1ms]
[2022-04-08T07:25:05.665Z] > git for-each-ref --format=%(refname)%00%(upstream:short)%00%(objectname)%00%(upstream:track) refs/heads/main refs/remotes/main [1ms]
[2022-04-08T07:25:05.672Z] > git for-each-ref --sort -committerdate --format %(refname) %(objectname) %(*objectname) [4ms]
[2022-04-08T07:25:05.672Z] > git remote --verbose [1ms]
[2022-04-08T07:25:05.678Z] > git config --get commit.template [1ms]
[2022-04-08T07:25:10.699Z] > git symbolic-ref --short HEAD [1ms]
[2022-04-08T07:25:10.704Z] > git for-each-ref --format=%(refname)%00%(upstream:short)%00%(objectname)%00%(upstream:track) refs/heads/main refs/remotes/main [1ms]
[2022-04-08T07:25:10.713Z] > git remote --verbose [1ms]
[2022-04-08T07:25:10.713Z] > git for-each-ref --sort -committerdate --format %(refname) %(objectname) %(*objectname) [6ms]
[2022-04-08T07:25:10.722Z] > git config --get commit.template [1ms]
[2022-04-08T07:25:15.740Z] > git symbolic-ref --short HEAD [1ms]
[2022-04-08T07:25:15.745Z] > git for-each-ref --format=%(refname)%00%(upstream:short)%00%(objectname)%00%(upstream:track) refs/heads/main refs/remotes/main [1ms]
[2022-04-08T07:25:15.753Z] > git for-each-ref --sort -committerdate --format %(refname) %(objectname) %(*objectname) [4ms]
[2022-04-08T07:25:15.753Z] > git remote --verbose [1ms]
[2022-04-08T07:25:15.759Z] > git config --get commit.template [1ms]
[2022-04-08T07:25:20.776Z] > git symbolic-ref --short HEAD [1ms]
[2022-04-08T07:25:20.780Z] > git for-each-ref --format=%(refname)%00%(upstream:short)%00%(objectname)%00%(upstream:track) refs/heads/main refs/remotes/main [1ms]
[2022-04-08T07:25:20.787Z] > git for-each-ref --sort -committerdate --format %(refname) %(objectname) %(*objectname) [4ms]
[2022-04-08T07:25:20.787Z] > git remote --verbose [1ms]
[2022-04-08T07:25:20.793Z] > git config --get commit.template [1ms]
[2022-04-08T07:25:25.811Z] > git symbolic-ref --short HEAD [2ms]
[2022-04-08T07:25:25.816Z] > git for-each-ref --format=%(refname)%00%(upstream:short)%00%(objectname)%00%(upstream:track) refs/heads/main refs/remotes/main [1ms]
[2022-04-08T07:25:25.822Z] > git for-each-ref --sort -committerdate --format %(refname) %(objectname) %(*objectname) [3ms]
[2022-04-08T07:25:25.823Z] > git remote --verbose [1ms]
[2022-04-08T07:25:25.828Z] > git config --get commit.template [0ms]
[2022-04-08T07:25:30.847Z] > git symbolic-ref --short HEAD [0ms]
[2022-04-08T07:25:30.851Z] > git for-each-ref --format=%(refname)%00%(upstream:short)%00%(objectname)%00%(upstream:track) refs/heads/main refs/remotes/main [1ms]
[2022-04-08T07:25:30.858Z] > git remote --verbose [1ms]
[2022-04-08T07:25:30.859Z] > git for-each-ref --sort -committerdate --format %(refname) %(objectname) %(*objectname) [5ms]
[2022-04-08T07:25:30.864Z] > git config --get commit.template [1ms]
[2022-04-08T07:25:35.881Z] > git symbolic-ref --short HEAD [1ms]
[2022-04-08T07:25:35.885Z] > git for-each-ref --format=%(refname)%00%(upstream:short)%00%(objectname)%00%(upstream:track) refs/heads/main refs/remotes/main [1ms]
[2022-04-08T07:25:35.892Z] > git remote --verbose [1ms]
[2022-04-08T07:25:35.892Z] > git for-each-ref --sort -committerdate --format %(refname) %(objectname) %(*objectname) [4ms]
[2022-04-08T07:25:35.898Z] > git config --get commit.template [1ms]
[2022-04-08T07:25:40.916Z] > git symbolic-ref --short HEAD [0ms]
[2022-04-08T07:25:40.921Z] > git for-each-ref --format=%(refname)%00%(upstream:short)%00%(objectname)%00%(upstream:track) refs/heads/main refs/remotes/main [0ms]
[2022-04-08T07:25:40.929Z] > git for-each-ref --sort -committerdate --format %(refname) %(objectname) %(*objectname) [4ms]
[2022-04-08T07:25:40.930Z] > git remote --verbose [1ms]
[2022-04-08T07:25:40.937Z] > git config --get commit.template [1ms]
[2022-04-08T07:25:45.969Z] > git symbolic-ref --short HEAD [2ms]
[2022-04-08T07:25:45.974Z] > git for-each-ref --format=%(refname)%00%(upstream:short)%00%(objectname)%00%(upstream:track) refs/heads/main refs/remotes/main [1ms]
[2022-04-08T07:25:45.984Z] > git remote --verbose [1ms]
[2022-04-08T07:25:45.984Z] > git for-each-ref --sort -committerdate --format %(refname) %(objectname) %(*objectname) [5ms]
[2022-04-08T07:25:45.990Z] > git config --get commit.template [1ms]
[2022-04-08T07:25:51.007Z] > git symbolic-ref --short HEAD [1ms]
[2022-04-08T07:25:51.011Z] > git for-each-ref --format=%(refname)%00%(upstream:short)%00%(objectname)%00%(upstream:track) refs/heads/main refs/remotes/main [0ms]
[2022-04-08T07:25:51.019Z] > git remote --verbose [1ms]
[2022-04-08T07:25:51.019Z] > git for-each-ref --sort -committerdate --format %(refname) %(objectname) %(*objectname) [4ms]
[2022-04-08T07:25:51.025Z] > git config --get commit.template [1ms]
[2022-04-08T07:25:56.043Z] > git symbolic-ref --short HEAD [1ms]
[2022-04-08T07:25:56.047Z] > git for-each-ref --format=%(refname)%00%(upstream:short)%00%(objectname)%00%(upstream:track) refs/heads/main refs/remotes/main [1ms]
[2022-04-08T07:25:56.055Z] > git remote --verbose [1ms]
[2022-04-08T07:25:56.056Z] > git for-each-ref --sort -committerdate --format %(refname) %(objectname) %(*objectname) [6ms]
[2022-04-08T07:25:56.063Z] > git config --get commit.template [1ms]
[2022-04-08T07:26:01.081Z] > git symbolic-ref --short HEAD [1ms]
[2022-04-08T07:26:01.085Z] > git for-each-ref --format=%(refname)%00%(upstream:short)%00%(objectname)%00%(upstream:track) refs/heads/main refs/remotes/main [1ms]
[2022-04-08T07:26:01.093Z] > git remote --verbose [1ms]
[2022-04-08T07:26:01.093Z] > git for-each-ref --sort -committerdate --format %(refname) %(objectname) %(*objectname) [4ms]
[2022-04-08T07:26:01.099Z] > git config --get commit.template [2ms]
[2022-04-08T07:26:06.118Z] > git symbolic-ref --short HEAD [1ms]
[2022-04-08T07:26:06.122Z] > git for-each-ref --format=%(refname)%00%(upstream:short)%00%(objectname)%00%(upstream:track) refs/heads/main refs/remotes/main [0ms]
[2022-04-08T07:26:06.129Z] > git remote --verbose [0ms]
[2022-04-08T07:26:06.130Z] > git for-each-ref --sort -committerdate --format %(refname) %(objectname) %(*objectname) [3ms]
[2022-04-08T07:26:06.135Z] > git config --get commit.template [1ms]
[2022-04-08T07:26:11.154Z] > git symbolic-ref --short HEAD [1ms]
[2022-04-08T07:26:11.159Z] > git for-each-ref --format=%(refname)%00%(upstream:short)%00%(objectname)%00%(upstream:track) refs/heads/main refs/remotes/main [2ms]
[2022-04-08T07:26:11.165Z] > git for-each-ref --sort -committerdate --format %(refname) %(objectname) %(*objectname) [3ms]
[2022-04-08T07:26:11.166Z] > git remote --verbose [1ms]
[2022-04-08T07:26:11.171Z] > git config --get commit.template [1ms]
[2022-04-08T07:26:16.188Z] > git symbolic-ref --short HEAD [0ms]
[2022-04-08T07:26:16.193Z] > git for-each-ref --format=%(refname)%00%(upstream:short)%00%(objectname)%00%(upstream:track) refs/heads/main refs/remotes/main [1ms]
[2022-04-08T07:26:16.200Z] > git for-each-ref --sort -committerdate --format %(refname) %(objectname) %(*objectname) [4ms]
[2022-04-08T07:26:16.200Z] > git remote --verbose [1ms]
[2022-04-08T07:26:16.206Z] > git config --get commit.template [1ms]
[2022-04-08T07:26:21.223Z] > git symbolic-ref --short HEAD [0ms]
[2022-04-08T07:26:21.228Z] > git for-each-ref --format=%(refname)%00%(upstream:short)%00%(objectname)%00%(upstream:track) refs/heads/main refs/remotes/main [1ms]
[2022-04-08T07:26:21.235Z] > git for-each-ref --sort -committerdate --format %(refname) %(objectname) %(*objectname) [4ms]
[2022-04-08T07:26:21.236Z] > git remote --verbose [2ms]
[2022-04-08T07:26:21.241Z] > git config --get commit.template [1ms]
[2022-04-08T07:26:26.258Z] > git symbolic-ref --short HEAD [0ms]
[2022-04-08T07:26:26.262Z] > git for-each-ref --format=%(refname)%00%(upstream:short)%00%(objectname)%00%(upstream:track) refs/heads/main refs/remotes/main [1ms]
[2022-04-08T07:26:26.270Z] > git for-each-ref --sort -committerdate --format %(refname) %(objectname) %(*objectname) [4ms]
[2022-04-08T07:26:26.270Z] > git remote --verbose [1ms]
[2022-04-08T07:26:26.276Z] > git config --get commit.template [1ms]
[2022-04-08T07:26:31.292Z] > git symbolic-ref --short HEAD [0ms]
[2022-04-08T07:26:31.296Z] > git for-each-ref --format=%(refname)%00%(upstream:short)%00%(objectname)%00%(upstream:track) refs/heads/main refs/remotes/main [0ms]
[2022-04-08T07:26:31.304Z] > git remote --verbose [2ms]
[2022-04-08T07:26:31.304Z] > git for-each-ref --sort -committerdate --format %(refname) %(objectname) %(*objectname) [4ms]
[2022-04-08T07:26:31.310Z] > git config --get commit.template [1ms]
[2022-04-08T07:26:36.328Z] > git symbolic-ref --short HEAD [1ms]
[2022-04-08T07:26:36.332Z] > git for-each-ref --format=%(refname)%00%(upstream:short)%00%(objectname)%00%(upstream:track) refs/heads/main refs/remotes/main [1ms]
[2022-04-08T07:26:36.340Z] > git for-each-ref --sort -committerdate --format %(refname) %(objectname) %(*objectname) [5ms]
[2022-04-08T07:26:36.340Z] > git remote --verbose [2ms]
[2022-04-08T07:26:36.346Z] > git config --get commit.template [1ms]
[2022-04-08T07:26:41.366Z] > git symbolic-ref --short HEAD [0ms]
[2022-04-08T07:26:41.372Z] > git for-each-ref --format=%(refname)%00%(upstream:short)%00%(objectname)%00%(upstream:track) refs/heads/main refs/remotes/main [1ms]
[2022-04-08T07:26:41.379Z] > git remote --verbose [1ms]
[2022-04-08T07:26:41.379Z] > git for-each-ref --sort -committerdate --format %(refname) %(objectname) %(*objectname) [4ms]
[2022-04-08T07:26:41.384Z] > git config --get commit.template [0ms]
[2022-04-08T07:26:46.402Z] > git symbolic-ref --short HEAD [0ms]
[2022-04-08T07:26:46.406Z] > git for-each-ref --format=%(refname)%00%(upstream:short)%00%(objectname)%00%(upstream:track) refs/heads/main refs/remotes/main [1ms]
[2022-04-08T07:26:46.413Z] > git remote --verbose [1ms]
[2022-04-08T07:26:46.413Z] > git for-each-ref --sort -committerdate --format %(refname) %(objectname) %(*objectname) [4ms]
[2022-04-08T07:26:46.419Z] > git config --get commit.template [1ms]
[2022-04-08T07:26:51.436Z] > git symbolic-ref --short HEAD [0ms]
[2022-04-08T07:26:51.440Z] > git for-each-ref --format=%(refname)%00%(upstream:short)%00%(objectname)%00%(upstream:track) refs/heads/main refs/remotes/main [1ms]
[2022-04-08T07:26:51.447Z] > git for-each-ref --sort -committerdate --format %(refname) %(objectname) %(*objectname) [4ms]
[2022-04-08T07:26:51.448Z] > git remote --verbose [1ms]
[2022-04-08T07:26:51.453Z] > git config --get commit.template [1ms]
[2022-04-08T07:26:56.470Z] > git symbolic-ref --short HEAD [1ms]
[2022-04-08T07:26:56.474Z] > git for-each-ref --format=%(refname)%00%(upstream:short)%00%(objectname)%00%(upstream:track) refs/heads/main refs/remotes/main [1ms]
[2022-04-08T07:26:56.482Z] > git remote --verbose [2ms]
[2022-04-08T07:26:56.482Z] > git for-each-ref --sort -committerdate --format %(refname) %(objectname) %(*objectname) [5ms]
[2022-04-08T07:26:56.489Z] > git config --get commit.template [1ms]
[2022-04-08T07:27:01.507Z] > git symbolic-ref --short HEAD [0ms]
[2022-04-08T07:27:01.511Z] > git for-each-ref --format=%(refname)%00%(upstream:short)%00%(objectname)%00%(upstream:track) refs/heads/main refs/remotes/main [0ms]
[2022-04-08T07:27:01.519Z] > git remote --verbose [1ms]
[2022-04-08T07:27:01.519Z] > git for-each-ref --sort -committerdate --format %(refname) %(objectname) %(*objectname) [4ms]
[2022-04-08T07:27:01.526Z] > git config --get commit.template [1ms]
[2022-04-08T07:27:06.544Z] > git symbolic-ref --short HEAD [0ms]
[2022-04-08T07:27:06.549Z] > git for-each-ref --format=%(refname)%00%(upstream:short)%00%(objectname)%00%(upstream:track) refs/heads/main refs/remotes/main [1ms]
[2022-04-08T07:27:06.556Z] > git remote --verbose [1ms]
[2022-04-08T07:27:06.556Z] > git for-each-ref --sort -committerdate --format %(refname) %(objectname) %(*objectname) [4ms]
[2022-04-08T07:27:06.562Z] > git config --get commit.template [1ms]
[2022-04-08T07:27:11.579Z] > git symbolic-ref --short HEAD [1ms]
[2022-04-08T07:27:11.584Z] > git for-each-ref --format=%(refname)%00%(upstream:short)%00%(objectname)%00%(upstream:track) refs/heads/main refs/remotes/main [0ms]
[2022-04-08T07:27:11.592Z] > git for-each-ref --sort -committerdate --format %(refname) %(objectname) %(*objectname) [5ms]
[2022-04-08T07:27:11.592Z] > git remote --verbose [1ms]
[2022-04-08T07:27:11.600Z] > git config --get commit.template [1ms]
[2022-04-08T07:27:16.618Z] > git symbolic-ref --short HEAD [1ms]
[2022-04-08T07:27:16.622Z] > git for-each-ref --format=%(refname)%00%(upstream:short)%00%(objectname)%00%(upstream:track) refs/heads/main refs/remotes/main [0ms]
[2022-04-08T07:27:16.630Z] > git for-each-ref --sort -committerdate --format %(refname) %(objectname) %(*objectname) [4ms]
[2022-04-08T07:27:16.630Z] > git remote --verbose [1ms]
[2022-04-08T07:27:16.637Z] > git config --get commit.template [1ms]
[2022-04-08T07:27:21.654Z] > git symbolic-ref --short HEAD [1ms]
[2022-04-08T07:27:21.658Z] > git for-each-ref --format=%(refname)%00%(upstream:short)%00%(objectname)%00%(upstream:track) refs/heads/main refs/remotes/main [1ms]
[2022-04-08T07:27:21.665Z] > git for-each-ref --sort -committerdate --format %(refname) %(objectname) %(*objectname) [4ms]
[2022-04-08T07:27:21.665Z] > git remote --verbose [1ms]
[2022-04-08T07:27:21.672Z] > git config --get commit.template [1ms]
[2022-04-08T07:27:26.710Z] > git symbolic-ref --short HEAD [2ms]
[2022-04-08T07:27:26.719Z] > git for-each-ref --format=%(refname)%00%(upstream:short)%00%(objectname)%00%(upstream:track) refs/heads/main refs/remotes/main [3ms]
[2022-04-08T07:27:26.740Z] > git remote --verbose [3ms]
[2022-04-08T07:27:26.740Z] > git for-each-ref --sort -committerdate --format %(refname) %(objectname) %(*objectname) [11ms]
[2022-04-08T07:27:26.754Z] > git config --get commit.template [1ms]
[2022-04-08T07:27:31.774Z] > git symbolic-ref --short HEAD [1ms]
[2022-04-08T07:27:31.780Z] > git for-each-ref --format=%(refname)%00%(upstream:short)%00%(objectname)%00%(upstream:track) refs/heads/main refs/remotes/main [2ms]
[2022-04-08T07:27:31.787Z] > git for-each-ref --sort -committerdate --format %(refname) %(objectname) %(*objectname) [4ms]
[2022-04-08T07:27:31.787Z] > git remote --verbose [1ms]
[2022-04-08T07:27:31.795Z] > git config --get commit.template [1ms]
[2022-04-08T07:27:36.812Z] > git symbolic-ref --short HEAD [0ms]
[2022-04-08T07:27:36.816Z] > git for-each-ref --format=%(refname)%00%(upstream:short)%00%(objectname)%00%(upstream:track) refs/heads/main refs/remotes/main [1ms]
[2022-04-08T07:27:36.823Z] > git for-each-ref --sort -committerdate --format %(refname) %(objectname) %(*objectname) [4ms]
[2022-04-08T07:27:36.823Z] > git remote --verbose [1ms]
[2022-04-08T07:27:36.830Z] > git config --get commit.template [2ms]
[2022-04-08T07:27:41.847Z] > git symbolic-ref --short HEAD [1ms]
[2022-04-08T07:27:41.853Z] > git for-each-ref --format=%(refname)%00%(upstream:short)%00%(objectname)%00%(upstream:track) refs/heads/main refs/remotes/main [2ms]
[2022-04-08T07:27:41.860Z] > git remote --verbose [1ms]
[2022-04-08T07:27:41.860Z] > git for-each-ref --sort -committerdate --format %(refname) %(objectname) %(*objectname) [4ms]
[2022-04-08T07:27:41.866Z] > git config --get commit.template [1ms]
[2022-04-08T07:27:46.885Z] > git symbolic-ref --short HEAD [0ms]
[2022-04-08T07:27:46.889Z] > git for-each-ref --format=%(refname)%00%(upstream:short)%00%(objectname)%00%(upstream:track) refs/heads/main refs/remotes/main [1ms]
[2022-04-08T07:27:46.897Z] > git remote --verbose [1ms]
[2022-04-08T07:27:46.898Z] > git for-each-ref --sort -committerdate --format %(refname) %(objectname) %(*objectname) [5ms]
[2022-04-08T07:27:46.905Z] > git config --get commit.template [0ms]
[2022-04-08T07:27:51.923Z] > git symbolic-ref --short HEAD [1ms]
[2022-04-08T07:27:51.928Z] > git for-each-ref --format=%(refname)%00%(upstream:short)%00%(objectname)%00%(upstream:track) refs/heads/main refs/remotes/main [1ms]
[2022-04-08T07:27:51.935Z] > git remote --verbose [1ms]
[2022-04-08T07:27:51.936Z] > git for-each-ref --sort -committerdate --format %(refname) %(objectname) %(*objectname) [5ms]
[2022-04-08T07:27:51.941Z] > git config --get commit.template [1ms]
[2022-04-08T07:27:56.961Z] > git symbolic-ref --short HEAD [1ms]
[2022-04-08T07:27:56.965Z] > git for-each-ref --format=%(refname)%00%(upstream:short)%00%(objectname)%00%(upstream:track) refs/heads/main refs/remotes/main [0ms]
[2022-04-08T07:27:56.974Z] > git for-each-ref --sort -committerdate --format %(refname) %(objectname) %(*objectname) [4ms]
[2022-04-08T07:27:56.974Z] > git remote --verbose [1ms]
[2022-04-08T07:27:56.979Z] > git config --get commit.template [0ms]
[2022-04-08T07:28:02.003Z] > git symbolic-ref --short HEAD [1ms]
[2022-04-08T07:28:02.010Z] > git for-each-ref --format=%(refname)%00%(upstream:short)%00%(objectname)%00%(upstream:track) refs/heads/main refs/remotes/main [2ms]
[2022-04-08T07:28:02.021Z] > git for-each-ref --sort -committerdate --format %(refname) %(objectname) %(*objectname) [5ms]
[2022-04-08T07:28:02.021Z] > git remote --verbose [1ms]
[2022-04-08T07:28:02.031Z] > git config --get commit.template [2ms]
[2022-04-08T07:28:21.621Z] > git symbolic-ref --short HEAD [2ms]
[2022-04-08T07:28:21.627Z] > git for-each-ref --format=%(refname)%00%(upstream:short)%00%(objectname)%00%(upstream:track) refs/heads/main refs/remotes/main [1ms]
[2022-04-08T07:28:21.643Z] > git for-each-ref --sort -committerdate --format %(refname) %(objectname) %(*objectname) [9ms]
[2022-04-08T07:28:21.643Z] > git remote --verbose [2ms]
[2022-04-08T07:28:21.650Z] > git config --get commit.template [1ms]
[2022-04-08T07:28:26.668Z] > git symbolic-ref --short HEAD [1ms]
[2022-04-08T07:28:26.673Z] > git for-each-ref --format=%(refname)%00%(upstream:short)%00%(objectname)%00%(upstream:track) refs/heads/main refs/remotes/main [1ms]
[2022-04-08T07:28:26.679Z] > git remote --verbose [0ms]
[2022-04-08T07:28:26.679Z] > git for-each-ref --sort -committerdate --format %(refname) %(objectname) %(*objectname) [3ms]
[2022-04-08T07:28:26.685Z] > git config --get commit.template [1ms]
[2022-04-08T07:28:31.703Z] > git symbolic-ref --short HEAD [1ms]
[2022-04-08T07:28:31.707Z] > git for-each-ref --format=%(refname)%00%(upstream:short)%00%(objectname)%00%(upstream:track) refs/heads/main refs/remotes/main [1ms]
[2022-04-08T07:28:31.714Z] > git remote --verbose [1ms]
[2022-04-08T07:28:31.715Z] > git for-each-ref --sort -committerdate --format %(refname) %(objectname) %(*objectname) [4ms]
[2022-04-08T07:28:31.719Z] > git config --get commit.template [0ms]
[2022-04-08T07:28:36.797Z] > git symbolic-ref --short HEAD [4ms]
[2022-04-08T07:28:36.816Z] > git for-each-ref --format=%(refname)%00%(upstream:short)%00%(objectname)%00%(upstream:track) refs/heads/main refs/remotes/main [4ms]
[2022-04-08T07:28:36.845Z] > git remote --verbose [5ms]
[2022-04-08T07:28:36.846Z] > git for-each-ref --sort -committerdate --format %(refname) %(objectname) %(*objectname) [18ms]
[2022-04-08T07:28:36.864Z] > git config --get commit.template [3ms]
[2022-04-08T07:28:41.967Z] > git symbolic-ref --short HEAD [7ms]
[2022-04-08T07:28:41.992Z] > git for-each-ref --format=%(refname)%00%(upstream:short)%00%(objectname)%00%(upstream:track) refs/heads/main refs/remotes/main [5ms]
[2022-04-08T07:28:42.036Z] > git for-each-ref --sort -committerdate --format %(refname) %(objectname) %(*objectname) [26ms]
[2022-04-08T07:28:42.039Z] > git remote --verbose [10ms]
[2022-04-08T07:28:42.072Z] > git config --get commit.template [3ms]
[2022-04-08T07:28:47.863Z] > git symbolic-ref --short HEAD [2ms]
[2022-04-08T07:28:47.876Z] > git for-each-ref --format=%(refname)%00%(upstream:short)%00%(objectname)%00%(upstream:track) refs/heads/main refs/remotes/main [4ms]
[2022-04-08T07:28:47.896Z] > git for-each-ref --sort -committerdate --format %(refname) %(objectname) %(*objectname) [11ms]
[2022-04-08T07:28:47.897Z] > git remote --verbose [3ms]
[2022-04-08T07:28:47.915Z] > git config --get commit.template [2ms]
[2022-04-08T07:28:52.955Z] > git symbolic-ref --short HEAD [2ms]
[2022-04-08T07:28:52.968Z] > git for-each-ref --format=%(refname)%00%(upstream:short)%00%(objectname)%00%(upstream:track) refs/heads/main refs/remotes/main [3ms]
[2022-04-08T07:28:52.987Z] > git for-each-ref --sort -committerdate --format %(refname) %(objectname) %(*objectname) [11ms]
[2022-04-08T07:28:52.988Z] > git remote --verbose [3ms]
[2022-04-08T07:28:53.004Z] > git config --get commit.template [2ms]
[2022-04-08T07:28:58.040Z] > git symbolic-ref --short HEAD [1ms]
[2022-04-08T07:28:58.048Z] > git for-each-ref --format=%(refname)%00%(upstream:short)%00%(objectname)%00%(upstream:track) refs/heads/main refs/remotes/main [2ms]
[2022-04-08T07:28:58.062Z] > git for-each-ref --sort -committerdate --format %(refname) %(objectname) %(*objectname) [7ms]
[2022-04-08T07:28:58.062Z] > git remote --verbose [2ms]
[2022-04-08T07:28:58.074Z] > git config --get commit.template [1ms]
[2022-04-08T07:29:03.103Z] > git symbolic-ref --short HEAD [3ms]
[2022-04-08T07:29:03.109Z] > git for-each-ref --format=%(refname)%00%(upstream:short)%00%(objectname)%00%(upstream:track) refs/heads/main refs/remotes/main [1ms]
[2022-04-08T07:29:03.119Z] > git for-each-ref --sort -committerdate --format %(refname) %(objectname) %(*objectname) [5ms]
[2022-04-08T07:29:03.120Z] > git remote --verbose [2ms]
[2022-04-08T07:29:03.130Z] > git config --get commit.template [1ms]
[2022-04-08T07:29:08.151Z] > git symbolic-ref --short HEAD [1ms]
[2022-04-08T07:29:08.156Z] > git for-each-ref --format=%(refname)%00%(upstream:short)%00%(objectname)%00%(upstream:track) refs/heads/main refs/remotes/main [1ms]
[2022-04-08T07:29:08.164Z] > git for-each-ref --sort -committerdate --format %(refname) %(objectname) %(*objectname) [4ms]
[2022-04-08T07:29:08.164Z] > git remote --verbose [1ms]
[2022-04-08T07:29:08.171Z] > git config --get commit.template [1ms]
[2022-04-08T07:29:13.201Z] > git symbolic-ref --short HEAD [1ms]
[2022-04-08T07:29:13.206Z] > git for-each-ref --format=%(refname)%00%(upstream:short)%00%(objectname)%00%(upstream:track) refs/heads/main refs/remotes/main [1ms]
[2022-04-08T07:29:13.214Z] > git remote --verbose [1ms]
[2022-04-08T07:29:13.214Z] > git for-each-ref --sort -committerdate --format %(refname) %(objectname) %(*objectname) [4ms]
[2022-04-08T07:29:13.220Z] > git config --get commit.template [1ms]
[2022-04-08T07:29:18.254Z] > git symbolic-ref --short HEAD [2ms]
[2022-04-08T07:29:18.262Z] > git for-each-ref --format=%(refname)%00%(upstream:short)%00%(objectname)%00%(upstream:track) refs/heads/main refs/remotes/main [2ms]
[2022-04-08T07:29:18.275Z] > git for-each-ref --sort -committerdate --format %(refname) %(objectname) %(*objectname) [8ms]
[2022-04-08T07:29:18.275Z] > git remote --verbose [3ms]
[2022-04-08T07:29:18.282Z] > git config --get commit.template [1ms]
[2022-04-08T07:29:23.301Z] > git symbolic-ref --short HEAD [1ms]
[2022-04-08T07:29:23.306Z] > git for-each-ref --format=%(refname)%00%(upstream:short)%00%(objectname)%00%(upstream:track) refs/heads/main refs/remotes/main [1ms]
[2022-04-08T07:29:23.314Z] > git remote --verbose [1ms]
[2022-04-08T07:29:23.314Z] > git for-each-ref --sort -committerdate --format %(refname) %(objectname) %(*objectname) [5ms]
[2022-04-08T07:29:23.320Z] > git config --get commit.template [1ms]
[2022-04-08T07:29:28.341Z] > git symbolic-ref --short HEAD [1ms]
[2022-04-08T07:29:28.347Z] > git for-each-ref --format=%(refname)%00%(upstream:short)%00%(objectname)%00%(upstream:track) refs/heads/main refs/remotes/main [2ms]
[2022-04-08T07:29:28.355Z] > git for-each-ref --sort -committerdate --format %(refname) %(objectname) %(*objectname) [4ms]
[2022-04-08T07:29:28.356Z] > git remote --verbose [2ms]
[2022-04-08T07:29:28.363Z] > git config --get commit.template [1ms]
[2022-04-08T07:29:33.396Z] > git symbolic-ref --short HEAD [2ms]
[2022-04-08T07:29:33.404Z] > git for-each-ref --format=%(refname)%00%(upstream:short)%00%(objectname)%00%(upstream:track) refs/heads/main refs/remotes/main [2ms]
[2022-04-08T07:29:33.416Z] > git for-each-ref --sort -committerdate --format %(refname) %(objectname) %(*objectname) [7ms]
[2022-04-08T07:29:33.417Z] > git remote --verbose [2ms]
[2022-04-08T07:29:33.428Z] > git config --get commit.template [1ms]
[2022-04-08T07:29:38.462Z] > git symbolic-ref --short HEAD [2ms]
[2022-04-08T07:29:38.469Z] > git for-each-ref --format=%(refname)%00%(upstream:short)%00%(objectname)%00%(upstream:track) refs/heads/main refs/remotes/main [2ms]
[2022-04-08T07:29:38.482Z] > git for-each-ref --sort -committerdate --format %(refname) %(objectname) %(*objectname) [7ms]
[2022-04-08T07:29:38.482Z] > git remote --verbose [1ms]
[2022-04-08T07:29:38.491Z] > git config --get commit.template [0ms]
[2022-04-08T07:29:43.523Z] > git symbolic-ref --short HEAD [1ms]
[2022-04-08T07:29:43.529Z] > git for-each-ref --format=%(refname)%00%(upstream:short)%00%(objectname)%00%(upstream:track) refs/heads/main refs/remotes/main [2ms]
[2022-04-08T07:29:43.537Z] > git remote --verbose [1ms]
[2022-04-08T07:29:43.538Z] > git for-each-ref --sort -committerdate --format %(refname) %(objectname) %(*objectname) [6ms]
[2022-04-08T07:29:43.545Z] > git config --get commit.template [1ms]
[2022-04-08T07:29:48.563Z] > git symbolic-ref --short HEAD [1ms]
[2022-04-08T07:29:48.567Z] > git for-each-ref --format=%(refname)%00%(upstream:short)%00%(objectname)%00%(upstream:track) refs/heads/main refs/remotes/main [1ms]
[2022-04-08T07:29:48.575Z] > git remote --verbose [1ms]
[2022-04-08T07:29:48.575Z] > git for-each-ref --sort -committerdate --format %(refname) %(objectname) %(*objectname) [4ms]
[2022-04-08T07:29:48.580Z] > git config --get commit.template [0ms]
[2022-04-08T07:29:53.614Z] > git symbolic-ref --short HEAD [2ms]
[2022-04-08T07:29:53.621Z] > git for-each-ref --format=%(refname)%00%(upstream:short)%00%(objectname)%00%(upstream:track) refs/heads/main refs/remotes/main [2ms]
[2022-04-08T07:29:53.636Z] > git for-each-ref --sort -committerdate --format %(refname) %(objectname) %(*objectname) [10ms]
[2022-04-08T07:29:53.636Z] > git remote --verbose [3ms]
[2022-04-08T07:29:53.644Z] > git config --get commit.template [1ms]
[2022-04-08T07:29:58.683Z] > git symbolic-ref --short HEAD [3ms]
[2022-04-08T07:29:58.690Z] > git for-each-ref --format=%(refname)%00%(upstream:short)%00%(objectname)%00%(upstream:track) refs/heads/main refs/remotes/main [1ms]
[2022-04-08T07:29:58.700Z] > git remote --verbose [1ms]
[2022-04-08T07:29:58.700Z] > git for-each-ref --sort -committerdate --format %(refname) %(objectname) %(*objectname) [5ms]
[2022-04-08T07:29:58.707Z] > git config --get commit.template [1ms]
[2022-04-08T07:30:03.727Z] > git symbolic-ref --short HEAD [1ms]
[2022-04-08T07:30:03.732Z] > git for-each-ref --format=%(refname)%00%(upstream:short)%00%(objectname)%00%(upstream:track) refs/heads/main refs/remotes/main [1ms]
[2022-04-08T07:30:03.741Z] > git for-each-ref --sort -committerdate --format %(refname) %(objectname) %(*objectname) [5ms]
[2022-04-08T07:30:03.741Z] > git remote --verbose [1ms]
[2022-04-08T07:30:03.748Z] > git config --get commit.template [1ms]
[2022-04-08T07:30:08.779Z] > git symbolic-ref --short HEAD [1ms]
[2022-04-08T07:30:08.785Z] > git for-each-ref --format=%(refname)%00%(upstream:short)%00%(objectname)%00%(upstream:track) refs/heads/main refs/remotes/main [1ms]
[2022-04-08T07:30:08.793Z] > git remote --verbose [1ms]
[2022-04-08T07:30:08.793Z] > git for-each-ref --sort -committerdate --format %(refname) %(objectname) %(*objectname) [5ms]
[2022-04-08T07:30:08.800Z] > git config --get commit.template [1ms]
[2022-04-08T07:30:13.833Z] > git symbolic-ref --short HEAD [2ms]
[2022-04-08T07:30:13.840Z] > git for-each-ref --format=%(refname)%00%(upstream:short)%00%(objectname)%00%(upstream:track) refs/heads/main refs/remotes/main [1ms]
[2022-04-08T07:30:13.853Z] > git for-each-ref --sort -committerdate --format %(refname) %(objectname) %(*objectname) [7ms]
[2022-04-08T07:30:13.853Z] > git remote --verbose [2ms]
[2022-04-08T07:30:13.863Z] > git config --get commit.template [1ms]
[2022-04-08T07:30:18.898Z] > git symbolic-ref --short HEAD [3ms]
[2022-04-08T07:30:18.906Z] > git for-each-ref --format=%(refname)%00%(upstream:short)%00%(objectname)%00%(upstream:track) refs/heads/main refs/remotes/main [2ms]
[2022-04-08T07:30:18.919Z] > git for-each-ref --sort -committerdate --format %(refname) %(objectname) %(*objectname) [8ms]
[2022-04-08T07:30:18.919Z] > git remote --verbose [2ms]
[2022-04-08T07:30:18.929Z] > git config --get commit.template [2ms]
[2022-04-08T07:30:23.959Z] > git symbolic-ref --short HEAD [1ms]
[2022-04-08T07:30:23.968Z] > git for-each-ref --format=%(refname)%00%(upstream:short)%00%(objectname)%00%(upstream:track) refs/heads/main refs/remotes/main [3ms]
[2022-04-08T07:30:23.983Z] > git for-each-ref --sort -committerdate --format %(refname) %(objectname) %(*objectname) [8ms]
[2022-04-08T07:30:23.984Z] > git remote --verbose [3ms]
[2022-04-08T07:30:23.992Z] > git config --get commit.template [1ms]
[2022-04-08T07:30:29.025Z] > git symbolic-ref --short HEAD [1ms]
[2022-04-08T07:30:29.033Z] > git for-each-ref --format=%(refname)%00%(upstream:short)%00%(objectname)%00%(upstream:track) refs/heads/main refs/remotes/main [2ms]
[2022-04-08T07:30:29.047Z] > git for-each-ref --sort -committerdate --format %(refname) %(objectname) %(*objectname) [7ms]
[2022-04-08T07:30:29.047Z] > git remote --verbose [1ms]
[2022-04-08T07:30:29.058Z] > git config --get commit.template [1ms]
[2022-04-08T07:30:34.090Z] > git symbolic-ref --short HEAD [2ms]
[2022-04-08T07:30:34.098Z] > git for-each-ref --format=%(refname)%00%(upstream:short)%00%(objectname)%00%(upstream:track) refs/heads/main refs/remotes/main [2ms]
[2022-04-08T07:30:34.112Z] > git for-each-ref --sort -committerdate --format %(refname) %(objectname) %(*objectname) [7ms]
[2022-04-08T07:30:34.112Z] > git remote --verbose [2ms]
[2022-04-08T07:30:34.122Z] > git config --get commit.template [2ms]
[2022-04-08T07:30:39.153Z] > git symbolic-ref --short HEAD [2ms]
[2022-04-08T07:30:39.161Z] > git for-each-ref --format=%(refname)%00%(upstream:short)%00%(objectname)%00%(upstream:track) refs/heads/main refs/remotes/main [2ms]
[2022-04-08T07:30:39.173Z] > git for-each-ref --sort -committerdate --format %(refname) %(objectname) %(*objectname) [7ms]
[2022-04-08T07:30:39.177Z] > git remote --verbose [5ms]
[2022-04-08T07:30:39.186Z] > git config --get commit.template [1ms]
[2022-04-08T07:30:44.218Z] > git symbolic-ref --short HEAD [2ms]
[2022-04-08T07:30:44.226Z] > git for-each-ref --format=%(refname)%00%(upstream:short)%00%(objectname)%00%(upstream:track) refs/heads/main refs/remotes/main [1ms]
[2022-04-08T07:30:44.241Z] > git for-each-ref --sort -committerdate --format %(refname) %(objectname) %(*objectname) [9ms]
[2022-04-08T07:30:44.241Z] > git remote --verbose [2ms]
[2022-04-08T07:30:44.252Z] > git config --get commit.template [1ms]
[2022-04-08T07:30:49.284Z] > git symbolic-ref --short HEAD [1ms]
[2022-04-08T07:30:49.292Z] > git for-each-ref --format=%(refname)%00%(upstream:short)%00%(objectname)%00%(upstream:track) refs/heads/main refs/remotes/main [2ms]
[2022-04-08T07:30:49.304Z] > git for-each-ref --sort -committerdate --format %(refname) %(objectname) %(*objectname) [6ms]
[2022-04-08T07:30:49.305Z] > git remote --verbose [2ms]
[2022-04-08T07:30:49.314Z] > git config --get commit.template [1ms]
[2022-04-08T07:30:54.350Z] > git symbolic-ref --short HEAD [1ms]
[2022-04-08T07:30:54.358Z] > git for-each-ref --format=%(refname)%00%(upstream:short)%00%(objectname)%00%(upstream:track) refs/heads/main refs/remotes/main [1ms]
[2022-04-08T07:30:54.367Z] > git for-each-ref --sort -committerdate --format %(refname) %(objectname) %(*objectname) [5ms]
[2022-04-08T07:30:54.367Z] > git remote --verbose [1ms]
[2022-04-08T07:30:54.374Z] > git config --get commit.template [1ms]
[2022-04-08T07:30:59.402Z] > git symbolic-ref --short HEAD [1ms]
[2022-04-08T07:30:59.408Z] > git for-each-ref --format=%(refname)%00%(upstream:short)%00%(objectname)%00%(upstream:track) refs/heads/main refs/remotes/main [1ms]
[2022-04-08T07:30:59.417Z] > git for-each-ref --sort -committerdate --format %(refname) %(objectname) %(*objectname) [5ms]
[2022-04-08T07:30:59.418Z] > git remote --verbose [2ms]
[2022-04-08T07:30:59.425Z] > git config --get commit.template [1ms]
[2022-04-08T07:31:04.458Z] > git symbolic-ref --short HEAD [2ms]
[2022-04-08T07:31:04.467Z] > git for-each-ref --format=%(refname)%00%(upstream:short)%00%(objectname)%00%(upstream:track) refs/heads/main refs/remotes/main [2ms]
[2022-04-08T07:31:04.481Z] > git for-each-ref --sort -committerdate --format %(refname) %(objectname) %(*objectname) [7ms]
[2022-04-08T07:31:04.482Z] > git remote --verbose [2ms]
[2022-04-08T07:31:04.490Z] > git config --get commit.template [1ms]
[2022-04-08T07:31:09.524Z] > git symbolic-ref --short HEAD [2ms]
[2022-04-08T07:31:09.531Z] > git for-each-ref --format=%(refname)%00%(upstream:short)%00%(objectname)%00%(upstream:track) refs/heads/main refs/remotes/main [2ms]
[2022-04-08T07:31:09.543Z] > git for-each-ref --sort -committerdate --format %(refname) %(objectname) %(*objectname) [7ms]
[2022-04-08T07:31:09.544Z] > git remote --verbose [2ms]
[2022-04-08T07:31:09.554Z] > git config --get commit.template [1ms]
[2022-04-08T07:31:14.587Z] > git symbolic-ref --short HEAD [1ms]
[2022-04-08T07:31:14.595Z] > git for-each-ref --format=%(refname)%00%(upstream:short)%00%(objectname)%00%(upstream:track) refs/heads/main refs/remotes/main [1ms]
[2022-04-08T07:31:14.608Z] > git for-each-ref --sort -committerdate --format %(refname) %(objectname) %(*objectname) [7ms]
[2022-04-08T07:31:14.608Z] > git remote --verbose [2ms]
[2022-04-08T07:31:14.620Z] > git config --get commit.template [2ms]
[2022-04-08T07:31:19.653Z] > git symbolic-ref --short HEAD [1ms]
[2022-04-08T07:31:19.662Z] > git for-each-ref --format=%(refname)%00%(upstream:short)%00%(objectname)%00%(upstream:track) refs/heads/main refs/remotes/main [2ms]
[2022-04-08T07:31:19.675Z] > git for-each-ref --sort -committerdate --format %(refname) %(objectname) %(*objectname) [7ms]
[2022-04-08T07:31:19.675Z] > git remote --verbose [1ms]
[2022-04-08T07:31:19.684Z] > git config --get commit.template [1ms]
[2022-04-08T07:31:24.719Z] > git symbolic-ref --short HEAD [2ms]
[2022-04-08T07:31:24.727Z] > git for-each-ref --format=%(refname)%00%(upstream:short)%00%(objectname)%00%(upstream:track) refs/heads/main refs/remotes/main [1ms]
[2022-04-08T07:31:24.739Z] > git for-each-ref --sort -committerdate --format %(refname) %(objectname) %(*objectname) [7ms]
[2022-04-08T07:31:24.739Z] > git remote --verbose [1ms]
[2022-04-08T07:31:24.751Z] > git config --get commit.template [3ms]
[2022-04-08T07:36:27.929Z] > git symbolic-ref --short HEAD [2ms]
[2022-04-08T07:36:27.937Z] > git for-each-ref --format=%(refname)%00%(upstream:short)%00%(objectname)%00%(upstream:track) refs/heads/main refs/remotes/main [2ms]
[2022-04-08T07:36:27.951Z] > git for-each-ref --sort -committerdate --format %(refname) %(objectname) %(*objectname) [9ms]
[2022-04-08T07:36:27.952Z] > git remote --verbose [2ms]
[2022-04-08T07:36:27.960Z] > git config --get commit.template [1ms]
[2022-04-08T07:36:32.993Z] > git symbolic-ref --short HEAD [2ms]
[2022-04-08T07:36:33.000Z] > git for-each-ref --format=%(refname)%00%(upstream:short)%00%(objectname)%00%(upstream:track) refs/heads/main refs/remotes/main [2ms]
[2022-04-08T07:36:33.013Z] > git for-each-ref --sort -committerdate --format %(refname) %(objectname) %(*objectname) [6ms]
[2022-04-08T07:36:33.013Z] > git remote --verbose [2ms]
[2022-04-08T07:36:33.021Z] > git config --get commit.template [1ms]
[2022-04-08T07:36:38.038Z] > git symbolic-ref --short HEAD [1ms]
[2022-04-08T07:36:38.042Z] > git for-each-ref --format=%(refname)%00%(upstream:short)%00%(objectname)%00%(upstream:track) refs/heads/main refs/remotes/main [1ms]
[2022-04-08T07:36:38.050Z] > git for-each-ref --sort -committerdate --format %(refname) %(objectname) %(*objectname) [5ms]
[2022-04-08T07:36:38.050Z] > git remote --verbose [1ms]
[2022-04-08T07:36:38.056Z] > git config --get commit.template [1ms]
[2022-04-08T07:36:43.087Z] > git symbolic-ref --short HEAD [2ms]
[2022-04-08T07:36:43.095Z] > git for-each-ref --format=%(refname)%00%(upstream:short)%00%(objectname)%00%(upstream:track) refs/heads/main refs/remotes/main [2ms]
[2022-04-08T07:36:43.108Z] > git for-each-ref --sort -committerdate --format %(refname) %(objectname) %(*objectname) [7ms]
[2022-04-08T07:36:43.108Z] > git remote --verbose [2ms]
[2022-04-08T07:36:43.118Z] > git config --get commit.template [1ms]
[2022-04-08T07:36:48.152Z] > git symbolic-ref --short HEAD [2ms]
[2022-04-08T07:36:48.159Z] > git for-each-ref --format=%(refname)%00%(upstream:short)%00%(objectname)%00%(upstream:track) refs/heads/main refs/remotes/main [1ms]
[2022-04-08T07:36:48.172Z] > git for-each-ref --sort -committerdate --format %(refname) %(objectname) %(*objectname) [6ms]
[2022-04-08T07:36:48.172Z] > git remote --verbose [2ms]
[2022-04-08T07:36:48.180Z] > git config --get commit.template [2ms]
[2022-04-08T07:36:53.215Z] > git symbolic-ref --short HEAD [2ms]
[2022-04-08T07:36:53.223Z] > git for-each-ref --format=%(refname)%00%(upstream:short)%00%(objectname)%00%(upstream:track) refs/heads/main refs/remotes/main [2ms]
[2022-04-08T07:36:53.235Z] > git for-each-ref --sort -committerdate --format %(refname) %(objectname) %(*objectname) [7ms]
[2022-04-08T07:36:53.236Z] > git remote --verbose [2ms]
[2022-04-08T07:36:53.246Z] > git config --get commit.template [2ms]
[2022-04-08T07:36:58.282Z] > git symbolic-ref --short HEAD [2ms]
[2022-04-08T07:36:58.290Z] > git for-each-ref --format=%(refname)%00%(upstream:short)%00%(objectname)%00%(upstream:track) refs/heads/main refs/remotes/main [2ms]
[2022-04-08T07:36:58.301Z] > git remote --verbose [1ms]
[2022-04-08T07:36:58.301Z] > git for-each-ref --sort -committerdate --format %(refname) %(objectname) %(*objectname) [6ms]
[2022-04-08T07:36:58.307Z] > git config --get commit.template [0ms]
[2022-04-08T07:37:03.341Z] > git symbolic-ref --short HEAD [1ms]
[2022-04-08T07:37:03.350Z] > git for-each-ref --format=%(refname)%00%(upstream:short)%00%(objectname)%00%(upstream:track) refs/heads/main refs/remotes/main [2ms]
[2022-04-08T07:37:03.363Z] > git for-each-ref --sort -committerdate --format %(refname) %(objectname) %(*objectname) [7ms]
[2022-04-08T07:37:03.363Z] > git remote --verbose [1ms]
[2022-04-08T07:37:03.371Z] > git config --get commit.template [1ms]
[2022-04-08T07:37:08.390Z] > git symbolic-ref --short HEAD [1ms]
[2022-04-08T07:37:08.395Z] > git for-each-ref --format=%(refname)%00%(upstream:short)%00%(objectname)%00%(upstream:track) refs/heads/main refs/remotes/main [1ms]
[2022-04-08T07:37:08.403Z] > git for-each-ref --sort -committerdate --format %(refname) %(objectname) %(*objectname) [4ms]
[2022-04-08T07:37:08.403Z] > git remote --verbose [1ms]
[2022-04-08T07:37:08.409Z] > git config --get commit.template [1ms]
[2022-04-08T07:37:13.442Z] > git symbolic-ref --short HEAD [1ms]
[2022-04-08T07:37:13.450Z] > git for-each-ref --format=%(refname)%00%(upstream:short)%00%(objectname)%00%(upstream:track) refs/heads/main refs/remotes/main [2ms]
[2022-04-08T07:37:13.462Z] > git for-each-ref --sort -committerdate --format %(refname) %(objectname) %(*objectname) [7ms]
[2022-04-08T07:37:13.463Z] > git remote --verbose [2ms]
[2022-04-08T07:37:13.476Z] > git config --get commit.template [2ms]
[2022-04-08T07:37:18.507Z] > git symbolic-ref --short HEAD [1ms]
[2022-04-08T07:37:18.515Z] > git for-each-ref --format=%(refname)%00%(upstream:short)%00%(objectname)%00%(upstream:track) refs/heads/main refs/remotes/main [2ms]
[2022-04-08T07:37:18.528Z] > git for-each-ref --sort -committerdate --format %(refname) %(objectname) %(*objectname) [7ms]
[2022-04-08T07:37:18.529Z] > git remote --verbose [2ms]
[2022-04-08T07:37:18.538Z] > git config --get commit.template [2ms]
[2022-04-08T07:37:23.569Z] > git symbolic-ref --short HEAD [2ms]
[2022-04-08T07:37:23.576Z] > git for-each-ref --format=%(refname)%00%(upstream:short)%00%(objectname)%00%(upstream:track) refs/heads/main refs/remotes/main [1ms]
[2022-04-08T07:37:23.588Z] > git for-each-ref --sort -committerdate --format %(refname) %(objectname) %(*objectname) [6ms]
[2022-04-08T07:37:23.589Z] > git remote --verbose [2ms]
[2022-04-08T07:37:23.599Z] > git config --get commit.template [2ms]
[2022-04-08T07:37:28.630Z] > git symbolic-ref --short HEAD [2ms]
[2022-04-08T07:37:28.636Z] > git for-each-ref --format=%(refname)%00%(upstream:short)%00%(objectname)%00%(upstream:track) refs/heads/main refs/remotes/main [1ms]
[2022-04-08T07:37:28.648Z] > git for-each-ref --sort -committerdate --format %(refname) %(objectname) %(*objectname) [6ms]
[2022-04-08T07:37:28.649Z] > git remote --verbose [2ms]
[2022-04-08T07:37:28.658Z] > git config --get commit.template [2ms]
[2022-04-08T07:37:33.689Z] > git symbolic-ref --short HEAD [1ms]
[2022-04-08T07:37:33.697Z] > git for-each-ref --format=%(refname)%00%(upstream:short)%00%(objectname)%00%(upstream:track) refs/heads/main refs/remotes/main [2ms]
[2022-04-08T07:37:33.709Z] > git for-each-ref --sort -committerdate --format %(refname) %(objectname) %(*objectname) [7ms]
[2022-04-08T07:37:33.709Z] > git remote --verbose [1ms]
[2022-04-08T07:37:33.719Z] > git config --get commit.template [1ms]
[2022-04-08T07:37:38.752Z] > git symbolic-ref --short HEAD [2ms]
[2022-04-08T07:37:38.760Z] > git for-each-ref --format=%(refname)%00%(upstream:short)%00%(objectname)%00%(upstream:track) refs/heads/main refs/remotes/main [2ms]
[2022-04-08T07:37:38.773Z] > git for-each-ref --sort -committerdate --format %(refname) %(objectname) %(*objectname) [8ms]
[2022-04-08T07:37:38.774Z] > git remote --verbose [2ms]
[2022-04-08T07:37:38.784Z] > git config --get commit.template [1ms]
[2022-04-08T07:37:43.819Z] > git symbolic-ref --short HEAD [2ms]
[2022-04-08T07:37:43.827Z] > git for-each-ref --format=%(refname)%00%(upstream:short)%00%(objectname)%00%(upstream:track) refs/heads/main refs/remotes/main [2ms]
[2022-04-08T07:37:43.840Z] > git for-each-ref --sort -committerdate --format %(refname) %(objectname) %(*objectname) [6ms]
[2022-04-08T07:37:43.841Z] > git remote --verbose [2ms]
[2022-04-08T07:37:43.849Z] > git config --get commit.template [1ms]
[2022-04-08T07:37:48.880Z] > git symbolic-ref --short HEAD [2ms]
[2022-04-08T07:37:48.885Z] > git for-each-ref --format=%(refname)%00%(upstream:short)%00%(objectname)%00%(upstream:track) refs/heads/main refs/remotes/main [1ms]
[2022-04-08T07:37:48.893Z] > git for-each-ref --sort -committerdate --format %(refname) %(objectname) %(*objectname) [5ms]
[2022-04-08T07:37:48.893Z] > git remote --verbose [1ms]
[2022-04-08T07:37:48.899Z] > git config --get commit.template [1ms]
[2022-04-08T07:37:53.932Z] > git symbolic-ref --short HEAD [2ms]
[2022-04-08T07:37:53.940Z] > git for-each-ref --format=%(refname)%00%(upstream:short)%00%(objectname)%00%(upstream:track) refs/heads/main refs/remotes/main [2ms]
[2022-04-08T07:37:53.952Z] > git for-each-ref --sort -committerdate --format %(refname) %(objectname) %(*objectname) [6ms]
[2022-04-08T07:37:53.953Z] > git remote --verbose [2ms]
[2022-04-08T07:37:53.962Z] > git config --get commit.template [1ms]
[2022-04-08T07:37:58.995Z] > git symbolic-ref --short HEAD [2ms]
[2022-04-08T07:37:59.004Z] > git for-each-ref --format=%(refname)%00%(upstream:short)%00%(objectname)%00%(upstream:track) refs/heads/main refs/remotes/main [3ms]
[2022-04-08T07:37:59.016Z] > git for-each-ref --sort -committerdate --format %(refname) %(objectname) %(*objectname) [7ms]
[2022-04-08T07:37:59.017Z] > git remote --verbose [2ms]
[2022-04-08T07:37:59.027Z] > git config --get commit.template [2ms]
[2022-04-08T07:38:04.058Z] > git symbolic-ref --short HEAD [2ms]
[2022-04-08T07:38:04.066Z] > git for-each-ref --format=%(refname)%00%(upstream:short)%00%(objectname)%00%(upstream:track) refs/heads/main refs/remotes/main [2ms]
[2022-04-08T07:38:04.080Z] > git for-each-ref --sort -committerdate --format %(refname) %(objectname) %(*objectname) [8ms]
[2022-04-08T07:38:04.080Z] > git remote --verbose [2ms]
[2022-04-08T07:38:04.090Z] > git config --get commit.template [2ms]
[2022-04-08T07:38:09.121Z] > git symbolic-ref --short HEAD [1ms]
[2022-04-08T07:38:09.128Z] > git for-each-ref --format=%(refname)%00%(upstream:short)%00%(objectname)%00%(upstream:track) refs/heads/main refs/remotes/main [1ms]
[2022-04-08T07:38:09.141Z] > git for-each-ref --sort -committerdate --format %(refname) %(objectname) %(*objectname) [6ms]
[2022-04-08T07:38:09.142Z] > git remote --verbose [2ms]
[2022-04-08T07:38:09.149Z] > git config --get commit.template [1ms]
[2022-04-08T07:38:14.183Z] > git symbolic-ref --short HEAD [2ms]
[2022-04-08T07:38:14.192Z] > git for-each-ref --format=%(refname)%00%(upstream:short)%00%(objectname)%00%(upstream:track) refs/heads/main refs/remotes/main [2ms]
[2022-04-08T07:38:14.205Z] > git for-each-ref --sort -committerdate --format %(refname) %(objectname) %(*objectname) [7ms]
[2022-04-08T07:38:14.205Z] > git remote --verbose [2ms]
[2022-04-08T07:38:14.216Z] > git config --get commit.template [1ms]
[2022-04-08T07:38:19.250Z] > git symbolic-ref --short HEAD [1ms]
[2022-04-08T07:38:19.258Z] > git for-each-ref --format=%(refname)%00%(upstream:short)%00%(objectname)%00%(upstream:track) refs/heads/main refs/remotes/main [1ms]
[2022-04-08T07:38:19.270Z] > git for-each-ref --sort -committerdate --format %(refname) %(objectname) %(*objectname) [7ms]
[2022-04-08T07:38:19.270Z] > git remote --verbose [1ms]
[2022-04-08T07:38:19.280Z] > git config --get commit.template [1ms]
[2022-04-08T07:38:24.314Z] > git symbolic-ref --short HEAD [1ms]
[2022-04-08T07:38:24.323Z] > git for-each-ref --format=%(refname)%00%(upstream:short)%00%(objectname)%00%(upstream:track) refs/heads/main refs/remotes/main [2ms]
[2022-04-08T07:38:24.337Z] > git for-each-ref --sort -committerdate --format %(refname) %(objectname) %(*objectname) [8ms]
[2022-04-08T07:38:24.337Z] > git remote --verbose [2ms]
[2022-04-08T07:38:24.347Z] > git config --get commit.template [2ms]
[2022-04-08T07:38:29.378Z] > git symbolic-ref --short HEAD [2ms]
[2022-04-08T07:38:29.386Z] > git for-each-ref --format=%(refname)%00%(upstream:short)%00%(objectname)%00%(upstream:track) refs/heads/main refs/remotes/main [1ms]
[2022-04-08T07:38:29.400Z] > git for-each-ref --sort -committerdate --format %(refname) %(objectname) %(*objectname) [8ms]
[2022-04-08T07:38:29.400Z] > git remote --verbose [2ms]
[2022-04-08T07:38:29.411Z] > git config --get commit.template [1ms]
[2022-04-08T07:38:34.442Z] > git symbolic-ref --short HEAD [2ms]
[2022-04-08T07:38:34.449Z] > git for-each-ref --format=%(refname)%00%(upstream:short)%00%(objectname)%00%(upstream:track) refs/heads/main refs/remotes/main [1ms]
[2022-04-08T07:38:34.462Z] > git for-each-ref --sort -committerdate --format %(refname) %(objectname) %(*objectname) [7ms]
[2022-04-08T07:38:34.463Z] > git remote --verbose [2ms]
[2022-04-08T07:38:34.473Z] > git config --get commit.template [1ms]
[2022-04-08T07:38:39.504Z] > git symbolic-ref --short HEAD [2ms]
[2022-04-08T07:38:39.512Z] > git for-each-ref --format=%(refname)%00%(upstream:short)%00%(objectname)%00%(upstream:track) refs/heads/main refs/remotes/main [2ms]
[2022-04-08T07:38:39.524Z] > git for-each-ref --sort -committerdate --format %(refname) %(objectname) %(*objectname) [7ms]
[2022-04-08T07:38:39.526Z] > git remote --verbose [3ms]
[2022-04-08T07:38:39.535Z] > git config --get commit.template [2ms]
[2022-04-08T07:38:44.562Z] > git symbolic-ref --short HEAD [1ms]
[2022-04-08T07:38:44.568Z] > git for-each-ref --format=%(refname)%00%(upstream:short)%00%(objectname)%00%(upstream:track) refs/heads/main refs/remotes/main [1ms]
[2022-04-08T07:38:44.578Z] > git for-each-ref --sort -committerdate --format %(refname) %(objectname) %(*objectname) [5ms]
[2022-04-08T07:38:44.579Z] > git remote --verbose [2ms]
[2022-04-08T07:38:44.586Z] > git config --get commit.template [1ms]
[2022-04-08T07:38:49.620Z] > git symbolic-ref --short HEAD [2ms]
[2022-04-08T07:38:49.626Z] > git for-each-ref --format=%(refname)%00%(upstream:short)%00%(objectname)%00%(upstream:track) refs/heads/main refs/remotes/main [1ms]
[2022-04-08T07:38:49.637Z] > git for-each-ref --sort -committerdate --format %(refname) %(objectname) %(*objectname) [6ms]
[2022-04-08T07:38:49.637Z] > git remote --verbose [1ms]
[2022-04-08T07:38:49.646Z] > git config --get commit.template [2ms]
[2022-04-08T07:38:54.678Z] > git symbolic-ref --short HEAD [1ms]
[2022-04-08T07:38:54.686Z] > git for-each-ref --format=%(refname)%00%(upstream:short)%00%(objectname)%00%(upstream:track) refs/heads/main refs/remotes/main [2ms]
[2022-04-08T07:38:54.699Z] > git for-each-ref --sort -committerdate --format %(refname) %(objectname) %(*objectname) [7ms]
[2022-04-08T07:38:54.699Z] > git remote --verbose [2ms]
[2022-04-08T07:38:54.708Z] > git config --get commit.template [2ms]
[2022-04-08T07:38:59.741Z] > git symbolic-ref --short HEAD [2ms]
[2022-04-08T07:38:59.749Z] > git for-each-ref --format=%(refname)%00%(upstream:short)%00%(objectname)%00%(upstream:track) refs/heads/main refs/remotes/main [2ms]
[2022-04-08T07:38:59.761Z] > git for-each-ref --sort -committerdate --format %(refname) %(objectname) %(*objectname) [6ms]
[2022-04-08T07:38:59.762Z] > git remote --verbose [2ms]
[2022-04-08T07:38:59.772Z] > git config --get commit.template [2ms]
[2022-04-08T07:39:04.803Z] > git symbolic-ref --short HEAD [1ms]
[2022-04-08T07:39:04.811Z] > git for-each-ref --format=%(refname)%00%(upstream:short)%00%(objectname)%00%(upstream:track) refs/heads/main refs/remotes/main [2ms]
[2022-04-08T07:39:04.824Z] > git for-each-ref --sort -committerdate --format %(refname) %(objectname) %(*objectname) [7ms]
[2022-04-08T07:39:04.824Z] > git remote --verbose [2ms]
[2022-04-08T07:39:04.839Z] > git config --get commit.template [1ms]
[2022-04-08T07:39:09.872Z] > git symbolic-ref --short HEAD [1ms]
[2022-04-08T07:39:09.880Z] > git for-each-ref --format=%(refname)%00%(upstream:short)%00%(objectname)%00%(upstream:track) refs/heads/main refs/remotes/main [2ms]
[2022-04-08T07:39:09.890Z] > git remote --verbose [0ms]
[2022-04-08T07:39:09.890Z] > git for-each-ref --sort -committerdate --format %(refname) %(objectname) %(*objectname) [5ms]
[2022-04-08T07:39:09.896Z] > git config --get commit.template [1ms]
[2022-04-08T07:39:14.927Z] > git symbolic-ref --short HEAD [2ms]
[2022-04-08T07:39:14.935Z] > git for-each-ref --format=%(refname)%00%(upstream:short)%00%(objectname)%00%(upstream:track) refs/heads/main refs/remotes/main [2ms]
[2022-04-08T07:39:14.947Z] > git for-each-ref --sort -committerdate --format %(refname) %(objectname) %(*objectname) [7ms]
[2022-04-08T07:39:14.948Z] > git remote --verbose [2ms]
[2022-04-08T07:39:14.957Z] > git config --get commit.template [1ms]
[2022-04-08T07:39:19.990Z] > git symbolic-ref --short HEAD [2ms]
[2022-04-08T07:39:19.997Z] > git for-each-ref --format=%(refname)%00%(upstream:short)%00%(objectname)%00%(upstream:track) refs/heads/main refs/remotes/main [1ms]
[2022-04-08T07:39:20.011Z] > git remote --verbose [1ms]
[2022-04-08T07:39:20.011Z] > git for-each-ref --sort -committerdate --format %(refname) %(objectname) %(*objectname) [7ms]
[2022-04-08T07:39:20.019Z] > git config --get commit.template [1ms]
[2022-04-08T07:39:25.050Z] > git symbolic-ref --short HEAD [1ms]
[2022-04-08T07:39:25.058Z] > git for-each-ref --format=%(refname)%00%(upstream:short)%00%(objectname)%00%(upstream:track) refs/heads/main refs/remotes/main [2ms]
[2022-04-08T07:39:25.069Z] > git for-each-ref --sort -committerdate --format %(refname) %(objectname) %(*objectname) [6ms]
[2022-04-08T07:39:25.069Z] > git remote --verbose [1ms]
[2022-04-08T07:39:25.078Z] > git config --get commit.template [1ms]
[2022-04-08T07:39:30.111Z] > git symbolic-ref --short HEAD [1ms]
[2022-04-08T07:39:30.119Z] > git for-each-ref --format=%(refname)%00%(upstream:short)%00%(objectname)%00%(upstream:track) refs/heads/main refs/remotes/main [2ms]
[2022-04-08T07:39:30.132Z] > git for-each-ref --sort -committerdate --format %(refname) %(objectname) %(*objectname) [7ms]
[2022-04-08T07:39:30.133Z] > git remote --verbose [2ms]
[2022-04-08T07:39:30.143Z] > git config --get commit.template [1ms]
[2022-04-08T07:39:35.176Z] > git symbolic-ref --short HEAD [2ms]
[2022-04-08T07:39:35.183Z] > git for-each-ref --format=%(refname)%00%(upstream:short)%00%(objectname)%00%(upstream:track) refs/heads/main refs/remotes/main [1ms]
[2022-04-08T07:39:35.196Z] > git for-each-ref --sort -committerdate --format %(refname) %(objectname) %(*objectname) [7ms]
[2022-04-08T07:39:35.196Z] > git remote --verbose [2ms]
[2022-04-08T07:39:35.205Z] > git config --get commit.template [1ms]
[2022-04-08T07:39:40.238Z] > git symbolic-ref --short HEAD [2ms]
[2022-04-08T07:39:40.246Z] > git for-each-ref --format=%(refname)%00%(upstream:short)%00%(objectname)%00%(upstream:track) refs/heads/main refs/remotes/main [2ms]
[2022-04-08T07:39:40.258Z] > git for-each-ref --sort -committerdate --format %(refname) %(objectname) %(*objectname) [7ms]
[2022-04-08T07:39:40.259Z] > git remote --verbose [3ms]
[2022-04-08T07:39:40.269Z] > git config --get commit.template [2ms]
[2022-04-08T07:39:45.301Z] > git symbolic-ref --short HEAD [1ms]
[2022-04-08T07:39:45.308Z] > git for-each-ref --format=%(refname)%00%(upstream:short)%00%(objectname)%00%(upstream:track) refs/heads/main refs/remotes/main [1ms]
[2022-04-08T07:39:45.322Z] > git for-each-ref --sort -committerdate --format %(refname) %(objectname) %(*objectname) [8ms]
[2022-04-08T07:39:45.323Z] > git remote --verbose [3ms]
[2022-04-08T07:39:45.333Z] > git config --get commit.template [2ms]
[2022-04-08T07:39:50.365Z] > git symbolic-ref --short HEAD [2ms]
[2022-04-08T07:39:50.372Z] > git for-each-ref --format=%(refname)%00%(upstream:short)%00%(objectname)%00%(upstream:track) refs/heads/main refs/remotes/main [1ms]
[2022-04-08T07:39:50.384Z] > git for-each-ref --sort -committerdate --format %(refname) %(objectname) %(*objectname) [6ms]
[2022-04-08T07:39:50.385Z] > git remote --verbose [2ms]
[2022-04-08T07:39:50.392Z] > git config --get commit.template [1ms]
[2022-04-08T07:39:55.423Z] > git symbolic-ref --short HEAD [1ms]
[2022-04-08T07:39:55.429Z] > git for-each-ref --format=%(refname)%00%(upstream:short)%00%(objectname)%00%(upstream:track) refs/heads/main refs/remotes/main [1ms]
[2022-04-08T07:39:55.438Z] > git for-each-ref --sort -committerdate --format %(refname) %(objectname) %(*objectname) [5ms]
[2022-04-08T07:39:55.438Z] > git remote --verbose [1ms]
[2022-04-08T07:39:55.445Z] > git config --get commit.template [0ms]
[2022-04-08T08:04:37.833Z] > git symbolic-ref --short HEAD [1ms]
[2022-04-08T08:04:37.840Z] > git for-each-ref --format=%(refname)%00%(upstream:short)%00%(objectname)%00%(upstream:track) refs/heads/main refs/remotes/main [2ms]
[2022-04-08T08:04:37.853Z] > git for-each-ref --sort -committerdate --format %(refname) %(objectname) %(*objectname) [7ms]
[2022-04-08T08:04:37.853Z] > git remote --verbose [2ms]
[2022-04-08T08:04:37.860Z] > git config --get commit.template [1ms]
[2022-04-08T09:09:20.596Z] > git symbolic-ref --short HEAD [2ms]
[2022-04-08T09:09:20.603Z] > git for-each-ref --format=%(refname)%00%(upstream:short)%00%(objectname)%00%(upstream:track) refs/heads/main refs/remotes/main [1ms]
[2022-04-08T09:09:20.615Z] > git for-each-ref --sort -committerdate --format %(refname) %(objectname) %(*objectname) [7ms]
[2022-04-08T09:09:20.617Z] > git remote --verbose [3ms]
[2022-04-08T09:09:20.628Z] > git config --get commit.template [1ms]
[2022-04-08T09:09:25.646Z] > git symbolic-ref --short HEAD [1ms]
[2022-04-08T09:09:25.650Z] > git for-each-ref --format=%(refname)%00%(upstream:short)%00%(objectname)%00%(upstream:track) refs/heads/main refs/remotes/main [1ms]
[2022-04-08T09:09:25.657Z] > git remote --verbose [1ms]
[2022-04-08T09:09:25.657Z] > git for-each-ref --sort -committerdate --format %(refname) %(objectname) %(*objectname) [4ms]
[2022-04-08T09:09:25.663Z] > git config --get commit.template [0ms]
[2022-04-08T09:09:30.682Z] > git symbolic-ref --short HEAD [1ms]
[2022-04-08T09:09:30.687Z] > git for-each-ref --format=%(refname)%00%(upstream:short)%00%(objectname)%00%(upstream:track) refs/heads/main refs/remotes/main [1ms]
[2022-04-08T09:09:30.695Z] > git remote --verbose [1ms]
[2022-04-08T09:09:30.695Z] > git for-each-ref --sort -committerdate --format %(refname) %(objectname) %(*objectname) [5ms]
[2022-04-08T09:09:30.718Z] > git config --get commit.template [15ms]
